00:03:17	ThreadID:63880	[LOG_INFO]	[DummyClientConfig.csv is loading...]
00:03:17	ThreadID:63880	[LOG_INFO]	int32_t,int32_t
00:03:17	ThreadID:63880	[LOG_INFO]	1,100
00:03:17	ThreadID:63880	[LOG_INFO]	[DummyClientConfig.csv is loaded...]
00:03:17	ThreadID:63880	[LOG_DEBUG]	[World ID]: 1
00:03:17	ThreadID:63880	[LOG_DEBUG]	[MaxConnection]: 100
00:03:17	ThreadID:63880	[LOG_INFO]	[Data/CharacterSkill.csv is loading...]
00:03:17	ThreadID:63880	[LOG_INFO]	int32_t,uint8_t,uint8_t,float_t,uint8_t,uint8_t,int64_t,uint8_t,int32_t,uint8_t,uint8_t,uint8_t,uint8_t,int32_t,int32_t,int32_t
00:03:17	ThreadID:63880	[LOG_INFO]	0,1 ,0 ,0.0 ,1 ,0 ,766 ,2 ,1 ,6 ,4 ,0 ,4 ,1100 ,0 ,0 
00:03:17	ThreadID:63880	[LOG_INFO]	1,2 ,1 ,30.0 ,1 ,1 ,1166 ,2 ,1 ,6 ,4 ,0 ,1 ,1600 ,0 ,0 
00:03:17	ThreadID:63880	[LOG_INFO]	2,2 ,2 ,25.0 ,1 ,2 ,666 ,3 ,1 ,7 ,5 ,0 ,1 ,1200 ,0 ,0 
00:03:17	ThreadID:63880	[LOG_INFO]	3,1 ,0 ,0.0 ,1 ,3 ,333 ,2 ,1 ,6 ,4 ,0 ,3 ,700 ,0 ,0 
00:03:17	ThreadID:63880	[LOG_INFO]	[Data/CharacterSkill.csv is loaded...]
00:03:19	ThreadID:63880	[LOG_DEBUG]	[Connected To LoginServer]: 100
00:03:20	ThreadID:64356	[LOG_ERROR]	대상 컴퓨터에서 연결을 거부했으므로 연결하지 못했습니다
00:03:20	ThreadID:47804	[LOG_ERROR]	대상 컴퓨터에서 연결을 거부했으므로 연결하지 못했습니다
00:03:20	ThreadID:37284	[LOG_ERROR]	대상 컴퓨터에서 연결을 거부했으므로 연결하지 못했습니다
00:03:20	ThreadID:26760	[LOG_ERROR]	대상 컴퓨터에서 연결을 거부했으므로 연결하지 못했습니다
00:03:20	ThreadID:47476	[LOG_ERROR]	대상 컴퓨터에서 연결을 거부했으므로 연결하지 못했습니다
00:03:20	ThreadID:35976	[LOG_ERROR]	대상 컴퓨터에서 연결을 거부했으므로 연결하지 못했습니다
00:03:20	ThreadID:28012	[LOG_ERROR]	대상 컴퓨터에서 연결을 거부했으므로 연결하지 못했습니다
00:03:20	ThreadID:63644	[LOG_ERROR]	대상 컴퓨터에서 연결을 거부했으므로 연결하지 못했습니다
00:03:20	ThreadID:39744	[LOG_ERROR]	대상 컴퓨터에서 연결을 거부했으므로 연결하지 못했습니다
00:03:20	ThreadID:78980	[LOG_ERROR]	대상 컴퓨터에서 연결을 거부했으므로 연결하지 못했습니다
00:03:20	ThreadID:48168	[LOG_ERROR]	대상 컴퓨터에서 연결을 거부했으므로 연결하지 못했습니다
00:03:20	ThreadID:59120	[LOG_ERROR]	대상 컴퓨터에서 연결을 거부했으므로 연결하지 못했습니다
00:03:20	ThreadID:48148	[LOG_ERROR]	대상 컴퓨터에서 연결을 거부했으므로 연결하지 못했습니다
00:03:20	ThreadID:10524	[LOG_ERROR]	대상 컴퓨터에서 연결을 거부했으므로 연결하지 못했습니다
00:03:20	ThreadID:79560	[LOG_ERROR]	대상 컴퓨터에서 연결을 거부했으므로 연결하지 못했습니다
00:03:20	ThreadID:78392	[LOG_ERROR]	대상 컴퓨터에서 연결을 거부했으므로 연결하지 못했습니다
00:03:20	ThreadID:72244	[LOG_ERROR]	대상 컴퓨터에서 연결을 거부했으므로 연결하지 못했습니다
00:03:20	ThreadID:44200	[LOG_ERROR]	대상 컴퓨터에서 연결을 거부했으므로 연결하지 못했습니다
00:03:20	ThreadID:47600	[LOG_ERROR]	대상 컴퓨터에서 연결을 거부했으므로 연결하지 못했습니다
00:03:20	ThreadID:7124	[LOG_ERROR]	대상 컴퓨터에서 연결을 거부했으므로 연결하지 못했습니다
00:03:20	ThreadID:12976	[LOG_ERROR]	대상 컴퓨터에서 연결을 거부했으므로 연결하지 못했습니다
00:03:20	ThreadID:34148	[LOG_ERROR]	대상 컴퓨터에서 연결을 거부했으므로 연결하지 못했습니다
00:03:20	ThreadID:5004	[LOG_ERROR]	대상 컴퓨터에서 연결을 거부했으므로 연결하지 못했습니다
00:03:20	ThreadID:20440	[LOG_ERROR]	대상 컴퓨터에서 연결을 거부했으므로 연결하지 못했습니다
00:03:20	ThreadID:22444	[LOG_ERROR]	대상 컴퓨터에서 연결을 거부했으므로 연결하지 못했습니다
00:03:20	ThreadID:33144	[LOG_ERROR]	대상 컴퓨터에서 연결을 거부했으므로 연결하지 못했습니다
00:03:20	ThreadID:24504	[LOG_ERROR]	대상 컴퓨터에서 연결을 거부했으므로 연결하지 못했습니다
00:03:20	ThreadID:58052	[LOG_ERROR]	대상 컴퓨터에서 연결을 거부했으므로 연결하지 못했습니다
00:03:20	ThreadID:12684	[LOG_ERROR]	대상 컴퓨터에서 연결을 거부했으므로 연결하지 못했습니다
00:03:20	ThreadID:17260	[LOG_ERROR]	대상 컴퓨터에서 연결을 거부했으므로 연결하지 못했습니다
00:03:20	ThreadID:34084	[LOG_ERROR]	대상 컴퓨터에서 연결을 거부했으므로 연결하지 못했습니다
00:03:20	ThreadID:78764	[LOG_ERROR]	대상 컴퓨터에서 연결을 거부했으므로 연결하지 못했습니다
00:03:20	ThreadID:35800	[LOG_ERROR]	대상 컴퓨터에서 연결을 거부했으므로 연결하지 못했습니다
00:03:20	ThreadID:22184	[LOG_ERROR]	대상 컴퓨터에서 연결을 거부했으므로 연결하지 못했습니다
00:03:20	ThreadID:39040	[LOG_ERROR]	대상 컴퓨터에서 연결을 거부했으므로 연결하지 못했습니다
00:03:20	ThreadID:10664	[LOG_ERROR]	대상 컴퓨터에서 연결을 거부했으므로 연결하지 못했습니다
00:03:20	ThreadID:41756	[LOG_ERROR]	대상 컴퓨터에서 연결을 거부했으므로 연결하지 못했습니다
00:03:20	ThreadID:58832	[LOG_ERROR]	대상 컴퓨터에서 연결을 거부했으므로 연결하지 못했습니다
00:03:20	ThreadID:50128	[LOG_ERROR]	대상 컴퓨터에서 연결을 거부했으므로 연결하지 못했습니다
00:03:20	ThreadID:79708	[LOG_ERROR]	대상 컴퓨터에서 연결을 거부했으므로 연결하지 못했습니다
00:03:20	ThreadID:67944	[LOG_ERROR]	대상 컴퓨터에서 연결을 거부했으므로 연결하지 못했습니다
00:03:20	ThreadID:53024	[LOG_ERROR]	대상 컴퓨터에서 연결을 거부했으므로 연결하지 못했습니다
00:03:20	ThreadID:68936	[LOG_ERROR]	대상 컴퓨터에서 연결을 거부했으므로 연결하지 못했습니다
00:03:20	ThreadID:12144	[LOG_ERROR]	대상 컴퓨터에서 연결을 거부했으므로 연결하지 못했습니다
00:03:20	ThreadID:64000	[LOG_ERROR]	대상 컴퓨터에서 연결을 거부했으므로 연결하지 못했습니다
00:03:20	ThreadID:77568	[LOG_ERROR]	대상 컴퓨터에서 연결을 거부했으므로 연결하지 못했습니다
00:03:20	ThreadID:48664	[LOG_ERROR]	대상 컴퓨터에서 연결을 거부했으므로 연결하지 못했습니다
00:03:20	ThreadID:48328	[LOG_ERROR]	대상 컴퓨터에서 연결을 거부했으므로 연결하지 못했습니다
00:03:20	ThreadID:65140	[LOG_ERROR]	대상 컴퓨터에서 연결을 거부했으므로 연결하지 못했습니다
00:03:20	ThreadID:64360	[LOG_ERROR]	대상 컴퓨터에서 연결을 거부했으므로 연결하지 못했습니다
00:03:20	ThreadID:16264	[LOG_ERROR]	대상 컴퓨터에서 연결을 거부했으므로 연결하지 못했습니다
00:03:20	ThreadID:15336	[LOG_ERROR]	대상 컴퓨터에서 연결을 거부했으므로 연결하지 못했습니다
00:03:20	ThreadID:30324	[LOG_ERROR]	대상 컴퓨터에서 연결을 거부했으므로 연결하지 못했습니다
00:03:20	ThreadID:15332	[LOG_ERROR]	대상 컴퓨터에서 연결을 거부했으므로 연결하지 못했습니다
00:03:20	ThreadID:73024	[LOG_ERROR]	대상 컴퓨터에서 연결을 거부했으므로 연결하지 못했습니다
00:03:20	ThreadID:59732	[LOG_ERROR]	대상 컴퓨터에서 연결을 거부했으므로 연결하지 못했습니다
00:03:20	ThreadID:25000	[LOG_ERROR]	대상 컴퓨터에서 연결을 거부했으므로 연결하지 못했습니다
00:03:20	ThreadID:24740	[LOG_ERROR]	대상 컴퓨터에서 연결을 거부했으므로 연결하지 못했습니다
00:03:20	ThreadID:60072	[LOG_ERROR]	대상 컴퓨터에서 연결을 거부했으므로 연결하지 못했습니다
00:03:20	ThreadID:5396	[LOG_ERROR]	대상 컴퓨터에서 연결을 거부했으므로 연결하지 못했습니다
00:03:20	ThreadID:66604	[LOG_ERROR]	대상 컴퓨터에서 연결을 거부했으므로 연결하지 못했습니다
00:03:20	ThreadID:65048	[LOG_ERROR]	대상 컴퓨터에서 연결을 거부했으므로 연결하지 못했습니다
00:03:20	ThreadID:33028	[LOG_ERROR]	대상 컴퓨터에서 연결을 거부했으므로 연결하지 못했습니다
00:03:20	ThreadID:31716	[LOG_ERROR]	대상 컴퓨터에서 연결을 거부했으므로 연결하지 못했습니다
00:03:20	ThreadID:48136	[LOG_ERROR]	대상 컴퓨터에서 연결을 거부했으므로 연결하지 못했습니다
00:03:20	ThreadID:5452	[LOG_ERROR]	대상 컴퓨터에서 연결을 거부했으므로 연결하지 못했습니다
00:03:20	ThreadID:31268	[LOG_ERROR]	대상 컴퓨터에서 연결을 거부했으므로 연결하지 못했습니다
00:03:20	ThreadID:8884	[LOG_ERROR]	대상 컴퓨터에서 연결을 거부했으므로 연결하지 못했습니다
00:03:20	ThreadID:76348	[LOG_ERROR]	대상 컴퓨터에서 연결을 거부했으므로 연결하지 못했습니다
00:03:20	ThreadID:39708	[LOG_ERROR]	대상 컴퓨터에서 연결을 거부했으므로 연결하지 못했습니다
00:03:20	ThreadID:63240	[LOG_ERROR]	대상 컴퓨터에서 연결을 거부했으므로 연결하지 못했습니다
00:03:20	ThreadID:76820	[LOG_ERROR]	대상 컴퓨터에서 연결을 거부했으므로 연결하지 못했습니다
00:03:20	ThreadID:47284	[LOG_ERROR]	대상 컴퓨터에서 연결을 거부했으므로 연결하지 못했습니다
00:03:20	ThreadID:37376	[LOG_ERROR]	대상 컴퓨터에서 연결을 거부했으므로 연결하지 못했습니다
00:03:20	ThreadID:18228	[LOG_ERROR]	대상 컴퓨터에서 연결을 거부했으므로 연결하지 못했습니다
00:03:20	ThreadID:64424	[LOG_ERROR]	대상 컴퓨터에서 연결을 거부했으므로 연결하지 못했습니다
00:03:20	ThreadID:52020	[LOG_ERROR]	대상 컴퓨터에서 연결을 거부했으므로 연결하지 못했습니다
00:03:20	ThreadID:61792	[LOG_ERROR]	대상 컴퓨터에서 연결을 거부했으므로 연결하지 못했습니다
00:03:20	ThreadID:80780	[LOG_ERROR]	대상 컴퓨터에서 연결을 거부했으므로 연결하지 못했습니다
00:03:20	ThreadID:31668	[LOG_ERROR]	대상 컴퓨터에서 연결을 거부했으므로 연결하지 못했습니다
00:03:20	ThreadID:52060	[LOG_ERROR]	대상 컴퓨터에서 연결을 거부했으므로 연결하지 못했습니다
00:03:20	ThreadID:64932	[LOG_ERROR]	대상 컴퓨터에서 연결을 거부했으므로 연결하지 못했습니다
00:03:20	ThreadID:79800	[LOG_ERROR]	대상 컴퓨터에서 연결을 거부했으므로 연결하지 못했습니다
00:03:20	ThreadID:72420	[LOG_ERROR]	대상 컴퓨터에서 연결을 거부했으므로 연결하지 못했습니다
00:03:20	ThreadID:50856	[LOG_ERROR]	대상 컴퓨터에서 연결을 거부했으므로 연결하지 못했습니다
00:03:20	ThreadID:48636	[LOG_ERROR]	대상 컴퓨터에서 연결을 거부했으므로 연결하지 못했습니다
00:03:20	ThreadID:75888	[LOG_ERROR]	대상 컴퓨터에서 연결을 거부했으므로 연결하지 못했습니다
00:03:20	ThreadID:70520	[LOG_ERROR]	대상 컴퓨터에서 연결을 거부했으므로 연결하지 못했습니다
00:03:20	ThreadID:17728	[LOG_ERROR]	대상 컴퓨터에서 연결을 거부했으므로 연결하지 못했습니다
00:03:20	ThreadID:68916	[LOG_ERROR]	대상 컴퓨터에서 연결을 거부했으므로 연결하지 못했습니다
00:03:20	ThreadID:51808	[LOG_ERROR]	대상 컴퓨터에서 연결을 거부했으므로 연결하지 못했습니다
00:03:20	ThreadID:67968	[LOG_ERROR]	대상 컴퓨터에서 연결을 거부했으므로 연결하지 못했습니다
00:03:20	ThreadID:63880	[LOG_DEBUG]	[Connected To GameServer]: 0
00:03:20	ThreadID:63880	[LOG_DEBUG]	All LoginClient is Deleted
00:03:20	ThreadID:64844	[LOG_ERROR]	대상 컴퓨터에서 연결을 거부했으므로 연결하지 못했습니다
00:03:20	ThreadID:73488	[LOG_ERROR]	대상 컴퓨터에서 연결을 거부했으므로 연결하지 못했습니다
00:03:20	ThreadID:28112	[LOG_ERROR]	대상 컴퓨터에서 연결을 거부했으므로 연결하지 못했습니다
00:03:20	ThreadID:7740	[LOG_ERROR]	대상 컴퓨터에서 연결을 거부했으므로 연결하지 못했습니다
00:03:20	ThreadID:924	[LOG_ERROR]	대상 컴퓨터에서 연결을 거부했으므로 연결하지 못했습니다
00:03:20	ThreadID:58888	[LOG_ERROR]	대상 컴퓨터에서 연결을 거부했으므로 연결하지 못했습니다
00:03:20	ThreadID:71268	[LOG_ERROR]	대상 컴퓨터에서 연결을 거부했으므로 연결하지 못했습니다
00:03:20	ThreadID:36144	[LOG_ERROR]	대상 컴퓨터에서 연결을 거부했으므로 연결하지 못했습니다
00:13:45	ThreadID:33396	[LOG_INFO]	[DummyClientConfig.csv is loading...]
00:13:45	ThreadID:33396	[LOG_INFO]	int32_t,int32_t
00:13:45	ThreadID:33396	[LOG_INFO]	1,100
00:13:45	ThreadID:33396	[LOG_INFO]	[DummyClientConfig.csv is loaded...]
00:13:45	ThreadID:33396	[LOG_DEBUG]	[World ID]: 1
00:13:45	ThreadID:33396	[LOG_DEBUG]	[MaxConnection]: 100
00:13:45	ThreadID:33396	[LOG_INFO]	[Data/CharacterSkill.csv is loading...]
00:13:45	ThreadID:33396	[LOG_INFO]	int32_t,uint8_t,uint8_t,float_t,uint8_t,uint8_t,int64_t,uint8_t,int32_t,uint8_t,uint8_t,uint8_t,uint8_t,int32_t,int32_t,int32_t
00:13:45	ThreadID:33396	[LOG_INFO]	0,1 ,0 ,0.0 ,1 ,0 ,766 ,2 ,1 ,6 ,4 ,0 ,4 ,1100 ,0 ,0 
00:13:45	ThreadID:33396	[LOG_INFO]	1,2 ,1 ,30.0 ,1 ,1 ,1166 ,2 ,1 ,6 ,4 ,0 ,1 ,1600 ,0 ,0 
00:13:45	ThreadID:33396	[LOG_INFO]	2,2 ,2 ,25.0 ,1 ,2 ,666 ,3 ,1 ,7 ,5 ,0 ,1 ,1200 ,0 ,0 
00:13:45	ThreadID:33396	[LOG_INFO]	3,1 ,0 ,0.0 ,1 ,3 ,333 ,2 ,1 ,6 ,4 ,0 ,3 ,700 ,0 ,0 
00:13:45	ThreadID:33396	[LOG_INFO]	[Data/CharacterSkill.csv is loaded...]
00:13:56	ThreadID:33396	[LOG_DEBUG]	[Connected To LoginServer]: 100
00:13:57	ThreadID:33396	[LOG_DEBUG]	[Connected To GameServer]: 99
00:13:57	ThreadID:33396	[LOG_DEBUG]	All LoginClient is Deleted
00:14:15	ThreadID:13444	[LOG_INFO]	[DummyClientConfig.csv is loading...]
00:14:15	ThreadID:13444	[LOG_INFO]	int32_t,int32_t
00:14:15	ThreadID:13444	[LOG_INFO]	1,100
00:14:15	ThreadID:13444	[LOG_INFO]	[DummyClientConfig.csv is loaded...]
00:14:15	ThreadID:13444	[LOG_DEBUG]	[World ID]: 1
00:14:15	ThreadID:13444	[LOG_DEBUG]	[MaxConnection]: 100
00:14:15	ThreadID:13444	[LOG_INFO]	[Data/CharacterSkill.csv is loading...]
00:14:15	ThreadID:13444	[LOG_INFO]	int32_t,uint8_t,uint8_t,float_t,uint8_t,uint8_t,int64_t,uint8_t,int32_t,uint8_t,uint8_t,uint8_t,uint8_t,int32_t,int32_t,int32_t
00:14:15	ThreadID:13444	[LOG_INFO]	0,1 ,0 ,0.0 ,1 ,0 ,766 ,2 ,1 ,6 ,4 ,0 ,4 ,1100 ,0 ,0 
00:14:15	ThreadID:13444	[LOG_INFO]	1,2 ,1 ,30.0 ,1 ,1 ,1166 ,2 ,1 ,6 ,4 ,0 ,1 ,1600 ,0 ,0 
00:14:15	ThreadID:13444	[LOG_INFO]	2,2 ,2 ,25.0 ,1 ,2 ,666 ,3 ,1 ,7 ,5 ,0 ,1 ,1200 ,0 ,0 
00:14:15	ThreadID:13444	[LOG_INFO]	3,1 ,0 ,0.0 ,1 ,3 ,333 ,2 ,1 ,6 ,4 ,0 ,3 ,700 ,0 ,0 
00:14:15	ThreadID:13444	[LOG_INFO]	[Data/CharacterSkill.csv is loaded...]
00:14:17	ThreadID:13444	[LOG_DEBUG]	[Connected To LoginServer]: 100
00:14:18	ThreadID:13444	[LOG_DEBUG]	[Connected To GameServer]: 99
00:14:18	ThreadID:13444	[LOG_DEBUG]	All LoginClient is Deleted
00:16:28	ThreadID:70760	[LOG_INFO]	[DummyClientConfig.csv is loading...]
00:16:28	ThreadID:70760	[LOG_INFO]	int32_t,int32_t
00:16:28	ThreadID:70760	[LOG_INFO]	1,100
00:16:28	ThreadID:70760	[LOG_INFO]	[DummyClientConfig.csv is loaded...]
00:16:28	ThreadID:70760	[LOG_DEBUG]	[World ID]: 1
00:16:28	ThreadID:70760	[LOG_DEBUG]	[MaxConnection]: 100
00:16:28	ThreadID:70760	[LOG_INFO]	[Data/CharacterSkill.csv is loading...]
00:16:28	ThreadID:70760	[LOG_INFO]	int32_t,uint8_t,uint8_t,float_t,uint8_t,uint8_t,int64_t,uint8_t,int32_t,uint8_t,uint8_t,uint8_t,uint8_t,int32_t,int32_t,int32_t
00:16:28	ThreadID:70760	[LOG_INFO]	0,1 ,0 ,0.0 ,1 ,0 ,766 ,2 ,1 ,6 ,4 ,0 ,4 ,1100 ,0 ,0 
00:16:28	ThreadID:70760	[LOG_INFO]	1,2 ,1 ,30.0 ,1 ,1 ,1166 ,2 ,1 ,6 ,4 ,0 ,1 ,1600 ,0 ,0 
00:16:28	ThreadID:70760	[LOG_INFO]	2,2 ,2 ,25.0 ,1 ,2 ,666 ,3 ,1 ,7 ,5 ,0 ,1 ,1200 ,0 ,0 
00:16:28	ThreadID:70760	[LOG_INFO]	3,1 ,0 ,0.0 ,1 ,3 ,333 ,2 ,1 ,6 ,4 ,0 ,3 ,700 ,0 ,0 
00:16:28	ThreadID:70760	[LOG_INFO]	[Data/CharacterSkill.csv is loaded...]
00:16:29	ThreadID:70760	[LOG_DEBUG]	[Connected To LoginServer]: 100
00:36:08	ThreadID:21344	[LOG_INFO]	[DummyClientConfig.csv is loading...]
00:36:08	ThreadID:21344	[LOG_INFO]	int32_t,int32_t
00:36:08	ThreadID:21344	[LOG_INFO]	1,100
00:36:08	ThreadID:21344	[LOG_INFO]	[DummyClientConfig.csv is loaded...]
00:36:08	ThreadID:21344	[LOG_DEBUG]	[World ID]: 1
00:36:08	ThreadID:21344	[LOG_DEBUG]	[MaxConnection]: 100
00:36:08	ThreadID:21344	[LOG_INFO]	[Data/CharacterSkill.csv is loading...]
00:36:08	ThreadID:21344	[LOG_INFO]	int32_t,uint8_t,uint8_t,float_t,uint8_t,uint8_t,int64_t,uint8_t,int32_t,uint8_t,uint8_t,uint8_t,uint8_t,int32_t,int32_t,int32_t
00:36:08	ThreadID:21344	[LOG_INFO]	0,1 ,0 ,0.0 ,1 ,0 ,766 ,2 ,1 ,6 ,4 ,0 ,4 ,1100 ,0 ,0 
00:36:08	ThreadID:21344	[LOG_INFO]	1,2 ,1 ,30.0 ,1 ,1 ,1166 ,2 ,1 ,6 ,4 ,0 ,1 ,1600 ,0 ,0 
00:36:08	ThreadID:21344	[LOG_INFO]	2,2 ,2 ,25.0 ,1 ,2 ,666 ,3 ,1 ,7 ,5 ,0 ,1 ,1200 ,0 ,0 
00:36:08	ThreadID:21344	[LOG_INFO]	3,1 ,0 ,0.0 ,1 ,3 ,333 ,2 ,1 ,6 ,4 ,0 ,3 ,700 ,0 ,0 
00:36:08	ThreadID:21344	[LOG_INFO]	[Data/CharacterSkill.csv is loaded...]
00:36:10	ThreadID:21344	[LOG_DEBUG]	[Connected To LoginServer]: 100
00:36:11	ThreadID:21344	[LOG_DEBUG]	[Connected To GameServer]: 99
00:36:11	ThreadID:21344	[LOG_DEBUG]	All LoginClient is Deleted
00:37:06	ThreadID:36344	[LOG_INFO]	[DummyClientConfig.csv is loading...]
00:37:06	ThreadID:36344	[LOG_INFO]	int32_t,int32_t
00:37:06	ThreadID:36344	[LOG_INFO]	1,100
00:37:06	ThreadID:36344	[LOG_INFO]	[DummyClientConfig.csv is loaded...]
00:37:06	ThreadID:36344	[LOG_DEBUG]	[World ID]: 1
00:37:06	ThreadID:36344	[LOG_DEBUG]	[MaxConnection]: 100
00:37:06	ThreadID:36344	[LOG_INFO]	[Data/CharacterSkill.csv is loading...]
00:37:06	ThreadID:36344	[LOG_INFO]	int32_t,uint8_t,uint8_t,float_t,uint8_t,uint8_t,int64_t,uint8_t,int32_t,uint8_t,uint8_t,uint8_t,uint8_t,int32_t,int32_t,int32_t
00:37:06	ThreadID:36344	[LOG_INFO]	0,1 ,0 ,0.0 ,1 ,0 ,766 ,2 ,1 ,6 ,4 ,0 ,4 ,1100 ,0 ,0 
00:37:06	ThreadID:36344	[LOG_INFO]	1,2 ,1 ,30.0 ,1 ,1 ,1166 ,2 ,1 ,6 ,4 ,0 ,1 ,1600 ,0 ,0 
00:37:06	ThreadID:36344	[LOG_INFO]	2,2 ,2 ,25.0 ,1 ,2 ,666 ,3 ,1 ,7 ,5 ,0 ,1 ,1200 ,0 ,0 
00:37:06	ThreadID:36344	[LOG_INFO]	3,1 ,0 ,0.0 ,1 ,3 ,333 ,2 ,1 ,6 ,4 ,0 ,3 ,700 ,0 ,0 
00:37:06	ThreadID:36344	[LOG_INFO]	[Data/CharacterSkill.csv is loaded...]
00:37:26	ThreadID:36344	[LOG_DEBUG]	[Connected To LoginServer]: 100
00:37:27	ThreadID:36344	[LOG_DEBUG]	[Connected To GameServer]: 99
00:37:27	ThreadID:36344	[LOG_DEBUG]	All LoginClient is Deleted
00:38:07	ThreadID:41568	[LOG_INFO]	[DummyClientConfig.csv is loading...]
00:38:07	ThreadID:41568	[LOG_INFO]	int32_t,int32_t
00:38:07	ThreadID:41568	[LOG_INFO]	1,100
00:38:07	ThreadID:41568	[LOG_INFO]	[DummyClientConfig.csv is loaded...]
00:38:07	ThreadID:41568	[LOG_DEBUG]	[World ID]: 1
00:38:07	ThreadID:41568	[LOG_DEBUG]	[MaxConnection]: 100
00:38:07	ThreadID:41568	[LOG_INFO]	[Data/CharacterSkill.csv is loading...]
00:38:07	ThreadID:41568	[LOG_INFO]	int32_t,uint8_t,uint8_t,float_t,uint8_t,uint8_t,int64_t,uint8_t,int32_t,uint8_t,uint8_t,uint8_t,uint8_t,int32_t,int32_t,int32_t
00:38:07	ThreadID:41568	[LOG_INFO]	0,1 ,0 ,0.0 ,1 ,0 ,766 ,2 ,1 ,6 ,4 ,0 ,4 ,1100 ,0 ,0 
00:38:07	ThreadID:41568	[LOG_INFO]	1,2 ,1 ,30.0 ,1 ,1 ,1166 ,2 ,1 ,6 ,4 ,0 ,1 ,1600 ,0 ,0 
00:38:07	ThreadID:41568	[LOG_INFO]	2,2 ,2 ,25.0 ,1 ,2 ,666 ,3 ,1 ,7 ,5 ,0 ,1 ,1200 ,0 ,0 
00:38:07	ThreadID:41568	[LOG_INFO]	3,1 ,0 ,0.0 ,1 ,3 ,333 ,2 ,1 ,6 ,4 ,0 ,3 ,700 ,0 ,0 
00:38:07	ThreadID:41568	[LOG_INFO]	[Data/CharacterSkill.csv is loaded...]
00:38:08	ThreadID:41568	[LOG_DEBUG]	[Connected To LoginServer]: 100
00:38:09	ThreadID:41568	[LOG_DEBUG]	[Connected To GameServer]: 0
00:38:09	ThreadID:41568	[LOG_DEBUG]	All LoginClient is Deleted
00:38:16	ThreadID:6400	[LOG_INFO]	[DummyClientConfig.csv is loading...]
00:38:16	ThreadID:6400	[LOG_INFO]	int32_t,int32_t
00:38:16	ThreadID:6400	[LOG_INFO]	1,100
00:38:16	ThreadID:6400	[LOG_INFO]	[DummyClientConfig.csv is loaded...]
00:38:16	ThreadID:6400	[LOG_DEBUG]	[World ID]: 1
00:38:16	ThreadID:6400	[LOG_DEBUG]	[MaxConnection]: 100
00:38:16	ThreadID:6400	[LOG_INFO]	[Data/CharacterSkill.csv is loading...]
00:38:16	ThreadID:6400	[LOG_INFO]	int32_t,uint8_t,uint8_t,float_t,uint8_t,uint8_t,int64_t,uint8_t,int32_t,uint8_t,uint8_t,uint8_t,uint8_t,int32_t,int32_t,int32_t
00:38:16	ThreadID:6400	[LOG_INFO]	0,1 ,0 ,0.0 ,1 ,0 ,766 ,2 ,1 ,6 ,4 ,0 ,4 ,1100 ,0 ,0 
00:38:16	ThreadID:6400	[LOG_INFO]	1,2 ,1 ,30.0 ,1 ,1 ,1166 ,2 ,1 ,6 ,4 ,0 ,1 ,1600 ,0 ,0 
00:38:16	ThreadID:6400	[LOG_INFO]	2,2 ,2 ,25.0 ,1 ,2 ,666 ,3 ,1 ,7 ,5 ,0 ,1 ,1200 ,0 ,0 
00:38:16	ThreadID:6400	[LOG_INFO]	3,1 ,0 ,0.0 ,1 ,3 ,333 ,2 ,1 ,6 ,4 ,0 ,3 ,700 ,0 ,0 
00:38:16	ThreadID:6400	[LOG_INFO]	[Data/CharacterSkill.csv is loaded...]
00:38:17	ThreadID:6400	[LOG_DEBUG]	[Connected To LoginServer]: 100
00:38:18	ThreadID:6400	[LOG_DEBUG]	[Connected To GameServer]: 100
00:38:18	ThreadID:6400	[LOG_DEBUG]	All LoginClient is Deleted
00:43:28	ThreadID:66732	[LOG_INFO]	[DummyClientConfig.csv is loading...]
00:43:28	ThreadID:66732	[LOG_INFO]	int32_t,int32_t
00:43:28	ThreadID:66732	[LOG_INFO]	1,100
00:43:28	ThreadID:66732	[LOG_INFO]	[DummyClientConfig.csv is loaded...]
00:43:28	ThreadID:66732	[LOG_DEBUG]	[World ID]: 1
00:43:28	ThreadID:66732	[LOG_DEBUG]	[MaxConnection]: 100
00:43:28	ThreadID:66732	[LOG_INFO]	[Data/CharacterSkill.csv is loading...]
00:43:28	ThreadID:66732	[LOG_INFO]	int32_t,uint8_t,uint8_t,float_t,uint8_t,uint8_t,int64_t,uint8_t,int32_t,uint8_t,uint8_t,uint8_t,uint8_t,int32_t,int32_t,int32_t
00:43:28	ThreadID:66732	[LOG_INFO]	0,1 ,0 ,0.0 ,1 ,0 ,766 ,2 ,1 ,6 ,4 ,0 ,4 ,1100 ,0 ,0 
00:43:28	ThreadID:66732	[LOG_INFO]	1,2 ,1 ,30.0 ,1 ,1 ,1166 ,2 ,1 ,6 ,4 ,0 ,1 ,1600 ,0 ,0 
00:43:28	ThreadID:66732	[LOG_INFO]	2,2 ,2 ,25.0 ,1 ,2 ,666 ,3 ,1 ,7 ,5 ,0 ,1 ,1200 ,0 ,0 
00:43:28	ThreadID:66732	[LOG_INFO]	3,1 ,0 ,0.0 ,1 ,3 ,333 ,2 ,1 ,6 ,4 ,0 ,3 ,700 ,0 ,0 
00:43:28	ThreadID:66732	[LOG_INFO]	[Data/CharacterSkill.csv is loaded...]
00:43:30	ThreadID:66732	[LOG_DEBUG]	[Connected To LoginServer]: 100
00:43:31	ThreadID:66732	[LOG_DEBUG]	[Connected To GameServer]: 100
00:43:31	ThreadID:66732	[LOG_DEBUG]	All LoginClient is Deleted
