00:21:53	[LOG_DEBUG]	BusyScore: 0
00:21:53	[LOG_DEBUG]	ID: 1
00:21:53	[LOG_DEBUG]	Name: í…ŒìŠ¤íŠ¸ ì„œë²„1
00:22:46	[LOG_DEBUG]	BusyScore: 0
00:22:46	[LOG_DEBUG]	ID: 1
00:22:46	[LOG_DEBUG]	Name: í…ŒìŠ¤íŠ¸ ì„œë²„1
00:23:09	[LOG_DEBUG]	WorldList
00:23:09	[LOG_DEBUG]	BusyScore: 0
00:23:09	[LOG_DEBUG]	ID: 1
00:23:09	[LOG_DEBUG]	Name: í…ŒìŠ¤íŠ¸ ì„œë²„1
00:23:43	[LOG_DEBUG]	[WorldList]
00:23:43	[LOG_DEBUG]	BusyScore: 0
00:23:43	[LOG_DEBUG]	ID: 1
00:23:43	[LOG_DEBUG]	Name: í…ŒìŠ¤íŠ¸ ì„œë²„1
17:55:40	[LOG_ERROR]	´ë»ó ÄÄÇ»ÅÍ¿¡¼­ ¿¬°áÀ» °ÅºÎÇßÀ¸¹Ç·Î ¿¬°áÇÏÁö ¸øÇß½À´Ï´Ù
20:21:15	[LOG_INFO]	[WorldConfig.csv is loading...]
20:21:15	[LOG_INFO]	int32_t
20:21:15	[LOG_INFO]	[WorldConfig.csv is loaded...]
20:21:26	[LOG_INFO]	[WorldConfig.csv is loading...]
20:21:26	[LOG_INFO]	int32_t
20:21:26	[LOG_INFO]	[WorldConfig.csv is loaded...]
20:22:02	[LOG_INFO]	[WorldConfig.csv is loading...]
20:22:02	[LOG_INFO]	int32_t
20:22:02	[LOG_INFO]	[WorldConfig.csv is loaded...]
20:22:51	[LOG_INFO]	[WorldConfig.csv is loading...]
20:22:51	[LOG_INFO]	int32_t
20:22:51	[LOG_INFO]	[WorldConfig.csv is loaded...]
20:23:43	[LOG_INFO]	[WorldConfig.csv is loading...]
20:23:43	[LOG_INFO]	int32_t
20:23:43	[LOG_INFO]	[WorldConfig.csv is loaded...]
20:26:25	[LOG_INFO]	[WorldConfig.csv is loading...]
20:26:25	[LOG_INFO]	int32_t
20:26:25	[LOG_INFO]	[WorldConfig.csv is loaded...]
20:26:43	[LOG_INFO]	[WorldConfig.csv is loading...]
20:26:43	[LOG_INFO]	int32_t
20:26:43	[LOG_INFO]	[WorldConfig.csv is loaded...]
20:26:43	[LOG_DEBUG]	[World ID]: -33686019
20:29:24	[LOG_INFO]	[WorldConfig.csv is loading...]
20:29:24	[LOG_INFO]	int32_t
20:29:24	[LOG_INFO]	[WorldConfig.csv is loaded...]
20:29:24	[LOG_DEBUG]	[World ID]: -33686019
20:30:53	[LOG_INFO]	[WorldConfig.csv is loading...]
20:30:53	[LOG_INFO]	int32_t
20:30:53	[LOG_INFO]	[WorldConfig.csv is loaded...]
20:31:16	[LOG_INFO]	[WorldConfig.csv is loading...]
20:31:59	[LOG_INFO]	int32_t
20:38:33	[LOG_INFO]	[WorldConfig.csv is loading...]
20:38:33	[LOG_INFO]	int32_t
20:38:33	[LOG_INFO]	[WorldConfig.csv is loaded...]
20:38:58	[LOG_INFO]	[WorldConfig.csv is loading...]
20:39:01	[LOG_INFO]	int32_t
20:42:00	[LOG_INFO]	[WorldConfig.csv is loading...]
20:42:00	[LOG_INFO]	int32_t
20:42:28	[LOG_INFO]	[WorldConfig.csv is loading...]
20:42:28	[LOG_INFO]	int32_t
20:42:59	[LOG_INFO]	[WorldConfig.csv is loading...]
20:42:59	[LOG_INFO]	int32_t
20:45:22	[LOG_INFO]	[WorldConfig.csv is loading...]
20:45:22	[LOG_INFO]	int32_t
20:49:54	[LOG_INFO]	[WorldConfig.csv is loading...]
20:49:54	[LOG_INFO]	int32_t
20:51:14	[LOG_INFO]	[WorldConfig.csv is loading...]
20:51:14	[LOG_INFO]	int32_t
20:51:23	[LOG_INFO]	[WorldConfig.csv is loaded...]
20:51:44	[LOG_INFO]	[WorldConfig.csv is loading...]
20:51:44	[LOG_INFO]	int32_t
20:51:44	[LOG_INFO]	[WorldConfig.csv is loaded...]
20:51:44	[LOG_DEBUG]	[World ID]: 1
20:53:56	[LOG_INFO]	[WorldConfig.csv is loading...]
20:53:56	[LOG_INFO]	int32_t
20:53:56	[LOG_INFO]	[WorldConfig.csv is loaded...]
20:53:56	[LOG_DEBUG]	[World ID]: 1
21:15:21	[LOG_INFO]	[WorldConfig.csv is loading...]
21:15:21	[LOG_INFO]	int32_t
21:15:24	[LOG_INFO]	[WorldConfig.csv is loaded...]
21:15:24	[LOG_DEBUG]	[World ID]: 1
21:15:30	[LOG_INFO]	[WorldConfig.csv is loading...]
21:15:30	[LOG_INFO]	int32_t
21:15:30	[LOG_INFO]	[WorldConfig.csv is loaded...]
21:15:30	[LOG_DEBUG]	[World ID]: 1
21:15:48	[LOG_INFO]	[WorldConfig.csv is loading...]
21:15:48	[LOG_INFO]	int32_t
21:15:48	[LOG_INFO]	[WorldConfig.csv is loaded...]
21:15:48	[LOG_DEBUG]	[World ID]: 1
21:17:05	[LOG_INFO]	[WorldConfig.csv is loading...]
21:17:05	[LOG_INFO]	int32_t
21:17:05	[LOG_INFO]	[WorldConfig.csv is loaded...]
21:17:05	[LOG_DEBUG]	[World ID]: 1
21:17:19	[LOG_INFO]	[WorldConfig.csv is loading...]
21:17:19	[LOG_INFO]	int32_t
21:17:19	[LOG_INFO]	[WorldConfig.csv is loaded...]
21:17:19	[LOG_DEBUG]	[World ID]: 1
21:17:32	[LOG_INFO]	[WorldConfig.csv is loading...]
21:17:32	[LOG_INFO]	int32_t
21:17:32	[LOG_INFO]	[WorldConfig.csv is loaded...]
21:17:32	[LOG_DEBUG]	[World ID]: 1
21:17:59	[LOG_INFO]	[WorldConfig.csv is loading...]
21:17:59	[LOG_INFO]	int32_t
21:17:59	[LOG_INFO]	[WorldConfig.csv is loaded...]
21:17:59	[LOG_DEBUG]	[World ID]: 1
21:18:39	[LOG_INFO]	[WorldConfig.csv is loading...]
21:18:39	[LOG_INFO]	int32_t
21:18:39	[LOG_INFO]	[WorldConfig.csv is loaded...]
21:18:39	[LOG_DEBUG]	[World ID]: 1
21:18:59	[LOG_INFO]	[WorldConfig.csv is loading...]
21:18:59	[LOG_INFO]	int32_t
21:18:59	[LOG_INFO]	[WorldConfig.csv is loaded...]
21:18:59	[LOG_DEBUG]	[World ID]: 1
21:21:28	[LOG_INFO]	[WorldConfig.csv is loading...]
21:21:28	[LOG_INFO]	int32_t
21:21:28	[LOG_INFO]	[WorldConfig.csv is loaded...]
21:21:28	[LOG_DEBUG]	[World ID]: 1
21:21:33	[LOG_INFO]	[WorldConfig.csv is loading...]
21:21:33	[LOG_INFO]	int32_t
21:21:33	[LOG_INFO]	[WorldConfig.csv is loaded...]
21:21:33	[LOG_DEBUG]	[World ID]: 1
21:21:48	[LOG_INFO]	[WorldConfig.csv is loading...]
21:21:48	[LOG_INFO]	int32_t
21:21:48	[LOG_INFO]	[WorldConfig.csv is loaded...]
21:21:48	[LOG_DEBUG]	[World ID]: 1
21:23:24	[LOG_INFO]	[WorldConfig.csv is loading...]
21:23:24	[LOG_INFO]	int32_t
21:23:24	[LOG_INFO]	[WorldConfig.csv is loaded...]
21:23:24	[LOG_DEBUG]	[World ID]: 1
21:29:34	[LOG_INFO]	[DummyClientConfig.csv is loading...]
21:29:34	[LOG_INFO]	int32_t,int32_t
21:29:34	[LOG_INFO]	1,100
21:29:34	[LOG_INFO]	[DummyClientConfig.csv is loaded...]
21:29:34	[LOG_DEBUG]	[World ID]: 1
21:29:34	[LOG_DEBUG]	[MaxConnection Count]: 100
21:30:03	[LOG_INFO]	[DummyClientConfig.csv is loading...]
21:30:03	[LOG_INFO]	int32_t,int32_t
21:30:03	[LOG_INFO]	1,100
21:30:03	[LOG_INFO]	[DummyClientConfig.csv is loaded...]
21:30:03	[LOG_DEBUG]	[World ID]: 1
21:30:03	[LOG_DEBUG]	[MaxConnection Count]: 100
21:36:30	[LOG_INFO]	[DummyClientConfig.csv is loading...]
21:36:30	[LOG_INFO]	int32_t,int32_t
21:36:30	[LOG_INFO]	1,100
21:36:30	[LOG_INFO]	[DummyClientConfig.csv is loaded...]
21:36:30	[LOG_DEBUG]	[World ID]: 1
21:36:30	[LOG_DEBUG]	[MaxConnection]: 100
21:36:30	[LOG_DEBUG]	[Connected To LoginServer]: 100
21:36:51	[LOG_INFO]	[DummyClientConfig.csv is loading...]
21:36:51	[LOG_INFO]	int32_t,int32_t
21:36:51	[LOG_INFO]	1,100
21:36:51	[LOG_INFO]	[DummyClientConfig.csv is loaded...]
21:36:51	[LOG_DEBUG]	[World ID]: 1
21:36:51	[LOG_DEBUG]	[MaxConnection]: 100
21:36:53	[LOG_DEBUG]	[Connected To LoginServer]: 100
21:36:58	[LOG_INFO]	[DummyClientConfig.csv is loading...]
21:36:58	[LOG_INFO]	int32_t,int32_t
21:36:58	[LOG_INFO]	1,100
21:36:58	[LOG_INFO]	[DummyClientConfig.csv is loaded...]
21:36:58	[LOG_DEBUG]	[World ID]: 1
21:36:58	[LOG_DEBUG]	[MaxConnection]: 100
21:36:59	[LOG_DEBUG]	[Connected To LoginServer]: 100
21:39:25	[LOG_INFO]	[DummyClientConfig.csv is loading...]
21:39:25	[LOG_INFO]	int32_t,int32_t
21:39:25	[LOG_INFO]	1,100
21:39:25	[LOG_INFO]	[DummyClientConfig.csv is loaded...]
21:39:25	[LOG_DEBUG]	[World ID]: 1
21:39:25	[LOG_DEBUG]	[MaxConnection]: 100
21:39:26	[LOG_DEBUG]	[Connected To LoginServer]: 100
21:39:29	[LOG_DEBUG]	[Connected To LoginServer]: 100
21:39:32	[LOG_DEBUG]	[Connected To LoginServer]: 100
21:39:37	[LOG_DEBUG]	[Connected To LoginServer]: 100
21:39:48	[LOG_INFO]	[DummyClientConfig.csv is loading...]
21:39:48	[LOG_INFO]	int32_t,int32_t
21:39:48	[LOG_INFO]	1,100
21:39:48	[LOG_INFO]	[DummyClientConfig.csv is loaded...]
21:39:48	[LOG_DEBUG]	[World ID]: 1
21:39:48	[LOG_DEBUG]	[MaxConnection]: 100
21:39:49	[LOG_DEBUG]	[Connected To LoginServer]: 100
