  CoreAccount.cpp
  CoreAccountManager.cpp
  CoreCSVMapLoader.cpp
  CoreCharacter.cpp
  CoreClientSession.cpp
  CoreConsoleLogger.cpp
  CoreDB.cpp
  CoreDataTypeManager.cpp
  CoreFileLogger.cpp
  CoreLoader.cpp
  CoreLogger.cpp
  CorePacket.cpp
  CoreServer.cpp
  CoreServerSession.cpp
  CoreSession.cpp
  CoreStringManager.cpp
  CoreTestManager.cpp
  CoreThreadManager.cpp
  CoreTimeDelegateManager.cpp
  CoreTimeManager.cpp
  코드를 생성하고 있습니다...
  컴파일하고 있습니다...
  CoreUIDObj.cpp
  WorldDB.cpp
  코드를 생성하고 있습니다...
  Core.vcxproj -> C:\Users\newmr\Desktop\Study\Core\Source\GameServer\x64\Debug\Core.lib
