c:\users\havepoop\desktop\study\core\source\dummyclient\intermediate\dummyclient\x64\debug\vc143.pdb
c:\users\havepoop\desktop\study\core\source\dummyclient\intermediate\dummyclient\x64\debug\vc143.idb
c:\users\havepoop\desktop\study\core\source\dummyclient\intermediate\dummyclient\x64\debug\native_info_impl.obj
c:\users\havepoop\desktop\study\core\source\dummyclient\intermediate\dummyclient\x64\debug\packetsendmanager.obj
c:\users\havepoop\desktop\study\core\source\dummyclient\intermediate\dummyclient\x64\debug\main.obj
c:\users\havepoop\desktop\study\core\source\dummyclient\intermediate\dummyclient\x64\debug\loginpackethandler.obj
c:\users\havepoop\desktop\study\core\source\dummyclient\intermediate\dummyclient\x64\debug\loginpacketfunc.obj
c:\users\havepoop\desktop\study\core\source\dummyclient\intermediate\dummyclient\x64\debug\loginclient.obj
c:\users\havepoop\desktop\study\core\source\dummyclient\intermediate\dummyclient\x64\debug\dummyclientmanager.obj
c:\users\havepoop\desktop\study\core\source\dummyclient\intermediate\dummyclient\x64\debug\datamanager.obj
c:\users\havepoop\desktop\study\core\source\dummyclient\intermediate\dummyclient\x64\debug\character.obj
c:\users\havepoop\desktop\study\core\source\dummyclient\intermediate\dummyclient\x64\debug\webmanager.obj
c:\users\havepoop\desktop\study\core\source\dummyclient\x64\debug\dummyclient.pdb
c:\users\havepoop\desktop\study\core\source\dummyclient\intermediate\dummyclient\x64\debug\dummyclient.vcxproj.filelistabsolute.txt
c:\users\havepoop\desktop\study\core\source\dummyclient\intermediate\dummyclient\x64\debug\dummyclient.tlog\cl.command.1.tlog
c:\users\havepoop\desktop\study\core\source\dummyclient\intermediate\dummyclient\x64\debug\dummyclient.tlog\cl.read.1.tlog
c:\users\havepoop\desktop\study\core\source\dummyclient\intermediate\dummyclient\x64\debug\dummyclient.tlog\cl.write.1.tlog
c:\users\havepoop\desktop\study\core\source\dummyclient\intermediate\dummyclient\x64\debug\dummyclient.tlog\link-cvtres.read.1.tlog
c:\users\havepoop\desktop\study\core\source\dummyclient\intermediate\dummyclient\x64\debug\dummyclient.tlog\link-cvtres.write.1.tlog
c:\users\havepoop\desktop\study\core\source\dummyclient\intermediate\dummyclient\x64\debug\dummyclient.tlog\link-rc.read.1.tlog
c:\users\havepoop\desktop\study\core\source\dummyclient\intermediate\dummyclient\x64\debug\dummyclient.tlog\link-rc.write.1.tlog
c:\users\havepoop\desktop\study\core\source\dummyclient\intermediate\dummyclient\x64\debug\dummyclient.tlog\link.20560-cvtres.read.1.tlog
c:\users\havepoop\desktop\study\core\source\dummyclient\intermediate\dummyclient\x64\debug\dummyclient.tlog\link.20560-cvtres.write.1.tlog
c:\users\havepoop\desktop\study\core\source\dummyclient\intermediate\dummyclient\x64\debug\dummyclient.tlog\link.20560-rc.read.1.tlog
c:\users\havepoop\desktop\study\core\source\dummyclient\intermediate\dummyclient\x64\debug\dummyclient.tlog\link.20560-rc.write.1.tlog
c:\users\havepoop\desktop\study\core\source\dummyclient\intermediate\dummyclient\x64\debug\dummyclient.tlog\link.20560.read.1.tlog
c:\users\havepoop\desktop\study\core\source\dummyclient\intermediate\dummyclient\x64\debug\dummyclient.tlog\link.20560.read.2.tlog
c:\users\havepoop\desktop\study\core\source\dummyclient\intermediate\dummyclient\x64\debug\dummyclient.tlog\link.20560.write.1.tlog
c:\users\havepoop\desktop\study\core\source\dummyclient\intermediate\dummyclient\x64\debug\dummyclient.tlog\link.command.1.tlog
c:\users\havepoop\desktop\study\core\source\dummyclient\intermediate\dummyclient\x64\debug\dummyclient.tlog\link.read.1.tlog
c:\users\havepoop\desktop\study\core\source\dummyclient\intermediate\dummyclient\x64\debug\dummyclient.tlog\link.read.2.tlog
c:\users\havepoop\desktop\study\core\source\dummyclient\intermediate\dummyclient\x64\debug\dummyclient.tlog\link.write.1.tlog
