c:\users\havepoop\desktop\study\core\source\curl-7.83.0\build\win64\vc14.30\lib debug\libcurld.pdb
c:\users\havepoop\desktop\study\core\source\curl-7.83.0\build\win64\vc14.30\lib debug\lib\curl_memrchr.obj
c:\users\havepoop\desktop\study\core\source\curl-7.83.0\build\win64\vc14.30\lib debug\lib\curl_gssapi.obj
c:\users\havepoop\desktop\study\core\source\curl-7.83.0\build\win64\vc14.30\lib debug\lib\curl_get_line.obj
c:\users\havepoop\desktop\study\core\source\curl-7.83.0\build\win64\vc14.30\lib debug\lib\curl_gethostname.obj
c:\users\havepoop\desktop\study\core\source\curl-7.83.0\build\win64\vc14.30\lib debug\lib\curl_fnmatch.obj
c:\users\havepoop\desktop\study\core\source\curl-7.83.0\build\win64\vc14.30\lib debug\lib\curl_endian.obj
c:\users\havepoop\desktop\study\core\source\curl-7.83.0\build\win64\vc14.30\lib debug\lib\curl_des.obj
c:\users\havepoop\desktop\study\core\source\curl-7.83.0\build\win64\vc14.30\lib debug\lib\curl_ctype.obj
c:\users\havepoop\desktop\study\core\source\curl-7.83.0\build\win64\vc14.30\lib debug\lib\curl_addrinfo.obj
c:\users\havepoop\desktop\study\core\source\curl-7.83.0\build\win64\vc14.30\lib debug\lib\cookie.obj
c:\users\havepoop\desktop\study\core\source\curl-7.83.0\build\win64\vc14.30\lib debug\lib\content_encoding.obj
c:\users\havepoop\desktop\study\core\source\curl-7.83.0\build\win64\vc14.30\lib debug\lib\connect.obj
c:\users\havepoop\desktop\study\core\source\curl-7.83.0\build\win64\vc14.30\lib debug\lib\conncache.obj
c:\users\havepoop\desktop\study\core\source\curl-7.83.0\build\win64\vc14.30\lib debug\lib\c-hyper.obj
c:\users\havepoop\desktop\study\core\source\curl-7.83.0\build\win64\vc14.30\lib debug\lib\bufref.obj
c:\users\havepoop\desktop\study\core\source\curl-7.83.0\build\win64\vc14.30\lib debug\lib\base64.obj
c:\users\havepoop\desktop\study\core\source\curl-7.83.0\build\win64\vc14.30\lib debug\lib\asyn-thread.obj
c:\users\havepoop\desktop\study\core\source\curl-7.83.0\build\win64\vc14.30\lib debug\lib\asyn-ares.obj
c:\users\havepoop\desktop\study\core\source\curl-7.83.0\build\win64\vc14.30\lib debug\lib\amigaos.obj
c:\users\havepoop\desktop\study\core\source\curl-7.83.0\build\win64\vc14.30\lib debug\lib\altsvc.obj
c:\users\havepoop\desktop\study\core\source\curl-7.83.0\build\win64\vc14.30\lib debug\lib\formdata.obj
c:\users\havepoop\desktop\study\core\source\curl-7.83.0\build\win64\vc14.30\lib debug\lib\fileinfo.obj
c:\users\havepoop\desktop\study\core\source\curl-7.83.0\build\win64\vc14.30\lib debug\lib\file.obj
c:\users\havepoop\desktop\study\core\source\curl-7.83.0\build\win64\vc14.30\lib debug\lib\escape.obj
c:\users\havepoop\desktop\study\core\source\curl-7.83.0\build\win64\vc14.30\lib debug\lib\easyoptions.obj
c:\users\havepoop\desktop\study\core\source\curl-7.83.0\build\win64\vc14.30\lib debug\lib\easygetopt.obj
c:\users\havepoop\desktop\study\core\source\curl-7.83.0\build\win64\vc14.30\lib debug\lib\easy.obj
c:\users\havepoop\desktop\study\core\source\curl-7.83.0\build\win64\vc14.30\lib debug\lib\dynbuf.obj
c:\users\havepoop\desktop\study\core\source\curl-7.83.0\build\win64\vc14.30\lib debug\lib\dotdot.obj
c:\users\havepoop\desktop\study\core\source\curl-7.83.0\build\win64\vc14.30\lib debug\lib\doh.obj
c:\users\havepoop\desktop\study\core\source\curl-7.83.0\build\win64\vc14.30\lib debug\lib\dict.obj
c:\users\havepoop\desktop\study\core\source\curl-7.83.0\build\win64\vc14.30\lib debug\lib\curl_threads.obj
c:\users\havepoop\desktop\study\core\source\curl-7.83.0\build\win64\vc14.30\lib debug\lib\curl_sspi.obj
c:\users\havepoop\desktop\study\core\source\curl-7.83.0\build\win64\vc14.30\lib debug\lib\curl_sasl.obj
c:\users\havepoop\desktop\study\core\source\curl-7.83.0\build\win64\vc14.30\lib debug\lib\curl_rtmp.obj
c:\users\havepoop\desktop\study\core\source\curl-7.83.0\build\win64\vc14.30\lib debug\lib\curl_range.obj
c:\users\havepoop\desktop\study\core\source\curl-7.83.0\build\win64\vc14.30\lib debug\lib\curl_path.obj
c:\users\havepoop\desktop\study\core\source\curl-7.83.0\build\win64\vc14.30\lib debug\lib\curl_ntlm_wb.obj
c:\users\havepoop\desktop\study\core\source\curl-7.83.0\build\win64\vc14.30\lib debug\lib\curl_ntlm_core.obj
c:\users\havepoop\desktop\study\core\source\curl-7.83.0\build\win64\vc14.30\lib debug\lib\curl_multibyte.obj
c:\users\havepoop\desktop\study\core\source\curl-7.83.0\build\win64\vc14.30\lib debug\lib\http_digest.obj
c:\users\havepoop\desktop\study\core\source\curl-7.83.0\build\win64\vc14.30\lib debug\lib\http_chunks.obj
c:\users\havepoop\desktop\study\core\source\curl-7.83.0\build\win64\vc14.30\lib debug\lib\http.obj
c:\users\havepoop\desktop\study\core\source\curl-7.83.0\build\win64\vc14.30\lib debug\lib\http_aws_sigv4.obj
c:\users\havepoop\desktop\study\core\source\curl-7.83.0\build\win64\vc14.30\lib debug\lib\http2.obj
c:\users\havepoop\desktop\study\core\source\curl-7.83.0\build\win64\vc14.30\lib debug\lib\hsts.obj
c:\users\havepoop\desktop\study\core\source\curl-7.83.0\build\win64\vc14.30\lib debug\lib\hostsyn.obj
c:\users\havepoop\desktop\study\core\source\curl-7.83.0\build\win64\vc14.30\lib debug\lib\hostip.obj
c:\users\havepoop\desktop\study\core\source\curl-7.83.0\build\win64\vc14.30\lib debug\lib\hostip6.obj
c:\users\havepoop\desktop\study\core\source\curl-7.83.0\build\win64\vc14.30\lib debug\lib\hostip4.obj
c:\users\havepoop\desktop\study\core\source\curl-7.83.0\build\win64\vc14.30\lib debug\lib\hostasyn.obj
c:\users\havepoop\desktop\study\core\source\curl-7.83.0\build\win64\vc14.30\lib debug\lib\hmac.obj
c:\users\havepoop\desktop\study\core\source\curl-7.83.0\build\win64\vc14.30\lib debug\lib\headers.obj
c:\users\havepoop\desktop\study\core\source\curl-7.83.0\build\win64\vc14.30\lib debug\lib\hash.obj
c:\users\havepoop\desktop\study\core\source\curl-7.83.0\build\win64\vc14.30\lib debug\lib\h2h3.obj
c:\users\havepoop\desktop\study\core\source\curl-7.83.0\build\win64\vc14.30\lib debug\lib\gopher.obj
c:\users\havepoop\desktop\study\core\source\curl-7.83.0\build\win64\vc14.30\lib debug\lib\getinfo.obj
c:\users\havepoop\desktop\study\core\source\curl-7.83.0\build\win64\vc14.30\lib debug\lib\getenv.obj
c:\users\havepoop\desktop\study\core\source\curl-7.83.0\build\win64\vc14.30\lib debug\lib\ftplistparser.obj
c:\users\havepoop\desktop\study\core\source\curl-7.83.0\build\win64\vc14.30\lib debug\lib\ftp.obj
c:\users\havepoop\desktop\study\core\source\curl-7.83.0\build\win64\vc14.30\lib debug\lib\nonblock.obj
c:\users\havepoop\desktop\study\core\source\curl-7.83.0\build\win64\vc14.30\lib debug\lib\netrc.obj
c:\users\havepoop\desktop\study\core\source\curl-7.83.0\build\win64\vc14.30\lib debug\lib\multi.obj
c:\users\havepoop\desktop\study\core\source\curl-7.83.0\build\win64\vc14.30\lib debug\lib\mqtt.obj
c:\users\havepoop\desktop\study\core\source\curl-7.83.0\build\win64\vc14.30\lib debug\lib\mprintf.obj
c:\users\havepoop\desktop\study\core\source\curl-7.83.0\build\win64\vc14.30\lib debug\lib\mime.obj
c:\users\havepoop\desktop\study\core\source\curl-7.83.0\build\win64\vc14.30\lib debug\lib\memdebug.obj
c:\users\havepoop\desktop\study\core\source\curl-7.83.0\build\win64\vc14.30\lib debug\lib\md5.obj
c:\users\havepoop\desktop\study\core\source\curl-7.83.0\build\win64\vc14.30\lib debug\lib\md4.obj
c:\users\havepoop\desktop\study\core\source\curl-7.83.0\build\win64\vc14.30\lib debug\lib\llist.obj
c:\users\havepoop\desktop\study\core\source\curl-7.83.0\build\win64\vc14.30\lib debug\lib\ldap.obj
c:\users\havepoop\desktop\study\core\source\curl-7.83.0\build\win64\vc14.30\lib debug\lib\krb5.obj
c:\users\havepoop\desktop\study\core\source\curl-7.83.0\build\win64\vc14.30\lib debug\lib\inet_pton.obj
c:\users\havepoop\desktop\study\core\source\curl-7.83.0\build\win64\vc14.30\lib debug\lib\inet_ntop.obj
c:\users\havepoop\desktop\study\core\source\curl-7.83.0\build\win64\vc14.30\lib debug\lib\imap.obj
c:\users\havepoop\desktop\study\core\source\curl-7.83.0\build\win64\vc14.30\lib debug\lib\if2ip.obj
c:\users\havepoop\desktop\study\core\source\curl-7.83.0\build\win64\vc14.30\lib debug\lib\idn_win32.obj
c:\users\havepoop\desktop\study\core\source\curl-7.83.0\build\win64\vc14.30\lib debug\lib\http_proxy.obj
c:\users\havepoop\desktop\study\core\source\curl-7.83.0\build\win64\vc14.30\lib debug\lib\http_ntlm.obj
c:\users\havepoop\desktop\study\core\source\curl-7.83.0\build\win64\vc14.30\lib debug\lib\http_negotiate.obj
c:\users\havepoop\desktop\study\core\source\curl-7.83.0\build\win64\vc14.30\lib debug\lib\socks_gssapi.obj
c:\users\havepoop\desktop\study\core\source\curl-7.83.0\build\win64\vc14.30\lib debug\lib\socks.obj
c:\users\havepoop\desktop\study\core\source\curl-7.83.0\build\win64\vc14.30\lib debug\lib\socketpair.obj
c:\users\havepoop\desktop\study\core\source\curl-7.83.0\build\win64\vc14.30\lib debug\lib\smtp.obj
c:\users\havepoop\desktop\study\core\source\curl-7.83.0\build\win64\vc14.30\lib debug\lib\smb.obj
c:\users\havepoop\desktop\study\core\source\curl-7.83.0\build\win64\vc14.30\lib debug\lib\slist.obj
c:\users\havepoop\desktop\study\core\source\curl-7.83.0\build\win64\vc14.30\lib debug\lib\share.obj
c:\users\havepoop\desktop\study\core\source\curl-7.83.0\build\win64\vc14.30\lib debug\lib\sha256.obj
c:\users\havepoop\desktop\study\core\source\curl-7.83.0\build\win64\vc14.30\lib debug\lib\setopt.obj
c:\users\havepoop\desktop\study\core\source\curl-7.83.0\build\win64\vc14.30\lib debug\lib\sendf.obj
c:\users\havepoop\desktop\study\core\source\curl-7.83.0\build\win64\vc14.30\lib debug\lib\select.obj
c:\users\havepoop\desktop\study\core\source\curl-7.83.0\build\win64\vc14.30\lib debug\lib\rtsp.obj
c:\users\havepoop\desktop\study\core\source\curl-7.83.0\build\win64\vc14.30\lib debug\lib\rename.obj
c:\users\havepoop\desktop\study\core\source\curl-7.83.0\build\win64\vc14.30\lib debug\lib\rand.obj
c:\users\havepoop\desktop\study\core\source\curl-7.83.0\build\win64\vc14.30\lib debug\lib\psl.obj
c:\users\havepoop\desktop\study\core\source\curl-7.83.0\build\win64\vc14.30\lib debug\lib\progress.obj
c:\users\havepoop\desktop\study\core\source\curl-7.83.0\build\win64\vc14.30\lib debug\lib\pop3.obj
c:\users\havepoop\desktop\study\core\source\curl-7.83.0\build\win64\vc14.30\lib debug\lib\pingpong.obj
c:\users\havepoop\desktop\study\core\source\curl-7.83.0\build\win64\vc14.30\lib debug\lib\parsedate.obj
c:\users\havepoop\desktop\study\core\source\curl-7.83.0\build\win64\vc14.30\lib debug\lib\openldap.obj
c:\users\havepoop\desktop\study\core\source\curl-7.83.0\build\win64\vc14.30\lib debug\lib\wildcard.obj
c:\users\havepoop\desktop\study\core\source\curl-7.83.0\build\win64\vc14.30\lib debug\lib\warnless.obj
c:\users\havepoop\desktop\study\core\source\curl-7.83.0\build\win64\vc14.30\lib debug\lib\version_win32.obj
c:\users\havepoop\desktop\study\core\source\curl-7.83.0\build\win64\vc14.30\lib debug\lib\version.obj
c:\users\havepoop\desktop\study\core\source\curl-7.83.0\build\win64\vc14.30\lib debug\lib\url.obj
c:\users\havepoop\desktop\study\core\source\curl-7.83.0\build\win64\vc14.30\lib debug\lib\urlapi.obj
c:\users\havepoop\desktop\study\core\source\curl-7.83.0\build\win64\vc14.30\lib debug\lib\transfer.obj
c:\users\havepoop\desktop\study\core\source\curl-7.83.0\build\win64\vc14.30\lib debug\lib\timeval.obj
c:\users\havepoop\desktop\study\core\source\curl-7.83.0\build\win64\vc14.30\lib debug\lib\timediff.obj
c:\users\havepoop\desktop\study\core\source\curl-7.83.0\build\win64\vc14.30\lib debug\lib\tftp.obj
c:\users\havepoop\desktop\study\core\source\curl-7.83.0\build\win64\vc14.30\lib debug\lib\telnet.obj
c:\users\havepoop\desktop\study\core\source\curl-7.83.0\build\win64\vc14.30\lib debug\lib\system_win32.obj
c:\users\havepoop\desktop\study\core\source\curl-7.83.0\build\win64\vc14.30\lib debug\lib\strtoofft.obj
c:\users\havepoop\desktop\study\core\source\curl-7.83.0\build\win64\vc14.30\lib debug\lib\strtok.obj
c:\users\havepoop\desktop\study\core\source\curl-7.83.0\build\win64\vc14.30\lib debug\lib\strerror.obj
c:\users\havepoop\desktop\study\core\source\curl-7.83.0\build\win64\vc14.30\lib debug\lib\strdup.obj
c:\users\havepoop\desktop\study\core\source\curl-7.83.0\build\win64\vc14.30\lib debug\lib\strcase.obj
c:\users\havepoop\desktop\study\core\source\curl-7.83.0\build\win64\vc14.30\lib debug\lib\splay.obj
c:\users\havepoop\desktop\study\core\source\curl-7.83.0\build\win64\vc14.30\lib debug\lib\speedcheck.obj
c:\users\havepoop\desktop\study\core\source\curl-7.83.0\build\win64\vc14.30\lib debug\lib\socks_sspi.obj
c:\users\havepoop\desktop\study\core\source\curl-7.83.0\build\win64\vc14.30\lib debug\lib\wolfssh.obj
c:\users\havepoop\desktop\study\core\source\curl-7.83.0\build\win64\vc14.30\lib debug\lib\libssh.obj
c:\users\havepoop\desktop\study\core\source\curl-7.83.0\build\win64\vc14.30\lib debug\lib\libssh2.obj
c:\users\havepoop\desktop\study\core\source\curl-7.83.0\build\win64\vc14.30\lib debug\lib\vquic.obj
c:\users\havepoop\desktop\study\core\source\curl-7.83.0\build\win64\vc14.30\lib debug\lib\quiche.obj
c:\users\havepoop\desktop\study\core\source\curl-7.83.0\build\win64\vc14.30\lib debug\lib\ngtcp2.obj
c:\users\havepoop\desktop\study\core\source\curl-7.83.0\build\win64\vc14.30\lib debug\lib\msh3.obj
c:\users\havepoop\desktop\study\core\source\curl-7.83.0\build\win64\vc14.30\lib debug\lib\vauth.obj
c:\users\havepoop\desktop\study\core\source\curl-7.83.0\build\win64\vc14.30\lib debug\lib\spnego_sspi.obj
c:\users\havepoop\desktop\study\core\source\curl-7.83.0\build\win64\vc14.30\lib debug\lib\spnego_gssapi.obj
c:\users\havepoop\desktop\study\core\source\curl-7.83.0\build\win64\vc14.30\lib debug\lib\oauth2.obj
c:\users\havepoop\desktop\study\core\source\curl-7.83.0\build\win64\vc14.30\lib debug\lib\ntlm_sspi.obj
c:\users\havepoop\desktop\study\core\source\curl-7.83.0\build\win64\vc14.30\lib debug\lib\ntlm.obj
c:\users\havepoop\desktop\study\core\source\curl-7.83.0\build\win64\vc14.30\lib debug\lib\krb5_sspi.obj
c:\users\havepoop\desktop\study\core\source\curl-7.83.0\build\win64\vc14.30\lib debug\lib\krb5_gssapi.obj
c:\users\havepoop\desktop\study\core\source\curl-7.83.0\build\win64\vc14.30\lib debug\lib\gsasl.obj
c:\users\havepoop\desktop\study\core\source\curl-7.83.0\build\win64\vc14.30\lib debug\lib\digest_sspi.obj
c:\users\havepoop\desktop\study\core\source\curl-7.83.0\build\win64\vc14.30\lib debug\lib\digest.obj
c:\users\havepoop\desktop\study\core\source\curl-7.83.0\build\win64\vc14.30\lib debug\lib\cram.obj
c:\users\havepoop\desktop\study\core\source\curl-7.83.0\build\win64\vc14.30\lib debug\lib\cleartext.obj
c:\users\havepoop\desktop\study\core\source\curl-7.83.0\build\win64\vc14.30\lib debug\lib\x509asn1.obj
c:\users\havepoop\desktop\study\core\source\curl-7.83.0\build\win64\vc14.30\lib debug\lib\wolfssl.obj
c:\users\havepoop\desktop\study\core\source\curl-7.83.0\build\win64\vc14.30\lib debug\lib\vtls.obj
c:\users\havepoop\desktop\study\core\source\curl-7.83.0\build\win64\vc14.30\lib debug\lib\sectransp.obj
c:\users\havepoop\desktop\study\core\source\curl-7.83.0\build\win64\vc14.30\lib debug\lib\schannel_verify.obj
c:\users\havepoop\desktop\study\core\source\curl-7.83.0\build\win64\vc14.30\lib debug\lib\schannel.obj
c:\users\havepoop\desktop\study\core\source\curl-7.83.0\build\win64\vc14.30\lib debug\lib\rustls.obj
c:\users\havepoop\desktop\study\core\source\curl-7.83.0\build\win64\vc14.30\lib debug\lib\openssl.obj
c:\users\havepoop\desktop\study\core\source\curl-7.83.0\build\win64\vc14.30\lib debug\lib\nss.obj
c:\users\havepoop\desktop\study\core\source\curl-7.83.0\build\win64\vc14.30\lib debug\lib\mbedtls_threadlock.obj
c:\users\havepoop\desktop\study\core\source\curl-7.83.0\build\win64\vc14.30\lib debug\lib\mbedtls.obj
c:\users\havepoop\desktop\study\core\source\curl-7.83.0\build\win64\vc14.30\lib debug\lib\keylog.obj
c:\users\havepoop\desktop\study\core\source\curl-7.83.0\build\win64\vc14.30\lib debug\lib\hostcheck.obj
c:\users\havepoop\desktop\study\core\source\curl-7.83.0\build\win64\vc14.30\lib debug\lib\gtls.obj
c:\users\havepoop\desktop\study\core\source\curl-7.83.0\build\win64\vc14.30\lib debug\lib\gskit.obj
c:\users\havepoop\desktop\study\core\source\curl-7.83.0\build\win64\vc14.30\lib debug\lib\bearssl.obj
c:\users\havepoop\desktop\study\core\source\curl-7.83.0\build\win64\vc14.30\lib debug\libcurld.lib
c:\users\havepoop\desktop\study\core\source\curl-7.83.0\build\win64\vc14.30\lib debug\lib\libcurl.res
c:\users\havepoop\desktop\study\core\source\curl-7.83.0\build\win64\vc14.30\lib debug\lib\libcurl.tlog\cl.command.1.tlog
c:\users\havepoop\desktop\study\core\source\curl-7.83.0\build\win64\vc14.30\lib debug\lib\libcurl.tlog\cl.read.1.tlog
c:\users\havepoop\desktop\study\core\source\curl-7.83.0\build\win64\vc14.30\lib debug\lib\libcurl.tlog\cl.write.1.tlog
c:\users\havepoop\desktop\study\core\source\curl-7.83.0\build\win64\vc14.30\lib debug\lib\libcurl.tlog\lib-link-cvtres.read.1.tlog
c:\users\havepoop\desktop\study\core\source\curl-7.83.0\build\win64\vc14.30\lib debug\lib\libcurl.tlog\lib-link-cvtres.write.1.tlog
c:\users\havepoop\desktop\study\core\source\curl-7.83.0\build\win64\vc14.30\lib debug\lib\libcurl.tlog\lib.command.1.tlog
c:\users\havepoop\desktop\study\core\source\curl-7.83.0\build\win64\vc14.30\lib debug\lib\libcurl.tlog\rc.command.1.tlog
c:\users\havepoop\desktop\study\core\source\curl-7.83.0\build\win64\vc14.30\lib debug\lib\libcurl.tlog\rc.read.1.tlog
c:\users\havepoop\desktop\study\core\source\curl-7.83.0\build\win64\vc14.30\lib debug\lib\libcurl.tlog\rc.write.1.tlog
