c:\users\newmr\desktop\study\core\source\gameserver\intermediate\gameserver\x64\debug\vc142.pdb
c:\users\newmr\desktop\study\core\source\gameserver\intermediate\gameserver\x64\debug\vc142.idb
c:\users\havepoop\desktop\study\core\source\gameserver\intermediate\gameserver\x64\debug\vc143.pdb
c:\users\havepoop\desktop\study\core\source\gameserver\intermediate\gameserver\x64\debug\vc143.idb
c:\users\havepoop\desktop\study\core\source\gameserver\intermediate\gameserver\x64\debug\native_info_impl.obj
c:\users\havepoop\desktop\study\core\source\gameserver\intermediate\gameserver\x64\debug\zonemanager.obj
c:\users\havepoop\desktop\study\core\source\gameserver\intermediate\gameserver\x64\debug\zone.obj
c:\users\havepoop\desktop\study\core\source\gameserver\intermediate\gameserver\x64\debug\sector.obj
c:\users\havepoop\desktop\study\core\source\gameserver\intermediate\gameserver\x64\debug\player.obj
c:\users\havepoop\desktop\study\core\source\gameserver\intermediate\gameserver\x64\debug\main.obj
c:\users\havepoop\desktop\study\core\source\gameserver\intermediate\gameserver\x64\debug\gameservermanager.obj
c:\users\havepoop\desktop\study\core\source\gameserver\intermediate\gameserver\x64\debug\gameserver.obj
c:\users\havepoop\desktop\study\core\source\gameserver\intermediate\gameserver\x64\debug\gamepackethandler.obj
c:\users\havepoop\desktop\study\core\source\gameserver\intermediate\gameserver\x64\debug\gamepacketfunc.obj
c:\users\havepoop\desktop\study\core\source\gameserver\intermediate\gameserver\x64\debug\gamedb.obj
c:\users\havepoop\desktop\study\core\source\gameserver\intermediate\gameserver\x64\debug\creaturemanager.obj
c:\users\havepoop\desktop\study\core\source\gameserver\intermediate\gameserver\x64\debug\creature.obj
c:\users\havepoop\desktop\study\core\source\gameserver\intermediate\gameserver\x64\debug\characterdatamanager.obj
c:\users\havepoop\desktop\study\core\source\gameserver\intermediate\gameserver\x64\debug\accountdb.obj
c:\users\havepoop\desktop\study\core\source\gameserver\intermediate\gameserver\x64\debug\packetsendmanager.obj
c:\users\havepoop\desktop\study\core\source\gameserver\x64\debug\gameserver.exe
c:\users\havepoop\desktop\study\core\source\gameserver\intermediate\gameserver\x64\debug\gameserver.ilk
c:\users\havepoop\desktop\study\core\source\gameserver\x64\debug\gameserver.pdb
c:\users\havepoop\desktop\study\core\source\gameserver\intermediate\gameserver\x64\debug\vc142.idb
c:\users\havepoop\desktop\study\core\source\gameserver\intermediate\gameserver\x64\debug\gameserver.vcxproj.filelistabsolute.txt
c:\users\havepoop\desktop\study\core\source\gameserver\intermediate\gameserver\x64\debug\gameserver.tlog\cl.command.1.tlog
c:\users\havepoop\desktop\study\core\source\gameserver\intermediate\gameserver\x64\debug\gameserver.tlog\cl.read.1.tlog
c:\users\havepoop\desktop\study\core\source\gameserver\intermediate\gameserver\x64\debug\gameserver.tlog\cl.write.1.tlog
c:\users\havepoop\desktop\study\core\source\gameserver\intermediate\gameserver\x64\debug\gameserver.tlog\link.command.1.tlog
c:\users\havepoop\desktop\study\core\source\gameserver\intermediate\gameserver\x64\debug\gameserver.tlog\link.read.1.tlog
c:\users\havepoop\desktop\study\core\source\gameserver\intermediate\gameserver\x64\debug\gameserver.tlog\link.write.1.tlog
