  AccountDB.cpp
  ObjectManager.cpp
  CharacterDataManager.cpp
  GameDB.cpp
  GamePacketFunc.cpp
  GamePacketHandler.cpp
  GameServer.cpp
  GameServerManager.cpp
  Main.cpp
  Object.cpp
  PacketSendManager.cpp
  Projectile.cpp
  ProjectileSkill.cpp
  Skill.cpp
  Zone.cpp
C:\Users\HavePoop\Desktop\Study\Core\Source\GameServer\GameServer\Zone.cpp(1,1): warning C4819: 현재 코드 페이지(949)에서 표시할 수 없는 문자가 파일에 들어 있습니다. 데이터가 손실되지 않게 하려면 해당 파일을 유니코드 형식으로 저장하십시오.
  ZoneManager.cpp
  native_info_impl.cpp
  Creature.cpp
  Player.cpp
  Sector.cpp
  코드를 생성하고 있습니다...
C:\Users\HavePoop\Desktop\Study\Core\Source\GameServer\GameServer\Object.cpp(114): warning C4717: 'Object::SetStateWithNoLock': 모든 제어 경로에서 재귀적입니다. 함수로 인해 런타임 스택 오버플로가 발생합니다.
  GameServer.vcxproj -> C:\Users\HavePoop\Desktop\Study\Core\Source\GameServer\x64\Debug\GameServer.exe
