c:\users\havepoop\desktop\study\core\source\loginserver\intermediate\loginserver\x64\debug\vc143.pdb
c:\users\havepoop\desktop\study\core\source\loginserver\intermediate\loginserver\x64\debug\vc143.idb
c:\users\havepoop\desktop\study\core\source\loginserver\intermediate\loginserver\x64\debug\main.obj
c:\users\havepoop\desktop\study\core\source\loginserver\intermediate\loginserver\x64\debug\loginpacketfunc.obj
c:\users\havepoop\desktop\study\core\source\loginserver\intermediate\loginserver\x64\debug\gamedb.obj
c:\users\havepoop\desktop\study\core\source\loginserver\intermediate\loginserver\x64\debug\datamanager.obj
c:\users\havepoop\desktop\study\core\source\loginserver\intermediate\loginserver\x64\debug\native_info_impl.obj
c:\users\havepoop\desktop\study\core\source\loginserver\intermediate\loginserver\x64\debug\packetsendmanager.obj
c:\users\havepoop\desktop\study\core\source\loginserver\intermediate\loginserver\x64\debug\loginservermanager.obj
c:\users\havepoop\desktop\study\core\source\loginserver\intermediate\loginserver\x64\debug\loginserver.obj
c:\users\havepoop\desktop\study\core\source\loginserver\intermediate\loginserver\x64\debug\loginpackethandler.obj
c:\users\havepoop\desktop\study\core\source\loginserver\intermediate\loginserver\x64\debug\character.obj
c:\users\havepoop\desktop\study\core\source\loginserver\intermediate\loginserver\x64\debug\accountdb.obj
c:\users\havepoop\desktop\study\core\source\loginserver\x64\debug\loginserver.exe
c:\users\havepoop\desktop\study\core\source\loginserver\intermediate\loginserver\x64\debug\loginserver.ilk
c:\users\havepoop\desktop\study\core\source\loginserver\x64\debug\loginserver.pdb
c:\users\havepoop\desktop\study\core\source\loginserver\intermediate\loginserver\x64\debug\loginserver.vcxproj.filelistabsolute.txt
c:\users\havepoop\desktop\study\core\source\loginserver\intermediate\loginserver\x64\debug\loginserver.tlog\cl.command.1.tlog
c:\users\havepoop\desktop\study\core\source\loginserver\intermediate\loginserver\x64\debug\loginserver.tlog\cl.read.1.tlog
c:\users\havepoop\desktop\study\core\source\loginserver\intermediate\loginserver\x64\debug\loginserver.tlog\cl.write.1.tlog
c:\users\havepoop\desktop\study\core\source\loginserver\intermediate\loginserver\x64\debug\loginserver.tlog\link.command.1.tlog
c:\users\havepoop\desktop\study\core\source\loginserver\intermediate\loginserver\x64\debug\loginserver.tlog\link.read.1.tlog
c:\users\havepoop\desktop\study\core\source\loginserver\intermediate\loginserver\x64\debug\loginserver.tlog\link.write.1.tlog
