15:12:36	[LOG_INFO]	[DBConfig.csv is loading...]
15:12:36	[LOG_INFO]	string,string
15:12:36	[LOG_INFO]	World,112.145.214.226
15:12:36	[LOG_INFO]	Account,112.145.214.226
15:12:36	[LOG_INFO]	Game,112.145.214.226
15:12:36	[LOG_INFO]	[DBConfig.csv is loaded...]
15:12:36	[LOG_INFO]	[ServerConfig.csv is loading...]
15:12:36	[LOG_INFO]	string,int32_t,int32_t
15:12:36	[LOG_INFO]	Game,1,3000
15:12:36	[LOG_INFO]	[ServerConfig.csv is loaded...]
15:12:36	[LOG_CONNECT]	WorldDB is Connected
15:12:36	[LOG_DEBUG]	[Server Type]: Game
15:12:36	[LOG_DEBUG]	[GroupID]: 0
15:12:36	[LOG_DEBUG]	[WorldID]: 1
15:12:36	[LOG_DEBUG]	[ServerID]: 3000
15:12:36	[LOG_INFO]	[Data/CharacterAbilityByStat.csv is loading...]
15:12:36	[LOG_INFO]	uint8_t,uint8_t,uint8_t,uint8_t,uint8_t,uint8_t
15:12:36	[LOG_INFO]	8 ,2 ,10 ,0 ,7 ,3 
15:12:36	[LOG_INFO]	5 ,5 ,8 ,2 ,6 ,4 
15:12:36	[LOG_INFO]	3 ,7 ,0 ,10 ,3 ,7 
15:12:36	[LOG_INFO]	[Data/CharacterAbilityByStat.csv is loaded...]
15:12:36	[LOG_INFO]	[Data/CharacterCreateSpeedStat.csv is loading...]
15:12:36	[LOG_INFO]	float_t,float_t,float_t
15:12:36	[LOG_INFO]	10.0 ,5.0 ,11.6 
15:12:36	[LOG_INFO]	12.0 ,3.0 ,11.8 
15:12:36	[LOG_INFO]	5.0 ,10.0 ,11.4 
15:12:36	[LOG_INFO]	13.0 ,2.0 ,12.0 
15:12:36	[LOG_INFO]	[Data/CharacterCreateSpeedStat.csv is loaded...]
15:12:36	[LOG_INFO]	[Data/CharacterSkill.csv is loading...]
15:12:36	[LOG_INFO]	int32_t,uint8_t,uint8_t,int32_t,uint8_t,uint8_t,uint8_t,uint8_t,int32_t,int32_t,int32_t
15:12:36	[LOG_INFO]	0,0 ,2 ,1 ,6 ,4 ,0 ,4 ,1100 ,0 ,0 
15:12:36	[LOG_INFO]	1,1 ,2 ,1 ,6 ,4 ,0 ,1 ,1600 ,0 ,0 
15:12:36	[LOG_INFO]	2,2 ,3 ,1 ,7 ,5 ,0 ,1 ,1200 ,0 ,0 
15:12:36	[LOG_INFO]	3,3 ,2 ,1 ,6 ,4 ,0 ,3 ,700 ,0 ,0 
15:12:36	[LOG_INFO]	[Data/CharacterSkill.csv is loaded...]
15:12:36	[LOG_INFO]	[Data/Map_000.csv is loading...]
15:12:36	[LOG_INFO]	MinX: -22 minY: -10 maxX: 21 maxY: -1
15:12:36	[LOG_INFO]	[Data/Map_000.csv is loaded...]
15:12:36	[LOG_DEBUG]	Server is Running...
15:12:36	[LOG_DEBUG]	[Thread Num]: 41
15:12:36	[LOG_DEBUG]	[Port]: 9000
15:13:13	[LOG_CONNECT]	oid(0)	[ip]: 127.0.0.1
15:13:13	[LOG_CONNECT]	AccountDB is Connected
15:13:13	[LOG_CONNECT]	GameDB is Connected
15:13:35	[LOG_DISCONNECT]	oid(0)	
15:42:30	[LOG_CONNECT]	oid(1)	[ip]: 127.0.0.1
15:42:30	[LOG_CONNECT]	GameDB is Connected
15:42:30	[LOG_CONNECT]	AccountDB is Connected
15:42:44	[LOG_DISCONNECT]	oid(1)	
15:43:03	[LOG_CONNECT]	oid(2)	[ip]: 127.0.0.1
15:43:24	[LOG_DISCONNECT]	oid(2)	
15:43:31	[LOG_CONNECT]	oid(3)	[ip]: 127.0.0.1
15:43:46	[LOG_DISCONNECT]	oid(3)	
15:44:02	[LOG_CONNECT]	oid(4)	[ip]: 127.0.0.1
15:44:43	[LOG_DISCONNECT]	oid(4)	
15:44:43	[LOG_CONNECT]	GameDB is Connected
15:44:51	[LOG_CONNECT]	oid(5)	[ip]: 127.0.0.1
15:45:09	[LOG_DISCONNECT]	oid(5)	
15:45:18	[LOG_CONNECT]	oid(6)	[ip]: 127.0.0.1
15:45:52	[LOG_DISCONNECT]	oid(6)	
15:46:07	[LOG_CONNECT]	oid(7)	[ip]: 127.0.0.1
15:46:34	[LOG_DISCONNECT]	oid(7)	
15:47:14	[LOG_CONNECT]	oid(8)	[ip]: 127.0.0.1
15:47:21	[LOG_DISCONNECT]	oid(8)	
15:47:45	[LOG_CONNECT]	oid(9)	[ip]: 127.0.0.1
15:48:40	[LOG_DISCONNECT]	oid(9)	
15:50:23	[LOG_CONNECT]	oid(10)	[ip]: 127.0.0.1
15:50:38	[LOG_DISCONNECT]	oid(10)	
15:51:06	[LOG_CONNECT]	oid(11)	[ip]: 127.0.0.1
15:51:14	[LOG_DISCONNECT]	oid(11)	
15:51:35	[LOG_CONNECT]	oid(12)	[ip]: 127.0.0.1
15:52:34	[LOG_DISCONNECT]	oid(12)	
15:54:13	[LOG_CONNECT]	oid(13)	[ip]: 127.0.0.1
15:58:31	[LOG_DISCONNECT]	oid(13)	
15:58:38	[LOG_CONNECT]	oid(14)	[ip]: 127.0.0.1
16:00:15	[LOG_DISCONNECT]	oid(14)	
16:20:27	[LOG_INFO]	[DBConfig.csv is loading...]
16:20:27	[LOG_INFO]	string,string
16:20:27	[LOG_INFO]	World,112.145.214.226
16:20:27	[LOG_INFO]	Account,112.145.214.226
16:20:27	[LOG_INFO]	Game,112.145.214.226
16:20:27	[LOG_INFO]	[DBConfig.csv is loaded...]
16:20:27	[LOG_INFO]	[ServerConfig.csv is loading...]
16:20:27	[LOG_INFO]	string,int32_t,int32_t
16:20:27	[LOG_INFO]	Game,1,3000
16:20:27	[LOG_INFO]	[ServerConfig.csv is loaded...]
16:20:27	[LOG_CONNECT]	WorldDB is Connected
16:20:27	[LOG_DEBUG]	[Server Type]: Game
16:20:27	[LOG_DEBUG]	[GroupID]: 0
16:20:27	[LOG_DEBUG]	[WorldID]: 1
16:20:27	[LOG_DEBUG]	[ServerID]: 3000
16:20:27	[LOG_INFO]	[Data/CharacterAbilityByStat.csv is loading...]
16:20:27	[LOG_INFO]	uint8_t,uint8_t,uint8_t,uint8_t,uint8_t,uint8_t
16:20:27	[LOG_INFO]	8 ,2 ,10 ,0 ,7 ,3 
16:20:27	[LOG_INFO]	5 ,5 ,8 ,2 ,6 ,4 
16:20:27	[LOG_INFO]	3 ,7 ,0 ,10 ,3 ,7 
16:20:27	[LOG_INFO]	[Data/CharacterAbilityByStat.csv is loaded...]
16:20:27	[LOG_INFO]	[Data/CharacterCreateSpeedStat.csv is loading...]
16:20:27	[LOG_INFO]	float_t,float_t,float_t
16:20:27	[LOG_INFO]	10.0 ,5.0 ,11.6 
16:20:27	[LOG_INFO]	12.0 ,3.0 ,11.8 
16:20:27	[LOG_INFO]	5.0 ,10.0 ,11.4 
16:20:27	[LOG_INFO]	13.0 ,2.0 ,12.0 
16:20:27	[LOG_INFO]	[Data/CharacterCreateSpeedStat.csv is loaded...]
16:20:27	[LOG_INFO]	[Data/CharacterSkill.csv is loading...]
16:20:27	[LOG_INFO]	int32_t,uint8_t,uint8_t,int32_t,uint8_t,uint8_t,uint8_t,uint8_t,int32_t,int32_t,int32_t
16:20:27	[LOG_INFO]	0,0 ,2 ,1 ,6 ,4 ,0 ,4 ,1100 ,0 ,0 
16:20:27	[LOG_INFO]	1,1 ,2 ,1 ,6 ,4 ,0 ,1 ,1600 ,0 ,0 
16:20:27	[LOG_INFO]	2,2 ,3 ,1 ,7 ,5 ,0 ,1 ,1200 ,0 ,0 
16:20:27	[LOG_INFO]	3,3 ,2 ,1 ,6 ,4 ,0 ,3 ,700 ,0 ,0 
16:20:27	[LOG_INFO]	[Data/CharacterSkill.csv is loaded...]
16:20:27	[LOG_INFO]	[Data/CharacterLevel.csv is loading...]
16:20:27	[LOG_INFO]	int64_t,int32_t
16:20:27	[LOG_INFO]	100 ,0 
16:20:27	[LOG_INFO]	150 ,1 
16:20:27	[LOG_INFO]	500 ,1 
16:20:27	[LOG_INFO]	900 ,1 
16:20:27	[LOG_INFO]	1500 ,1 
16:20:27	[LOG_INFO]	2000 ,1 
16:20:27	[LOG_INFO]	3000 ,1 
16:20:27	[LOG_INFO]	5000 ,1 
16:20:27	[LOG_INFO]	8000 ,1 
16:20:27	[LOG_INFO]	10000 ,3 
16:20:27	[LOG_INFO]	14000 ,1 
16:20:27	[LOG_INFO]	18000 ,1 
16:20:27	[LOG_INFO]	20000 ,1 
16:20:27	[LOG_INFO]	23000 ,1 
16:20:27	[LOG_INFO]	25000 ,2 
16:20:27	[LOG_INFO]	40000 ,1 
16:20:27	[LOG_INFO]	45000 ,1 
16:20:27	[LOG_INFO]	48000 ,1 
16:20:27	[LOG_INFO]	50000 ,1 
16:20:27	[LOG_INFO]	60000 ,3 
16:20:27	[LOG_INFO]	80000 ,1 
16:20:27	[LOG_INFO]	82000 ,1 
16:20:27	[LOG_INFO]	85000 ,1 
16:20:27	[LOG_INFO]	90000 ,1 
16:20:27	[LOG_INFO]	120000 ,2 
16:20:27	[LOG_INFO]	140000 ,1 
16:20:27	[LOG_INFO]	180000 ,1 
16:20:27	[LOG_INFO]	200000 ,1 
16:20:27	[LOG_INFO]	250000 ,1 
16:20:27	[LOG_INFO]	290000 ,3 
16:20:27	[LOG_INFO]	330000 ,1 
16:20:27	[LOG_INFO]	400000 ,1 
16:20:27	[LOG_INFO]	430000 ,1 
16:20:27	[LOG_INFO]	480000 ,1 
16:20:27	[LOG_INFO]	520000 ,2 
16:20:27	[LOG_INFO]	550000 ,1 
16:20:27	[LOG_INFO]	580000 ,1 
16:20:27	[LOG_INFO]	630000 ,1 
16:20:27	[LOG_INFO]	650000 ,1 
16:20:27	[LOG_INFO]	680000 ,3 
16:20:27	[LOG_INFO]	720000 ,1 
16:20:27	[LOG_INFO]	770000 ,1 
16:20:27	[LOG_INFO]	850000 ,1 
16:20:27	[LOG_INFO]	900000 ,1 
16:20:27	[LOG_INFO]	1000000 ,2 
16:20:27	[LOG_INFO]	1300000 ,1 
16:20:27	[LOG_INFO]	1500000 ,1 
16:20:27	[LOG_INFO]	2000000 ,1 
16:20:27	[LOG_INFO]	3000000 ,1 
16:20:27	[LOG_INFO]	0 ,5 
16:20:27	[LOG_INFO]	[Data/CharacterLevel.csv is loaded...]
16:20:27	[LOG_INFO]	[Data/Map_000.csv is loading...]
16:20:27	[LOG_INFO]	MinX: -22 minY: -10 maxX: 21 maxY: -1
16:20:27	[LOG_INFO]	[Data/Map_000.csv is loaded...]
16:20:27	[LOG_DEBUG]	Server is Running...
16:20:27	[LOG_DEBUG]	[Thread Num]: 41
16:20:27	[LOG_DEBUG]	[Port]: 9000
16:25:12	[LOG_INFO]	[DBConfig.csv is loading...]
16:25:12	[LOG_INFO]	string,string
16:25:12	[LOG_INFO]	World,112.145.214.226
16:25:12	[LOG_INFO]	Account,112.145.214.226
16:25:12	[LOG_INFO]	Game,112.145.214.226
16:25:12	[LOG_INFO]	[DBConfig.csv is loaded...]
16:25:12	[LOG_INFO]	[ServerConfig.csv is loading...]
16:25:12	[LOG_INFO]	string,int32_t,int32_t
16:25:12	[LOG_INFO]	Game,1,3000
16:25:12	[LOG_INFO]	[ServerConfig.csv is loaded...]
16:25:12	[LOG_CONNECT]	WorldDB is Connected
16:25:12	[LOG_DEBUG]	[Server Type]: Game
16:25:12	[LOG_DEBUG]	[GroupID]: 0
16:25:12	[LOG_DEBUG]	[WorldID]: 1
16:25:12	[LOG_DEBUG]	[ServerID]: 3000
16:25:12	[LOG_INFO]	[Data/CharacterAbilityByStat.csv is loading...]
16:25:12	[LOG_INFO]	uint8_t,uint8_t,uint8_t,uint8_t,uint8_t,uint8_t
16:25:12	[LOG_INFO]	8 ,2 ,10 ,0 ,7 ,3 
16:25:12	[LOG_INFO]	5 ,5 ,8 ,2 ,6 ,4 
16:25:12	[LOG_INFO]	3 ,7 ,0 ,10 ,3 ,7 
16:25:12	[LOG_INFO]	[Data/CharacterAbilityByStat.csv is loaded...]
16:25:12	[LOG_INFO]	[Data/CharacterCreateSpeedStat.csv is loading...]
16:25:12	[LOG_INFO]	float_t,float_t,float_t
16:25:12	[LOG_INFO]	10.0 ,5.0 ,11.6 
16:25:12	[LOG_INFO]	12.0 ,3.0 ,11.8 
16:25:12	[LOG_INFO]	5.0 ,10.0 ,11.4 
16:25:12	[LOG_INFO]	13.0 ,2.0 ,12.0 
16:25:12	[LOG_INFO]	[Data/CharacterCreateSpeedStat.csv is loaded...]
16:25:12	[LOG_INFO]	[Data/CharacterSkill.csv is loading...]
16:25:12	[LOG_INFO]	int32_t,uint8_t,uint8_t,int32_t,uint8_t,uint8_t,uint8_t,uint8_t,int32_t,int32_t,int32_t
16:25:12	[LOG_INFO]	0,0 ,2 ,1 ,6 ,4 ,0 ,4 ,1100 ,0 ,0 
16:25:12	[LOG_INFO]	1,1 ,2 ,1 ,6 ,4 ,0 ,1 ,1600 ,0 ,0 
16:25:12	[LOG_INFO]	2,2 ,3 ,1 ,7 ,5 ,0 ,1 ,1200 ,0 ,0 
16:25:12	[LOG_INFO]	3,3 ,2 ,1 ,6 ,4 ,0 ,3 ,700 ,0 ,0 
16:25:12	[LOG_INFO]	[Data/CharacterSkill.csv is loaded...]
16:25:12	[LOG_INFO]	[Data/CharacterLevel.csv is loading...]
16:25:12	[LOG_INFO]	int64_t,int32_t
16:25:12	[LOG_INFO]	100 ,0 
16:25:12	[LOG_INFO]	150 ,1 
16:25:12	[LOG_INFO]	500 ,1 
16:25:12	[LOG_INFO]	900 ,1 
16:25:12	[LOG_INFO]	1500 ,1 
16:25:12	[LOG_INFO]	2000 ,1 
16:25:12	[LOG_INFO]	3000 ,1 
16:25:12	[LOG_INFO]	5000 ,1 
16:25:12	[LOG_INFO]	8000 ,1 
16:25:12	[LOG_INFO]	10000 ,3 
16:25:12	[LOG_INFO]	14000 ,1 
16:25:12	[LOG_INFO]	18000 ,1 
16:25:12	[LOG_INFO]	20000 ,1 
16:25:12	[LOG_INFO]	23000 ,1 
16:25:12	[LOG_INFO]	25000 ,2 
16:25:12	[LOG_INFO]	40000 ,1 
16:25:12	[LOG_INFO]	45000 ,1 
16:25:12	[LOG_INFO]	48000 ,1 
16:25:12	[LOG_INFO]	50000 ,1 
16:25:12	[LOG_INFO]	60000 ,3 
16:25:12	[LOG_INFO]	80000 ,1 
16:25:12	[LOG_INFO]	82000 ,1 
16:25:12	[LOG_INFO]	85000 ,1 
16:25:12	[LOG_INFO]	90000 ,1 
16:25:12	[LOG_INFO]	120000 ,2 
16:25:12	[LOG_INFO]	140000 ,1 
16:25:12	[LOG_INFO]	180000 ,1 
16:25:12	[LOG_INFO]	200000 ,1 
16:25:12	[LOG_INFO]	250000 ,1 
16:25:12	[LOG_INFO]	290000 ,3 
16:25:12	[LOG_INFO]	330000 ,1 
16:25:12	[LOG_INFO]	400000 ,1 
16:25:12	[LOG_INFO]	430000 ,1 
16:25:12	[LOG_INFO]	480000 ,1 
16:25:12	[LOG_INFO]	520000 ,2 
16:25:12	[LOG_INFO]	550000 ,1 
16:25:12	[LOG_INFO]	580000 ,1 
16:25:12	[LOG_INFO]	630000 ,1 
16:25:12	[LOG_INFO]	650000 ,1 
16:25:12	[LOG_INFO]	680000 ,3 
16:25:12	[LOG_INFO]	720000 ,1 
16:25:12	[LOG_INFO]	770000 ,1 
16:25:12	[LOG_INFO]	850000 ,1 
16:25:12	[LOG_INFO]	900000 ,1 
16:25:12	[LOG_INFO]	1000000 ,2 
16:25:12	[LOG_INFO]	1300000 ,1 
16:25:12	[LOG_INFO]	1500000 ,1 
16:25:12	[LOG_INFO]	2000000 ,1 
16:25:12	[LOG_INFO]	3000000 ,1 
16:25:12	[LOG_INFO]	0 ,5 
16:25:12	[LOG_INFO]	[Data/CharacterLevel.csv is loaded...]
16:25:12	[LOG_INFO]	[Data/Map_000.csv is loading...]
16:25:12	[LOG_INFO]	MinX: -22 minY: -10 maxX: 21 maxY: -1
16:25:12	[LOG_INFO]	[Data/Map_000.csv is loaded...]
16:25:12	[LOG_DEBUG]	Server is Running...
16:25:12	[LOG_DEBUG]	[Thread Num]: 41
16:25:12	[LOG_DEBUG]	[Port]: 9000
