00:11:00	[LOG_INFO]	[DBConfig.csv is loading...]
00:11:00	[LOG_INFO]	string,string
00:11:00	[LOG_INFO]	World,112.145.214.226
00:11:00	[LOG_INFO]	Account,112.145.214.226
00:11:00	[LOG_INFO]	Game,112.145.214.226
00:11:00	[LOG_INFO]	[DBConfig.csv is loaded...]
00:11:00	[LOG_INFO]	[ServerConfig.csv is loading...]
00:11:00	[LOG_INFO]	string,int32_t,int32_t
00:11:00	[LOG_INFO]	Game,1,3000
00:11:00	[LOG_INFO]	[ServerConfig.csv is loaded...]
00:11:00	[LOG_CONNECT]	WorldDB is Connected
00:11:00	[LOG_DEBUG]	[Server Type]: Game
00:11:00	[LOG_DEBUG]	[GroupID]: 0
00:11:00	[LOG_DEBUG]	[WorldID]: 1
00:11:00	[LOG_DEBUG]	[ServerID]: 3000
00:11:00	[LOG_INFO]	[Data/CharacterAbilityByStat.csv is loading...]
00:11:00	[LOG_INFO]	uint8_t,uint8_t,uint8_t,uint8_t,uint8_t,uint8_t
00:11:00	[LOG_INFO]	8 ,2 ,10 ,0 ,7 ,3 
00:11:00	[LOG_INFO]	5 ,5 ,8 ,2 ,6 ,4 
00:11:00	[LOG_INFO]	3 ,7 ,0 ,10 ,3 ,7 
00:11:00	[LOG_INFO]	[Data/CharacterAbilityByStat.csv is loaded...]
00:11:00	[LOG_INFO]	[Data/CharacterCreateSpeedStat.csv is loading...]
00:11:00	[LOG_INFO]	float_t,float_t,float_t
00:11:00	[LOG_INFO]	10.0 ,5.0 ,9.0 
00:11:00	[LOG_INFO]	12.0 ,3.0 ,10.0 
00:11:00	[LOG_INFO]	5.0 ,10.0 ,8.0 
00:11:00	[LOG_INFO]	13.0 ,2.0 ,11.0 
00:11:00	[LOG_INFO]	[Data/CharacterCreateSpeedStat.csv is loaded...]
00:11:00	[LOG_INFO]	[Data/Map_000.csv is loading...]
00:11:00	[LOG_INFO]	MinX: -22 minY: -10 maxX: 21 maxY: -1
00:11:00	[LOG_INFO]	[Data/Map_000.csv is loaded...]
00:11:00	[LOG_DEBUG]	Server is Running...
00:11:00	[LOG_DEBUG]	[Thread Num]: 41
00:11:00	[LOG_DEBUG]	[Port]: 9000
00:11:09	[LOG_CONNECT]	oid(0)	[ip]: 127.0.0.1
00:11:09	[LOG_CONNECT]	AccountDB is Connected
00:11:09	[LOG_CONNECT]	GameDB is Connected
00:11:26	[LOG_DISCONNECT]	oid(0)	
00:12:23	[LOG_CONNECT]	oid(1)	[ip]: 127.0.0.1
00:12:23	[LOG_CONNECT]	GameDB is Connected
00:12:23	[LOG_CONNECT]	AccountDB is Connected
00:12:29	[LOG_CONNECT]	oid(2)	[ip]: 127.0.0.1
00:13:10	[LOG_DISCONNECT]	oid(1)	
00:13:12	[LOG_DISCONNECT]	oid(2)	
00:15:01	[LOG_INFO]	[DBConfig.csv is loading...]
00:15:01	[LOG_INFO]	string,string
00:15:01	[LOG_INFO]	World,112.145.214.226
00:15:01	[LOG_INFO]	Account,112.145.214.226
00:15:01	[LOG_INFO]	Game,112.145.214.226
00:15:01	[LOG_INFO]	[DBConfig.csv is loaded...]
00:15:01	[LOG_INFO]	[ServerConfig.csv is loading...]
00:15:01	[LOG_INFO]	string,int32_t,int32_t
00:15:01	[LOG_INFO]	Game,1,3000
00:15:01	[LOG_INFO]	[ServerConfig.csv is loaded...]
00:15:01	[LOG_CONNECT]	WorldDB is Connected
00:15:01	[LOG_DEBUG]	[Server Type]: Game
00:15:01	[LOG_DEBUG]	[GroupID]: 0
00:15:01	[LOG_DEBUG]	[WorldID]: 1
00:15:01	[LOG_DEBUG]	[ServerID]: 3000
00:15:01	[LOG_INFO]	[Data/CharacterAbilityByStat.csv is loading...]
00:15:01	[LOG_INFO]	uint8_t,uint8_t,uint8_t,uint8_t,uint8_t,uint8_t
00:15:01	[LOG_INFO]	8 ,2 ,10 ,0 ,7 ,3 
00:15:01	[LOG_INFO]	5 ,5 ,8 ,2 ,6 ,4 
00:15:01	[LOG_INFO]	3 ,7 ,0 ,10 ,3 ,7 
00:15:01	[LOG_INFO]	[Data/CharacterAbilityByStat.csv is loaded...]
00:15:01	[LOG_INFO]	[Data/CharacterCreateSpeedStat.csv is loading...]
00:15:01	[LOG_INFO]	float_t,float_t,float_t
00:15:01	[LOG_INFO]	10.0 ,5.0 ,9.0 
00:15:01	[LOG_INFO]	12.0 ,3.0 ,10.0 
00:15:01	[LOG_INFO]	5.0 ,10.0 ,8.0 
00:15:01	[LOG_INFO]	13.0 ,2.0 ,11.0 
00:15:01	[LOG_INFO]	[Data/CharacterCreateSpeedStat.csv is loaded...]
00:15:01	[LOG_INFO]	[Data/Map_000.csv is loading...]
00:15:01	[LOG_INFO]	MinX: -22 minY: -10 maxX: 21 maxY: -1
00:15:01	[LOG_INFO]	[Data/Map_000.csv is loaded...]
00:15:01	[LOG_DEBUG]	Server is Running...
00:15:01	[LOG_DEBUG]	[Thread Num]: 41
00:15:01	[LOG_DEBUG]	[Port]: 9000
00:16:57	[LOG_INFO]	[DBConfig.csv is loading...]
00:16:57	[LOG_INFO]	string,string
00:16:57	[LOG_INFO]	World,112.145.214.226
00:16:57	[LOG_INFO]	Account,112.145.214.226
00:16:57	[LOG_INFO]	Game,112.145.214.226
00:16:57	[LOG_INFO]	[DBConfig.csv is loaded...]
00:16:57	[LOG_INFO]	[ServerConfig.csv is loading...]
00:16:57	[LOG_INFO]	string,int32_t,int32_t
00:16:57	[LOG_INFO]	Game,1,3000
00:16:57	[LOG_INFO]	[ServerConfig.csv is loaded...]
00:16:57	[LOG_CONNECT]	WorldDB is Connected
00:16:57	[LOG_DEBUG]	[Server Type]: Game
00:16:57	[LOG_DEBUG]	[GroupID]: 0
00:16:57	[LOG_DEBUG]	[WorldID]: 1
00:16:57	[LOG_DEBUG]	[ServerID]: 3000
00:16:57	[LOG_INFO]	[Data/CharacterAbilityByStat.csv is loading...]
00:16:57	[LOG_INFO]	uint8_t,uint8_t,uint8_t,uint8_t,uint8_t,uint8_t
00:16:57	[LOG_INFO]	8 ,2 ,10 ,0 ,7 ,3 
00:16:57	[LOG_INFO]	5 ,5 ,8 ,2 ,6 ,4 
00:16:57	[LOG_INFO]	3 ,7 ,0 ,10 ,3 ,7 
00:16:57	[LOG_INFO]	[Data/CharacterAbilityByStat.csv is loaded...]
00:16:57	[LOG_INFO]	[Data/CharacterCreateSpeedStat.csv is loading...]
00:16:57	[LOG_INFO]	float_t,float_t,float_t
00:16:57	[LOG_INFO]	10.0 ,5.0 ,11.6 
00:16:57	[LOG_INFO]	12.0 ,3.0 ,11.8 
00:16:57	[LOG_INFO]	5.0 ,10.0 ,11.4 
00:16:57	[LOG_INFO]	13.0 ,2.0 ,12.0 
00:16:57	[LOG_INFO]	[Data/CharacterCreateSpeedStat.csv is loaded...]
00:16:57	[LOG_INFO]	[Data/Map_000.csv is loading...]
00:16:57	[LOG_INFO]	MinX: -22 minY: -10 maxX: 21 maxY: -1
00:16:57	[LOG_INFO]	[Data/Map_000.csv is loaded...]
00:16:57	[LOG_DEBUG]	Server is Running...
00:16:57	[LOG_DEBUG]	[Thread Num]: 41
00:16:57	[LOG_DEBUG]	[Port]: 9000
00:17:09	[LOG_CONNECT]	oid(0)	[ip]: 127.0.0.1
00:17:09	[LOG_CONNECT]	AccountDB is Connected
00:17:09	[LOG_CONNECT]	GameDB is Connected
00:17:26	[LOG_DISCONNECT]	oid(0)	
