00:32:44	[LOG_INFO]	[Data/Map_001.txt is loading...]
00:32:58	[LOG_INFO]	[Data/Map_001.txt is loading...]
00:34:00	[LOG_INFO]	[Data/Map_001.txt is loading...]
00:56:04	[LOG_INFO]	[Data/Map_001.txt is loading...]
00:56:54	[LOG_INFO]	[Data/Map_001.txt is loading...]
00:58:19	[LOG_INFO]	[Data/Map_001.txt is loading...]
01:00:45	[LOG_INFO]	[Data/Map_001.txt is loading...]
01:03:26	[LOG_INFO]	[Data/Map_001.txt is loading...]
01:04:24	[LOG_INFO]	[Data/Map_001.txt is loading...]
01:11:12	[LOG_INFO]	[Data/Map_001.txt is loading...]
01:11:12	[LOG_INFO]	MinX: -22minY: -10maxX: 21maxY: -1
01:28:33	[LOG_INFO]	[Data/Map_001.txt is loading...]
01:28:33	[LOG_INFO]	MinX: -22minY: -10maxX: 21maxY: -1
01:41:53	[LOG_INFO]	[Data/Map_001.txt is loading...]
01:41:53	[LOG_INFO]	MinX: -22minY: -10maxX: 21maxY: -1
01:43:09	[LOG_INFO]	[Data/Map_001.txt is loading...]
01:43:09	[LOG_INFO]	MinX: -22minY: -10maxX: 21maxY: -1
01:43:33	[LOG_INFO]	[Data/Map_001.txt is loading...]
01:43:33	[LOG_INFO]	MinX: -22minY: -10maxX: 21maxY: -1
01:44:45	[LOG_INFO]	[Data/Map_001.txt is loading...]
01:44:45	[LOG_INFO]	MinX: -22minY: -10maxX: 21maxY: -1
01:44:57	[LOG_INFO]	[Data/Map_001.txt is loading...]
01:44:57	[LOG_INFO]	MinX: -22minY: -10maxX: 21maxY: -1
01:45:30	[LOG_INFO]	[Data/Map_001.txt is loading...]
01:45:30	[LOG_INFO]	MinX: -22minY: -10maxX: 21maxY: -1
01:45:56	[LOG_INFO]	[Data/Map_001.txt is loading...]
01:45:56	[LOG_INFO]	MinX: -22minY: -10maxX: 21maxY: -1
01:47:22	[LOG_INFO]	[Data/Map_001.txt is loaded...]
01:47:28	[LOG_INFO]	[Data/Map_001.txt is loading...]
01:47:28	[LOG_INFO]	MinX: -22minY: -10maxX: 21maxY: -1
01:48:21	[LOG_INFO]	[Data/Map_001.txt is loading...]
01:48:31	[LOG_INFO]	[Data/Map_001.txt is loading...]
01:49:24	[LOG_INFO]	[Data/Map_001.txt is loading...]
01:49:39	[LOG_INFO]	[Data/Map_001.txt is loading...]
01:50:52	[LOG_INFO]	[Data/Map_001.txt is loading...]
01:50:56	[LOG_INFO]	MinX: -22minY: -10maxX: 21maxY: -1
01:51:33	[LOG_INFO]	[Data/Map_001.txt is loaded...]
02:12:52	[LOG_INFO]	[Data/Map_001.csv is loading...]
02:12:52	[LOG_INFO]	MinX: -22minY: -10maxX: 21maxY: -1
02:14:51	[LOG_INFO]	[Data/Map_001.csv is loading...]
02:14:51	[LOG_INFO]	MinX: -22minY: -10maxX: 21maxY: -1
02:14:51	[LOG_INFO]	[Data/Map_001.csv is loaded...]
02:16:04	[LOG_INFO]	[Data/Map_001.csv is loading...]
02:16:04	[LOG_INFO]	MinX: -22minY: -10maxX: 21maxY: -1
02:16:26	[LOG_INFO]	[Data/Map_001.csv is loading...]
02:16:26	[LOG_INFO]	MinX: -22minY: -10maxX: 21maxY: -1
02:17:03	[LOG_INFO]	[Data/Map_001.csv is loading...]
02:17:03	[LOG_INFO]	MinX: -22minY: -10maxX: 21maxY: -1
02:17:10	[LOG_INFO]	[Data/Map_001.csv is loaded...]
02:19:45	[LOG_INFO]	[Data/Map_001.csv is loading...]
02:19:45	[LOG_INFO]	MinX: -22minY: -10maxX: 21maxY: -1
02:19:45	[LOG_INFO]	[Data/Map_001.csv is loaded...]
02:20:24	[LOG_INFO]	[Data/Map_001.csv is loading...]
02:20:24	[LOG_INFO]	MinX: -22minY: -10maxX: 21maxY: -1
02:20:24	[LOG_INFO]	[Data/Map_001.csv is loaded...]
02:21:23	[LOG_INFO]	[Data/Map_001.csv is loading...]
02:21:23	[LOG_INFO]	MinX: -22minY: -10maxX: 21maxY: -1
02:21:23	[LOG_INFO]	[Data/Map_001.csv is loaded...]
02:21:36	[LOG_INFO]	[Data/Map_001.csv is loading...]
02:21:36	[LOG_INFO]	MinX: -22minY: -10maxX: 21maxY: -1
02:21:36	[LOG_INFO]	[Data/Map_001.csv is loaded...]
02:22:08	[LOG_INFO]	[Data/Map_001.csv is loading...]
02:22:08	[LOG_INFO]	MinX: -22minY: -10maxX: 21maxY: -1
02:26:44	[LOG_INFO]	[Data/Map_001.csv is loading...]
02:26:44	[LOG_INFO]	MinX: -22minY: -10maxX: 21maxY: -1
02:26:44	[LOG_INFO]	[Data/Map_001.csv is loaded...]
02:27:28	[LOG_INFO]	[Data/Map_001.csv is loading...]
02:27:28	[LOG_INFO]	MinX: -22minY: -10maxX: 21maxY: -1
02:27:28	[LOG_INFO]	[Data/Map_001.csv is loaded...]
02:28:29	[LOG_INFO]	[Data/Map_001.csv is loading...]
02:28:29	[LOG_INFO]	MinX: -22minY: -10maxX: 21maxY: -1
02:28:29	[LOG_INFO]	[Data/Map_001.csv is loaded...]
02:39:38	[LOG_INFO]	[Data/Map_001.csv is loading...]
02:39:38	[LOG_INFO]	MinX: -22minY: -10maxX: 21maxY: -1
02:39:38	[LOG_INFO]	[Data/Map_001.csv is loaded...]
02:42:43	[LOG_INFO]	[Data/Map_001.csv is loading...]
02:42:43	[LOG_INFO]	MinX: -22minY: -10maxX: 21maxY: -1
02:42:43	[LOG_INFO]	[Data/Map_001.csv is loaded...]
02:43:50	[LOG_INFO]	[Data/Map_001.csv is loading...]
02:43:50	[LOG_INFO]	MinX: -22minY: -10maxX: 21maxY: -1
02:43:50	[LOG_INFO]	[Data/Map_001.csv is loaded...]
02:52:16	[LOG_INFO]	[Data/Map_001.csv is loading...]
02:52:16	[LOG_INFO]	MinX: -22minY: -10maxX: 21maxY: -1
02:58:58	[LOG_INFO]	[Data/Map_001.csv is loading...]
02:58:58	[LOG_INFO]	MinX: -22minY: -10maxX: 21maxY: -1
02:58:58	[LOG_INFO]	[Data/Map_001.csv is loaded...]
02:59:34	[LOG_INFO]	[Data/Map_001.csv is loading...]
02:59:34	[LOG_INFO]	MinX: -22minY: -10maxX: 21maxY: -1
02:59:34	[LOG_INFO]	[Data/Map_001.csv is loaded...]
03:02:31	[LOG_INFO]	[Data/Map_001.csv is loading...]
03:02:31	[LOG_INFO]	MinX: -22minY: -10maxX: 21maxY: -1
03:02:31	[LOG_INFO]	[Data/Map_001.csv is loaded...]
03:03:44	[LOG_INFO]	[Data/Map_001.csv is loading...]
03:03:44	[LOG_INFO]	MinX: -22minY: -10maxX: 21maxY: -1
03:03:44	[LOG_INFO]	[Data/Map_001.csv is loaded...]
03:06:11	[LOG_INFO]	[Data/Map_001.csv is loading...]
03:06:11	[LOG_INFO]	MinX: -22minY: -10maxX: 21maxY: -1
03:06:11	[LOG_INFO]	[Data/Map_001.csv is loaded...]
03:06:52	[LOG_INFO]	[Data/Map_001.csv is loading...]
03:06:52	[LOG_INFO]	MinX: -22minY: -10maxX: 21maxY: -1
03:06:52	[LOG_INFO]	[Data/Map_001.csv is loaded...]
03:08:35	[LOG_INFO]	[Data/Map_001.csv is loading...]
03:08:35	[LOG_INFO]	MinX: -22minY: -10maxX: 21maxY: -1
03:08:35	[LOG_INFO]	[Data/Map_001.csv is loaded...]
03:09:29	[LOG_INFO]	[Data/Map_001.csv is loading...]
03:09:29	[LOG_INFO]	MinX: -22minY: -10maxX: 21maxY: -1
03:09:29	[LOG_INFO]	[Data/Map_001.csv is loaded...]
03:09:59	[LOG_INFO]	[Data/Map_001.csv is loading...]
03:09:59	[LOG_INFO]	MinX: -22minY: -10maxX: 21maxY: -1
03:09:59	[LOG_INFO]	[Data/Map_001.csv is loaded...]
03:23:41	[LOG_INFO]	[Data/Map_001.csv is loading...]
03:23:42	[LOG_INFO]	MinX: -22minY: -10maxX: 21maxY: -1
03:23:42	[LOG_INFO]	[Data/Map_001.csv is loaded...]
03:23:54	[LOG_INFO]	[Data/Map_001.csv is loading...]
03:23:54	[LOG_INFO]	MinX: -22minY: -10maxX: 21maxY: -1
03:23:54	[LOG_INFO]	[Data/Map_001.csv is loaded...]
03:32:53	[LOG_INFO]	[Data/Map_001.csv is loading...]
03:32:53	[LOG_INFO]	MinX: -22minY: -10maxX: 21maxY: -1
03:32:53	[LOG_INFO]	[Data/Map_001.csv is loaded...]
03:33:03	[LOG_INFO]	[Data/Map_001.csv is loading...]
03:33:03	[LOG_INFO]	MinX: -22minY: -10maxX: 21maxY: -1
03:33:03	[LOG_INFO]	[Data/Map_001.csv is loaded...]
03:40:24	[LOG_INFO]	[Data/Map_001.csv is loading...]
03:40:24	[LOG_INFO]	MinX: -22minY: -10maxX: 21maxY: -1
03:40:24	[LOG_INFO]	[Data/Map_001.csv is loaded...]
