18:33:23	[LOG_INFO]	[DBConfig.csv is loading...]
18:33:23	[LOG_INFO]	string,string
18:33:23	[LOG_INFO]	World,112.145.214.226
18:33:23	[LOG_INFO]	Account,112.145.214.226
18:33:23	[LOG_INFO]	Game,112.145.214.226
18:33:23	[LOG_INFO]	[DBConfig.csv is loaded...]
18:33:23	[LOG_INFO]	[ServerConfig.csv is loading...]
18:33:23	[LOG_INFO]	string,int32_t,int32_t
18:33:23	[LOG_INFO]	Game,1,3000
18:33:23	[LOG_INFO]	[ServerConfig.csv is loaded...]
18:33:23	[LOG_CONNECT]	WorldDB is Connected
18:33:23	[LOG_DEBUG]	[Server Type]: Game
18:33:23	[LOG_DEBUG]	[GroupID]: 0
18:33:23	[LOG_DEBUG]	[WorldID]: 1
18:33:23	[LOG_DEBUG]	[ServerID]: 3000
18:33:23	[LOG_INFO]	[Data/CharacterAbilityByStat.csv is loading...]
18:33:23	[LOG_INFO]	uint8_t,uint8_t,uint8_t,uint8_t,uint8_t,uint8_t
18:33:23	[LOG_INFO]	8 ,2 ,10 ,0 ,7 ,3 
18:33:23	[LOG_INFO]	5 ,5 ,8 ,2 ,6 ,4 
18:33:23	[LOG_INFO]	3 ,7 ,0 ,10 ,3 ,7 
18:33:23	[LOG_INFO]	[Data/CharacterAbilityByStat.csv is loaded...]
18:33:23	[LOG_INFO]	[Data/CharacterCreateSpeedStat.csv is loading...]
18:33:23	[LOG_INFO]	float_t,float_t,float_t
18:33:23	[LOG_INFO]	10.0 ,5.0 ,11.6 
18:33:23	[LOG_INFO]	12.0 ,3.0 ,11.8 
18:33:23	[LOG_INFO]	5.0 ,10.0 ,11.4 
18:33:23	[LOG_INFO]	13.0 ,2.0 ,12.0 
18:33:23	[LOG_INFO]	[Data/CharacterCreateSpeedStat.csv is loaded...]
18:33:23	[LOG_INFO]	[Data/CharacterSkill.csv is loading...]
18:33:23	[LOG_INFO]	int32_t,uint8_t,uint8_t,float_t,uint8_t,uint8_t,int64_t,uint8_t,int32_t,uint8_t,uint8_t,uint8_t,uint8_t,int32_t,int32_t,int32_t
18:33:23	[LOG_INFO]	0,1 ,0 ,0.0 ,1 ,0 ,766 ,2 ,1 ,6 ,4 ,0 ,4 ,1100 ,0 ,0 
18:33:23	[LOG_INFO]	1,2 ,1 ,30.0 ,1 ,1 ,1166 ,2 ,1 ,6 ,4 ,0 ,1 ,1600 ,0 ,0 
18:33:23	[LOG_INFO]	2,2 ,2 ,25.0 ,1 ,2 ,666 ,3 ,1 ,7 ,5 ,0 ,1 ,1200 ,0 ,0 
18:33:23	[LOG_INFO]	3,1 ,0 ,0.0 ,1 ,3 ,333 ,2 ,1 ,6 ,4 ,0 ,3 ,700 ,0 ,0 
18:33:23	[LOG_INFO]	[Data/CharacterSkill.csv is loaded...]
18:33:23	[LOG_INFO]	[Data/CharacterLevel.csv is loading...]
18:33:23	[LOG_INFO]	int64_t,int32_t
18:33:23	[LOG_INFO]	100 ,0 
18:33:23	[LOG_INFO]	150 ,1 
18:33:23	[LOG_INFO]	500 ,1 
18:33:23	[LOG_INFO]	900 ,1 
18:33:23	[LOG_INFO]	1500 ,1 
18:33:23	[LOG_INFO]	2000 ,1 
18:33:23	[LOG_INFO]	3000 ,1 
18:33:23	[LOG_INFO]	5000 ,1 
18:33:23	[LOG_INFO]	8000 ,1 
18:33:23	[LOG_INFO]	10000 ,3 
18:33:23	[LOG_INFO]	14000 ,1 
18:33:23	[LOG_INFO]	18000 ,1 
18:33:23	[LOG_INFO]	20000 ,1 
18:33:23	[LOG_INFO]	23000 ,1 
18:33:23	[LOG_INFO]	25000 ,2 
18:33:23	[LOG_INFO]	40000 ,1 
18:33:23	[LOG_INFO]	45000 ,1 
18:33:23	[LOG_INFO]	48000 ,1 
18:33:23	[LOG_INFO]	50000 ,1 
18:33:23	[LOG_INFO]	60000 ,3 
18:33:23	[LOG_INFO]	80000 ,1 
18:33:23	[LOG_INFO]	82000 ,1 
18:33:23	[LOG_INFO]	85000 ,1 
18:33:23	[LOG_INFO]	90000 ,1 
18:33:23	[LOG_INFO]	120000 ,2 
18:33:23	[LOG_INFO]	140000 ,1 
18:33:23	[LOG_INFO]	180000 ,1 
18:33:23	[LOG_INFO]	200000 ,1 
18:33:23	[LOG_INFO]	250000 ,1 
18:33:23	[LOG_INFO]	290000 ,3 
18:33:23	[LOG_INFO]	330000 ,1 
18:33:23	[LOG_INFO]	400000 ,1 
18:33:23	[LOG_INFO]	430000 ,1 
18:33:23	[LOG_INFO]	480000 ,1 
18:33:23	[LOG_INFO]	520000 ,2 
18:33:23	[LOG_INFO]	550000 ,1 
18:33:23	[LOG_INFO]	580000 ,1 
18:33:23	[LOG_INFO]	630000 ,1 
18:33:23	[LOG_INFO]	650000 ,1 
18:33:23	[LOG_INFO]	680000 ,3 
18:33:23	[LOG_INFO]	720000 ,1 
18:33:23	[LOG_INFO]	770000 ,1 
18:33:23	[LOG_INFO]	850000 ,1 
18:33:23	[LOG_INFO]	900000 ,1 
18:33:23	[LOG_INFO]	1000000 ,2 
18:33:23	[LOG_INFO]	1300000 ,1 
18:33:23	[LOG_INFO]	1500000 ,1 
18:33:23	[LOG_INFO]	2000000 ,1 
18:33:23	[LOG_INFO]	3000000 ,1 
18:33:23	[LOG_INFO]	0 ,5 
18:33:23	[LOG_INFO]	[Data/CharacterLevel.csv is loaded...]
18:33:23	[LOG_INFO]	[Data/Map_000.csv is loading...]
18:33:23	[LOG_INFO]	MinX: -22 minY: -10 maxX: 51 maxY: -1
18:33:23	[LOG_INFO]	[Data/Map_000.csv is loaded...]
18:33:23	[LOG_DEBUG]	Server is Running...
18:33:23	[LOG_DEBUG]	[Thread Num]: 41
18:33:23	[LOG_DEBUG]	[Port]: 9000
18:33:27	[LOG_CONNECT]	oid(0)	[ip]: 127.0.0.1
18:33:27	[LOG_CONNECT]	AccountDB is Connected
18:33:27	[LOG_CONNECT]	WorldDB is Connected
18:33:27	[LOG_CONNECT]	GameDB is Connected
18:33:28	[LOG_CONNECT]	oid(1)	[ip]: 127.0.0.1
18:33:32	[LOG_CONNECT]	oid(2)	[ip]: 127.0.0.1
18:33:32	[LOG_CONNECT]	AccountDB is Connected
18:33:32	[LOG_CONNECT]	WorldDB is Connected
18:33:32	[LOG_CONNECT]	GameDB is Connected
18:33:36	[LOG_DISCONNECT]	oid(2)	
18:33:36	[LOG_CONNECT]	GameDB is Connected
18:33:36	[LOG_CONNECT]	oid(3)	[ip]: 127.0.0.1
18:33:37	[LOG_DISCONNECT]	oid(3)	
18:33:37	[LOG_CONNECT]	oid(4)	[ip]: 127.0.0.1
18:33:38	[LOG_DISCONNECT]	oid(4)	
18:33:39	[LOG_CONNECT]	oid(5)	[ip]: 127.0.0.1
18:33:39	[LOG_DISCONNECT]	oid(5)	
18:33:39	[LOG_CONNECT]	GameDB is Connected
18:33:39	[LOG_CONNECT]	oid(6)	[ip]: 127.0.0.1
18:33:39	[LOG_CONNECT]	WorldDB is Connected
18:33:39	[LOG_CONNECT]	AccountDB is Connected
18:33:55	[LOG_CONNECT]	oid(7)	[ip]: 127.0.0.1
18:33:55	[LOG_CONNECT]	AccountDB is Connected
18:33:55	[LOG_CONNECT]	WorldDB is Connected
18:34:22	[LOG_CONNECT]	oid(8)	[ip]: 127.0.0.1
18:34:41	[LOG_DISCONNECT]	oid(8)	
18:35:14	[LOG_CONNECT]	oid(9)	[ip]: 127.0.0.1
18:35:14	[LOG_CONNECT]	WorldDB is Connected
18:35:14	[LOG_CONNECT]	GameDB is Connected
18:35:14	[LOG_CONNECT]	AccountDB is Connected
18:35:47	[LOG_DISCONNECT]	oid(9)	
18:35:59	[LOG_CONNECT]	oid(10)	[ip]: 127.0.0.1
18:36:03	[LOG_DISCONNECT]	oid(10)	
18:41:48	[LOG_INFO]	[DBConfig.csv is loading...]
18:41:48	[LOG_INFO]	string,string
18:41:48	[LOG_INFO]	World,112.145.214.226
18:41:48	[LOG_INFO]	Account,112.145.214.226
18:41:48	[LOG_INFO]	Game,112.145.214.226
18:41:48	[LOG_INFO]	[DBConfig.csv is loaded...]
18:41:48	[LOG_INFO]	[ServerConfig.csv is loading...]
18:41:48	[LOG_INFO]	string,int32_t,int32_t
18:41:48	[LOG_INFO]	Game,1,3000
18:41:48	[LOG_INFO]	[ServerConfig.csv is loaded...]
18:41:48	[LOG_CONNECT]	WorldDB is Connected
18:41:48	[LOG_DEBUG]	[Server Type]: Game
18:41:48	[LOG_DEBUG]	[GroupID]: 0
18:41:48	[LOG_DEBUG]	[WorldID]: 1
18:41:48	[LOG_DEBUG]	[ServerID]: 3000
18:41:48	[LOG_INFO]	[Data/CharacterAbilityByStat.csv is loading...]
18:41:48	[LOG_INFO]	uint8_t,uint8_t,uint8_t,uint8_t,uint8_t,uint8_t
18:41:48	[LOG_INFO]	8 ,2 ,10 ,0 ,7 ,3 
18:41:48	[LOG_INFO]	5 ,5 ,8 ,2 ,6 ,4 
18:41:48	[LOG_INFO]	3 ,7 ,0 ,10 ,3 ,7 
18:41:48	[LOG_INFO]	[Data/CharacterAbilityByStat.csv is loaded...]
18:41:48	[LOG_INFO]	[Data/CharacterCreateSpeedStat.csv is loading...]
18:41:48	[LOG_INFO]	float_t,float_t,float_t
18:41:48	[LOG_INFO]	10.0 ,5.0 ,11.6 
18:41:48	[LOG_INFO]	12.0 ,3.0 ,11.8 
18:41:48	[LOG_INFO]	5.0 ,10.0 ,11.4 
18:41:48	[LOG_INFO]	13.0 ,2.0 ,12.0 
18:41:48	[LOG_INFO]	[Data/CharacterCreateSpeedStat.csv is loaded...]
18:41:48	[LOG_INFO]	[Data/CharacterSkill.csv is loading...]
18:41:48	[LOG_INFO]	int32_t,uint8_t,uint8_t,float_t,uint8_t,uint8_t,int64_t,uint8_t,int32_t,uint8_t,uint8_t,uint8_t,uint8_t,int32_t,int32_t,int32_t
18:41:48	[LOG_INFO]	0,1 ,0 ,0.0 ,1 ,0 ,766 ,2 ,1 ,6 ,4 ,0 ,4 ,1100 ,0 ,0 
18:41:48	[LOG_INFO]	1,2 ,1 ,30.0 ,1 ,1 ,1166 ,2 ,1 ,6 ,4 ,0 ,1 ,1600 ,0 ,0 
18:41:48	[LOG_INFO]	2,2 ,2 ,25.0 ,1 ,2 ,666 ,3 ,1 ,7 ,5 ,0 ,1 ,1200 ,0 ,0 
18:41:48	[LOG_INFO]	3,1 ,0 ,0.0 ,1 ,3 ,333 ,2 ,1 ,6 ,4 ,0 ,3 ,700 ,0 ,0 
18:41:48	[LOG_INFO]	[Data/CharacterSkill.csv is loaded...]
18:41:48	[LOG_INFO]	[Data/CharacterLevel.csv is loading...]
18:41:48	[LOG_INFO]	int64_t,int32_t
18:41:48	[LOG_INFO]	100 ,0 
18:41:48	[LOG_INFO]	150 ,1 
18:41:48	[LOG_INFO]	500 ,1 
18:41:48	[LOG_INFO]	900 ,1 
18:41:48	[LOG_INFO]	1500 ,1 
18:41:48	[LOG_INFO]	2000 ,1 
18:41:48	[LOG_INFO]	3000 ,1 
18:41:48	[LOG_INFO]	5000 ,1 
18:41:48	[LOG_INFO]	8000 ,1 
18:41:48	[LOG_INFO]	10000 ,3 
18:41:48	[LOG_INFO]	14000 ,1 
18:41:48	[LOG_INFO]	18000 ,1 
18:41:48	[LOG_INFO]	20000 ,1 
18:41:48	[LOG_INFO]	23000 ,1 
18:41:48	[LOG_INFO]	25000 ,2 
18:41:48	[LOG_INFO]	40000 ,1 
18:41:48	[LOG_INFO]	45000 ,1 
18:41:48	[LOG_INFO]	48000 ,1 
18:41:48	[LOG_INFO]	50000 ,1 
18:41:48	[LOG_INFO]	60000 ,3 
18:41:48	[LOG_INFO]	80000 ,1 
18:41:48	[LOG_INFO]	82000 ,1 
18:41:48	[LOG_INFO]	85000 ,1 
18:41:48	[LOG_INFO]	90000 ,1 
18:41:48	[LOG_INFO]	120000 ,2 
18:41:48	[LOG_INFO]	140000 ,1 
18:41:48	[LOG_INFO]	180000 ,1 
18:41:48	[LOG_INFO]	200000 ,1 
18:41:48	[LOG_INFO]	250000 ,1 
18:41:48	[LOG_INFO]	290000 ,3 
18:41:48	[LOG_INFO]	330000 ,1 
18:41:48	[LOG_INFO]	400000 ,1 
18:41:48	[LOG_INFO]	430000 ,1 
18:41:48	[LOG_INFO]	480000 ,1 
18:41:48	[LOG_INFO]	520000 ,2 
18:41:48	[LOG_INFO]	550000 ,1 
18:41:48	[LOG_INFO]	580000 ,1 
18:41:48	[LOG_INFO]	630000 ,1 
18:41:48	[LOG_INFO]	650000 ,1 
18:41:48	[LOG_INFO]	680000 ,3 
18:41:48	[LOG_INFO]	720000 ,1 
18:41:48	[LOG_INFO]	770000 ,1 
18:41:48	[LOG_INFO]	850000 ,1 
18:41:48	[LOG_INFO]	900000 ,1 
18:41:48	[LOG_INFO]	1000000 ,2 
18:41:48	[LOG_INFO]	1300000 ,1 
18:41:48	[LOG_INFO]	1500000 ,1 
18:41:48	[LOG_INFO]	2000000 ,1 
18:41:48	[LOG_INFO]	3000000 ,1 
18:41:48	[LOG_INFO]	0 ,5 
18:41:48	[LOG_INFO]	[Data/CharacterLevel.csv is loaded...]
18:41:48	[LOG_INFO]	[Data/Map_000.csv is loading...]
18:41:48	[LOG_INFO]	MinX: -22 minY: -10 maxX: 51 maxY: -1
18:41:48	[LOG_INFO]	[Data/Map_000.csv is loaded...]
18:41:48	[LOG_DEBUG]	Server is Running...
18:41:48	[LOG_DEBUG]	[Thread Num]: 41
18:41:48	[LOG_DEBUG]	[Port]: 9000
19:12:04	[LOG_CONNECT]	oid(0)	[ip]: 127.0.0.1
19:12:04	[LOG_CONNECT]	AccountDB is Connected
19:12:04	[LOG_CONNECT]	WorldDB is Connected
19:12:04	[LOG_CONNECT]	GameDB is Connected
19:12:09	[LOG_CONNECT]	oid(1)	[ip]: 127.0.0.1
19:12:23	[LOG_CONNECT]	oid(2)	[ip]: 127.0.0.1
19:13:10	[LOG_DISCONNECT]	oid(2)	
19:13:10	[LOG_CONNECT]	GameDB is Connected
19:13:12	[LOG_DISCONNECT]	oid(0)	
19:13:13	[LOG_DISCONNECT]	oid(1)	
21:29:48	[LOG_INFO]	[DBConfig.csv is loading...]
21:29:48	[LOG_INFO]	string,string
21:29:48	[LOG_INFO]	World,112.145.214.226
21:29:48	[LOG_INFO]	Account,112.145.214.226
21:29:48	[LOG_INFO]	Game,112.145.214.226
21:29:48	[LOG_INFO]	[DBConfig.csv is loaded...]
21:29:48	[LOG_INFO]	[ServerConfig.csv is loading...]
21:29:48	[LOG_INFO]	string,int32_t,int32_t
21:29:48	[LOG_INFO]	Game,1,3000
21:29:48	[LOG_INFO]	[ServerConfig.csv is loaded...]
21:29:48	[LOG_CONNECT]	WorldDB is Connected
21:29:48	[LOG_DEBUG]	[Server Type]: Game
21:29:48	[LOG_DEBUG]	[GroupID]: 0
21:29:48	[LOG_DEBUG]	[WorldID]: 1
21:29:48	[LOG_DEBUG]	[ServerID]: 3000
21:29:48	[LOG_INFO]	[Data/CharacterAbilityByStat.csv is loading...]
21:29:48	[LOG_INFO]	uint8_t,uint8_t,uint8_t,uint8_t,uint8_t,uint8_t
21:29:48	[LOG_INFO]	8 ,2 ,10 ,0 ,7 ,3 
21:29:48	[LOG_INFO]	5 ,5 ,8 ,2 ,6 ,4 
21:29:48	[LOG_INFO]	3 ,7 ,0 ,10 ,3 ,7 
21:29:48	[LOG_INFO]	[Data/CharacterAbilityByStat.csv is loaded...]
21:29:48	[LOG_INFO]	[Data/CharacterCreateSpeedStat.csv is loading...]
21:29:48	[LOG_INFO]	float_t,float_t,float_t
21:29:48	[LOG_INFO]	10.0 ,5.0 ,11.6 
21:29:48	[LOG_INFO]	12.0 ,3.0 ,11.8 
21:29:48	[LOG_INFO]	5.0 ,10.0 ,11.4 
21:29:48	[LOG_INFO]	13.0 ,2.0 ,12.0 
21:29:48	[LOG_INFO]	[Data/CharacterCreateSpeedStat.csv is loaded...]
21:29:48	[LOG_INFO]	[Data/CharacterSkill.csv is loading...]
21:29:48	[LOG_INFO]	int32_t,uint8_t,uint8_t,float_t,uint8_t,uint8_t,int64_t,uint8_t,int32_t,uint8_t,uint8_t,uint8_t,uint8_t,int32_t,int32_t,int32_t
21:29:48	[LOG_INFO]	0,1 ,0 ,0.0 ,1 ,0 ,766 ,2 ,1 ,6 ,4 ,0 ,4 ,1100 ,0 ,0 
21:29:48	[LOG_INFO]	1,2 ,1 ,30.0 ,1 ,1 ,1166 ,2 ,1 ,6 ,4 ,0 ,1 ,1600 ,0 ,0 
21:29:48	[LOG_INFO]	2,2 ,2 ,25.0 ,1 ,2 ,666 ,3 ,1 ,7 ,5 ,0 ,1 ,1200 ,0 ,0 
21:29:48	[LOG_INFO]	3,1 ,0 ,0.0 ,1 ,3 ,333 ,2 ,1 ,6 ,4 ,0 ,3 ,700 ,0 ,0 
21:29:48	[LOG_INFO]	[Data/CharacterSkill.csv is loaded...]
21:29:48	[LOG_INFO]	[Data/CharacterLevel.csv is loading...]
21:29:48	[LOG_INFO]	int64_t,int32_t
21:29:48	[LOG_INFO]	100 ,0 
21:29:48	[LOG_INFO]	150 ,1 
21:29:48	[LOG_INFO]	500 ,1 
21:29:48	[LOG_INFO]	900 ,1 
21:29:48	[LOG_INFO]	1500 ,1 
21:29:48	[LOG_INFO]	2000 ,1 
21:29:48	[LOG_INFO]	3000 ,1 
21:29:48	[LOG_INFO]	5000 ,1 
21:29:48	[LOG_INFO]	8000 ,1 
21:29:48	[LOG_INFO]	10000 ,3 
21:29:48	[LOG_INFO]	14000 ,1 
21:29:48	[LOG_INFO]	18000 ,1 
21:29:48	[LOG_INFO]	20000 ,1 
21:29:48	[LOG_INFO]	23000 ,1 
21:29:48	[LOG_INFO]	25000 ,2 
21:29:48	[LOG_INFO]	40000 ,1 
21:29:48	[LOG_INFO]	45000 ,1 
21:29:48	[LOG_INFO]	48000 ,1 
21:29:48	[LOG_INFO]	50000 ,1 
21:29:48	[LOG_INFO]	60000 ,3 
21:29:48	[LOG_INFO]	80000 ,1 
21:29:48	[LOG_INFO]	82000 ,1 
21:29:48	[LOG_INFO]	85000 ,1 
21:29:48	[LOG_INFO]	90000 ,1 
21:29:48	[LOG_INFO]	120000 ,2 
21:29:48	[LOG_INFO]	140000 ,1 
21:29:48	[LOG_INFO]	180000 ,1 
21:29:48	[LOG_INFO]	200000 ,1 
21:29:48	[LOG_INFO]	250000 ,1 
21:29:48	[LOG_INFO]	290000 ,3 
21:29:48	[LOG_INFO]	330000 ,1 
21:29:48	[LOG_INFO]	400000 ,1 
21:29:48	[LOG_INFO]	430000 ,1 
21:29:48	[LOG_INFO]	480000 ,1 
21:29:48	[LOG_INFO]	520000 ,2 
21:29:48	[LOG_INFO]	550000 ,1 
21:29:48	[LOG_INFO]	580000 ,1 
21:29:48	[LOG_INFO]	630000 ,1 
21:29:48	[LOG_INFO]	650000 ,1 
21:29:48	[LOG_INFO]	680000 ,3 
21:29:48	[LOG_INFO]	720000 ,1 
21:29:48	[LOG_INFO]	770000 ,1 
21:29:48	[LOG_INFO]	850000 ,1 
21:29:48	[LOG_INFO]	900000 ,1 
21:29:48	[LOG_INFO]	1000000 ,2 
21:29:48	[LOG_INFO]	1300000 ,1 
21:29:48	[LOG_INFO]	1500000 ,1 
21:29:48	[LOG_INFO]	2000000 ,1 
21:29:48	[LOG_INFO]	3000000 ,1 
21:29:48	[LOG_INFO]	0 ,5 
21:29:48	[LOG_INFO]	[Data/CharacterLevel.csv is loaded...]
21:29:48	[LOG_INFO]	[Data/Map_000.csv is loading...]
21:29:48	[LOG_INFO]	MinX: -22 minY: -10 maxX: 51 maxY: -1
21:29:48	[LOG_INFO]	[Data/Map_000.csv is loaded...]
21:29:48	[LOG_DEBUG]	Server is Running...
21:29:48	[LOG_DEBUG]	[Thread Num]: 41
21:29:48	[LOG_DEBUG]	[Port]: 9000
21:34:32	[LOG_CONNECT]	oid(0)	[ip]: 127.0.0.1
21:34:32	[LOG_CONNECT]	AccountDB is Connected
21:34:32	[LOG_CONNECT]	WorldDB is Connected
21:34:32	[LOG_CONNECT]	GameDB is Connected
21:34:39	[LOG_CONNECT]	oid(1)	[ip]: 127.0.0.1
21:34:52	[LOG_CONNECT]	oid(2)	[ip]: 127.0.0.1
21:34:52	[LOG_CONNECT]	AccountDB is Connected
21:34:52	[LOG_CONNECT]	WorldDB is Connected
21:34:52	[LOG_CONNECT]	GameDB is Connected
21:35:00	[LOG_DISCONNECT]	oid(0)	
21:35:00	[LOG_CONNECT]	GameDB is Connected
21:35:01	[LOG_DISCONNECT]	oid(1)	
21:35:03	[LOG_DISCONNECT]	oid(2)	
21:36:09	[LOG_CONNECT]	oid(3)	[ip]: 127.0.0.1
21:36:09	[LOG_CONNECT]	WorldDB is Connected
21:36:09	[LOG_CONNECT]	AccountDB is Connected
21:36:15	[LOG_CONNECT]	oid(4)	[ip]: 127.0.0.1
21:36:22	[LOG_CONNECT]	oid(5)	[ip]: 127.0.0.1
21:37:01	[LOG_CONNECT]	oid(6)	[ip]: 127.0.0.1
21:40:39	[LOG_DISCONNECT]	oid(4)	
21:40:39	[LOG_CONNECT]	GameDB is Connected
21:40:39	[LOG_DISCONNECT]	oid(3)	
21:40:39	[LOG_CONNECT]	GameDB is Connected
21:40:40	[LOG_DISCONNECT]	oid(5)	
21:40:40	[LOG_CONNECT]	GameDB is Connected
21:40:41	[LOG_DISCONNECT]	oid(6)	
21:43:30	[LOG_CONNECT]	oid(7)	[ip]: 127.0.0.1
21:43:30	[LOG_CONNECT]	WorldDB is Connected
21:43:30	[LOG_CONNECT]	AccountDB is Connected
21:43:46	[LOG_DISCONNECT]	oid(7)	
21:46:47	[LOG_CONNECT]	oid(8)	[ip]: 127.0.0.1
21:46:53	[LOG_CONNECT]	oid(9)	[ip]: 127.0.0.1
21:47:00	[LOG_CONNECT]	oid(10)	[ip]: 127.0.0.1
21:47:54	[LOG_CONNECT]	oid(11)	[ip]: 127.0.0.1
21:47:54	[LOG_CONNECT]	AccountDB is Connected
21:47:54	[LOG_CONNECT]	WorldDB is Connected
21:49:46	[LOG_CONNECT]	oid(12)	[ip]: 127.0.0.1
21:53:06	[LOG_DISCONNECT]	oid(8)	
21:53:07	[LOG_DISCONNECT]	oid(9)	
21:53:08	[LOG_DISCONNECT]	oid(11)	
21:53:09	[LOG_DISCONNECT]	oid(10)	
21:53:11	[LOG_DISCONNECT]	oid(12)	
22:07:09	[LOG_INFO]	[DBConfig.csv is loading...]
22:07:09	[LOG_INFO]	string,string
22:07:09	[LOG_INFO]	World,112.145.214.226
22:07:09	[LOG_INFO]	Account,112.145.214.226
22:07:09	[LOG_INFO]	Game,112.145.214.226
22:07:09	[LOG_INFO]	[DBConfig.csv is loaded...]
22:07:09	[LOG_INFO]	[ServerConfig.csv is loading...]
22:07:09	[LOG_INFO]	string,int32_t,int32_t
22:07:09	[LOG_INFO]	Game,1,3000
22:07:09	[LOG_INFO]	[ServerConfig.csv is loaded...]
22:07:09	[LOG_CONNECT]	WorldDB is Connected
22:07:09	[LOG_DEBUG]	[Server Type]: Game
22:07:09	[LOG_DEBUG]	[GroupID]: 0
22:07:09	[LOG_DEBUG]	[WorldID]: 1
22:07:09	[LOG_DEBUG]	[ServerID]: 3000
22:07:09	[LOG_INFO]	[Data/CharacterAbilityByStat.csv is loading...]
22:07:09	[LOG_INFO]	uint8_t,uint8_t,uint8_t,uint8_t,uint8_t,uint8_t
22:07:09	[LOG_INFO]	8 ,2 ,10 ,0 ,7 ,3 
22:07:09	[LOG_INFO]	5 ,5 ,8 ,2 ,6 ,4 
22:07:09	[LOG_INFO]	3 ,7 ,0 ,10 ,3 ,7 
22:07:09	[LOG_INFO]	[Data/CharacterAbilityByStat.csv is loaded...]
22:07:09	[LOG_INFO]	[Data/CharacterCreateSpeedStat.csv is loading...]
22:07:09	[LOG_INFO]	float_t,float_t,float_t
22:07:09	[LOG_INFO]	10.0 ,5.0 ,11.6 
22:07:09	[LOG_INFO]	12.0 ,3.0 ,11.8 
22:07:09	[LOG_INFO]	5.0 ,10.0 ,11.4 
22:07:09	[LOG_INFO]	13.0 ,2.0 ,12.0 
22:07:09	[LOG_INFO]	[Data/CharacterCreateSpeedStat.csv is loaded...]
22:07:09	[LOG_INFO]	[Data/CharacterSkill.csv is loading...]
22:07:09	[LOG_INFO]	int32_t,uint8_t,uint8_t,float_t,uint8_t,uint8_t,int64_t,uint8_t,int32_t,uint8_t,uint8_t,uint8_t,uint8_t,int32_t,int32_t,int32_t
22:07:09	[LOG_INFO]	0,1 ,0 ,0.0 ,1 ,0 ,766 ,2 ,1 ,6 ,4 ,0 ,4 ,1100 ,0 ,0 
22:07:09	[LOG_INFO]	1,2 ,1 ,30.0 ,1 ,1 ,1166 ,2 ,1 ,6 ,4 ,0 ,1 ,1600 ,0 ,0 
22:07:09	[LOG_INFO]	2,2 ,2 ,25.0 ,1 ,2 ,666 ,3 ,1 ,7 ,5 ,0 ,1 ,1200 ,0 ,0 
22:07:09	[LOG_INFO]	3,1 ,0 ,0.0 ,1 ,3 ,333 ,2 ,1 ,6 ,4 ,0 ,3 ,700 ,0 ,0 
22:07:09	[LOG_INFO]	[Data/CharacterSkill.csv is loaded...]
22:07:09	[LOG_INFO]	[Data/CharacterLevel.csv is loading...]
22:07:09	[LOG_INFO]	int64_t,int32_t
22:07:09	[LOG_INFO]	100 ,0 
22:07:09	[LOG_INFO]	150 ,1 
22:07:09	[LOG_INFO]	500 ,1 
22:07:09	[LOG_INFO]	900 ,1 
22:07:09	[LOG_INFO]	1500 ,1 
22:07:09	[LOG_INFO]	2000 ,1 
22:07:09	[LOG_INFO]	3000 ,1 
22:07:09	[LOG_INFO]	5000 ,1 
22:07:09	[LOG_INFO]	8000 ,1 
22:07:09	[LOG_INFO]	10000 ,3 
22:07:09	[LOG_INFO]	14000 ,1 
22:07:09	[LOG_INFO]	18000 ,1 
22:07:09	[LOG_INFO]	20000 ,1 
22:07:09	[LOG_INFO]	23000 ,1 
22:07:09	[LOG_INFO]	25000 ,2 
22:07:09	[LOG_INFO]	40000 ,1 
22:07:09	[LOG_INFO]	45000 ,1 
22:07:09	[LOG_INFO]	48000 ,1 
22:07:09	[LOG_INFO]	50000 ,1 
22:07:09	[LOG_INFO]	60000 ,3 
22:07:09	[LOG_INFO]	80000 ,1 
22:07:09	[LOG_INFO]	82000 ,1 
22:07:09	[LOG_INFO]	85000 ,1 
22:07:09	[LOG_INFO]	90000 ,1 
22:07:09	[LOG_INFO]	120000 ,2 
22:07:09	[LOG_INFO]	140000 ,1 
22:07:09	[LOG_INFO]	180000 ,1 
22:07:09	[LOG_INFO]	200000 ,1 
22:07:09	[LOG_INFO]	250000 ,1 
22:07:09	[LOG_INFO]	290000 ,3 
22:07:09	[LOG_INFO]	330000 ,1 
22:07:09	[LOG_INFO]	400000 ,1 
22:07:09	[LOG_INFO]	430000 ,1 
22:07:09	[LOG_INFO]	480000 ,1 
22:07:09	[LOG_INFO]	520000 ,2 
22:07:09	[LOG_INFO]	550000 ,1 
22:07:09	[LOG_INFO]	580000 ,1 
22:07:09	[LOG_INFO]	630000 ,1 
22:07:09	[LOG_INFO]	650000 ,1 
22:07:09	[LOG_INFO]	680000 ,3 
22:07:09	[LOG_INFO]	720000 ,1 
22:07:09	[LOG_INFO]	770000 ,1 
22:07:09	[LOG_INFO]	850000 ,1 
22:07:09	[LOG_INFO]	900000 ,1 
22:07:09	[LOG_INFO]	1000000 ,2 
22:07:09	[LOG_INFO]	1300000 ,1 
22:07:09	[LOG_INFO]	1500000 ,1 
22:07:09	[LOG_INFO]	2000000 ,1 
22:07:09	[LOG_INFO]	3000000 ,1 
22:07:09	[LOG_INFO]	0 ,5 
22:07:09	[LOG_INFO]	[Data/CharacterLevel.csv is loaded...]
22:07:09	[LOG_INFO]	[Data/Map_000.csv is loading...]
22:07:09	[LOG_INFO]	MinX: -22 minY: -10 maxX: 51 maxY: -1
22:07:09	[LOG_INFO]	[Data/Map_000.csv is loaded...]
22:07:09	[LOG_DEBUG]	Server is Running...
22:07:09	[LOG_DEBUG]	[Thread Num]: 41
22:07:09	[LOG_DEBUG]	[Port]: 9000
22:08:56	[LOG_INFO]	[DBConfig.csv is loading...]
22:08:56	[LOG_INFO]	string,string
22:08:56	[LOG_INFO]	World,112.145.214.226
22:08:56	[LOG_INFO]	Account,112.145.214.226
22:08:56	[LOG_INFO]	Game,112.145.214.226
22:08:56	[LOG_INFO]	[DBConfig.csv is loaded...]
22:08:56	[LOG_INFO]	[ServerConfig.csv is loading...]
22:08:56	[LOG_INFO]	string,int32_t,int32_t
22:08:56	[LOG_INFO]	Game,1,3000
22:08:56	[LOG_INFO]	[ServerConfig.csv is loaded...]
22:08:56	[LOG_CONNECT]	WorldDB is Connected
22:08:56	[LOG_DEBUG]	[Server Type]: Game
22:08:56	[LOG_DEBUG]	[GroupID]: 0
22:08:56	[LOG_DEBUG]	[WorldID]: 1
22:08:56	[LOG_DEBUG]	[ServerID]: 3000
22:08:56	[LOG_INFO]	[Data/CharacterAbilityByStat.csv is loading...]
22:08:56	[LOG_INFO]	uint8_t,uint8_t,uint8_t,uint8_t,uint8_t,uint8_t
22:08:56	[LOG_INFO]	8 ,2 ,10 ,0 ,7 ,3 
22:08:56	[LOG_INFO]	5 ,5 ,8 ,2 ,6 ,4 
22:08:56	[LOG_INFO]	3 ,7 ,0 ,10 ,3 ,7 
22:08:56	[LOG_INFO]	[Data/CharacterAbilityByStat.csv is loaded...]
22:08:56	[LOG_INFO]	[Data/CharacterCreateSpeedStat.csv is loading...]
22:08:56	[LOG_INFO]	float_t,float_t,float_t
22:08:56	[LOG_INFO]	10.0 ,5.0 ,11.6 
22:08:56	[LOG_INFO]	12.0 ,3.0 ,11.8 
22:08:56	[LOG_INFO]	5.0 ,10.0 ,11.4 
22:08:56	[LOG_INFO]	13.0 ,2.0 ,12.0 
22:08:56	[LOG_INFO]	[Data/CharacterCreateSpeedStat.csv is loaded...]
22:08:56	[LOG_INFO]	[Data/CharacterSkill.csv is loading...]
22:08:56	[LOG_INFO]	int32_t,uint8_t,uint8_t,float_t,uint8_t,uint8_t,int64_t,uint8_t,int32_t,uint8_t,uint8_t,uint8_t,uint8_t,int32_t,int32_t,int32_t
22:08:56	[LOG_INFO]	0,1 ,0 ,0.0 ,1 ,0 ,766 ,2 ,1 ,6 ,4 ,0 ,4 ,1100 ,0 ,0 
22:08:56	[LOG_INFO]	1,2 ,1 ,30.0 ,1 ,1 ,1166 ,2 ,1 ,6 ,4 ,0 ,1 ,1600 ,0 ,0 
22:08:56	[LOG_INFO]	2,2 ,2 ,25.0 ,1 ,2 ,666 ,3 ,1 ,7 ,5 ,0 ,1 ,1200 ,0 ,0 
22:08:56	[LOG_INFO]	3,1 ,0 ,0.0 ,1 ,3 ,333 ,2 ,1 ,6 ,4 ,0 ,3 ,700 ,0 ,0 
22:08:56	[LOG_INFO]	[Data/CharacterSkill.csv is loaded...]
22:08:56	[LOG_INFO]	[Data/CharacterLevel.csv is loading...]
22:08:56	[LOG_INFO]	int64_t,int32_t
22:08:56	[LOG_INFO]	100 ,0 
22:08:56	[LOG_INFO]	150 ,1 
22:08:56	[LOG_INFO]	500 ,1 
22:08:56	[LOG_INFO]	900 ,1 
22:08:56	[LOG_INFO]	1500 ,1 
22:08:56	[LOG_INFO]	2000 ,1 
22:08:56	[LOG_INFO]	3000 ,1 
22:08:56	[LOG_INFO]	5000 ,1 
22:08:56	[LOG_INFO]	8000 ,1 
22:08:56	[LOG_INFO]	10000 ,3 
22:08:56	[LOG_INFO]	14000 ,1 
22:08:56	[LOG_INFO]	18000 ,1 
22:08:56	[LOG_INFO]	20000 ,1 
22:08:56	[LOG_INFO]	23000 ,1 
22:08:56	[LOG_INFO]	25000 ,2 
22:08:56	[LOG_INFO]	40000 ,1 
22:08:56	[LOG_INFO]	45000 ,1 
22:08:56	[LOG_INFO]	48000 ,1 
22:08:56	[LOG_INFO]	50000 ,1 
22:08:56	[LOG_INFO]	60000 ,3 
22:08:56	[LOG_INFO]	80000 ,1 
22:08:56	[LOG_INFO]	82000 ,1 
22:08:56	[LOG_INFO]	85000 ,1 
22:08:56	[LOG_INFO]	90000 ,1 
22:08:56	[LOG_INFO]	120000 ,2 
22:08:56	[LOG_INFO]	140000 ,1 
22:08:56	[LOG_INFO]	180000 ,1 
22:08:56	[LOG_INFO]	200000 ,1 
22:08:56	[LOG_INFO]	250000 ,1 
22:08:56	[LOG_INFO]	290000 ,3 
22:08:56	[LOG_INFO]	330000 ,1 
22:08:56	[LOG_INFO]	400000 ,1 
22:08:56	[LOG_INFO]	430000 ,1 
22:08:56	[LOG_INFO]	480000 ,1 
22:08:56	[LOG_INFO]	520000 ,2 
22:08:56	[LOG_INFO]	550000 ,1 
22:08:56	[LOG_INFO]	580000 ,1 
22:08:56	[LOG_INFO]	630000 ,1 
22:08:56	[LOG_INFO]	650000 ,1 
22:08:56	[LOG_INFO]	680000 ,3 
22:08:56	[LOG_INFO]	720000 ,1 
22:08:56	[LOG_INFO]	770000 ,1 
22:08:56	[LOG_INFO]	850000 ,1 
22:08:56	[LOG_INFO]	900000 ,1 
22:08:56	[LOG_INFO]	1000000 ,2 
22:08:56	[LOG_INFO]	1300000 ,1 
22:08:56	[LOG_INFO]	1500000 ,1 
22:08:56	[LOG_INFO]	2000000 ,1 
22:08:56	[LOG_INFO]	3000000 ,1 
22:08:56	[LOG_INFO]	0 ,5 
22:08:56	[LOG_INFO]	[Data/CharacterLevel.csv is loaded...]
22:08:56	[LOG_INFO]	[Data/Map_000.csv is loading...]
22:08:56	[LOG_INFO]	MinX: -22 minY: -10 maxX: 51 maxY: -1
22:08:56	[LOG_INFO]	[Data/Map_000.csv is loaded...]
22:08:56	[LOG_DEBUG]	Server is Running...
22:08:56	[LOG_DEBUG]	[Thread Num]: 41
22:08:56	[LOG_DEBUG]	[Port]: 9000
22:09:27	[LOG_CONNECT]	oid(0)	[ip]: 127.0.0.1
22:09:27	[LOG_CONNECT]	AccountDB is Connected
22:09:27	[LOG_CONNECT]	WorldDB is Connected
22:09:27	[LOG_CONNECT]	GameDB is Connected
22:09:28	[LOG_CONNECT]	oid(1)	[ip]: 127.0.0.1
22:09:29	[LOG_CONNECT]	oid(2)	[ip]: 127.0.0.1
22:09:35	[LOG_CONNECT]	oid(3)	[ip]: 127.0.0.1
22:09:38	[LOG_DISCONNECT]	oid(1)	
22:09:38	[LOG_CONNECT]	GameDB is Connected
22:10:28	[LOG_HACK]	oid(0)	ClientDist: 1ServerDist: 0
22:10:28	[LOG_HACK]	oid(3)	ClientDist: 1ServerDist: 0
22:10:28	[LOG_HACK]	oid(2)	ClientDist: 1ServerDist: 0
22:10:49	[LOG_DISCONNECT]	oid(0)	
22:10:49	[LOG_CONNECT]	GameDB is Connected
22:10:52	[LOG_DISCONNECT]	oid(3)	
22:10:54	[LOG_DISCONNECT]	oid(2)	
22:11:07	[LOG_CONNECT]	oid(4)	[ip]: 127.0.0.1
22:11:07	[LOG_CONNECT]	WorldDB is Connected
22:11:07	[LOG_CONNECT]	AccountDB is Connected
22:11:22	[LOG_CONNECT]	oid(5)	[ip]: 127.0.0.1
22:11:29	[LOG_CONNECT]	oid(6)	[ip]: 127.0.0.1
22:11:34	[LOG_CONNECT]	oid(7)	[ip]: 127.0.0.1
22:11:45	[LOG_DISCONNECT]	oid(5)	
22:11:50	[LOG_DISCONNECT]	oid(6)	
22:11:54	[LOG_DISCONNECT]	oid(7)	
22:12:13	[LOG_CONNECT]	oid(8)	[ip]: 127.0.0.1
22:12:13	[LOG_CONNECT]	WorldDB is Connected
22:12:13	[LOG_CONNECT]	AccountDB is Connected
22:12:19	[LOG_CONNECT]	oid(9)	[ip]: 127.0.0.1
22:12:25	[LOG_CONNECT]	oid(10)	[ip]: 127.0.0.1
22:12:33	[LOG_DISCONNECT]	oid(9)	
22:12:33	[LOG_CONNECT]	GameDB is Connected
22:12:37	[LOG_DISCONNECT]	oid(10)	
22:12:45	[LOG_DISCONNECT]	oid(8)	
22:12:50	[LOG_DISCONNECT]	oid(4)	
22:13:10	[LOG_CONNECT]	oid(11)	[ip]: 127.0.0.1
22:13:15	[LOG_CONNECT]	oid(12)	[ip]: 127.0.0.1
22:13:28	[LOG_CONNECT]	oid(13)	[ip]: 127.0.0.1
22:13:30	[LOG_CONNECT]	oid(14)	[ip]: 127.0.0.1
22:13:42	[LOG_DISCONNECT]	oid(14)	
22:13:44	[LOG_DISCONNECT]	oid(12)	
22:13:46	[LOG_DISCONNECT]	oid(11)	
22:14:21	[LOG_DISCONNECT]	oid(13)	
22:14:21	[LOG_CONNECT]	GameDB is Connected
