16:34:06	[LOG_CONNECT]	oid(5)	[ip]: 127.0.0.1
16:35:42	[LOG_DISCONNECT]	oid(5)	
16:35:42	[LOG_CONNECT]	GameDB is Connected
16:37:16	[LOG_CONNECT]	oid(6)	[ip]: 127.0.0.1
16:37:16	[LOG_CONNECT]	AccountDB is Connected
16:37:27	[LOG_DISCONNECT]	oid(6)	
16:38:00	[LOG_CONNECT]	oid(7)	[ip]: 127.0.0.1
16:38:20	[LOG_DISCONNECT]	oid(7)	
16:41:52	[LOG_CONNECT]	oid(8)	[ip]: 127.0.0.1
16:44:24	[LOG_DISCONNECT]	oid(8)	
16:46:56	[LOG_CONNECT]	oid(9)	[ip]: 127.0.0.1
16:47:46	[LOG_DISCONNECT]	oid(9)	
16:48:04	[LOG_CONNECT]	oid(10)	[ip]: 127.0.0.1
16:48:19	[LOG_DISCONNECT]	oid(10)	
16:49:02	[LOG_CONNECT]	oid(11)	[ip]: 127.0.0.1
16:49:16	[LOG_DISCONNECT]	oid(11)	
16:49:42	[LOG_CONNECT]	oid(12)	[ip]: 127.0.0.1
16:49:48	[LOG_DISCONNECT]	oid(12)	
16:50:39	[LOG_CONNECT]	oid(13)	[ip]: 127.0.0.1
16:50:57	[LOG_DISCONNECT]	oid(13)	
16:51:10	[LOG_CONNECT]	oid(14)	[ip]: 127.0.0.1
16:51:10	[LOG_HACK]	oid(14)	ClientDist: 1ServerDist: 0
16:51:11	[LOG_HACK]	oid(14)	SPEED_HACK
16:51:11	[LOG_DISCONNECT]	oid(14)	
16:54:56	[LOG_INFO]	[DBConfig.csv is loading...]
16:54:56	[LOG_INFO]	string,string
16:54:56	[LOG_INFO]	World,112.145.214.226
16:54:56	[LOG_INFO]	Account,112.145.214.226
16:54:56	[LOG_INFO]	Game,112.145.214.226
16:54:56	[LOG_INFO]	[DBConfig.csv is loaded...]
16:54:56	[LOG_INFO]	[ServerConfig.csv is loading...]
16:54:56	[LOG_INFO]	string,int32_t,int32_t
16:54:56	[LOG_INFO]	Game,1,3000
16:54:56	[LOG_INFO]	[ServerConfig.csv is loaded...]
16:54:56	[LOG_CONNECT]	WorldDB is Connected
16:54:56	[LOG_DEBUG]	[Server Type]: Game
16:54:56	[LOG_DEBUG]	[GroupID]: 0
16:54:56	[LOG_DEBUG]	[WorldID]: 1
16:54:56	[LOG_DEBUG]	[ServerID]: 3000
16:54:56	[LOG_INFO]	[Data/CharacterAbilityByStat.csv is loading...]
16:54:56	[LOG_INFO]	uint8_t,uint8_t,uint8_t,uint8_t,uint8_t,uint8_t
16:54:56	[LOG_INFO]	8 ,2 ,10 ,0 ,7 ,3 
16:54:56	[LOG_INFO]	5 ,5 ,8 ,2 ,6 ,4 
16:54:56	[LOG_INFO]	3 ,7 ,0 ,10 ,3 ,7 
16:54:56	[LOG_INFO]	[Data/CharacterAbilityByStat.csv is loaded...]
16:54:56	[LOG_INFO]	[Data/CharacterCreateSpeedStat.csv is loading...]
16:54:56	[LOG_INFO]	float_t,float_t,float_t
16:54:56	[LOG_INFO]	10.0 ,5.0 ,11.6 
16:54:56	[LOG_INFO]	12.0 ,3.0 ,11.8 
16:54:56	[LOG_INFO]	5.0 ,10.0 ,11.4 
16:54:56	[LOG_INFO]	13.0 ,2.0 ,12.0 
16:54:56	[LOG_INFO]	[Data/CharacterCreateSpeedStat.csv is loaded...]
16:54:56	[LOG_INFO]	[Data/CharacterSkill.csv is loading...]
16:54:56	[LOG_INFO]	int32_t,uint8_t,uint8_t,int32_t,uint8_t,uint8_t,uint8_t,uint8_t,int32_t,int32_t,int32_t
16:54:56	[LOG_INFO]	0,0 ,2 ,1 ,6 ,4 ,0 ,4 ,1100 ,0 ,0 
16:54:56	[LOG_INFO]	1,1 ,2 ,1 ,6 ,4 ,0 ,1 ,1600 ,0 ,0 
16:54:56	[LOG_INFO]	2,2 ,3 ,1 ,7 ,5 ,0 ,1 ,1200 ,0 ,0 
16:54:56	[LOG_INFO]	3,3 ,2 ,1 ,6 ,4 ,0 ,3 ,700 ,0 ,0 
16:54:56	[LOG_INFO]	[Data/CharacterSkill.csv is loaded...]
16:54:56	[LOG_INFO]	[Data/CharacterLevel.csv is loading...]
16:54:56	[LOG_INFO]	int64_t,int32_t
16:54:56	[LOG_INFO]	100 ,0 
16:54:56	[LOG_INFO]	150 ,1 
16:54:56	[LOG_INFO]	500 ,1 
16:54:56	[LOG_INFO]	900 ,1 
16:54:56	[LOG_INFO]	1500 ,1 
16:54:56	[LOG_INFO]	2000 ,1 
16:54:56	[LOG_INFO]	3000 ,1 
16:54:56	[LOG_INFO]	5000 ,1 
16:54:56	[LOG_INFO]	8000 ,1 
16:54:56	[LOG_INFO]	10000 ,3 
16:54:56	[LOG_INFO]	14000 ,1 
16:54:56	[LOG_INFO]	18000 ,1 
16:54:56	[LOG_INFO]	20000 ,1 
16:54:56	[LOG_INFO]	23000 ,1 
16:54:56	[LOG_INFO]	25000 ,2 
16:54:56	[LOG_INFO]	40000 ,1 
16:54:56	[LOG_INFO]	45000 ,1 
16:54:56	[LOG_INFO]	48000 ,1 
16:54:56	[LOG_INFO]	50000 ,1 
16:54:56	[LOG_INFO]	60000 ,3 
16:54:56	[LOG_INFO]	80000 ,1 
16:54:56	[LOG_INFO]	82000 ,1 
16:54:56	[LOG_INFO]	85000 ,1 
16:54:56	[LOG_INFO]	90000 ,1 
16:54:56	[LOG_INFO]	120000 ,2 
16:54:56	[LOG_INFO]	140000 ,1 
16:54:56	[LOG_INFO]	180000 ,1 
16:54:56	[LOG_INFO]	200000 ,1 
16:54:56	[LOG_INFO]	250000 ,1 
16:54:56	[LOG_INFO]	290000 ,3 
16:54:56	[LOG_INFO]	330000 ,1 
16:54:56	[LOG_INFO]	400000 ,1 
16:54:56	[LOG_INFO]	430000 ,1 
16:54:56	[LOG_INFO]	480000 ,1 
16:54:56	[LOG_INFO]	520000 ,2 
16:54:56	[LOG_INFO]	550000 ,1 
16:54:56	[LOG_INFO]	580000 ,1 
16:54:56	[LOG_INFO]	630000 ,1 
16:54:56	[LOG_INFO]	650000 ,1 
16:54:56	[LOG_INFO]	680000 ,3 
16:54:56	[LOG_INFO]	720000 ,1 
16:54:56	[LOG_INFO]	770000 ,1 
16:54:56	[LOG_INFO]	850000 ,1 
16:54:56	[LOG_INFO]	900000 ,1 
16:54:56	[LOG_INFO]	1000000 ,2 
16:54:56	[LOG_INFO]	1300000 ,1 
16:54:56	[LOG_INFO]	1500000 ,1 
16:54:56	[LOG_INFO]	2000000 ,1 
16:54:56	[LOG_INFO]	3000000 ,1 
16:54:56	[LOG_INFO]	0 ,5 
16:54:56	[LOG_INFO]	[Data/CharacterLevel.csv is loaded...]
16:54:56	[LOG_INFO]	[Data/Map_000.csv is loading...]
16:54:56	[LOG_INFO]	MinX: -22 minY: -10 maxX: 51 maxY: -1
16:54:56	[LOG_INFO]	[Data/Map_000.csv is loaded...]
16:54:56	[LOG_DEBUG]	Server is Running...
16:54:56	[LOG_DEBUG]	[Thread Num]: 41
16:54:56	[LOG_DEBUG]	[Port]: 9000
16:55:08	[LOG_CONNECT]	oid(0)	[ip]: 127.0.0.1
16:55:08	[LOG_CONNECT]	AccountDB is Connected
16:55:08	[LOG_CONNECT]	GameDB is Connected
16:55:25	[LOG_DISCONNECT]	oid(0)	
16:55:25	[LOG_CONNECT]	GameDB is Connected
17:04:09	[LOG_CONNECT]	oid(1)	[ip]: 127.0.0.1
17:04:09	[LOG_CONNECT]	GameDB is Connected
17:04:09	[LOG_CONNECT]	AccountDB is Connected
17:04:52	[LOG_DISCONNECT]	oid(1)	
17:05:34	[LOG_CONNECT]	oid(2)	[ip]: 127.0.0.1
17:05:47	[LOG_DISCONNECT]	oid(2)	
17:33:20	[LOG_CONNECT]	oid(3)	[ip]: 127.0.0.1
17:34:02	[LOG_DISCONNECT]	oid(3)	
17:36:05	[LOG_CONNECT]	oid(4)	[ip]: 127.0.0.1
17:36:21	[LOG_DISCONNECT]	oid(4)	
18:56:12	[LOG_INFO]	[DBConfig.csv is loading...]
18:56:12	[LOG_INFO]	string,string
18:56:12	[LOG_INFO]	World,112.145.214.226
18:56:12	[LOG_INFO]	Account,112.145.214.226
18:56:12	[LOG_INFO]	Game,112.145.214.226
18:56:12	[LOG_INFO]	[DBConfig.csv is loaded...]
18:56:12	[LOG_INFO]	[ServerConfig.csv is loading...]
18:56:12	[LOG_INFO]	string,int32_t,int32_t
18:56:12	[LOG_INFO]	Game,1,3000
18:56:12	[LOG_INFO]	[ServerConfig.csv is loaded...]
18:56:12	[LOG_CONNECT]	WorldDB is Connected
18:56:12	[LOG_DEBUG]	[Server Type]: Game
18:56:12	[LOG_DEBUG]	[GroupID]: 0
18:56:12	[LOG_DEBUG]	[WorldID]: 1
18:56:12	[LOG_DEBUG]	[ServerID]: 3000
18:56:12	[LOG_INFO]	[Data/CharacterAbilityByStat.csv is loading...]
18:56:12	[LOG_INFO]	uint8_t,uint8_t,uint8_t,uint8_t,uint8_t,uint8_t
18:56:12	[LOG_INFO]	8 ,2 ,10 ,0 ,7 ,3 
18:56:12	[LOG_INFO]	5 ,5 ,8 ,2 ,6 ,4 
18:56:12	[LOG_INFO]	3 ,7 ,0 ,10 ,3 ,7 
18:56:12	[LOG_INFO]	[Data/CharacterAbilityByStat.csv is loaded...]
18:56:12	[LOG_INFO]	[Data/CharacterCreateSpeedStat.csv is loading...]
18:56:12	[LOG_INFO]	float_t,float_t,float_t
18:56:12	[LOG_INFO]	10.0 ,5.0 ,11.6 
18:56:12	[LOG_INFO]	12.0 ,3.0 ,11.8 
18:56:12	[LOG_INFO]	5.0 ,10.0 ,11.4 
18:56:12	[LOG_INFO]	13.0 ,2.0 ,12.0 
18:56:12	[LOG_INFO]	[Data/CharacterCreateSpeedStat.csv is loaded...]
18:56:12	[LOG_INFO]	[Data/CharacterSkill.csv is loading...]
18:56:12	[LOG_INFO]	int32_t,uint8_t,float_t,uint8_t,int32_t,uint8_t,uint8_t,uint8_t,uint8_t,int32_t,int32_t,int32_t
18:56:12	[LOG_INFO]	0,0 ,0.7667 ,2 ,1 ,6 ,4 ,0 ,4 ,1100 ,0 ,0 
18:56:12	[LOG_INFO]	1,1 ,1.1667 ,2 ,1 ,6 ,4 ,0 ,1 ,1600 ,0 ,0 
18:56:12	[LOG_INFO]	2,2 ,0.6667 ,3 ,1 ,7 ,5 ,0 ,1 ,1200 ,0 ,0 
18:56:12	[LOG_INFO]	3,3 ,0.3333 ,2 ,1 ,6 ,4 ,0 ,3 ,700 ,0 ,0 
18:56:12	[LOG_INFO]	[Data/CharacterSkill.csv is loaded...]
18:56:12	[LOG_INFO]	[Data/CharacterLevel.csv is loading...]
18:56:12	[LOG_INFO]	int64_t,int32_t
18:56:12	[LOG_INFO]	100 ,0 
18:56:12	[LOG_INFO]	150 ,1 
18:56:12	[LOG_INFO]	500 ,1 
18:56:12	[LOG_INFO]	900 ,1 
18:56:12	[LOG_INFO]	1500 ,1 
18:56:12	[LOG_INFO]	2000 ,1 
18:56:12	[LOG_INFO]	3000 ,1 
18:56:12	[LOG_INFO]	5000 ,1 
18:56:12	[LOG_INFO]	8000 ,1 
18:56:12	[LOG_INFO]	10000 ,3 
18:56:12	[LOG_INFO]	14000 ,1 
18:56:12	[LOG_INFO]	18000 ,1 
18:56:12	[LOG_INFO]	20000 ,1 
18:56:12	[LOG_INFO]	23000 ,1 
18:56:12	[LOG_INFO]	25000 ,2 
18:56:12	[LOG_INFO]	40000 ,1 
18:56:12	[LOG_INFO]	45000 ,1 
18:56:12	[LOG_INFO]	48000 ,1 
18:56:12	[LOG_INFO]	50000 ,1 
18:56:12	[LOG_INFO]	60000 ,3 
18:56:12	[LOG_INFO]	80000 ,1 
18:56:12	[LOG_INFO]	82000 ,1 
18:56:12	[LOG_INFO]	85000 ,1 
18:56:12	[LOG_INFO]	90000 ,1 
18:56:12	[LOG_INFO]	120000 ,2 
18:56:12	[LOG_INFO]	140000 ,1 
18:56:12	[LOG_INFO]	180000 ,1 
18:56:12	[LOG_INFO]	200000 ,1 
18:56:12	[LOG_INFO]	250000 ,1 
18:56:12	[LOG_INFO]	290000 ,3 
18:56:12	[LOG_INFO]	330000 ,1 
18:56:12	[LOG_INFO]	400000 ,1 
18:56:12	[LOG_INFO]	430000 ,1 
18:56:12	[LOG_INFO]	480000 ,1 
18:56:12	[LOG_INFO]	520000 ,2 
18:56:12	[LOG_INFO]	550000 ,1 
18:56:12	[LOG_INFO]	580000 ,1 
18:56:12	[LOG_INFO]	630000 ,1 
18:56:12	[LOG_INFO]	650000 ,1 
18:56:12	[LOG_INFO]	680000 ,3 
18:56:12	[LOG_INFO]	720000 ,1 
18:56:12	[LOG_INFO]	770000 ,1 
18:56:12	[LOG_INFO]	850000 ,1 
18:56:12	[LOG_INFO]	900000 ,1 
18:56:12	[LOG_INFO]	1000000 ,2 
18:56:12	[LOG_INFO]	1300000 ,1 
18:56:12	[LOG_INFO]	1500000 ,1 
18:56:12	[LOG_INFO]	2000000 ,1 
18:56:12	[LOG_INFO]	3000000 ,1 
18:56:12	[LOG_INFO]	0 ,5 
18:56:12	[LOG_INFO]	[Data/CharacterLevel.csv is loaded...]
18:56:12	[LOG_INFO]	[Data/Map_000.csv is loading...]
18:56:12	[LOG_INFO]	MinX: -22 minY: -10 maxX: 51 maxY: -1
18:56:12	[LOG_INFO]	[Data/Map_000.csv is loaded...]
18:56:12	[LOG_DEBUG]	Server is Running...
18:56:12	[LOG_DEBUG]	[Thread Num]: 41
18:56:12	[LOG_DEBUG]	[Port]: 9000
22:29:05	[LOG_INFO]	[DBConfig.csv is loading...]
22:29:05	[LOG_INFO]	string,string
22:29:05	[LOG_INFO]	World,112.145.214.226
22:29:05	[LOG_INFO]	Account,112.145.214.226
22:29:05	[LOG_INFO]	Game,112.145.214.226
22:29:05	[LOG_INFO]	[DBConfig.csv is loaded...]
22:29:05	[LOG_INFO]	[ServerConfig.csv is loading...]
22:29:05	[LOG_INFO]	string,int32_t,int32_t
22:29:05	[LOG_INFO]	Game,1,3000
22:29:05	[LOG_INFO]	[ServerConfig.csv is loaded...]
22:29:05	[LOG_CONNECT]	WorldDB is Connected
22:29:05	[LOG_DEBUG]	[Server Type]: Game
22:29:05	[LOG_DEBUG]	[GroupID]: 0
22:29:05	[LOG_DEBUG]	[WorldID]: 1
22:29:05	[LOG_DEBUG]	[ServerID]: 3000
22:29:05	[LOG_INFO]	[Data/CharacterAbilityByStat.csv is loading...]
22:29:05	[LOG_INFO]	uint8_t,uint8_t,uint8_t,uint8_t,uint8_t,uint8_t
22:29:05	[LOG_INFO]	8 ,2 ,10 ,0 ,7 ,3 
22:29:05	[LOG_INFO]	5 ,5 ,8 ,2 ,6 ,4 
22:29:05	[LOG_INFO]	3 ,7 ,0 ,10 ,3 ,7 
22:29:05	[LOG_INFO]	[Data/CharacterAbilityByStat.csv is loaded...]
22:29:05	[LOG_INFO]	[Data/CharacterCreateSpeedStat.csv is loading...]
22:29:05	[LOG_INFO]	float_t,float_t,float_t
22:29:05	[LOG_INFO]	10.0 ,5.0 ,11.6 
22:29:05	[LOG_INFO]	12.0 ,3.0 ,11.8 
22:29:05	[LOG_INFO]	5.0 ,10.0 ,11.4 
22:29:05	[LOG_INFO]	13.0 ,2.0 ,12.0 
22:29:05	[LOG_INFO]	[Data/CharacterCreateSpeedStat.csv is loaded...]
22:29:05	[LOG_INFO]	[Data/CharacterSkill.csv is loading...]
22:29:05	[LOG_INFO]	int32_t,uint8_t,int64_t,uint8_t,int32_t,uint8_t,uint8_t,uint8_t,uint8_t,int32_t,int32_t,int32_t
22:29:05	[LOG_INFO]	0,0 ,766 ,2 ,1 ,6 ,4 ,0 ,4 ,1100 ,0 ,0 
22:29:05	[LOG_INFO]	1,1 ,1166 ,2 ,1 ,6 ,4 ,0 ,1 ,1600 ,0 ,0 
22:29:05	[LOG_INFO]	2,2 ,666 ,3 ,1 ,7 ,5 ,0 ,1 ,1200 ,0 ,0 
22:29:05	[LOG_INFO]	3,3 ,333 ,2 ,1 ,6 ,4 ,0 ,3 ,700 ,0 ,0 
22:29:05	[LOG_INFO]	[Data/CharacterSkill.csv is loaded...]
22:29:05	[LOG_INFO]	[Data/CharacterLevel.csv is loading...]
22:29:05	[LOG_INFO]	int64_t,int32_t
22:29:05	[LOG_INFO]	100 ,0 
22:29:05	[LOG_INFO]	150 ,1 
22:29:05	[LOG_INFO]	500 ,1 
22:29:05	[LOG_INFO]	900 ,1 
22:29:05	[LOG_INFO]	1500 ,1 
22:29:05	[LOG_INFO]	2000 ,1 
22:29:05	[LOG_INFO]	3000 ,1 
22:29:05	[LOG_INFO]	5000 ,1 
22:29:05	[LOG_INFO]	8000 ,1 
22:29:05	[LOG_INFO]	10000 ,3 
22:29:05	[LOG_INFO]	14000 ,1 
22:29:05	[LOG_INFO]	18000 ,1 
22:29:05	[LOG_INFO]	20000 ,1 
22:29:05	[LOG_INFO]	23000 ,1 
22:29:05	[LOG_INFO]	25000 ,2 
22:29:05	[LOG_INFO]	40000 ,1 
22:29:05	[LOG_INFO]	45000 ,1 
22:29:05	[LOG_INFO]	48000 ,1 
22:29:05	[LOG_INFO]	50000 ,1 
22:29:05	[LOG_INFO]	60000 ,3 
22:29:05	[LOG_INFO]	80000 ,1 
22:29:05	[LOG_INFO]	82000 ,1 
22:29:05	[LOG_INFO]	85000 ,1 
22:29:05	[LOG_INFO]	90000 ,1 
22:29:05	[LOG_INFO]	120000 ,2 
22:29:05	[LOG_INFO]	140000 ,1 
22:29:05	[LOG_INFO]	180000 ,1 
22:29:05	[LOG_INFO]	200000 ,1 
22:29:05	[LOG_INFO]	250000 ,1 
22:29:05	[LOG_INFO]	290000 ,3 
22:29:05	[LOG_INFO]	330000 ,1 
22:29:05	[LOG_INFO]	400000 ,1 
22:29:05	[LOG_INFO]	430000 ,1 
22:29:05	[LOG_INFO]	480000 ,1 
22:29:05	[LOG_INFO]	520000 ,2 
22:29:05	[LOG_INFO]	550000 ,1 
22:29:05	[LOG_INFO]	580000 ,1 
22:29:05	[LOG_INFO]	630000 ,1 
22:29:05	[LOG_INFO]	650000 ,1 
22:29:05	[LOG_INFO]	680000 ,3 
22:29:05	[LOG_INFO]	720000 ,1 
22:29:05	[LOG_INFO]	770000 ,1 
22:29:05	[LOG_INFO]	850000 ,1 
22:29:05	[LOG_INFO]	900000 ,1 
22:29:05	[LOG_INFO]	1000000 ,2 
22:29:05	[LOG_INFO]	1300000 ,1 
22:29:05	[LOG_INFO]	1500000 ,1 
22:29:05	[LOG_INFO]	2000000 ,1 
22:29:05	[LOG_INFO]	3000000 ,1 
22:29:05	[LOG_INFO]	0 ,5 
22:29:05	[LOG_INFO]	[Data/CharacterLevel.csv is loaded...]
22:29:05	[LOG_INFO]	[Data/Map_000.csv is loading...]
22:29:05	[LOG_INFO]	MinX: -22 minY: -10 maxX: 51 maxY: -1
22:29:05	[LOG_INFO]	[Data/Map_000.csv is loaded...]
22:29:05	[LOG_DEBUG]	Server is Running...
22:29:05	[LOG_DEBUG]	[Thread Num]: 41
22:29:05	[LOG_DEBUG]	[Port]: 9000
22:30:30	[LOG_CONNECT]	oid(0)	[ip]: 127.0.0.1
22:30:30	[LOG_CONNECT]	AccountDB is Connected
22:30:30	[LOG_CONNECT]	GameDB is Connected
22:30:36	[LOG_CONNECT]	oid(1)	[ip]: 127.0.0.1
22:31:16	[LOG_DISCONNECT]	oid(1)	
22:31:16	[LOG_CONNECT]	GameDB is Connected
22:31:18	[LOG_DISCONNECT]	oid(0)	
