00:23:54	[LOG_INFO]	[DBConfig.csv is loading...]
00:23:54	[LOG_INFO]	string,string
00:23:54	[LOG_INFO]	World,112.145.214.226
00:23:54	[LOG_INFO]	Account,112.145.214.226
00:23:54	[LOG_INFO]	Game,112.145.214.226
00:23:54	[LOG_INFO]	[DBConfig.csv is loaded...]
00:23:54	[LOG_INFO]	[ServerConfig.csv is loading...]
00:23:54	[LOG_INFO]	string,int32_t,int32_t
00:23:54	[LOG_INFO]	Game,1,3000
00:23:54	[LOG_INFO]	[ServerConfig.csv is loaded...]
00:23:54	[LOG_CONNECT]	WorldDB is Connected
00:23:54	[LOG_DEBUG]	[Server Type]: Game
00:23:54	[LOG_DEBUG]	[GroupID]: 0
00:23:54	[LOG_DEBUG]	[WorldID]: 1
00:23:54	[LOG_DEBUG]	[ServerID]: 3000
00:23:54	[LOG_INFO]	[Data/CharacterAbilityByStat.csv is loading...]
00:23:54	[LOG_INFO]	uint8_t,uint8_t,uint8_t,uint8_t,uint8_t,uint8_t
00:23:54	[LOG_INFO]	8 ,2 ,10 ,0 ,7 ,3 
00:23:54	[LOG_INFO]	5 ,5 ,8 ,2 ,6 ,4 
00:23:54	[LOG_INFO]	3 ,7 ,0 ,10 ,3 ,7 
00:23:54	[LOG_INFO]	[Data/CharacterAbilityByStat.csv is loaded...]
00:23:54	[LOG_INFO]	[Data/CharacterCreateSpeedStat.csv is loading...]
00:23:54	[LOG_INFO]	float_t,float_t,float_t
00:23:54	[LOG_INFO]	10.0 ,5.0 ,10.0 
00:23:54	[LOG_INFO]	12.0 ,3.0 ,12.0 
00:23:54	[LOG_INFO]	5.0 ,10.0 ,8.0 
00:23:54	[LOG_INFO]	13.0 ,2.0 ,15.0 
00:23:54	[LOG_INFO]	[Data/CharacterCreateSpeedStat.csv is loaded...]
00:24:09	[LOG_INFO]	[DBConfig.csv is loading...]
00:24:09	[LOG_INFO]	string,string
00:24:09	[LOG_INFO]	World,112.145.214.226
00:24:09	[LOG_INFO]	Account,112.145.214.226
00:24:09	[LOG_INFO]	Game,112.145.214.226
00:24:09	[LOG_INFO]	[DBConfig.csv is loaded...]
00:24:09	[LOG_INFO]	[ServerConfig.csv is loading...]
00:24:09	[LOG_INFO]	string,int32_t,int32_t
00:24:09	[LOG_INFO]	Game,1,3000
00:24:09	[LOG_INFO]	[ServerConfig.csv is loaded...]
00:24:09	[LOG_CONNECT]	WorldDB is Connected
00:24:09	[LOG_DEBUG]	[Server Type]: Game
00:24:09	[LOG_DEBUG]	[GroupID]: 0
00:24:09	[LOG_DEBUG]	[WorldID]: 1
00:24:09	[LOG_DEBUG]	[ServerID]: 3000
00:24:09	[LOG_INFO]	[Data/CharacterAbilityByStat.csv is loading...]
00:24:09	[LOG_INFO]	uint8_t,uint8_t,uint8_t,uint8_t,uint8_t,uint8_t
00:24:09	[LOG_INFO]	8 ,2 ,10 ,0 ,7 ,3 
00:24:09	[LOG_INFO]	5 ,5 ,8 ,2 ,6 ,4 
00:24:09	[LOG_INFO]	3 ,7 ,0 ,10 ,3 ,7 
00:24:09	[LOG_INFO]	[Data/CharacterAbilityByStat.csv is loaded...]
00:24:09	[LOG_INFO]	[Data/CharacterCreateSpeedStat.csv is loading...]
00:24:09	[LOG_INFO]	float_t,float_t,float_t
00:24:09	[LOG_INFO]	10.0 ,5.0 ,10.0 
00:24:09	[LOG_INFO]	12.0 ,3.0 ,12.0 
00:24:09	[LOG_INFO]	5.0 ,10.0 ,8.0 
00:24:09	[LOG_INFO]	13.0 ,2.0 ,15.0 
00:24:09	[LOG_INFO]	[Data/CharacterCreateSpeedStat.csv is loaded...]
00:24:27	[LOG_INFO]	[DBConfig.csv is loading...]
00:24:27	[LOG_INFO]	string,string
00:24:27	[LOG_INFO]	World,112.145.214.226
00:24:27	[LOG_INFO]	Account,112.145.214.226
00:24:27	[LOG_INFO]	Game,112.145.214.226
00:24:27	[LOG_INFO]	[DBConfig.csv is loaded...]
00:24:27	[LOG_INFO]	[ServerConfig.csv is loading...]
00:24:27	[LOG_INFO]	string,int32_t,int32_t
00:24:27	[LOG_INFO]	Game,1,3000
00:24:27	[LOG_INFO]	[ServerConfig.csv is loaded...]
00:24:27	[LOG_CONNECT]	WorldDB is Connected
00:24:27	[LOG_DEBUG]	[Server Type]: Game
00:24:27	[LOG_DEBUG]	[GroupID]: 0
00:24:27	[LOG_DEBUG]	[WorldID]: 1
00:24:27	[LOG_DEBUG]	[ServerID]: 3000
00:24:27	[LOG_INFO]	[Data/CharacterAbilityByStat.csv is loading...]
00:24:27	[LOG_INFO]	uint8_t,uint8_t,uint8_t,uint8_t,uint8_t,uint8_t
00:24:27	[LOG_INFO]	8 ,2 ,10 ,0 ,7 ,3 
00:24:27	[LOG_INFO]	5 ,5 ,8 ,2 ,6 ,4 
00:24:27	[LOG_INFO]	3 ,7 ,0 ,10 ,3 ,7 
00:24:27	[LOG_INFO]	[Data/CharacterAbilityByStat.csv is loaded...]
00:24:27	[LOG_INFO]	[Data/CharacterCreateSpeedStat.csv is loading...]
00:24:27	[LOG_INFO]	float_t,float_t,float_t
00:24:27	[LOG_INFO]	10.0 ,5.0 ,10.0 
00:24:27	[LOG_INFO]	12.0 ,3.0 ,12.0 
00:24:27	[LOG_INFO]	5.0 ,10.0 ,8.0 
00:24:27	[LOG_INFO]	13.0 ,2.0 ,15.0 
00:24:27	[LOG_INFO]	[Data/CharacterCreateSpeedStat.csv is loaded...]
00:24:40	[LOG_INFO]	[DBConfig.csv is loading...]
00:24:40	[LOG_INFO]	string,string
00:24:40	[LOG_INFO]	World,112.145.214.226
00:24:40	[LOG_INFO]	Account,112.145.214.226
00:24:40	[LOG_INFO]	Game,112.145.214.226
00:24:40	[LOG_INFO]	[DBConfig.csv is loaded...]
00:24:40	[LOG_INFO]	[ServerConfig.csv is loading...]
00:24:40	[LOG_INFO]	string,int32_t,int32_t
00:24:40	[LOG_INFO]	Game,1,3000
00:24:40	[LOG_INFO]	[ServerConfig.csv is loaded...]
00:24:40	[LOG_CONNECT]	WorldDB is Connected
00:24:40	[LOG_DEBUG]	[Server Type]: Game
00:24:40	[LOG_DEBUG]	[GroupID]: 0
00:24:40	[LOG_DEBUG]	[WorldID]: 1
00:24:40	[LOG_DEBUG]	[ServerID]: 3000
00:24:40	[LOG_INFO]	[Data/CharacterAbilityByStat.csv is loading...]
00:24:40	[LOG_INFO]	uint8_t,uint8_t,uint8_t,uint8_t,uint8_t,uint8_t
00:24:40	[LOG_INFO]	8 ,2 ,10 ,0 ,7 ,3 
00:24:40	[LOG_INFO]	5 ,5 ,8 ,2 ,6 ,4 
00:24:40	[LOG_INFO]	3 ,7 ,0 ,10 ,3 ,7 
00:24:40	[LOG_INFO]	[Data/CharacterAbilityByStat.csv is loaded...]
00:24:40	[LOG_INFO]	[Data/CharacterCreateSpeedStat.csv is loading...]
00:24:40	[LOG_INFO]	float_t,float_t,float_t
00:24:40	[LOG_INFO]	10.0 ,5.0 ,10.0 
00:24:40	[LOG_INFO]	12.0 ,3.0 ,12.0 
00:24:40	[LOG_INFO]	5.0 ,10.0 ,8.0 
00:24:40	[LOG_INFO]	13.0 ,2.0 ,15.0 
00:24:40	[LOG_INFO]	[Data/CharacterCreateSpeedStat.csv is loaded...]
00:25:28	[LOG_INFO]	[DBConfig.csv is loading...]
00:25:28	[LOG_INFO]	string,string
00:25:28	[LOG_INFO]	World,112.145.214.226
00:25:28	[LOG_INFO]	Account,112.145.214.226
00:25:28	[LOG_INFO]	Game,112.145.214.226
00:25:28	[LOG_INFO]	[DBConfig.csv is loaded...]
00:25:28	[LOG_INFO]	[ServerConfig.csv is loading...]
00:25:28	[LOG_INFO]	string,int32_t,int32_t
00:25:28	[LOG_INFO]	Game,1,3000
00:25:28	[LOG_INFO]	[ServerConfig.csv is loaded...]
00:25:28	[LOG_CONNECT]	WorldDB is Connected
00:25:28	[LOG_DEBUG]	[Server Type]: Game
00:25:28	[LOG_DEBUG]	[GroupID]: 0
00:25:28	[LOG_DEBUG]	[WorldID]: 1
00:25:28	[LOG_DEBUG]	[ServerID]: 3000
00:25:28	[LOG_INFO]	[Data/CharacterAbilityByStat.csv is loading...]
00:25:28	[LOG_INFO]	uint8_t,uint8_t,uint8_t,uint8_t,uint8_t,uint8_t
00:25:28	[LOG_INFO]	8 ,2 ,10 ,0 ,7 ,3 
00:25:28	[LOG_INFO]	5 ,5 ,8 ,2 ,6 ,4 
00:25:28	[LOG_INFO]	3 ,7 ,0 ,10 ,3 ,7 
00:25:28	[LOG_INFO]	[Data/CharacterAbilityByStat.csv is loaded...]
00:25:28	[LOG_INFO]	[Data/CharacterCreateSpeedStat.csv is loading...]
00:25:28	[LOG_INFO]	float_t,float_t,float_t
00:25:28	[LOG_INFO]	10.0 ,5.0 ,10.0 
00:25:28	[LOG_INFO]	12.0 ,3.0 ,12.0 
00:25:28	[LOG_INFO]	5.0 ,10.0 ,8.0 
00:25:28	[LOG_INFO]	13.0 ,2.0 ,15.0 
00:25:28	[LOG_INFO]	[Data/CharacterCreateSpeedStat.csv is loaded...]
00:25:30	[LOG_INFO]	[Data/Map_001.csv is loading...]
00:25:30	[LOG_INFO]	MinX: -22minY: -10maxX: 21maxY: -1
00:25:30	[LOG_INFO]	[Data/Map_001.csv is loaded...]
00:26:31	[LOG_INFO]	[DBConfig.csv is loading...]
00:26:31	[LOG_INFO]	string,string
00:26:31	[LOG_INFO]	World,112.145.214.226
00:26:31	[LOG_INFO]	Account,112.145.214.226
00:26:31	[LOG_INFO]	Game,112.145.214.226
00:26:31	[LOG_INFO]	[DBConfig.csv is loaded...]
00:26:31	[LOG_INFO]	[ServerConfig.csv is loading...]
00:26:31	[LOG_INFO]	string,int32_t,int32_t
00:26:31	[LOG_INFO]	Game,1,3000
00:26:31	[LOG_INFO]	[ServerConfig.csv is loaded...]
00:26:31	[LOG_CONNECT]	WorldDB is Connected
00:26:31	[LOG_DEBUG]	[Server Type]: Game
00:26:31	[LOG_DEBUG]	[GroupID]: 0
00:26:31	[LOG_DEBUG]	[WorldID]: 1
00:26:31	[LOG_DEBUG]	[ServerID]: 3000
00:26:31	[LOG_INFO]	[Data/CharacterAbilityByStat.csv is loading...]
00:26:31	[LOG_INFO]	uint8_t,uint8_t,uint8_t,uint8_t,uint8_t,uint8_t
00:26:31	[LOG_INFO]	8 ,2 ,10 ,0 ,7 ,3 
00:26:31	[LOG_INFO]	5 ,5 ,8 ,2 ,6 ,4 
00:26:31	[LOG_INFO]	3 ,7 ,0 ,10 ,3 ,7 
00:26:31	[LOG_INFO]	[Data/CharacterAbilityByStat.csv is loaded...]
00:26:31	[LOG_INFO]	[Data/CharacterCreateSpeedStat.csv is loading...]
00:26:31	[LOG_INFO]	float_t,float_t,float_t
00:26:31	[LOG_INFO]	10.0 ,5.0 ,10.0 
00:26:31	[LOG_INFO]	12.0 ,3.0 ,12.0 
00:26:31	[LOG_INFO]	5.0 ,10.0 ,8.0 
00:26:31	[LOG_INFO]	13.0 ,2.0 ,15.0 
00:26:31	[LOG_INFO]	[Data/CharacterCreateSpeedStat.csv is loaded...]
00:26:35	[LOG_INFO]	[Data/Map_001.csv is loading...]
00:26:35	[LOG_INFO]	MinX: -22minY: -10maxX: 21maxY: -1
00:26:35	[LOG_INFO]	[Data/Map_001.csv is loaded...]
00:27:15	[LOG_INFO]	[DBConfig.csv is loading...]
00:27:15	[LOG_INFO]	string,string
00:27:15	[LOG_INFO]	World,112.145.214.226
00:27:15	[LOG_INFO]	Account,112.145.214.226
00:27:15	[LOG_INFO]	Game,112.145.214.226
00:27:15	[LOG_INFO]	[DBConfig.csv is loaded...]
00:27:15	[LOG_INFO]	[ServerConfig.csv is loading...]
00:27:15	[LOG_INFO]	string,int32_t,int32_t
00:27:15	[LOG_INFO]	Game,1,3000
00:27:15	[LOG_INFO]	[ServerConfig.csv is loaded...]
00:27:15	[LOG_CONNECT]	WorldDB is Connected
00:27:15	[LOG_DEBUG]	[Server Type]: Game
00:27:15	[LOG_DEBUG]	[GroupID]: 0
00:27:15	[LOG_DEBUG]	[WorldID]: 1
00:27:15	[LOG_DEBUG]	[ServerID]: 3000
00:27:15	[LOG_INFO]	[Data/CharacterAbilityByStat.csv is loading...]
00:27:15	[LOG_INFO]	uint8_t,uint8_t,uint8_t,uint8_t,uint8_t,uint8_t
00:27:15	[LOG_INFO]	8 ,2 ,10 ,0 ,7 ,3 
00:27:15	[LOG_INFO]	5 ,5 ,8 ,2 ,6 ,4 
00:27:15	[LOG_INFO]	3 ,7 ,0 ,10 ,3 ,7 
00:27:15	[LOG_INFO]	[Data/CharacterAbilityByStat.csv is loaded...]
00:27:15	[LOG_INFO]	[Data/CharacterCreateSpeedStat.csv is loading...]
00:27:15	[LOG_INFO]	float_t,float_t,float_t
00:27:15	[LOG_INFO]	10.0 ,5.0 ,10.0 
00:27:15	[LOG_INFO]	12.0 ,3.0 ,12.0 
00:27:15	[LOG_INFO]	5.0 ,10.0 ,8.0 
00:27:15	[LOG_INFO]	13.0 ,2.0 ,15.0 
00:27:15	[LOG_INFO]	[Data/CharacterCreateSpeedStat.csv is loaded...]
00:27:15	[LOG_INFO]	[Data/Map_001.csv is loading...]
00:27:15	[LOG_INFO]	MinX: -22minY: -10maxX: 21maxY: -1
00:27:15	[LOG_INFO]	[Data/Map_001.csv is loaded...]
00:33:41	[LOG_INFO]	[DBConfig.csv is loading...]
00:33:41	[LOG_INFO]	string,string
00:33:41	[LOG_INFO]	World,112.145.214.226
00:33:41	[LOG_INFO]	Account,112.145.214.226
00:33:41	[LOG_INFO]	Game,112.145.214.226
00:33:41	[LOG_INFO]	[DBConfig.csv is loaded...]
00:33:41	[LOG_INFO]	[ServerConfig.csv is loading...]
00:33:41	[LOG_INFO]	string,int32_t,int32_t
00:33:41	[LOG_INFO]	Game,1,3000
00:33:41	[LOG_INFO]	[ServerConfig.csv is loaded...]
00:33:41	[LOG_CONNECT]	WorldDB is Connected
00:33:41	[LOG_DEBUG]	[Server Type]: Game
00:33:41	[LOG_DEBUG]	[GroupID]: 0
00:33:41	[LOG_DEBUG]	[WorldID]: 1
00:33:41	[LOG_DEBUG]	[ServerID]: 3000
00:33:41	[LOG_INFO]	[Data/CharacterAbilityByStat.csv is loading...]
00:33:41	[LOG_INFO]	uint8_t,uint8_t,uint8_t,uint8_t,uint8_t,uint8_t
00:33:41	[LOG_INFO]	8 ,2 ,10 ,0 ,7 ,3 
00:33:41	[LOG_INFO]	5 ,5 ,8 ,2 ,6 ,4 
00:33:41	[LOG_INFO]	3 ,7 ,0 ,10 ,3 ,7 
00:33:41	[LOG_INFO]	[Data/CharacterAbilityByStat.csv is loaded...]
00:33:41	[LOG_INFO]	[Data/CharacterCreateSpeedStat.csv is loading...]
00:33:41	[LOG_INFO]	float_t,float_t,float_t
00:33:41	[LOG_INFO]	10.0 ,5.0 ,10.0 
00:33:41	[LOG_INFO]	12.0 ,3.0 ,12.0 
00:33:41	[LOG_INFO]	5.0 ,10.0 ,8.0 
00:33:41	[LOG_INFO]	13.0 ,2.0 ,15.0 
00:33:41	[LOG_INFO]	[Data/CharacterCreateSpeedStat.csv is loaded...]
00:34:41	[LOG_INFO]	[DBConfig.csv is loading...]
00:34:41	[LOG_INFO]	string,string
00:34:41	[LOG_INFO]	World,112.145.214.226
00:34:41	[LOG_INFO]	Account,112.145.214.226
00:34:41	[LOG_INFO]	Game,112.145.214.226
00:34:41	[LOG_INFO]	[DBConfig.csv is loaded...]
00:34:41	[LOG_INFO]	[ServerConfig.csv is loading...]
00:34:41	[LOG_INFO]	string,int32_t,int32_t
00:34:41	[LOG_INFO]	Game,1,3000
00:34:41	[LOG_INFO]	[ServerConfig.csv is loaded...]
00:34:41	[LOG_CONNECT]	WorldDB is Connected
00:34:41	[LOG_DEBUG]	[Server Type]: Game
00:34:41	[LOG_DEBUG]	[GroupID]: 0
00:34:41	[LOG_DEBUG]	[WorldID]: 1
00:34:41	[LOG_DEBUG]	[ServerID]: 3000
00:34:41	[LOG_INFO]	[Data/CharacterAbilityByStat.csv is loading...]
00:34:41	[LOG_INFO]	uint8_t,uint8_t,uint8_t,uint8_t,uint8_t,uint8_t
00:34:41	[LOG_INFO]	8 ,2 ,10 ,0 ,7 ,3 
00:34:41	[LOG_INFO]	5 ,5 ,8 ,2 ,6 ,4 
00:34:41	[LOG_INFO]	3 ,7 ,0 ,10 ,3 ,7 
00:34:41	[LOG_INFO]	[Data/CharacterAbilityByStat.csv is loaded...]
00:34:41	[LOG_INFO]	[Data/CharacterCreateSpeedStat.csv is loading...]
00:34:41	[LOG_INFO]	float_t,float_t,float_t
00:34:41	[LOG_INFO]	10.0 ,5.0 ,10.0 
00:34:41	[LOG_INFO]	12.0 ,3.0 ,12.0 
00:34:41	[LOG_INFO]	5.0 ,10.0 ,8.0 
00:34:41	[LOG_INFO]	13.0 ,2.0 ,15.0 
00:34:41	[LOG_INFO]	[Data/CharacterCreateSpeedStat.csv is loaded...]
00:34:50	[LOG_INFO]	[Data/Map_001.csv is loading...]
00:34:50	[LOG_INFO]	MinX: -22minY: -10maxX: 21maxY: -1
00:34:50	[LOG_INFO]	[Data/Map_001.csv is loaded...]
02:14:46	[LOG_INFO]	[DBConfig.csv is loading...]
02:14:46	[LOG_INFO]	string,string
02:14:46	[LOG_INFO]	World,112.145.214.226
02:14:46	[LOG_INFO]	Account,112.145.214.226
02:14:46	[LOG_INFO]	Game,112.145.214.226
02:14:46	[LOG_INFO]	[DBConfig.csv is loaded...]
02:14:46	[LOG_INFO]	[ServerConfig.csv is loading...]
02:14:46	[LOG_INFO]	string,int32_t,int32_t
02:14:46	[LOG_INFO]	Game,1,3000
02:14:46	[LOG_INFO]	[ServerConfig.csv is loaded...]
02:14:46	[LOG_CONNECT]	WorldDB is Connected
02:14:46	[LOG_DEBUG]	[Server Type]: Game
02:14:46	[LOG_DEBUG]	[GroupID]: 0
02:14:46	[LOG_DEBUG]	[WorldID]: 1
02:14:46	[LOG_DEBUG]	[ServerID]: 3000
02:14:46	[LOG_INFO]	[Data/CharacterAbilityByStat.csv is loading...]
02:14:46	[LOG_INFO]	uint8_t,uint8_t,uint8_t,uint8_t,uint8_t,uint8_t
02:14:46	[LOG_INFO]	8 ,2 ,10 ,0 ,7 ,3 
02:14:46	[LOG_INFO]	5 ,5 ,8 ,2 ,6 ,4 
02:14:46	[LOG_INFO]	3 ,7 ,0 ,10 ,3 ,7 
02:14:46	[LOG_INFO]	[Data/CharacterAbilityByStat.csv is loaded...]
02:14:46	[LOG_INFO]	[Data/CharacterCreateSpeedStat.csv is loading...]
02:14:46	[LOG_INFO]	float_t,float_t,float_t
02:14:46	[LOG_INFO]	10.0 ,5.0 ,10.0 
02:14:46	[LOG_INFO]	12.0 ,3.0 ,12.0 
02:14:46	[LOG_INFO]	5.0 ,10.0 ,8.0 
02:14:46	[LOG_INFO]	13.0 ,2.0 ,15.0 
02:14:46	[LOG_INFO]	[Data/CharacterCreateSpeedStat.csv is loaded...]
02:14:46	[LOG_INFO]	[Data/Map_001.csv is loading...]
02:14:46	[LOG_INFO]	MinX: -22minY: -10maxX: 21maxY: -1
02:14:46	[LOG_INFO]	[Data/Map_001.csv is loaded...]
02:14:46	[LOG_DEBUG]	Server is Running...
02:14:46	[LOG_DEBUG]	[Thread Num]: 17
02:14:46	[LOG_DEBUG]	[Port]: 9000
23:27:38	[LOG_INFO]	[DBConfig.csv is loading...]
23:27:38	[LOG_INFO]	string,string
23:27:38	[LOG_INFO]	World,112.145.214.226
23:27:38	[LOG_INFO]	Account,112.145.214.226
23:27:38	[LOG_INFO]	Game,112.145.214.226
23:27:38	[LOG_INFO]	[DBConfig.csv is loaded...]
23:27:38	[LOG_INFO]	[ServerConfig.csv is loading...]
23:27:38	[LOG_INFO]	string,int32_t,int32_t
23:27:38	[LOG_INFO]	Game,1,3000
23:27:38	[LOG_INFO]	[ServerConfig.csv is loaded...]
23:27:38	[LOG_CONNECT]	WorldDB is Connected
23:27:38	[LOG_DEBUG]	[Server Type]: Game
23:27:38	[LOG_DEBUG]	[GroupID]: 0
23:27:38	[LOG_DEBUG]	[WorldID]: 1
23:27:38	[LOG_DEBUG]	[ServerID]: 3000
23:27:38	[LOG_INFO]	[Data/CharacterAbilityByStat.csv is loading...]
23:27:38	[LOG_INFO]	uint8_t,uint8_t,uint8_t,uint8_t,uint8_t,uint8_t
23:27:38	[LOG_INFO]	8 ,2 ,10 ,0 ,7 ,3 
23:27:38	[LOG_INFO]	5 ,5 ,8 ,2 ,6 ,4 
23:27:38	[LOG_INFO]	3 ,7 ,0 ,10 ,3 ,7 
23:27:38	[LOG_INFO]	[Data/CharacterAbilityByStat.csv is loaded...]
23:27:38	[LOG_INFO]	[Data/CharacterCreateSpeedStat.csv is loading...]
23:27:38	[LOG_INFO]	float_t,float_t,float_t
23:27:38	[LOG_INFO]	10.0 ,5.0 ,10.0 
23:27:38	[LOG_INFO]	12.0 ,3.0 ,12.0 
23:27:38	[LOG_INFO]	5.0 ,10.0 ,8.0 
23:27:38	[LOG_INFO]	13.0 ,2.0 ,15.0 
23:27:38	[LOG_INFO]	[Data/CharacterCreateSpeedStat.csv is loaded...]
23:27:38	[LOG_INFO]	[Data/Map_001.csv is loading...]
23:27:38	[LOG_INFO]	MinX: -22 minY: -10 maxX: 21 maxY: -1
23:27:38	[LOG_INFO]	[Data/Map_001.csv is loaded...]
23:27:38	[LOG_DEBUG]	Server is Running...
23:27:38	[LOG_DEBUG]	[Thread Num]: 17
23:27:38	[LOG_DEBUG]	[Port]: 9000
23:27:42	[LOG_CONNECT]	oid(0)	[ip]: 127.0.0.1
23:27:42	[LOG_CONNECT]	AccountDB is Connected
23:27:42	[LOG_CONNECT]	GameDB is Connected
23:28:53	[LOG_INFO]	[DBConfig.csv is loading...]
23:28:53	[LOG_INFO]	string,string
23:28:53	[LOG_INFO]	World,112.145.214.226
23:28:53	[LOG_INFO]	Account,112.145.214.226
23:28:53	[LOG_INFO]	Game,112.145.214.226
23:28:53	[LOG_INFO]	[DBConfig.csv is loaded...]
23:28:53	[LOG_INFO]	[ServerConfig.csv is loading...]
23:28:53	[LOG_INFO]	string,int32_t,int32_t
23:28:53	[LOG_INFO]	Game,1,3000
23:28:53	[LOG_INFO]	[ServerConfig.csv is loaded...]
23:28:53	[LOG_CONNECT]	WorldDB is Connected
23:28:53	[LOG_DEBUG]	[Server Type]: Game
23:28:53	[LOG_DEBUG]	[GroupID]: 0
23:28:53	[LOG_DEBUG]	[WorldID]: 1
23:28:53	[LOG_DEBUG]	[ServerID]: 3000
23:28:53	[LOG_INFO]	[Data/CharacterAbilityByStat.csv is loading...]
23:28:53	[LOG_INFO]	uint8_t,uint8_t,uint8_t,uint8_t,uint8_t,uint8_t
23:28:53	[LOG_INFO]	8 ,2 ,10 ,0 ,7 ,3 
23:28:53	[LOG_INFO]	5 ,5 ,8 ,2 ,6 ,4 
23:28:53	[LOG_INFO]	3 ,7 ,0 ,10 ,3 ,7 
23:28:53	[LOG_INFO]	[Data/CharacterAbilityByStat.csv is loaded...]
23:28:53	[LOG_INFO]	[Data/CharacterCreateSpeedStat.csv is loading...]
23:28:53	[LOG_INFO]	float_t,float_t,float_t
23:28:53	[LOG_INFO]	10.0 ,5.0 ,10.0 
23:28:53	[LOG_INFO]	12.0 ,3.0 ,12.0 
23:28:53	[LOG_INFO]	5.0 ,10.0 ,8.0 
23:28:53	[LOG_INFO]	13.0 ,2.0 ,15.0 
23:28:53	[LOG_INFO]	[Data/CharacterCreateSpeedStat.csv is loaded...]
23:28:53	[LOG_INFO]	[Data/Map_001.csv is loading...]
23:28:53	[LOG_INFO]	MinX: -22 minY: -10 maxX: 21 maxY: -1
23:28:53	[LOG_INFO]	[Data/Map_001.csv is loaded...]
23:28:58	[LOG_DEBUG]	Server is Running...
23:28:58	[LOG_DEBUG]	[Thread Num]: 17
23:28:58	[LOG_DEBUG]	[Port]: 9000
23:32:53	[LOG_INFO]	[DBConfig.csv is loading...]
23:32:53	[LOG_INFO]	string,string
23:32:53	[LOG_INFO]	World,112.145.214.226
23:32:53	[LOG_INFO]	Account,112.145.214.226
23:32:53	[LOG_INFO]	Game,112.145.214.226
23:32:53	[LOG_INFO]	[DBConfig.csv is loaded...]
23:32:53	[LOG_INFO]	[ServerConfig.csv is loading...]
23:32:53	[LOG_INFO]	string,int32_t,int32_t
23:32:53	[LOG_INFO]	Game,1,3000
23:32:53	[LOG_INFO]	[ServerConfig.csv is loaded...]
23:32:53	[LOG_CONNECT]	WorldDB is Connected
23:32:53	[LOG_DEBUG]	[Server Type]: Game
23:32:53	[LOG_DEBUG]	[GroupID]: 0
23:32:53	[LOG_DEBUG]	[WorldID]: 1
23:32:53	[LOG_DEBUG]	[ServerID]: 3000
23:32:53	[LOG_INFO]	[Data/CharacterAbilityByStat.csv is loading...]
23:32:53	[LOG_INFO]	uint8_t,uint8_t,uint8_t,uint8_t,uint8_t,uint8_t
23:32:53	[LOG_INFO]	8 ,2 ,10 ,0 ,7 ,3 
23:32:53	[LOG_INFO]	5 ,5 ,8 ,2 ,6 ,4 
23:32:53	[LOG_INFO]	3 ,7 ,0 ,10 ,3 ,7 
23:32:53	[LOG_INFO]	[Data/CharacterAbilityByStat.csv is loaded...]
23:32:53	[LOG_INFO]	[Data/CharacterCreateSpeedStat.csv is loading...]
23:32:53	[LOG_INFO]	float_t,float_t,float_t
23:32:53	[LOG_INFO]	10.0 ,5.0 ,10.0 
23:32:53	[LOG_INFO]	12.0 ,3.0 ,12.0 
23:32:53	[LOG_INFO]	5.0 ,10.0 ,8.0 
23:32:53	[LOG_INFO]	13.0 ,2.0 ,15.0 
23:32:53	[LOG_INFO]	[Data/CharacterCreateSpeedStat.csv is loaded...]
23:32:53	[LOG_INFO]	[Data/Map_001.csv is loading...]
23:32:53	[LOG_INFO]	MinX: -22 minY: -10 maxX: 21 maxY: -1
23:32:53	[LOG_INFO]	[Data/Map_001.csv is loaded...]
23:32:53	[LOG_DEBUG]	Server is Running...
23:32:53	[LOG_DEBUG]	[Thread Num]: 17
23:32:53	[LOG_DEBUG]	[Port]: 9000
23:32:55	[LOG_CONNECT]	oid(0)	[ip]: 127.0.0.1
23:33:07	[LOG_CONNECT]	oid(1)	[ip]: 127.0.0.1
23:33:08	[LOG_CONNECT]	AccountDB is Connected
23:33:08	[LOG_CONNECT]	GameDB is Connected
23:36:13	[LOG_INFO]	[DBConfig.csv is loading...]
23:36:13	[LOG_INFO]	string,string
23:36:13	[LOG_INFO]	World,112.145.214.226
23:36:13	[LOG_INFO]	Account,112.145.214.226
23:36:13	[LOG_INFO]	Game,112.145.214.226
23:36:13	[LOG_INFO]	[DBConfig.csv is loaded...]
23:36:13	[LOG_INFO]	[ServerConfig.csv is loading...]
23:36:13	[LOG_INFO]	string,int32_t,int32_t
23:36:13	[LOG_INFO]	Game,1,3000
23:36:13	[LOG_INFO]	[ServerConfig.csv is loaded...]
23:36:13	[LOG_CONNECT]	WorldDB is Connected
23:36:13	[LOG_DEBUG]	[Server Type]: Game
23:36:13	[LOG_DEBUG]	[GroupID]: 0
23:36:13	[LOG_DEBUG]	[WorldID]: 1
23:36:13	[LOG_DEBUG]	[ServerID]: 3000
23:36:13	[LOG_INFO]	[Data/CharacterAbilityByStat.csv is loading...]
23:36:13	[LOG_INFO]	uint8_t,uint8_t,uint8_t,uint8_t,uint8_t,uint8_t
23:36:13	[LOG_INFO]	8 ,2 ,10 ,0 ,7 ,3 
23:36:13	[LOG_INFO]	5 ,5 ,8 ,2 ,6 ,4 
23:36:13	[LOG_INFO]	3 ,7 ,0 ,10 ,3 ,7 
23:36:13	[LOG_INFO]	[Data/CharacterAbilityByStat.csv is loaded...]
23:36:13	[LOG_INFO]	[Data/CharacterCreateSpeedStat.csv is loading...]
23:36:13	[LOG_INFO]	float_t,float_t,float_t
23:36:13	[LOG_INFO]	10.0 ,5.0 ,10.0 
23:36:13	[LOG_INFO]	12.0 ,3.0 ,12.0 
23:36:13	[LOG_INFO]	5.0 ,10.0 ,8.0 
23:36:13	[LOG_INFO]	13.0 ,2.0 ,15.0 
23:36:13	[LOG_INFO]	[Data/CharacterCreateSpeedStat.csv is loaded...]
23:36:13	[LOG_INFO]	[Data/Map_001.csv is loading...]
23:36:13	[LOG_INFO]	MinX: -22 minY: -10 maxX: 21 maxY: -1
23:36:13	[LOG_INFO]	[Data/Map_001.csv is loaded...]
23:36:13	[LOG_DEBUG]	Server is Running...
23:36:13	[LOG_DEBUG]	[Thread Num]: 17
23:36:13	[LOG_DEBUG]	[Port]: 9000
23:36:20	[LOG_CONNECT]	oid(0)	[ip]: 127.0.0.1
23:36:26	[LOG_CONNECT]	oid(1)	[ip]: 127.0.0.1
23:36:26	[LOG_CONNECT]	AccountDB is Connected
23:36:26	[LOG_CONNECT]	GameDB is Connected
23:39:46	[LOG_INFO]	[DBConfig.csv is loading...]
23:39:46	[LOG_INFO]	string,string
23:39:46	[LOG_INFO]	World,112.145.214.226
23:39:46	[LOG_INFO]	Account,112.145.214.226
23:39:46	[LOG_INFO]	Game,112.145.214.226
23:39:46	[LOG_INFO]	[DBConfig.csv is loaded...]
23:39:46	[LOG_INFO]	[ServerConfig.csv is loading...]
23:39:46	[LOG_INFO]	string,int32_t,int32_t
23:39:46	[LOG_INFO]	Game,1,3000
23:39:46	[LOG_INFO]	[ServerConfig.csv is loaded...]
23:39:46	[LOG_CONNECT]	WorldDB is Connected
23:39:46	[LOG_DEBUG]	[Server Type]: Game
23:39:46	[LOG_DEBUG]	[GroupID]: 0
23:39:46	[LOG_DEBUG]	[WorldID]: 1
23:39:46	[LOG_DEBUG]	[ServerID]: 3000
23:39:46	[LOG_INFO]	[Data/CharacterAbilityByStat.csv is loading...]
23:39:46	[LOG_INFO]	uint8_t,uint8_t,uint8_t,uint8_t,uint8_t,uint8_t
23:39:46	[LOG_INFO]	8 ,2 ,10 ,0 ,7 ,3 
23:39:46	[LOG_INFO]	5 ,5 ,8 ,2 ,6 ,4 
23:39:46	[LOG_INFO]	3 ,7 ,0 ,10 ,3 ,7 
23:39:46	[LOG_INFO]	[Data/CharacterAbilityByStat.csv is loaded...]
23:39:46	[LOG_INFO]	[Data/CharacterCreateSpeedStat.csv is loading...]
23:39:46	[LOG_INFO]	float_t,float_t,float_t
23:39:46	[LOG_INFO]	10.0 ,5.0 ,10.0 
23:39:46	[LOG_INFO]	12.0 ,3.0 ,12.0 
23:39:46	[LOG_INFO]	5.0 ,10.0 ,8.0 
23:39:46	[LOG_INFO]	13.0 ,2.0 ,15.0 
23:39:46	[LOG_INFO]	[Data/CharacterCreateSpeedStat.csv is loaded...]
23:39:46	[LOG_INFO]	[Data/Map_001.csv is loading...]
23:39:46	[LOG_INFO]	MinX: -22 minY: -10 maxX: 21 maxY: -1
23:39:46	[LOG_INFO]	[Data/Map_001.csv is loaded...]
23:43:33	[LOG_INFO]	[DBConfig.csv is loading...]
23:43:33	[LOG_INFO]	string,string
23:43:33	[LOG_INFO]	World,112.145.214.226
23:43:33	[LOG_INFO]	Account,112.145.214.226
23:43:33	[LOG_INFO]	Game,112.145.214.226
23:43:33	[LOG_INFO]	[DBConfig.csv is loaded...]
23:43:33	[LOG_INFO]	[ServerConfig.csv is loading...]
23:43:33	[LOG_INFO]	string,int32_t,int32_t
23:43:33	[LOG_INFO]	Game,1,3000
23:43:33	[LOG_INFO]	[ServerConfig.csv is loaded...]
23:43:33	[LOG_CONNECT]	WorldDB is Connected
23:43:33	[LOG_DEBUG]	[Server Type]: Game
23:43:33	[LOG_DEBUG]	[GroupID]: 0
23:43:33	[LOG_DEBUG]	[WorldID]: 1
23:43:33	[LOG_DEBUG]	[ServerID]: 3000
23:43:33	[LOG_INFO]	[Data/CharacterAbilityByStat.csv is loading...]
23:43:33	[LOG_INFO]	uint8_t,uint8_t,uint8_t,uint8_t,uint8_t,uint8_t
23:43:33	[LOG_INFO]	8 ,2 ,10 ,0 ,7 ,3 
23:43:33	[LOG_INFO]	5 ,5 ,8 ,2 ,6 ,4 
23:43:33	[LOG_INFO]	3 ,7 ,0 ,10 ,3 ,7 
23:43:33	[LOG_INFO]	[Data/CharacterAbilityByStat.csv is loaded...]
23:43:33	[LOG_INFO]	[Data/CharacterCreateSpeedStat.csv is loading...]
23:43:33	[LOG_INFO]	float_t,float_t,float_t
23:43:33	[LOG_INFO]	10.0 ,5.0 ,10.0 
23:43:33	[LOG_INFO]	12.0 ,3.0 ,12.0 
23:43:33	[LOG_INFO]	5.0 ,10.0 ,8.0 
23:43:33	[LOG_INFO]	13.0 ,2.0 ,15.0 
23:43:33	[LOG_INFO]	[Data/CharacterCreateSpeedStat.csv is loaded...]
23:43:33	[LOG_INFO]	[Data/Map_001.csv is loading...]
23:43:33	[LOG_INFO]	MinX: -22 minY: -10 maxX: 21 maxY: -1
23:43:33	[LOG_INFO]	[Data/Map_001.csv is loaded...]
23:43:33	[LOG_DEBUG]	Server is Running...
23:43:33	[LOG_DEBUG]	[Thread Num]: 17
23:43:33	[LOG_DEBUG]	[Port]: 9000
23:43:45	[LOG_CONNECT]	oid(0)	[ip]: 127.0.0.1
23:43:45	[LOG_CONNECT]	AccountDB is Connected
23:43:45	[LOG_CONNECT]	GameDB is Connected
