00:17:22	[LOG_INFO]	[DBConfig.csv is loading...]
00:17:22	[LOG_INFO]	string,string
00:17:22	[LOG_INFO]	World,112.145.214.226
00:17:22	[LOG_INFO]	Account,112.145.214.226
00:17:22	[LOG_INFO]	Game,112.145.214.226
00:17:22	[LOG_INFO]	[DBConfig.csv is loaded...]
00:17:22	[LOG_INFO]	[ServerConfig.csv is loading...]
00:17:22	[LOG_INFO]	string,int32_t,int32_t
00:17:22	[LOG_INFO]	Game,1,3000
00:17:22	[LOG_INFO]	[ServerConfig.csv is loaded...]
00:17:22	[LOG_CONNECT]	WorldDB is Connected
00:17:22	[LOG_DEBUG]	[Server Type]: Game
00:17:22	[LOG_DEBUG]	[GroupID]: 0
00:17:22	[LOG_DEBUG]	[WorldID]: 1
00:17:22	[LOG_DEBUG]	[ServerID]: 3000
00:17:22	[LOG_INFO]	[Data/CharacterAbilityByStat.csv is loading...]
00:17:22	[LOG_INFO]	uint8_t,uint8_t,uint8_t,uint8_t,uint8_t,uint8_t
00:17:22	[LOG_INFO]	8 ,2 ,10 ,0 ,7 ,3 
00:17:22	[LOG_INFO]	5 ,5 ,8 ,2 ,6 ,4 
00:17:22	[LOG_INFO]	3 ,7 ,0 ,10 ,3 ,7 
00:17:22	[LOG_INFO]	[Data/CharacterAbilityByStat.csv is loaded...]
00:17:22	[LOG_INFO]	[Data/CharacterCreateSpeedStat.csv is loading...]
00:17:22	[LOG_INFO]	float_t,float_t,float_t
00:17:22	[LOG_INFO]	10.0 ,5.0 ,11.6 
00:17:22	[LOG_INFO]	12.0 ,3.0 ,11.8 
00:17:22	[LOG_INFO]	5.0 ,10.0 ,11.4 
00:17:22	[LOG_INFO]	13.0 ,2.0 ,12.0 
00:17:22	[LOG_INFO]	[Data/CharacterCreateSpeedStat.csv is loaded...]
00:17:22	[LOG_INFO]	[Data/CharacterSkill.csv is loading...]
00:17:22	[LOG_INFO]	int32_t,uint8_t,uint8_t,float_t,uint8_t,uint8_t,int64_t,uint8_t,int32_t,uint8_t,uint8_t,uint8_t,uint8_t,int32_t,int32_t,int32_t
00:17:22	[LOG_INFO]	0,1 ,0 ,0.0 ,1 ,0 ,766 ,2 ,1 ,6 ,4 ,0 ,4 ,1100 ,0 ,0 
00:17:22	[LOG_INFO]	1,2 ,1 ,30.0 ,1 ,1 ,1166 ,2 ,1 ,6 ,4 ,0 ,1 ,1600 ,0 ,0 
00:17:22	[LOG_INFO]	2,2 ,2 ,25.0 ,1 ,2 ,666 ,3 ,1 ,7 ,5 ,0 ,1 ,1200 ,0 ,0 
00:17:22	[LOG_INFO]	3,1 ,0 ,0.0 ,1 ,3 ,333 ,2 ,1 ,6 ,4 ,0 ,3 ,700 ,0 ,0 
00:17:22	[LOG_INFO]	[Data/CharacterSkill.csv is loaded...]
00:17:22	[LOG_INFO]	[Data/CharacterLevel.csv is loading...]
00:17:22	[LOG_INFO]	int64_t,int32_t
00:17:22	[LOG_INFO]	100 ,0 
00:17:22	[LOG_INFO]	150 ,1 
00:17:22	[LOG_INFO]	500 ,1 
00:17:22	[LOG_INFO]	900 ,1 
00:17:22	[LOG_INFO]	1500 ,1 
00:17:22	[LOG_INFO]	2000 ,1 
00:17:22	[LOG_INFO]	3000 ,1 
00:17:22	[LOG_INFO]	5000 ,1 
00:17:22	[LOG_INFO]	8000 ,1 
00:17:22	[LOG_INFO]	10000 ,3 
00:17:22	[LOG_INFO]	14000 ,1 
00:17:22	[LOG_INFO]	18000 ,1 
00:17:22	[LOG_INFO]	20000 ,1 
00:17:22	[LOG_INFO]	23000 ,1 
00:17:22	[LOG_INFO]	25000 ,2 
00:17:22	[LOG_INFO]	40000 ,1 
00:17:22	[LOG_INFO]	45000 ,1 
00:17:22	[LOG_INFO]	48000 ,1 
00:17:22	[LOG_INFO]	50000 ,1 
00:17:22	[LOG_INFO]	60000 ,3 
00:17:22	[LOG_INFO]	80000 ,1 
00:17:22	[LOG_INFO]	82000 ,1 
00:17:22	[LOG_INFO]	85000 ,1 
00:17:22	[LOG_INFO]	90000 ,1 
00:17:22	[LOG_INFO]	120000 ,2 
00:17:22	[LOG_INFO]	140000 ,1 
00:17:22	[LOG_INFO]	180000 ,1 
00:17:22	[LOG_INFO]	200000 ,1 
00:17:22	[LOG_INFO]	250000 ,1 
00:17:22	[LOG_INFO]	290000 ,3 
00:17:22	[LOG_INFO]	330000 ,1 
00:17:22	[LOG_INFO]	400000 ,1 
00:17:22	[LOG_INFO]	430000 ,1 
00:17:22	[LOG_INFO]	480000 ,1 
00:17:22	[LOG_INFO]	520000 ,2 
00:17:22	[LOG_INFO]	550000 ,1 
00:17:22	[LOG_INFO]	580000 ,1 
00:17:22	[LOG_INFO]	630000 ,1 
00:17:22	[LOG_INFO]	650000 ,1 
00:17:22	[LOG_INFO]	680000 ,3 
00:17:22	[LOG_INFO]	720000 ,1 
00:17:22	[LOG_INFO]	770000 ,1 
00:17:22	[LOG_INFO]	850000 ,1 
00:17:22	[LOG_INFO]	900000 ,1 
00:17:22	[LOG_INFO]	1000000 ,2 
00:17:22	[LOG_INFO]	1300000 ,1 
00:17:22	[LOG_INFO]	1500000 ,1 
00:17:22	[LOG_INFO]	2000000 ,1 
00:17:22	[LOG_INFO]	3000000 ,1 
00:17:22	[LOG_INFO]	0 ,5 
00:17:22	[LOG_INFO]	[Data/CharacterLevel.csv is loaded...]
00:17:22	[LOG_INFO]	[Data/Map_000.csv is loading...]
00:17:22	[LOG_INFO]	MinX: -22 minY: -10 maxX: 51 maxY: -1
00:17:22	[LOG_INFO]	[Data/Map_000.csv is loaded...]
00:17:22	[LOG_DEBUG]	Server is Running...
00:17:22	[LOG_DEBUG]	[Thread Num]: 41
00:17:22	[LOG_DEBUG]	[Port]: 9000
00:48:20	[LOG_CONNECT]	oid(0)	[ip]: 127.0.0.1
00:48:20	[LOG_CONNECT]	AccountDB is Connected
00:48:20	[LOG_CONNECT]	WorldDB is Connected
00:48:20	[LOG_CONNECT]	GameDB is Connected
00:48:22	[LOG_CONNECT]	oid(1)	[ip]: 127.0.0.1
00:48:24	[LOG_CONNECT]	oid(2)	[ip]: 127.0.0.1
00:48:26	[LOG_CONNECT]	oid(3)	[ip]: 127.0.0.1
00:48:29	[LOG_DISCONNECT]	oid(3)	
00:48:29	[LOG_CONNECT]	GameDB is Connected
00:48:29	[LOG_CONNECT]	oid(4)	[ip]: 127.0.0.1
00:48:29	[LOG_CONNECT]	WorldDB is Connected
00:48:29	[LOG_CONNECT]	GameDB is Connected
00:48:29	[LOG_CONNECT]	AccountDB is Connected
00:49:54	[LOG_DISCONNECT]	oid(4)	
00:49:54	[LOG_DISCONNECT]	oid(2)	
00:49:54	[LOG_CONNECT]	GameDB is Connected
00:50:42	[LOG_INFO]	[DBConfig.csv is loading...]
00:50:42	[LOG_INFO]	string,string
00:50:42	[LOG_INFO]	World,112.145.214.226
00:50:42	[LOG_INFO]	Account,112.145.214.226
00:50:42	[LOG_INFO]	Game,112.145.214.226
00:50:42	[LOG_INFO]	[DBConfig.csv is loaded...]
00:50:42	[LOG_INFO]	[ServerConfig.csv is loading...]
00:50:42	[LOG_INFO]	string,int32_t,int32_t
00:50:42	[LOG_INFO]	Game,1,3000
00:50:42	[LOG_INFO]	[ServerConfig.csv is loaded...]
00:50:42	[LOG_CONNECT]	WorldDB is Connected
00:50:42	[LOG_DEBUG]	[Server Type]: Game
00:50:42	[LOG_DEBUG]	[GroupID]: 0
00:50:42	[LOG_DEBUG]	[WorldID]: 1
00:50:42	[LOG_DEBUG]	[ServerID]: 3000
00:50:42	[LOG_INFO]	[Data/CharacterAbilityByStat.csv is loading...]
00:50:42	[LOG_INFO]	uint8_t,uint8_t,uint8_t,uint8_t,uint8_t,uint8_t
00:50:42	[LOG_INFO]	8 ,2 ,10 ,0 ,7 ,3 
00:50:42	[LOG_INFO]	5 ,5 ,8 ,2 ,6 ,4 
00:50:42	[LOG_INFO]	3 ,7 ,0 ,10 ,3 ,7 
00:50:42	[LOG_INFO]	[Data/CharacterAbilityByStat.csv is loaded...]
00:50:42	[LOG_INFO]	[Data/CharacterCreateSpeedStat.csv is loading...]
00:50:42	[LOG_INFO]	float_t,float_t,float_t
00:50:42	[LOG_INFO]	10.0 ,5.0 ,11.6 
00:50:42	[LOG_INFO]	12.0 ,3.0 ,11.8 
00:50:42	[LOG_INFO]	5.0 ,10.0 ,11.4 
00:50:42	[LOG_INFO]	13.0 ,2.0 ,12.0 
00:50:42	[LOG_INFO]	[Data/CharacterCreateSpeedStat.csv is loaded...]
00:50:42	[LOG_INFO]	[Data/CharacterSkill.csv is loading...]
00:50:42	[LOG_INFO]	int32_t,uint8_t,uint8_t,float_t,uint8_t,uint8_t,int64_t,uint8_t,int32_t,uint8_t,uint8_t,uint8_t,uint8_t,int32_t,int32_t,int32_t
00:50:42	[LOG_INFO]	0,1 ,0 ,0.0 ,1 ,0 ,766 ,2 ,1 ,6 ,4 ,0 ,4 ,1100 ,0 ,0 
00:50:42	[LOG_INFO]	1,2 ,1 ,30.0 ,1 ,1 ,1166 ,2 ,1 ,6 ,4 ,0 ,1 ,1600 ,0 ,0 
00:50:42	[LOG_INFO]	2,2 ,2 ,25.0 ,1 ,2 ,666 ,3 ,1 ,7 ,5 ,0 ,1 ,1200 ,0 ,0 
00:50:42	[LOG_INFO]	3,1 ,0 ,0.0 ,1 ,3 ,333 ,2 ,1 ,6 ,4 ,0 ,3 ,700 ,0 ,0 
00:50:42	[LOG_INFO]	[Data/CharacterSkill.csv is loaded...]
00:50:42	[LOG_INFO]	[Data/CharacterLevel.csv is loading...]
00:50:42	[LOG_INFO]	int64_t,int32_t
00:50:42	[LOG_INFO]	100 ,0 
00:50:42	[LOG_INFO]	150 ,1 
00:50:42	[LOG_INFO]	500 ,1 
00:50:42	[LOG_INFO]	900 ,1 
00:50:42	[LOG_INFO]	1500 ,1 
00:50:42	[LOG_INFO]	2000 ,1 
00:50:42	[LOG_INFO]	3000 ,1 
00:50:42	[LOG_INFO]	5000 ,1 
00:50:42	[LOG_INFO]	8000 ,1 
00:50:42	[LOG_INFO]	10000 ,3 
00:50:42	[LOG_INFO]	14000 ,1 
00:50:42	[LOG_INFO]	18000 ,1 
00:50:42	[LOG_INFO]	20000 ,1 
00:50:42	[LOG_INFO]	23000 ,1 
00:50:42	[LOG_INFO]	25000 ,2 
00:50:42	[LOG_INFO]	40000 ,1 
00:50:42	[LOG_INFO]	45000 ,1 
00:50:42	[LOG_INFO]	48000 ,1 
00:50:42	[LOG_INFO]	50000 ,1 
00:50:42	[LOG_INFO]	60000 ,3 
00:50:42	[LOG_INFO]	80000 ,1 
00:50:42	[LOG_INFO]	82000 ,1 
00:50:42	[LOG_INFO]	85000 ,1 
00:50:42	[LOG_INFO]	90000 ,1 
00:50:42	[LOG_INFO]	120000 ,2 
00:50:42	[LOG_INFO]	140000 ,1 
00:50:42	[LOG_INFO]	180000 ,1 
00:50:42	[LOG_INFO]	200000 ,1 
00:50:42	[LOG_INFO]	250000 ,1 
00:50:42	[LOG_INFO]	290000 ,3 
00:50:42	[LOG_INFO]	330000 ,1 
00:50:42	[LOG_INFO]	400000 ,1 
00:50:42	[LOG_INFO]	430000 ,1 
00:50:42	[LOG_INFO]	480000 ,1 
00:50:42	[LOG_INFO]	520000 ,2 
00:50:42	[LOG_INFO]	550000 ,1 
00:50:42	[LOG_INFO]	580000 ,1 
00:50:42	[LOG_INFO]	630000 ,1 
00:50:42	[LOG_INFO]	650000 ,1 
00:50:42	[LOG_INFO]	680000 ,3 
00:50:42	[LOG_INFO]	720000 ,1 
00:50:42	[LOG_INFO]	770000 ,1 
00:50:42	[LOG_INFO]	850000 ,1 
00:50:42	[LOG_INFO]	900000 ,1 
00:50:42	[LOG_INFO]	1000000 ,2 
00:50:42	[LOG_INFO]	1300000 ,1 
00:50:42	[LOG_INFO]	1500000 ,1 
00:50:42	[LOG_INFO]	2000000 ,1 
00:50:42	[LOG_INFO]	3000000 ,1 
00:50:42	[LOG_INFO]	0 ,5 
00:50:42	[LOG_INFO]	[Data/CharacterLevel.csv is loaded...]
00:50:42	[LOG_INFO]	[Data/Map_000.csv is loading...]
00:50:42	[LOG_INFO]	MinX: -22 minY: -10 maxX: 51 maxY: -1
00:50:42	[LOG_INFO]	[Data/Map_000.csv is loaded...]
00:50:42	[LOG_DEBUG]	Server is Running...
00:50:42	[LOG_DEBUG]	[Thread Num]: 41
00:50:42	[LOG_DEBUG]	[Port]: 9000
00:51:26	[LOG_CONNECT]	oid(0)	[ip]: 127.0.0.1
00:51:26	[LOG_CONNECT]	AccountDB is Connected
00:51:26	[LOG_CONNECT]	WorldDB is Connected
00:51:26	[LOG_CONNECT]	GameDB is Connected
00:51:32	[LOG_CONNECT]	oid(1)	[ip]: 127.0.0.1
01:01:56	[LOG_INFO]	[DBConfig.csv is loading...]
01:01:56	[LOG_INFO]	string,string
01:01:56	[LOG_INFO]	World,112.145.214.226
01:01:56	[LOG_INFO]	Account,112.145.214.226
01:01:56	[LOG_INFO]	Game,112.145.214.226
01:01:56	[LOG_INFO]	[DBConfig.csv is loaded...]
01:01:56	[LOG_INFO]	[ServerConfig.csv is loading...]
01:01:56	[LOG_INFO]	string,int32_t,int32_t
01:01:56	[LOG_INFO]	Game,1,3000
01:01:56	[LOG_INFO]	[ServerConfig.csv is loaded...]
01:01:56	[LOG_CONNECT]	WorldDB is Connected
01:01:56	[LOG_DEBUG]	[Server Type]: Game
01:01:56	[LOG_DEBUG]	[GroupID]: 0
01:01:56	[LOG_DEBUG]	[WorldID]: 1
01:01:56	[LOG_DEBUG]	[ServerID]: 3000
01:01:56	[LOG_INFO]	[Data/CharacterAbilityByStat.csv is loading...]
01:01:56	[LOG_INFO]	uint8_t,uint8_t,uint8_t,uint8_t,uint8_t,uint8_t
01:01:56	[LOG_INFO]	8 ,2 ,10 ,0 ,7 ,3 
01:01:56	[LOG_INFO]	5 ,5 ,8 ,2 ,6 ,4 
01:01:56	[LOG_INFO]	3 ,7 ,0 ,10 ,3 ,7 
01:01:56	[LOG_INFO]	[Data/CharacterAbilityByStat.csv is loaded...]
01:01:56	[LOG_INFO]	[Data/CharacterCreateSpeedStat.csv is loading...]
01:01:56	[LOG_INFO]	float_t,float_t,float_t
01:01:56	[LOG_INFO]	10.0 ,5.0 ,11.6 
01:01:56	[LOG_INFO]	12.0 ,3.0 ,11.8 
01:01:56	[LOG_INFO]	5.0 ,10.0 ,11.4 
01:01:56	[LOG_INFO]	13.0 ,2.0 ,12.0 
01:01:56	[LOG_INFO]	[Data/CharacterCreateSpeedStat.csv is loaded...]
01:01:56	[LOG_INFO]	[Data/CharacterSkill.csv is loading...]
01:01:56	[LOG_INFO]	int32_t,uint8_t,uint8_t,float_t,uint8_t,uint8_t,int64_t,uint8_t,int32_t,uint8_t,uint8_t,uint8_t,uint8_t,int32_t,int32_t,int32_t
01:01:56	[LOG_INFO]	0,1 ,0 ,0.0 ,1 ,0 ,766 ,2 ,1 ,6 ,4 ,0 ,4 ,1100 ,0 ,0 
01:01:56	[LOG_INFO]	1,2 ,1 ,30.0 ,1 ,1 ,1166 ,2 ,1 ,6 ,4 ,0 ,1 ,1600 ,0 ,0 
01:01:56	[LOG_INFO]	2,2 ,2 ,25.0 ,1 ,2 ,666 ,3 ,1 ,7 ,5 ,0 ,1 ,1200 ,0 ,0 
01:01:56	[LOG_INFO]	3,1 ,0 ,0.0 ,1 ,3 ,333 ,2 ,1 ,6 ,4 ,0 ,3 ,700 ,0 ,0 
01:01:56	[LOG_INFO]	[Data/CharacterSkill.csv is loaded...]
01:01:56	[LOG_INFO]	[Data/CharacterLevel.csv is loading...]
01:01:56	[LOG_INFO]	int64_t,int32_t
01:01:56	[LOG_INFO]	100 ,0 
01:01:56	[LOG_INFO]	150 ,1 
01:01:56	[LOG_INFO]	500 ,1 
01:01:56	[LOG_INFO]	900 ,1 
01:01:56	[LOG_INFO]	1500 ,1 
01:01:56	[LOG_INFO]	2000 ,1 
01:01:56	[LOG_INFO]	3000 ,1 
01:01:56	[LOG_INFO]	5000 ,1 
01:01:56	[LOG_INFO]	8000 ,1 
01:01:56	[LOG_INFO]	10000 ,3 
01:01:56	[LOG_INFO]	14000 ,1 
01:01:56	[LOG_INFO]	18000 ,1 
01:01:56	[LOG_INFO]	20000 ,1 
01:01:56	[LOG_INFO]	23000 ,1 
01:01:56	[LOG_INFO]	25000 ,2 
01:01:56	[LOG_INFO]	40000 ,1 
01:01:56	[LOG_INFO]	45000 ,1 
01:01:56	[LOG_INFO]	48000 ,1 
01:01:56	[LOG_INFO]	50000 ,1 
01:01:56	[LOG_INFO]	60000 ,3 
01:01:56	[LOG_INFO]	80000 ,1 
01:01:56	[LOG_INFO]	82000 ,1 
01:01:56	[LOG_INFO]	85000 ,1 
01:01:56	[LOG_INFO]	90000 ,1 
01:01:56	[LOG_INFO]	120000 ,2 
01:01:56	[LOG_INFO]	140000 ,1 
01:01:56	[LOG_INFO]	180000 ,1 
01:01:56	[LOG_INFO]	200000 ,1 
01:01:56	[LOG_INFO]	250000 ,1 
01:01:56	[LOG_INFO]	290000 ,3 
01:01:56	[LOG_INFO]	330000 ,1 
01:01:56	[LOG_INFO]	400000 ,1 
01:01:56	[LOG_INFO]	430000 ,1 
01:01:56	[LOG_INFO]	480000 ,1 
01:01:56	[LOG_INFO]	520000 ,2 
01:01:56	[LOG_INFO]	550000 ,1 
01:01:56	[LOG_INFO]	580000 ,1 
01:01:56	[LOG_INFO]	630000 ,1 
01:01:56	[LOG_INFO]	650000 ,1 
01:01:56	[LOG_INFO]	680000 ,3 
01:01:56	[LOG_INFO]	720000 ,1 
01:01:56	[LOG_INFO]	770000 ,1 
01:01:56	[LOG_INFO]	850000 ,1 
01:01:56	[LOG_INFO]	900000 ,1 
01:01:56	[LOG_INFO]	1000000 ,2 
01:01:56	[LOG_INFO]	1300000 ,1 
01:01:56	[LOG_INFO]	1500000 ,1 
01:01:56	[LOG_INFO]	2000000 ,1 
01:01:56	[LOG_INFO]	3000000 ,1 
01:01:56	[LOG_INFO]	0 ,5 
01:01:56	[LOG_INFO]	[Data/CharacterLevel.csv is loaded...]
01:01:56	[LOG_INFO]	[Data/Map_000.csv is loading...]
01:01:56	[LOG_INFO]	MinX: -22 minY: -10 maxX: 51 maxY: -1
01:01:56	[LOG_INFO]	[Data/Map_000.csv is loaded...]
01:01:56	[LOG_DEBUG]	Server is Running...
01:01:56	[LOG_DEBUG]	[Thread Num]: 41
01:01:56	[LOG_DEBUG]	[Port]: 9000
01:02:32	[LOG_CONNECT]	oid(0)	[ip]: 127.0.0.1
01:02:32	[LOG_CONNECT]	AccountDB is Connected
01:02:32	[LOG_CONNECT]	WorldDB is Connected
01:02:32	[LOG_CONNECT]	GameDB is Connected
01:02:39	[LOG_CONNECT]	oid(1)	[ip]: 127.0.0.1
01:02:39	[LOG_CONNECT]	AccountDB is Connected
01:02:39	[LOG_CONNECT]	WorldDB is Connected
01:02:39	[LOG_CONNECT]	GameDB is Connected
01:02:54	[LOG_DISCONNECT]	oid(1)	
01:02:55	[LOG_DISCONNECT]	oid(0)	
01:03:10	[LOG_INFO]	[DBConfig.csv is loading...]
01:03:10	[LOG_INFO]	string,string
01:03:10	[LOG_INFO]	World,112.145.214.226
01:03:10	[LOG_INFO]	Account,112.145.214.226
01:03:10	[LOG_INFO]	Game,112.145.214.226
01:03:10	[LOG_INFO]	[DBConfig.csv is loaded...]
01:03:10	[LOG_INFO]	[ServerConfig.csv is loading...]
01:03:10	[LOG_INFO]	string,int32_t,int32_t
01:03:10	[LOG_INFO]	Game,1,3000
01:03:10	[LOG_INFO]	[ServerConfig.csv is loaded...]
01:03:10	[LOG_CONNECT]	WorldDB is Connected
01:03:10	[LOG_DEBUG]	[Server Type]: Game
01:03:10	[LOG_DEBUG]	[GroupID]: 0
01:03:10	[LOG_DEBUG]	[WorldID]: 1
01:03:10	[LOG_DEBUG]	[ServerID]: 3000
01:03:10	[LOG_INFO]	[Data/CharacterAbilityByStat.csv is loading...]
01:03:10	[LOG_INFO]	uint8_t,uint8_t,uint8_t,uint8_t,uint8_t,uint8_t
01:03:10	[LOG_INFO]	8 ,2 ,10 ,0 ,7 ,3 
01:03:10	[LOG_INFO]	5 ,5 ,8 ,2 ,6 ,4 
01:03:10	[LOG_INFO]	3 ,7 ,0 ,10 ,3 ,7 
01:03:10	[LOG_INFO]	[Data/CharacterAbilityByStat.csv is loaded...]
01:03:10	[LOG_INFO]	[Data/CharacterCreateSpeedStat.csv is loading...]
01:03:10	[LOG_INFO]	float_t,float_t,float_t
01:03:10	[LOG_INFO]	10.0 ,5.0 ,11.6 
01:03:10	[LOG_INFO]	12.0 ,3.0 ,11.8 
01:03:10	[LOG_INFO]	5.0 ,10.0 ,11.4 
01:03:10	[LOG_INFO]	13.0 ,2.0 ,12.0 
01:03:10	[LOG_INFO]	[Data/CharacterCreateSpeedStat.csv is loaded...]
01:03:10	[LOG_INFO]	[Data/CharacterSkill.csv is loading...]
01:03:10	[LOG_INFO]	int32_t,uint8_t,uint8_t,float_t,uint8_t,uint8_t,int64_t,uint8_t,int32_t,uint8_t,uint8_t,uint8_t,uint8_t,int32_t,int32_t,int32_t
01:03:10	[LOG_INFO]	0,1 ,0 ,0.0 ,1 ,0 ,766 ,2 ,1 ,6 ,4 ,0 ,4 ,1100 ,0 ,0 
01:03:10	[LOG_INFO]	1,2 ,1 ,30.0 ,1 ,1 ,1166 ,2 ,1 ,6 ,4 ,0 ,1 ,1600 ,0 ,0 
01:03:10	[LOG_INFO]	2,2 ,2 ,25.0 ,1 ,2 ,666 ,3 ,1 ,7 ,5 ,0 ,1 ,1200 ,0 ,0 
01:03:10	[LOG_INFO]	3,1 ,0 ,0.0 ,1 ,3 ,333 ,2 ,1 ,6 ,4 ,0 ,3 ,700 ,0 ,0 
01:03:10	[LOG_INFO]	[Data/CharacterSkill.csv is loaded...]
01:03:10	[LOG_INFO]	[Data/CharacterLevel.csv is loading...]
01:03:10	[LOG_INFO]	int64_t,int32_t
01:03:10	[LOG_INFO]	100 ,0 
01:03:10	[LOG_INFO]	150 ,1 
01:03:10	[LOG_INFO]	500 ,1 
01:03:10	[LOG_INFO]	900 ,1 
01:03:10	[LOG_INFO]	1500 ,1 
01:03:10	[LOG_INFO]	2000 ,1 
01:03:10	[LOG_INFO]	3000 ,1 
01:03:10	[LOG_INFO]	5000 ,1 
01:03:10	[LOG_INFO]	8000 ,1 
01:03:10	[LOG_INFO]	10000 ,3 
01:03:10	[LOG_INFO]	14000 ,1 
01:03:10	[LOG_INFO]	18000 ,1 
01:03:10	[LOG_INFO]	20000 ,1 
01:03:10	[LOG_INFO]	23000 ,1 
01:03:10	[LOG_INFO]	25000 ,2 
01:03:10	[LOG_INFO]	40000 ,1 
01:03:10	[LOG_INFO]	45000 ,1 
01:03:10	[LOG_INFO]	48000 ,1 
01:03:10	[LOG_INFO]	50000 ,1 
01:03:10	[LOG_INFO]	60000 ,3 
01:03:10	[LOG_INFO]	80000 ,1 
01:03:10	[LOG_INFO]	82000 ,1 
01:03:10	[LOG_INFO]	85000 ,1 
01:03:10	[LOG_INFO]	90000 ,1 
01:03:10	[LOG_INFO]	120000 ,2 
01:03:10	[LOG_INFO]	140000 ,1 
01:03:10	[LOG_INFO]	180000 ,1 
01:03:10	[LOG_INFO]	200000 ,1 
01:03:10	[LOG_INFO]	250000 ,1 
01:03:10	[LOG_INFO]	290000 ,3 
01:03:10	[LOG_INFO]	330000 ,1 
01:03:10	[LOG_INFO]	400000 ,1 
01:03:10	[LOG_INFO]	430000 ,1 
01:03:10	[LOG_INFO]	480000 ,1 
01:03:10	[LOG_INFO]	520000 ,2 
01:03:10	[LOG_INFO]	550000 ,1 
01:03:10	[LOG_INFO]	580000 ,1 
01:03:10	[LOG_INFO]	630000 ,1 
01:03:10	[LOG_INFO]	650000 ,1 
01:03:10	[LOG_INFO]	680000 ,3 
01:03:10	[LOG_INFO]	720000 ,1 
01:03:10	[LOG_INFO]	770000 ,1 
01:03:10	[LOG_INFO]	850000 ,1 
01:03:10	[LOG_INFO]	900000 ,1 
01:03:10	[LOG_INFO]	1000000 ,2 
01:03:10	[LOG_INFO]	1300000 ,1 
01:03:10	[LOG_INFO]	1500000 ,1 
01:03:10	[LOG_INFO]	2000000 ,1 
01:03:10	[LOG_INFO]	3000000 ,1 
01:03:10	[LOG_INFO]	0 ,5 
01:03:10	[LOG_INFO]	[Data/CharacterLevel.csv is loaded...]
01:03:10	[LOG_INFO]	[Data/Map_000.csv is loading...]
01:03:10	[LOG_INFO]	MinX: -22 minY: -10 maxX: 51 maxY: -1
01:03:10	[LOG_INFO]	[Data/Map_000.csv is loaded...]
01:03:10	[LOG_DEBUG]	Server is Running...
01:03:10	[LOG_DEBUG]	[Thread Num]: 41
01:03:10	[LOG_DEBUG]	[Port]: 9000
01:03:33	[LOG_CONNECT]	oid(0)	[ip]: 127.0.0.1
01:03:33	[LOG_CONNECT]	AccountDB is Connected
01:03:33	[LOG_CONNECT]	WorldDB is Connected
01:03:33	[LOG_CONNECT]	GameDB is Connected
01:03:39	[LOG_CONNECT]	oid(1)	[ip]: 127.0.0.1
01:05:41	[LOG_DISCONNECT]	oid(0)	
01:05:41	[LOG_CONNECT]	GameDB is Connected
01:06:02	[LOG_CONNECT]	oid(2)	[ip]: 127.0.0.1
01:06:02	[LOG_DISCONNECT]	oid(2)	
01:06:04	[LOG_DISCONNECT]	oid(1)	
01:06:04	[LOG_CONNECT]	GameDB is Connected
01:06:12	[LOG_CONNECT]	oid(3)	[ip]: 127.0.0.1
01:06:14	[LOG_CONNECT]	oid(4)	[ip]: 127.0.0.1
01:06:14	[LOG_CONNECT]	WorldDB is Connected
01:06:14	[LOG_CONNECT]	AccountDB is Connected
01:06:14	[LOG_DISCONNECT]	oid(3)	
01:06:26	[LOG_CONNECT]	oid(5)	[ip]: 127.0.0.1
01:06:49	[LOG_DISCONNECT]	oid(5)	
01:07:00	[LOG_CONNECT]	oid(6)	[ip]: 127.0.0.1
01:07:12	[LOG_DISCONNECT]	oid(4)	
01:07:12	[LOG_CONNECT]	GameDB is Connected
01:07:26	[LOG_CONNECT]	oid(7)	[ip]: 127.0.0.1
01:07:26	[LOG_CONNECT]	WorldDB is Connected
01:07:26	[LOG_CONNECT]	AccountDB is Connected
01:11:26	[LOG_DISCONNECT]	oid(7)	
01:11:26	[LOG_CONNECT]	GameDB is Connected
01:11:26	[LOG_DISCONNECT]	oid(6)	
01:18:02	[LOG_INFO]	[DBConfig.csv is loading...]
01:18:02	[LOG_INFO]	string,string
01:18:02	[LOG_INFO]	World,112.145.214.226
01:18:02	[LOG_INFO]	Account,112.145.214.226
01:18:02	[LOG_INFO]	Game,112.145.214.226
01:18:02	[LOG_INFO]	[DBConfig.csv is loaded...]
01:18:02	[LOG_INFO]	[ServerConfig.csv is loading...]
01:18:02	[LOG_INFO]	string,int32_t,int32_t
01:18:02	[LOG_INFO]	Game,1,3000
01:18:02	[LOG_INFO]	[ServerConfig.csv is loaded...]
01:18:02	[LOG_CONNECT]	WorldDB is Connected
01:18:02	[LOG_DEBUG]	[Server Type]: Game
01:18:02	[LOG_DEBUG]	[GroupID]: 0
01:18:02	[LOG_DEBUG]	[WorldID]: 1
01:18:02	[LOG_DEBUG]	[ServerID]: 3000
01:18:02	[LOG_INFO]	[Data/CharacterAbilityByStat.csv is loading...]
01:18:02	[LOG_INFO]	uint8_t,uint8_t,uint8_t,uint8_t,uint8_t,uint8_t
01:18:02	[LOG_INFO]	8 ,2 ,10 ,0 ,7 ,3 
01:18:02	[LOG_INFO]	5 ,5 ,8 ,2 ,6 ,4 
01:18:02	[LOG_INFO]	3 ,7 ,0 ,10 ,3 ,7 
01:18:02	[LOG_INFO]	[Data/CharacterAbilityByStat.csv is loaded...]
01:18:02	[LOG_INFO]	[Data/CharacterCreateSpeedStat.csv is loading...]
01:18:02	[LOG_INFO]	float_t,float_t,float_t
01:18:02	[LOG_INFO]	10.0 ,5.0 ,11.6 
01:18:02	[LOG_INFO]	12.0 ,3.0 ,11.8 
01:18:02	[LOG_INFO]	5.0 ,10.0 ,11.4 
01:18:02	[LOG_INFO]	13.0 ,2.0 ,12.0 
01:18:02	[LOG_INFO]	[Data/CharacterCreateSpeedStat.csv is loaded...]
01:18:02	[LOG_INFO]	[Data/CharacterSkill.csv is loading...]
01:18:02	[LOG_INFO]	int32_t,uint8_t,uint8_t,float_t,uint8_t,uint8_t,int64_t,uint8_t,int32_t,uint8_t,uint8_t,uint8_t,uint8_t,int32_t,int32_t,int32_t
01:18:02	[LOG_INFO]	0,1 ,0 ,0.0 ,1 ,0 ,766 ,2 ,1 ,6 ,4 ,0 ,4 ,1100 ,0 ,0 
01:18:02	[LOG_INFO]	1,2 ,1 ,30.0 ,1 ,1 ,1166 ,2 ,1 ,6 ,4 ,0 ,1 ,1600 ,0 ,0 
01:18:02	[LOG_INFO]	2,2 ,2 ,25.0 ,1 ,2 ,666 ,3 ,1 ,7 ,5 ,0 ,1 ,1200 ,0 ,0 
01:18:02	[LOG_INFO]	3,1 ,0 ,0.0 ,1 ,3 ,333 ,2 ,1 ,6 ,4 ,0 ,3 ,700 ,0 ,0 
01:18:02	[LOG_INFO]	[Data/CharacterSkill.csv is loaded...]
01:18:02	[LOG_INFO]	[Data/CharacterLevel.csv is loading...]
01:18:02	[LOG_INFO]	int64_t,int32_t
01:18:02	[LOG_INFO]	100 ,0 
01:18:02	[LOG_INFO]	150 ,1 
01:18:02	[LOG_INFO]	500 ,1 
01:18:02	[LOG_INFO]	900 ,1 
01:18:02	[LOG_INFO]	1500 ,1 
01:18:02	[LOG_INFO]	2000 ,1 
01:18:02	[LOG_INFO]	3000 ,1 
01:18:02	[LOG_INFO]	5000 ,1 
01:18:02	[LOG_INFO]	8000 ,1 
01:18:02	[LOG_INFO]	10000 ,3 
01:18:02	[LOG_INFO]	14000 ,1 
01:18:02	[LOG_INFO]	18000 ,1 
01:18:02	[LOG_INFO]	20000 ,1 
01:18:02	[LOG_INFO]	23000 ,1 
01:18:02	[LOG_INFO]	25000 ,2 
01:18:02	[LOG_INFO]	40000 ,1 
01:18:02	[LOG_INFO]	45000 ,1 
01:18:02	[LOG_INFO]	48000 ,1 
01:18:02	[LOG_INFO]	50000 ,1 
01:18:02	[LOG_INFO]	60000 ,3 
01:18:02	[LOG_INFO]	80000 ,1 
01:18:02	[LOG_INFO]	82000 ,1 
01:18:02	[LOG_INFO]	85000 ,1 
01:18:02	[LOG_INFO]	90000 ,1 
01:18:02	[LOG_INFO]	120000 ,2 
01:18:02	[LOG_INFO]	140000 ,1 
01:18:02	[LOG_INFO]	180000 ,1 
01:18:02	[LOG_INFO]	200000 ,1 
01:18:02	[LOG_INFO]	250000 ,1 
01:18:02	[LOG_INFO]	290000 ,3 
01:18:02	[LOG_INFO]	330000 ,1 
01:18:02	[LOG_INFO]	400000 ,1 
01:18:02	[LOG_INFO]	430000 ,1 
01:18:02	[LOG_INFO]	480000 ,1 
01:18:02	[LOG_INFO]	520000 ,2 
01:18:02	[LOG_INFO]	550000 ,1 
01:18:02	[LOG_INFO]	580000 ,1 
01:18:02	[LOG_INFO]	630000 ,1 
01:18:02	[LOG_INFO]	650000 ,1 
01:18:02	[LOG_INFO]	680000 ,3 
01:18:02	[LOG_INFO]	720000 ,1 
01:18:02	[LOG_INFO]	770000 ,1 
01:18:02	[LOG_INFO]	850000 ,1 
01:18:02	[LOG_INFO]	900000 ,1 
01:18:02	[LOG_INFO]	1000000 ,2 
01:18:02	[LOG_INFO]	1300000 ,1 
01:18:02	[LOG_INFO]	1500000 ,1 
01:18:02	[LOG_INFO]	2000000 ,1 
01:18:02	[LOG_INFO]	3000000 ,1 
01:18:02	[LOG_INFO]	0 ,5 
01:18:02	[LOG_INFO]	[Data/CharacterLevel.csv is loaded...]
01:18:02	[LOG_INFO]	[Data/Map_000.csv is loading...]
01:18:02	[LOG_INFO]	MinX: -22 minY: -10 maxX: 51 maxY: -1
01:18:02	[LOG_INFO]	[Data/Map_000.csv is loaded...]
01:18:02	[LOG_DEBUG]	Server is Running...
01:18:02	[LOG_DEBUG]	[Thread Num]: 41
01:18:02	[LOG_DEBUG]	[Port]: 9000
01:18:52	[LOG_CONNECT]	oid(0)	[ip]: 127.0.0.1
01:18:52	[LOG_CONNECT]	AccountDB is Connected
01:18:52	[LOG_CONNECT]	WorldDB is Connected
01:18:52	[LOG_CONNECT]	GameDB is Connected
01:18:57	[LOG_CONNECT]	oid(1)	[ip]: 127.0.0.1
01:18:57	[LOG_CONNECT]	AccountDB is Connected
01:18:57	[LOG_CONNECT]	WorldDB is Connected
01:18:57	[LOG_CONNECT]	GameDB is Connected
01:20:33	[LOG_DISCONNECT]	oid(1)	
01:20:33	[LOG_CONNECT]	GameDB is Connected
01:20:34	[LOG_DISCONNECT]	oid(0)	
01:20:51	[LOG_CONNECT]	oid(2)	[ip]: 127.0.0.1
01:20:51	[LOG_CONNECT]	WorldDB is Connected
01:21:12	[LOG_CONNECT]	AccountDB is Connected
01:21:24	[LOG_CONNECT]	oid(3)	[ip]: 127.0.0.1
01:21:24	[LOG_CONNECT]	WorldDB is Connected
01:21:24	[LOG_CONNECT]	GameDB is Connected
01:21:36	[LOG_CONNECT]	AccountDB is Connected
01:23:42	[LOG_DISCONNECT]	oid(3)	
01:23:42	[LOG_CONNECT]	GameDB is Connected
01:23:42	[LOG_DISCONNECT]	oid(2)	
01:24:19	[LOG_INFO]	[DBConfig.csv is loading...]
01:24:19	[LOG_INFO]	string,string
01:24:19	[LOG_INFO]	World,112.145.214.226
01:24:19	[LOG_INFO]	Account,112.145.214.226
01:24:19	[LOG_INFO]	Game,112.145.214.226
01:24:19	[LOG_INFO]	[DBConfig.csv is loaded...]
01:24:19	[LOG_INFO]	[ServerConfig.csv is loading...]
01:24:19	[LOG_INFO]	string,int32_t,int32_t
01:24:19	[LOG_INFO]	Game,1,3000
01:24:19	[LOG_INFO]	[ServerConfig.csv is loaded...]
01:24:19	[LOG_CONNECT]	WorldDB is Connected
01:24:19	[LOG_DEBUG]	[Server Type]: Game
01:24:19	[LOG_DEBUG]	[GroupID]: 0
01:24:19	[LOG_DEBUG]	[WorldID]: 1
01:24:19	[LOG_DEBUG]	[ServerID]: 3000
01:24:19	[LOG_INFO]	[Data/CharacterAbilityByStat.csv is loading...]
01:24:19	[LOG_INFO]	uint8_t,uint8_t,uint8_t,uint8_t,uint8_t,uint8_t
01:24:19	[LOG_INFO]	8 ,2 ,10 ,0 ,7 ,3 
01:24:19	[LOG_INFO]	5 ,5 ,8 ,2 ,6 ,4 
01:24:19	[LOG_INFO]	3 ,7 ,0 ,10 ,3 ,7 
01:24:19	[LOG_INFO]	[Data/CharacterAbilityByStat.csv is loaded...]
01:24:19	[LOG_INFO]	[Data/CharacterCreateSpeedStat.csv is loading...]
01:24:19	[LOG_INFO]	float_t,float_t,float_t
01:24:19	[LOG_INFO]	10.0 ,5.0 ,11.6 
01:24:19	[LOG_INFO]	12.0 ,3.0 ,11.8 
01:24:19	[LOG_INFO]	5.0 ,10.0 ,11.4 
01:24:19	[LOG_INFO]	13.0 ,2.0 ,12.0 
01:24:19	[LOG_INFO]	[Data/CharacterCreateSpeedStat.csv is loaded...]
01:24:19	[LOG_INFO]	[Data/CharacterSkill.csv is loading...]
01:24:19	[LOG_INFO]	int32_t,uint8_t,uint8_t,float_t,uint8_t,uint8_t,int64_t,uint8_t,int32_t,uint8_t,uint8_t,uint8_t,uint8_t,int32_t,int32_t,int32_t
01:24:19	[LOG_INFO]	0,1 ,0 ,0.0 ,1 ,0 ,766 ,2 ,1 ,6 ,4 ,0 ,4 ,1100 ,0 ,0 
01:24:19	[LOG_INFO]	1,2 ,1 ,30.0 ,1 ,1 ,1166 ,2 ,1 ,6 ,4 ,0 ,1 ,1600 ,0 ,0 
01:24:19	[LOG_INFO]	2,2 ,2 ,25.0 ,1 ,2 ,666 ,3 ,1 ,7 ,5 ,0 ,1 ,1200 ,0 ,0 
01:24:19	[LOG_INFO]	3,1 ,0 ,0.0 ,1 ,3 ,333 ,2 ,1 ,6 ,4 ,0 ,3 ,700 ,0 ,0 
01:24:19	[LOG_INFO]	[Data/CharacterSkill.csv is loaded...]
01:24:19	[LOG_INFO]	[Data/CharacterLevel.csv is loading...]
01:24:19	[LOG_INFO]	int64_t,int32_t
01:24:19	[LOG_INFO]	100 ,0 
01:24:19	[LOG_INFO]	150 ,1 
01:24:19	[LOG_INFO]	500 ,1 
01:24:19	[LOG_INFO]	900 ,1 
01:24:19	[LOG_INFO]	1500 ,1 
01:24:19	[LOG_INFO]	2000 ,1 
01:24:19	[LOG_INFO]	3000 ,1 
01:24:19	[LOG_INFO]	5000 ,1 
01:24:19	[LOG_INFO]	8000 ,1 
01:24:19	[LOG_INFO]	10000 ,3 
01:24:19	[LOG_INFO]	14000 ,1 
01:24:19	[LOG_INFO]	18000 ,1 
01:24:19	[LOG_INFO]	20000 ,1 
01:24:19	[LOG_INFO]	23000 ,1 
01:24:19	[LOG_INFO]	25000 ,2 
01:24:19	[LOG_INFO]	40000 ,1 
01:24:19	[LOG_INFO]	45000 ,1 
01:24:19	[LOG_INFO]	48000 ,1 
01:24:19	[LOG_INFO]	50000 ,1 
01:24:19	[LOG_INFO]	60000 ,3 
01:24:19	[LOG_INFO]	80000 ,1 
01:24:19	[LOG_INFO]	82000 ,1 
01:24:19	[LOG_INFO]	85000 ,1 
01:24:19	[LOG_INFO]	90000 ,1 
01:24:19	[LOG_INFO]	120000 ,2 
01:24:19	[LOG_INFO]	140000 ,1 
01:24:19	[LOG_INFO]	180000 ,1 
01:24:19	[LOG_INFO]	200000 ,1 
01:24:19	[LOG_INFO]	250000 ,1 
01:24:19	[LOG_INFO]	290000 ,3 
01:24:19	[LOG_INFO]	330000 ,1 
01:24:19	[LOG_INFO]	400000 ,1 
01:24:19	[LOG_INFO]	430000 ,1 
01:24:19	[LOG_INFO]	480000 ,1 
01:24:19	[LOG_INFO]	520000 ,2 
01:24:19	[LOG_INFO]	550000 ,1 
01:24:19	[LOG_INFO]	580000 ,1 
01:24:19	[LOG_INFO]	630000 ,1 
01:24:19	[LOG_INFO]	650000 ,1 
01:24:19	[LOG_INFO]	680000 ,3 
01:24:19	[LOG_INFO]	720000 ,1 
01:24:19	[LOG_INFO]	770000 ,1 
01:24:19	[LOG_INFO]	850000 ,1 
01:24:19	[LOG_INFO]	900000 ,1 
01:24:19	[LOG_INFO]	1000000 ,2 
01:24:19	[LOG_INFO]	1300000 ,1 
01:24:19	[LOG_INFO]	1500000 ,1 
01:24:19	[LOG_INFO]	2000000 ,1 
01:24:19	[LOG_INFO]	3000000 ,1 
01:24:19	[LOG_INFO]	0 ,5 
01:24:19	[LOG_INFO]	[Data/CharacterLevel.csv is loaded...]
01:24:19	[LOG_INFO]	[Data/Map_000.csv is loading...]
01:24:19	[LOG_INFO]	MinX: -22 minY: -10 maxX: 51 maxY: -1
01:24:19	[LOG_INFO]	[Data/Map_000.csv is loaded...]
01:24:19	[LOG_DEBUG]	Server is Running...
01:24:19	[LOG_DEBUG]	[Thread Num]: 41
01:24:19	[LOG_DEBUG]	[Port]: 9000
01:24:36	[LOG_CONNECT]	oid(0)	[ip]: 127.0.0.1
01:24:36	[LOG_CONNECT]	AccountDB is Connected
01:24:36	[LOG_CONNECT]	WorldDB is Connected
01:24:36	[LOG_CONNECT]	GameDB is Connected
01:25:04	[LOG_CONNECT]	oid(1)	[ip]: 127.0.0.1
01:31:23	[LOG_INFO]	[DBConfig.csv is loading...]
01:31:23	[LOG_INFO]	string,string
01:31:23	[LOG_INFO]	World,112.145.214.226
01:31:23	[LOG_INFO]	Account,112.145.214.226
01:31:23	[LOG_INFO]	Game,112.145.214.226
01:31:23	[LOG_INFO]	[DBConfig.csv is loaded...]
01:31:23	[LOG_INFO]	[ServerConfig.csv is loading...]
01:31:23	[LOG_INFO]	string,int32_t,int32_t
01:31:23	[LOG_INFO]	Game,1,3000
01:31:23	[LOG_INFO]	[ServerConfig.csv is loaded...]
01:31:23	[LOG_CONNECT]	WorldDB is Connected
01:31:23	[LOG_DEBUG]	[Server Type]: Game
01:31:23	[LOG_DEBUG]	[GroupID]: 0
01:31:23	[LOG_DEBUG]	[WorldID]: 1
01:31:23	[LOG_DEBUG]	[ServerID]: 3000
01:31:23	[LOG_INFO]	[Data/CharacterAbilityByStat.csv is loading...]
01:31:23	[LOG_INFO]	uint8_t,uint8_t,uint8_t,uint8_t,uint8_t,uint8_t
01:31:23	[LOG_INFO]	8 ,2 ,10 ,0 ,7 ,3 
01:31:23	[LOG_INFO]	5 ,5 ,8 ,2 ,6 ,4 
01:31:23	[LOG_INFO]	3 ,7 ,0 ,10 ,3 ,7 
01:31:23	[LOG_INFO]	[Data/CharacterAbilityByStat.csv is loaded...]
01:31:23	[LOG_INFO]	[Data/CharacterCreateSpeedStat.csv is loading...]
01:31:23	[LOG_INFO]	float_t,float_t,float_t
01:31:23	[LOG_INFO]	10.0 ,5.0 ,11.6 
01:31:23	[LOG_INFO]	12.0 ,3.0 ,11.8 
01:31:23	[LOG_INFO]	5.0 ,10.0 ,11.4 
01:31:23	[LOG_INFO]	13.0 ,2.0 ,12.0 
01:31:23	[LOG_INFO]	[Data/CharacterCreateSpeedStat.csv is loaded...]
01:31:23	[LOG_INFO]	[Data/CharacterSkill.csv is loading...]
01:31:23	[LOG_INFO]	int32_t,uint8_t,uint8_t,float_t,uint8_t,uint8_t,int64_t,uint8_t,int32_t,uint8_t,uint8_t,uint8_t,uint8_t,int32_t,int32_t,int32_t
01:31:23	[LOG_INFO]	0,1 ,0 ,0.0 ,1 ,0 ,766 ,2 ,1 ,6 ,4 ,0 ,4 ,1100 ,0 ,0 
01:31:23	[LOG_INFO]	1,2 ,1 ,30.0 ,1 ,1 ,1166 ,2 ,1 ,6 ,4 ,0 ,1 ,1600 ,0 ,0 
01:31:23	[LOG_INFO]	2,2 ,2 ,25.0 ,1 ,2 ,666 ,3 ,1 ,7 ,5 ,0 ,1 ,1200 ,0 ,0 
01:31:23	[LOG_INFO]	3,1 ,0 ,0.0 ,1 ,3 ,333 ,2 ,1 ,6 ,4 ,0 ,3 ,700 ,0 ,0 
01:31:23	[LOG_INFO]	[Data/CharacterSkill.csv is loaded...]
01:31:23	[LOG_INFO]	[Data/CharacterLevel.csv is loading...]
01:31:23	[LOG_INFO]	int64_t,int32_t
01:31:23	[LOG_INFO]	100 ,0 
01:31:23	[LOG_INFO]	150 ,1 
01:31:23	[LOG_INFO]	500 ,1 
01:31:23	[LOG_INFO]	900 ,1 
01:31:23	[LOG_INFO]	1500 ,1 
01:31:23	[LOG_INFO]	2000 ,1 
01:31:23	[LOG_INFO]	3000 ,1 
01:31:23	[LOG_INFO]	5000 ,1 
01:31:23	[LOG_INFO]	8000 ,1 
01:31:23	[LOG_INFO]	10000 ,3 
01:31:23	[LOG_INFO]	14000 ,1 
01:31:23	[LOG_INFO]	18000 ,1 
01:31:23	[LOG_INFO]	20000 ,1 
01:31:23	[LOG_INFO]	23000 ,1 
01:31:23	[LOG_INFO]	25000 ,2 
01:31:23	[LOG_INFO]	40000 ,1 
01:31:23	[LOG_INFO]	45000 ,1 
01:31:23	[LOG_INFO]	48000 ,1 
01:31:23	[LOG_INFO]	50000 ,1 
01:31:23	[LOG_INFO]	60000 ,3 
01:31:23	[LOG_INFO]	80000 ,1 
01:31:23	[LOG_INFO]	82000 ,1 
01:31:23	[LOG_INFO]	85000 ,1 
01:31:23	[LOG_INFO]	90000 ,1 
01:31:23	[LOG_INFO]	120000 ,2 
01:31:23	[LOG_INFO]	140000 ,1 
01:31:23	[LOG_INFO]	180000 ,1 
01:31:23	[LOG_INFO]	200000 ,1 
01:31:23	[LOG_INFO]	250000 ,1 
01:31:23	[LOG_INFO]	290000 ,3 
01:31:23	[LOG_INFO]	330000 ,1 
01:31:23	[LOG_INFO]	400000 ,1 
01:31:23	[LOG_INFO]	430000 ,1 
01:31:23	[LOG_INFO]	480000 ,1 
01:31:23	[LOG_INFO]	520000 ,2 
01:31:23	[LOG_INFO]	550000 ,1 
01:31:23	[LOG_INFO]	580000 ,1 
01:31:23	[LOG_INFO]	630000 ,1 
01:31:23	[LOG_INFO]	650000 ,1 
01:31:23	[LOG_INFO]	680000 ,3 
01:31:23	[LOG_INFO]	720000 ,1 
01:31:23	[LOG_INFO]	770000 ,1 
01:31:23	[LOG_INFO]	850000 ,1 
01:31:23	[LOG_INFO]	900000 ,1 
01:31:23	[LOG_INFO]	1000000 ,2 
01:31:23	[LOG_INFO]	1300000 ,1 
01:31:23	[LOG_INFO]	1500000 ,1 
01:31:23	[LOG_INFO]	2000000 ,1 
01:31:23	[LOG_INFO]	3000000 ,1 
01:31:23	[LOG_INFO]	0 ,5 
01:31:23	[LOG_INFO]	[Data/CharacterLevel.csv is loaded...]
01:31:23	[LOG_INFO]	[Data/Map_000.csv is loading...]
01:31:23	[LOG_INFO]	MinX: -22 minY: -10 maxX: 51 maxY: -1
01:31:23	[LOG_INFO]	[Data/Map_000.csv is loaded...]
01:31:23	[LOG_DEBUG]	Server is Running...
01:31:23	[LOG_DEBUG]	[Thread Num]: 41
01:31:23	[LOG_DEBUG]	[Port]: 9000
01:33:38	[LOG_INFO]	[DBConfig.csv is loading...]
01:33:38	[LOG_INFO]	string,string
01:33:38	[LOG_INFO]	World,112.145.214.226
01:33:38	[LOG_INFO]	Account,112.145.214.226
01:33:38	[LOG_INFO]	Game,112.145.214.226
01:33:38	[LOG_INFO]	[DBConfig.csv is loaded...]
01:33:38	[LOG_INFO]	[ServerConfig.csv is loading...]
01:33:38	[LOG_INFO]	string,int32_t,int32_t
01:33:38	[LOG_INFO]	Game,1,3000
01:33:38	[LOG_INFO]	[ServerConfig.csv is loaded...]
01:33:38	[LOG_CONNECT]	WorldDB is Connected
01:33:38	[LOG_DEBUG]	[Server Type]: Game
01:33:38	[LOG_DEBUG]	[GroupID]: 0
01:33:38	[LOG_DEBUG]	[WorldID]: 1
01:33:38	[LOG_DEBUG]	[ServerID]: 3000
01:33:38	[LOG_INFO]	[Data/CharacterAbilityByStat.csv is loading...]
01:33:38	[LOG_INFO]	uint8_t,uint8_t,uint8_t,uint8_t,uint8_t,uint8_t
01:33:38	[LOG_INFO]	8 ,2 ,10 ,0 ,7 ,3 
01:33:38	[LOG_INFO]	5 ,5 ,8 ,2 ,6 ,4 
01:33:38	[LOG_INFO]	3 ,7 ,0 ,10 ,3 ,7 
01:33:38	[LOG_INFO]	[Data/CharacterAbilityByStat.csv is loaded...]
01:33:38	[LOG_INFO]	[Data/CharacterCreateSpeedStat.csv is loading...]
01:33:38	[LOG_INFO]	float_t,float_t,float_t
01:33:38	[LOG_INFO]	10.0 ,5.0 ,11.6 
01:33:38	[LOG_INFO]	12.0 ,3.0 ,11.8 
01:33:38	[LOG_INFO]	5.0 ,10.0 ,11.4 
01:33:38	[LOG_INFO]	13.0 ,2.0 ,12.0 
01:33:38	[LOG_INFO]	[Data/CharacterCreateSpeedStat.csv is loaded...]
01:33:38	[LOG_INFO]	[Data/CharacterSkill.csv is loading...]
01:33:38	[LOG_INFO]	int32_t,uint8_t,uint8_t,float_t,uint8_t,uint8_t,int64_t,uint8_t,int32_t,uint8_t,uint8_t,uint8_t,uint8_t,int32_t,int32_t,int32_t
01:33:38	[LOG_INFO]	0,1 ,0 ,0.0 ,1 ,0 ,766 ,2 ,1 ,6 ,4 ,0 ,4 ,1100 ,0 ,0 
01:33:38	[LOG_INFO]	1,2 ,1 ,30.0 ,1 ,1 ,1166 ,2 ,1 ,6 ,4 ,0 ,1 ,1600 ,0 ,0 
01:33:38	[LOG_INFO]	2,2 ,2 ,25.0 ,1 ,2 ,666 ,3 ,1 ,7 ,5 ,0 ,1 ,1200 ,0 ,0 
01:33:38	[LOG_INFO]	3,1 ,0 ,0.0 ,1 ,3 ,333 ,2 ,1 ,6 ,4 ,0 ,3 ,700 ,0 ,0 
01:33:38	[LOG_INFO]	[Data/CharacterSkill.csv is loaded...]
01:33:38	[LOG_INFO]	[Data/CharacterLevel.csv is loading...]
01:33:38	[LOG_INFO]	int64_t,int32_t
01:33:38	[LOG_INFO]	100 ,0 
01:33:38	[LOG_INFO]	150 ,1 
01:33:38	[LOG_INFO]	500 ,1 
01:33:38	[LOG_INFO]	900 ,1 
01:33:38	[LOG_INFO]	1500 ,1 
01:33:38	[LOG_INFO]	2000 ,1 
01:33:38	[LOG_INFO]	3000 ,1 
01:33:38	[LOG_INFO]	5000 ,1 
01:33:38	[LOG_INFO]	8000 ,1 
01:33:38	[LOG_INFO]	10000 ,3 
01:33:38	[LOG_INFO]	14000 ,1 
01:33:38	[LOG_INFO]	18000 ,1 
01:33:38	[LOG_INFO]	20000 ,1 
01:33:38	[LOG_INFO]	23000 ,1 
01:33:38	[LOG_INFO]	25000 ,2 
01:33:38	[LOG_INFO]	40000 ,1 
01:33:38	[LOG_INFO]	45000 ,1 
01:33:38	[LOG_INFO]	48000 ,1 
01:33:38	[LOG_INFO]	50000 ,1 
01:33:38	[LOG_INFO]	60000 ,3 
01:33:38	[LOG_INFO]	80000 ,1 
01:33:38	[LOG_INFO]	82000 ,1 
01:33:38	[LOG_INFO]	85000 ,1 
01:33:38	[LOG_INFO]	90000 ,1 
01:33:38	[LOG_INFO]	120000 ,2 
01:33:38	[LOG_INFO]	140000 ,1 
01:33:38	[LOG_INFO]	180000 ,1 
01:33:38	[LOG_INFO]	200000 ,1 
01:33:38	[LOG_INFO]	250000 ,1 
01:33:38	[LOG_INFO]	290000 ,3 
01:33:38	[LOG_INFO]	330000 ,1 
01:33:38	[LOG_INFO]	400000 ,1 
01:33:38	[LOG_INFO]	430000 ,1 
01:33:38	[LOG_INFO]	480000 ,1 
01:33:38	[LOG_INFO]	520000 ,2 
01:33:38	[LOG_INFO]	550000 ,1 
01:33:38	[LOG_INFO]	580000 ,1 
01:33:38	[LOG_INFO]	630000 ,1 
01:33:38	[LOG_INFO]	650000 ,1 
01:33:38	[LOG_INFO]	680000 ,3 
01:33:38	[LOG_INFO]	720000 ,1 
01:33:38	[LOG_INFO]	770000 ,1 
01:33:38	[LOG_INFO]	850000 ,1 
01:33:38	[LOG_INFO]	900000 ,1 
01:33:38	[LOG_INFO]	1000000 ,2 
01:33:38	[LOG_INFO]	1300000 ,1 
01:33:38	[LOG_INFO]	1500000 ,1 
01:33:38	[LOG_INFO]	2000000 ,1 
01:33:38	[LOG_INFO]	3000000 ,1 
01:33:38	[LOG_INFO]	0 ,5 
01:33:38	[LOG_INFO]	[Data/CharacterLevel.csv is loaded...]
01:33:38	[LOG_INFO]	[Data/Map_000.csv is loading...]
01:33:38	[LOG_INFO]	MinX: -22 minY: -10 maxX: 51 maxY: -1
01:33:38	[LOG_INFO]	[Data/Map_000.csv is loaded...]
01:33:39	[LOG_DEBUG]	Server is Running...
01:33:39	[LOG_DEBUG]	[Thread Num]: 41
01:33:39	[LOG_DEBUG]	[Port]: 9000
01:33:45	[LOG_CONNECT]	oid(0)	[ip]: 127.0.0.1
01:33:45	[LOG_CONNECT]	AccountDB is Connected
01:33:45	[LOG_CONNECT]	WorldDB is Connected
01:33:45	[LOG_CONNECT]	GameDB is Connected
01:34:06	[LOG_CONNECT]	oid(1)	[ip]: 127.0.0.1
01:34:33	[LOG_DISCONNECT]	oid(0)	
01:34:34	[LOG_DISCONNECT]	oid(1)	
