00:18:15	[LOG_INFO]	[DBConfig.csv is loading...]
00:18:15	[LOG_INFO]	string,string
00:18:15	[LOG_INFO]	World,112.145.214.226
00:18:15	[LOG_INFO]	Account,112.145.214.226
00:18:15	[LOG_INFO]	Game,112.145.214.226
00:18:15	[LOG_INFO]	[DBConfig.csv is loaded...]
00:18:15	[LOG_INFO]	[ServerConfig.csv is loading...]
00:18:15	[LOG_INFO]	string,int32_t,int32_t
00:18:15	[LOG_INFO]	Game,1,3000
00:18:15	[LOG_INFO]	[ServerConfig.csv is loaded...]
00:18:15	[LOG_CONNECT]	WorldDB is Connected
00:18:15	[LOG_DEBUG]	[Server Type]: Game
00:18:15	[LOG_DEBUG]	[GroupID]: 0
00:18:15	[LOG_DEBUG]	[WorldID]: 1
00:18:15	[LOG_DEBUG]	[ServerID]: 3000
00:18:15	[LOG_INFO]	[Data/CharacterAbilityByStat.csv is loading...]
00:18:15	[LOG_INFO]	uint8_t,uint8_t,uint8_t,uint8_t,uint8_t,uint8_t
00:18:15	[LOG_INFO]	8 ,2 ,10 ,0 ,7 ,3 
00:18:15	[LOG_INFO]	5 ,5 ,8 ,2 ,6 ,4 
00:18:15	[LOG_INFO]	3 ,7 ,0 ,10 ,3 ,7 
00:18:15	[LOG_INFO]	[Data/CharacterAbilityByStat.csv is loaded...]
00:18:15	[LOG_INFO]	[Data/CharacterCreateSpeedStat.csv is loading...]
00:18:15	[LOG_INFO]	float_t,float_t,float_t
00:18:15	[LOG_INFO]	10.0 ,5.0 ,11.6 
00:18:15	[LOG_INFO]	12.0 ,3.0 ,11.8 
00:18:15	[LOG_INFO]	5.0 ,10.0 ,11.4 
00:18:15	[LOG_INFO]	13.0 ,2.0 ,12.0 
00:18:15	[LOG_INFO]	[Data/CharacterCreateSpeedStat.csv is loaded...]
00:18:15	[LOG_INFO]	[Data/CharacterSkill.csv is loading...]
00:18:15	[LOG_INFO]	int32_t,uint8_t,uint8_t,int32_t,uint8_t,uint8_t,uint8_t,uint8_t,int32_t,int32_t,int32_t
00:18:15	[LOG_INFO]	0,0 ,2 ,1 ,6 ,4 ,0 ,4 ,1300 ,0 ,0 
00:18:15	[LOG_INFO]	1,1 ,2 ,1 ,6 ,4 ,0 ,1 ,1800 ,0 ,0 
00:18:15	[LOG_INFO]	2,2 ,3 ,1 ,7 ,5 ,0 ,1 ,1300 ,0 ,0 
00:18:15	[LOG_INFO]	3,3 ,2 ,1 ,6 ,4 ,0 ,3 ,900 ,0 ,0 
00:18:15	[LOG_INFO]	[Data/CharacterSkill.csv is loaded...]
00:18:15	[LOG_INFO]	[Data/Map_000.csv is loading...]
00:18:15	[LOG_INFO]	MinX: -22 minY: -10 maxX: 21 maxY: -1
00:18:15	[LOG_INFO]	[Data/Map_000.csv is loaded...]
00:18:15	[LOG_DEBUG]	Server is Running...
00:18:15	[LOG_DEBUG]	[Thread Num]: 41
00:18:15	[LOG_DEBUG]	[Port]: 9000
00:38:35	[LOG_CONNECT]	oid(0)	[ip]: 127.0.0.1
00:38:35	[LOG_CONNECT]	AccountDB is Connected
00:38:35	[LOG_CONNECT]	GameDB is Connected
00:38:57	[LOG_CONNECT]	oid(1)	[ip]: 127.0.0.1
00:39:57	[LOG_DISCONNECT]	oid(1)	
00:40:03	[LOG_DISCONNECT]	oid(0)	
00:40:20	[LOG_CONNECT]	oid(2)	[ip]: 127.0.0.1
00:41:14	[LOG_CONNECT]	oid(3)	[ip]: 127.0.0.1
00:41:28	[LOG_DISCONNECT]	oid(3)	
00:41:53	[LOG_DISCONNECT]	oid(2)	
00:42:04	[LOG_CONNECT]	oid(4)	[ip]: 127.0.0.1
00:42:04	[LOG_CONNECT]	GameDB is Connected
00:42:04	[LOG_CONNECT]	AccountDB is Connected
00:42:15	[LOG_CONNECT]	oid(5)	[ip]: 127.0.0.1
00:42:48	[LOG_DISCONNECT]	oid(4)	
00:42:58	[LOG_CONNECT]	oid(6)	[ip]: 127.0.0.1
00:43:42	[LOG_DISCONNECT]	oid(5)	
00:43:45	[LOG_DISCONNECT]	oid(6)	
00:45:28	[LOG_CONNECT]	oid(7)	[ip]: 127.0.0.1
00:45:42	[LOG_CONNECT]	oid(8)	[ip]: 127.0.0.1
00:46:17	[LOG_DISCONNECT]	oid(7)	
00:46:31	[LOG_CONNECT]	oid(9)	[ip]: 127.0.0.1
00:47:44	[LOG_DISCONNECT]	oid(9)	
00:47:53	[LOG_CONNECT]	oid(10)	[ip]: 127.0.0.1
00:48:36	[LOG_DISCONNECT]	oid(10)	
00:49:35	[LOG_CONNECT]	oid(11)	[ip]: 127.0.0.1
00:55:50	[LOG_DISCONNECT]	oid(11)	
00:55:52	[LOG_DISCONNECT]	oid(8)	
00:57:23	[LOG_CONNECT]	oid(12)	[ip]: 127.0.0.1
00:57:35	[LOG_CONNECT]	oid(13)	[ip]: 127.0.0.1
00:58:27	[LOG_DISCONNECT]	oid(12)	
00:58:32	[LOG_DISCONNECT]	oid(13)	
00:58:57	[LOG_CONNECT]	oid(14)	[ip]: 127.0.0.1
00:59:11	[LOG_CONNECT]	oid(15)	[ip]: 127.0.0.1
00:59:11	[LOG_DISCONNECT]	oid(15)	
00:59:20	[LOG_CONNECT]	oid(16)	[ip]: 127.0.0.1
00:59:21	[LOG_CONNECT]	oid(17)	[ip]: 127.0.0.1
00:59:21	[LOG_DISCONNECT]	oid(16)	
01:00:09	[LOG_DISCONNECT]	oid(14)	
01:00:11	[LOG_DISCONNECT]	oid(17)	
01:00:23	[LOG_CONNECT]	oid(18)	[ip]: 127.0.0.1
01:00:23	[LOG_CONNECT]	GameDB is Connected
01:00:23	[LOG_CONNECT]	AccountDB is Connected
01:00:29	[LOG_CONNECT]	oid(19)	[ip]: 127.0.0.1
01:02:11	[LOG_DISCONNECT]	oid(19)	
01:02:41	[LOG_DISCONNECT]	oid(18)	
01:02:50	[LOG_CONNECT]	oid(20)	[ip]: 127.0.0.1
01:02:50	[LOG_CONNECT]	GameDB is Connected
01:02:50	[LOG_CONNECT]	AccountDB is Connected
01:03:02	[LOG_CONNECT]	oid(21)	[ip]: 127.0.0.1
01:05:01	[LOG_DISCONNECT]	oid(21)	
01:05:03	[LOG_DISCONNECT]	oid(20)	
01:05:12	[LOG_CONNECT]	oid(22)	[ip]: 127.0.0.1
01:05:12	[LOG_CONNECT]	GameDB is Connected
01:05:12	[LOG_CONNECT]	AccountDB is Connected
01:05:18	[LOG_CONNECT]	oid(23)	[ip]: 127.0.0.1
01:07:00	[LOG_INFO]	[DBConfig.csv is loading...]
01:07:00	[LOG_INFO]	string,string
01:07:00	[LOG_INFO]	World,112.145.214.226
01:07:00	[LOG_INFO]	Account,112.145.214.226
01:07:00	[LOG_INFO]	Game,112.145.214.226
01:07:00	[LOG_INFO]	[DBConfig.csv is loaded...]
01:07:00	[LOG_INFO]	[ServerConfig.csv is loading...]
01:07:00	[LOG_INFO]	string,int32_t,int32_t
01:07:00	[LOG_INFO]	Game,1,3000
01:07:00	[LOG_INFO]	[ServerConfig.csv is loaded...]
01:07:00	[LOG_CONNECT]	WorldDB is Connected
01:07:00	[LOG_DEBUG]	[Server Type]: Game
01:07:00	[LOG_DEBUG]	[GroupID]: 0
01:07:00	[LOG_DEBUG]	[WorldID]: 1
01:07:00	[LOG_DEBUG]	[ServerID]: 3000
01:07:00	[LOG_INFO]	[Data/CharacterAbilityByStat.csv is loading...]
01:07:00	[LOG_INFO]	uint8_t,uint8_t,uint8_t,uint8_t,uint8_t,uint8_t
01:07:00	[LOG_INFO]	8 ,2 ,10 ,0 ,7 ,3 
01:07:00	[LOG_INFO]	5 ,5 ,8 ,2 ,6 ,4 
01:07:00	[LOG_INFO]	3 ,7 ,0 ,10 ,3 ,7 
01:07:00	[LOG_INFO]	[Data/CharacterAbilityByStat.csv is loaded...]
01:07:00	[LOG_INFO]	[Data/CharacterCreateSpeedStat.csv is loading...]
01:07:00	[LOG_INFO]	float_t,float_t,float_t
01:07:00	[LOG_INFO]	10.0 ,5.0 ,11.6 
01:07:00	[LOG_INFO]	12.0 ,3.0 ,11.8 
01:07:00	[LOG_INFO]	5.0 ,10.0 ,11.4 
01:07:00	[LOG_INFO]	13.0 ,2.0 ,12.0 
01:07:00	[LOG_INFO]	[Data/CharacterCreateSpeedStat.csv is loaded...]
01:07:00	[LOG_INFO]	[Data/CharacterSkill.csv is loading...]
01:07:00	[LOG_INFO]	int32_t,uint8_t,uint8_t,int32_t,uint8_t,uint8_t,uint8_t,uint8_t,int32_t,int32_t,int32_t
01:07:00	[LOG_INFO]	0,0 ,2 ,1 ,6 ,4 ,0 ,4 ,1300 ,0 ,0 
01:07:00	[LOG_INFO]	1,1 ,2 ,1 ,6 ,4 ,0 ,1 ,1800 ,0 ,0 
01:07:00	[LOG_INFO]	2,2 ,3 ,1 ,7 ,5 ,0 ,1 ,1300 ,0 ,0 
01:07:00	[LOG_INFO]	3,3 ,2 ,1 ,6 ,4 ,0 ,3 ,900 ,0 ,0 
01:07:00	[LOG_INFO]	[Data/CharacterSkill.csv is loaded...]
01:07:00	[LOG_INFO]	[Data/Map_000.csv is loading...]
01:07:00	[LOG_INFO]	MinX: -22 minY: -10 maxX: 21 maxY: -1
01:07:00	[LOG_INFO]	[Data/Map_000.csv is loaded...]
01:07:00	[LOG_DEBUG]	Server is Running...
01:07:00	[LOG_DEBUG]	[Thread Num]: 41
01:07:00	[LOG_DEBUG]	[Port]: 9000
01:07:10	[LOG_CONNECT]	oid(0)	[ip]: 127.0.0.1
01:07:10	[LOG_CONNECT]	AccountDB is Connected
01:07:10	[LOG_CONNECT]	GameDB is Connected
01:07:22	[LOG_CONNECT]	oid(1)	[ip]: 127.0.0.1
01:08:04	[LOG_DISCONNECT]	oid(1)	
01:08:06	[LOG_DISCONNECT]	oid(0)	
01:08:19	[LOG_CONNECT]	oid(2)	[ip]: 127.0.0.1
01:08:32	[LOG_CONNECT]	oid(3)	[ip]: 127.0.0.1
01:09:06	[LOG_DISCONNECT]	oid(3)	
01:09:23	[LOG_DISCONNECT]	oid(2)	
01:10:22	[LOG_INFO]	[DBConfig.csv is loading...]
01:10:22	[LOG_INFO]	string,string
01:10:22	[LOG_INFO]	World,112.145.214.226
01:10:22	[LOG_INFO]	Account,112.145.214.226
01:10:22	[LOG_INFO]	Game,112.145.214.226
01:10:22	[LOG_INFO]	[DBConfig.csv is loaded...]
01:10:22	[LOG_INFO]	[ServerConfig.csv is loading...]
01:10:22	[LOG_INFO]	string,int32_t,int32_t
01:10:22	[LOG_INFO]	Game,1,3000
01:10:22	[LOG_INFO]	[ServerConfig.csv is loaded...]
01:10:22	[LOG_CONNECT]	WorldDB is Connected
01:10:22	[LOG_DEBUG]	[Server Type]: Game
01:10:22	[LOG_DEBUG]	[GroupID]: 0
01:10:22	[LOG_DEBUG]	[WorldID]: 1
01:10:22	[LOG_DEBUG]	[ServerID]: 3000
01:10:22	[LOG_INFO]	[Data/CharacterAbilityByStat.csv is loading...]
01:10:22	[LOG_INFO]	uint8_t,uint8_t,uint8_t,uint8_t,uint8_t,uint8_t
01:10:22	[LOG_INFO]	8 ,2 ,10 ,0 ,7 ,3 
01:10:22	[LOG_INFO]	5 ,5 ,8 ,2 ,6 ,4 
01:10:22	[LOG_INFO]	3 ,7 ,0 ,10 ,3 ,7 
01:10:22	[LOG_INFO]	[Data/CharacterAbilityByStat.csv is loaded...]
01:10:22	[LOG_INFO]	[Data/CharacterCreateSpeedStat.csv is loading...]
01:10:22	[LOG_INFO]	float_t,float_t,float_t
01:10:22	[LOG_INFO]	10.0 ,5.0 ,11.6 
01:10:22	[LOG_INFO]	12.0 ,3.0 ,11.8 
01:10:22	[LOG_INFO]	5.0 ,10.0 ,11.4 
01:10:22	[LOG_INFO]	13.0 ,2.0 ,12.0 
01:10:22	[LOG_INFO]	[Data/CharacterCreateSpeedStat.csv is loaded...]
01:10:22	[LOG_INFO]	[Data/CharacterSkill.csv is loading...]
01:10:22	[LOG_INFO]	int32_t,uint8_t,uint8_t,int32_t,uint8_t,uint8_t,uint8_t,uint8_t,int32_t,int32_t,int32_t
01:10:22	[LOG_INFO]	0,0 ,2 ,1 ,6 ,4 ,0 ,4 ,1300 ,0 ,0 
01:10:22	[LOG_INFO]	1,1 ,2 ,1 ,6 ,4 ,0 ,1 ,1800 ,0 ,0 
01:10:22	[LOG_INFO]	2,2 ,3 ,1 ,7 ,5 ,0 ,1 ,1300 ,0 ,0 
01:10:22	[LOG_INFO]	3,3 ,2 ,1 ,6 ,4 ,0 ,3 ,900 ,0 ,0 
01:10:22	[LOG_INFO]	[Data/CharacterSkill.csv is loaded...]
01:10:22	[LOG_INFO]	[Data/Map_000.csv is loading...]
01:10:22	[LOG_INFO]	MinX: -22 minY: -10 maxX: 21 maxY: -1
01:10:22	[LOG_INFO]	[Data/Map_000.csv is loaded...]
01:10:22	[LOG_DEBUG]	Server is Running...
01:10:22	[LOG_DEBUG]	[Thread Num]: 41
01:10:22	[LOG_DEBUG]	[Port]: 9000
01:10:37	[LOG_CONNECT]	oid(0)	[ip]: 127.0.0.1
01:10:37	[LOG_CONNECT]	AccountDB is Connected
01:10:37	[LOG_CONNECT]	GameDB is Connected
01:10:42	[LOG_CONNECT]	oid(1)	[ip]: 127.0.0.1
01:11:13	[LOG_DISCONNECT]	oid(1)	
01:11:15	[LOG_DISCONNECT]	oid(0)	
01:11:23	[LOG_CONNECT]	oid(2)	[ip]: 127.0.0.1
01:11:23	[LOG_CONNECT]	GameDB is Connected
01:11:23	[LOG_CONNECT]	AccountDB is Connected
01:11:28	[LOG_CONNECT]	oid(3)	[ip]: 127.0.0.1
01:11:50	[LOG_DISCONNECT]	oid(3)	
01:11:52	[LOG_DISCONNECT]	oid(2)	
01:12:48	[LOG_CONNECT]	oid(4)	[ip]: 127.0.0.1
01:12:48	[LOG_CONNECT]	GameDB is Connected
01:12:48	[LOG_CONNECT]	AccountDB is Connected
01:12:53	[LOG_CONNECT]	oid(5)	[ip]: 127.0.0.1
01:14:55	[LOG_DISCONNECT]	oid(5)	
01:15:44	[LOG_DISCONNECT]	oid(4)	
01:31:44	[LOG_INFO]	[DBConfig.csv is loading...]
01:31:44	[LOG_INFO]	string,string
01:31:44	[LOG_INFO]	World,112.145.214.226
01:31:44	[LOG_INFO]	Account,112.145.214.226
01:31:44	[LOG_INFO]	Game,112.145.214.226
01:31:44	[LOG_INFO]	[DBConfig.csv is loaded...]
01:31:44	[LOG_INFO]	[ServerConfig.csv is loading...]
01:31:44	[LOG_INFO]	string,int32_t,int32_t
01:31:44	[LOG_INFO]	Game,1,3000
01:31:44	[LOG_INFO]	[ServerConfig.csv is loaded...]
01:31:44	[LOG_CONNECT]	WorldDB is Connected
01:31:44	[LOG_DEBUG]	[Server Type]: Game
01:31:44	[LOG_DEBUG]	[GroupID]: 0
01:31:44	[LOG_DEBUG]	[WorldID]: 1
01:31:44	[LOG_DEBUG]	[ServerID]: 3000
01:31:44	[LOG_INFO]	[Data/CharacterAbilityByStat.csv is loading...]
01:31:44	[LOG_INFO]	uint8_t,uint8_t,uint8_t,uint8_t,uint8_t,uint8_t
01:31:44	[LOG_INFO]	8 ,2 ,10 ,0 ,7 ,3 
01:31:44	[LOG_INFO]	5 ,5 ,8 ,2 ,6 ,4 
01:31:44	[LOG_INFO]	3 ,7 ,0 ,10 ,3 ,7 
01:31:44	[LOG_INFO]	[Data/CharacterAbilityByStat.csv is loaded...]
01:31:44	[LOG_INFO]	[Data/CharacterCreateSpeedStat.csv is loading...]
01:31:44	[LOG_INFO]	float_t,float_t,float_t
01:31:44	[LOG_INFO]	10.0 ,5.0 ,11.6 
01:31:44	[LOG_INFO]	12.0 ,3.0 ,11.8 
01:31:44	[LOG_INFO]	5.0 ,10.0 ,11.4 
01:31:44	[LOG_INFO]	13.0 ,2.0 ,12.0 
01:31:44	[LOG_INFO]	[Data/CharacterCreateSpeedStat.csv is loaded...]
01:31:44	[LOG_INFO]	[Data/CharacterSkill.csv is loading...]
01:31:44	[LOG_INFO]	int32_t,uint8_t,uint8_t,int32_t,uint8_t,uint8_t,uint8_t,uint8_t,int32_t,int32_t,int32_t
01:31:44	[LOG_INFO]	0,0 ,2 ,1 ,6 ,4 ,0 ,4 ,1300 ,0 ,0 
01:31:44	[LOG_INFO]	1,1 ,2 ,1 ,6 ,4 ,0 ,1 ,1800 ,0 ,0 
01:31:44	[LOG_INFO]	2,2 ,3 ,1 ,7 ,5 ,0 ,1 ,1300 ,0 ,0 
01:31:44	[LOG_INFO]	3,3 ,2 ,1 ,6 ,4 ,0 ,3 ,900 ,0 ,0 
01:31:44	[LOG_INFO]	[Data/CharacterSkill.csv is loaded...]
01:31:44	[LOG_INFO]	[Data/Map_000.csv is loading...]
01:31:44	[LOG_INFO]	MinX: -22 minY: -10 maxX: 21 maxY: -1
01:31:44	[LOG_INFO]	[Data/Map_000.csv is loaded...]
01:31:44	[LOG_DEBUG]	Server is Running...
01:31:44	[LOG_DEBUG]	[Thread Num]: 41
01:31:44	[LOG_DEBUG]	[Port]: 9000
01:31:56	[LOG_INFO]	[DBConfig.csv is loading...]
01:31:56	[LOG_INFO]	string,string
01:31:56	[LOG_INFO]	World,112.145.214.226
01:31:56	[LOG_INFO]	Account,112.145.214.226
01:31:56	[LOG_INFO]	Game,112.145.214.226
01:31:56	[LOG_INFO]	[DBConfig.csv is loaded...]
01:31:56	[LOG_INFO]	[ServerConfig.csv is loading...]
01:31:56	[LOG_INFO]	string,int32_t,int32_t
01:31:56	[LOG_INFO]	Game,1,3000
01:31:56	[LOG_INFO]	[ServerConfig.csv is loaded...]
01:31:56	[LOG_CONNECT]	WorldDB is Connected
01:31:56	[LOG_DEBUG]	[Server Type]: Game
01:31:56	[LOG_DEBUG]	[GroupID]: 0
01:31:56	[LOG_DEBUG]	[WorldID]: 1
01:31:56	[LOG_DEBUG]	[ServerID]: 3000
01:31:56	[LOG_INFO]	[Data/CharacterAbilityByStat.csv is loading...]
01:31:56	[LOG_INFO]	uint8_t,uint8_t,uint8_t,uint8_t,uint8_t,uint8_t
01:31:56	[LOG_INFO]	8 ,2 ,10 ,0 ,7 ,3 
01:31:56	[LOG_INFO]	5 ,5 ,8 ,2 ,6 ,4 
01:31:56	[LOG_INFO]	3 ,7 ,0 ,10 ,3 ,7 
01:31:56	[LOG_INFO]	[Data/CharacterAbilityByStat.csv is loaded...]
01:31:56	[LOG_INFO]	[Data/CharacterCreateSpeedStat.csv is loading...]
01:31:56	[LOG_INFO]	float_t,float_t,float_t
01:31:56	[LOG_INFO]	10.0 ,5.0 ,11.6 
01:31:56	[LOG_INFO]	12.0 ,3.0 ,11.8 
01:31:56	[LOG_INFO]	5.0 ,10.0 ,11.4 
01:31:56	[LOG_INFO]	13.0 ,2.0 ,12.0 
01:31:56	[LOG_INFO]	[Data/CharacterCreateSpeedStat.csv is loaded...]
01:31:56	[LOG_INFO]	[Data/CharacterSkill.csv is loading...]
01:31:56	[LOG_INFO]	int32_t,uint8_t,uint8_t,int32_t,uint8_t,uint8_t,uint8_t,uint8_t,int32_t,int32_t,int32_t
01:31:56	[LOG_INFO]	0,0 ,2 ,1 ,6 ,4 ,0 ,4 ,1300 ,0 ,0 
01:31:56	[LOG_INFO]	1,1 ,2 ,1 ,6 ,4 ,0 ,1 ,1800 ,0 ,0 
01:31:56	[LOG_INFO]	2,2 ,3 ,1 ,7 ,5 ,0 ,1 ,1300 ,0 ,0 
01:31:56	[LOG_INFO]	3,3 ,2 ,1 ,6 ,4 ,0 ,3 ,900 ,0 ,0 
01:31:56	[LOG_INFO]	[Data/CharacterSkill.csv is loaded...]
01:31:56	[LOG_INFO]	[Data/Map_000.csv is loading...]
01:31:56	[LOG_INFO]	MinX: -22 minY: -10 maxX: 21 maxY: -1
01:31:56	[LOG_INFO]	[Data/Map_000.csv is loaded...]
01:31:56	[LOG_DEBUG]	Server is Running...
01:31:56	[LOG_DEBUG]	[Thread Num]: 41
01:31:56	[LOG_DEBUG]	[Port]: 9000
01:32:06	[LOG_CONNECT]	oid(0)	[ip]: 127.0.0.1
01:32:06	[LOG_CONNECT]	AccountDB is Connected
01:32:06	[LOG_CONNECT]	GameDB is Connected
01:32:19	[LOG_CONNECT]	oid(1)	[ip]: 127.0.0.1
01:33:04	[LOG_DISCONNECT]	oid(0)	
01:33:06	[LOG_DISCONNECT]	oid(1)	
01:33:14	[LOG_CONNECT]	oid(2)	[ip]: 127.0.0.1
01:33:14	[LOG_CONNECT]	GameDB is Connected
01:33:14	[LOG_CONNECT]	AccountDB is Connected
01:33:20	[LOG_CONNECT]	oid(3)	[ip]: 127.0.0.1
01:34:06	[LOG_DISCONNECT]	oid(3)	
01:34:16	[LOG_CONNECT]	oid(4)	[ip]: 127.0.0.1
01:34:16	[LOG_DISCONNECT]	oid(4)	
01:34:23	[LOG_CONNECT]	oid(5)	[ip]: 127.0.0.1
01:34:24	[LOG_CONNECT]	oid(6)	[ip]: 127.0.0.1
01:34:25	[LOG_DISCONNECT]	oid(5)	
01:34:44	[LOG_DISCONNECT]	oid(6)	
01:36:30	[LOG_INFO]	[DBConfig.csv is loading...]
01:36:30	[LOG_INFO]	string,string
01:36:30	[LOG_INFO]	World,112.145.214.226
01:36:30	[LOG_INFO]	Account,112.145.214.226
01:36:30	[LOG_INFO]	Game,112.145.214.226
01:36:30	[LOG_INFO]	[DBConfig.csv is loaded...]
01:36:30	[LOG_INFO]	[ServerConfig.csv is loading...]
01:36:30	[LOG_INFO]	string,int32_t,int32_t
01:36:30	[LOG_INFO]	Game,1,3000
01:36:30	[LOG_INFO]	[ServerConfig.csv is loaded...]
01:36:30	[LOG_CONNECT]	WorldDB is Connected
01:36:30	[LOG_DEBUG]	[Server Type]: Game
01:36:30	[LOG_DEBUG]	[GroupID]: 0
01:36:30	[LOG_DEBUG]	[WorldID]: 1
01:36:30	[LOG_DEBUG]	[ServerID]: 3000
01:36:30	[LOG_INFO]	[Data/CharacterAbilityByStat.csv is loading...]
01:36:30	[LOG_INFO]	uint8_t,uint8_t,uint8_t,uint8_t,uint8_t,uint8_t
01:36:30	[LOG_INFO]	8 ,2 ,10 ,0 ,7 ,3 
01:36:30	[LOG_INFO]	5 ,5 ,8 ,2 ,6 ,4 
01:36:30	[LOG_INFO]	3 ,7 ,0 ,10 ,3 ,7 
01:36:30	[LOG_INFO]	[Data/CharacterAbilityByStat.csv is loaded...]
01:36:30	[LOG_INFO]	[Data/CharacterCreateSpeedStat.csv is loading...]
01:36:30	[LOG_INFO]	float_t,float_t,float_t
01:36:30	[LOG_INFO]	10.0 ,5.0 ,11.6 
01:36:30	[LOG_INFO]	12.0 ,3.0 ,11.8 
01:36:30	[LOG_INFO]	5.0 ,10.0 ,11.4 
01:36:30	[LOG_INFO]	13.0 ,2.0 ,12.0 
01:36:30	[LOG_INFO]	[Data/CharacterCreateSpeedStat.csv is loaded...]
01:36:30	[LOG_INFO]	[Data/CharacterSkill.csv is loading...]
01:36:30	[LOG_INFO]	int32_t,uint8_t,uint8_t,int32_t,uint8_t,uint8_t,uint8_t,uint8_t,int32_t,int32_t,int32_t
01:36:30	[LOG_INFO]	0,0 ,2 ,1 ,6 ,4 ,0 ,4 ,1300 ,0 ,0 
01:36:30	[LOG_INFO]	1,1 ,2 ,1 ,6 ,4 ,0 ,1 ,1800 ,0 ,0 
01:36:30	[LOG_INFO]	2,2 ,3 ,1 ,7 ,5 ,0 ,1 ,1300 ,0 ,0 
01:36:30	[LOG_INFO]	3,3 ,2 ,1 ,6 ,4 ,0 ,3 ,900 ,0 ,0 
01:36:30	[LOG_INFO]	[Data/CharacterSkill.csv is loaded...]
01:36:30	[LOG_INFO]	[Data/Map_000.csv is loading...]
01:36:30	[LOG_INFO]	MinX: -22 minY: -10 maxX: 21 maxY: -1
01:36:30	[LOG_INFO]	[Data/Map_000.csv is loaded...]
01:36:30	[LOG_DEBUG]	Server is Running...
01:36:30	[LOG_DEBUG]	[Thread Num]: 41
01:36:30	[LOG_DEBUG]	[Port]: 9000
01:36:45	[LOG_CONNECT]	oid(0)	[ip]: 127.0.0.1
01:36:45	[LOG_CONNECT]	AccountDB is Connected
01:36:45	[LOG_CONNECT]	GameDB is Connected
01:36:57	[LOG_CONNECT]	oid(1)	[ip]: 127.0.0.1
01:41:33	[LOG_DISCONNECT]	oid(1)	
01:41:36	[LOG_DISCONNECT]	oid(0)	
01:41:53	[LOG_INFO]	[DBConfig.csv is loading...]
01:41:53	[LOG_INFO]	string,string
01:41:53	[LOG_INFO]	World,112.145.214.226
01:41:53	[LOG_INFO]	Account,112.145.214.226
01:41:53	[LOG_INFO]	Game,112.145.214.226
01:41:53	[LOG_INFO]	[DBConfig.csv is loaded...]
01:41:53	[LOG_INFO]	[ServerConfig.csv is loading...]
01:41:53	[LOG_INFO]	string,int32_t,int32_t
01:41:53	[LOG_INFO]	Game,1,3000
01:41:53	[LOG_INFO]	[ServerConfig.csv is loaded...]
01:41:53	[LOG_CONNECT]	WorldDB is Connected
01:41:53	[LOG_DEBUG]	[Server Type]: Game
01:41:53	[LOG_DEBUG]	[GroupID]: 0
01:41:53	[LOG_DEBUG]	[WorldID]: 1
01:41:53	[LOG_DEBUG]	[ServerID]: 3000
01:41:53	[LOG_INFO]	[Data/CharacterAbilityByStat.csv is loading...]
01:41:53	[LOG_INFO]	uint8_t,uint8_t,uint8_t,uint8_t,uint8_t,uint8_t
01:41:53	[LOG_INFO]	8 ,2 ,10 ,0 ,7 ,3 
01:41:53	[LOG_INFO]	5 ,5 ,8 ,2 ,6 ,4 
01:41:53	[LOG_INFO]	3 ,7 ,0 ,10 ,3 ,7 
01:41:53	[LOG_INFO]	[Data/CharacterAbilityByStat.csv is loaded...]
01:41:53	[LOG_INFO]	[Data/CharacterCreateSpeedStat.csv is loading...]
01:41:53	[LOG_INFO]	float_t,float_t,float_t
01:41:53	[LOG_INFO]	10.0 ,5.0 ,11.6 
01:41:53	[LOG_INFO]	12.0 ,3.0 ,11.8 
01:41:53	[LOG_INFO]	5.0 ,10.0 ,11.4 
01:41:53	[LOG_INFO]	13.0 ,2.0 ,12.0 
01:41:53	[LOG_INFO]	[Data/CharacterCreateSpeedStat.csv is loaded...]
01:41:53	[LOG_INFO]	[Data/CharacterSkill.csv is loading...]
01:41:53	[LOG_INFO]	int32_t,uint8_t,uint8_t,int32_t,uint8_t,uint8_t,uint8_t,uint8_t,int32_t,int32_t,int32_t
01:41:53	[LOG_INFO]	0,0 ,2 ,1 ,6 ,4 ,0 ,4 ,1300 ,0 ,0 
01:41:53	[LOG_INFO]	1,1 ,2 ,1 ,6 ,4 ,0 ,1 ,1800 ,0 ,0 
01:41:53	[LOG_INFO]	2,2 ,3 ,1 ,7 ,5 ,0 ,1 ,1300 ,0 ,0 
01:41:53	[LOG_INFO]	3,3 ,2 ,1 ,6 ,4 ,0 ,3 ,900 ,0 ,0 
01:41:53	[LOG_INFO]	[Data/CharacterSkill.csv is loaded...]
01:41:53	[LOG_INFO]	[Data/Map_000.csv is loading...]
01:41:53	[LOG_INFO]	MinX: -22 minY: -10 maxX: 21 maxY: -1
01:41:53	[LOG_INFO]	[Data/Map_000.csv is loaded...]
01:41:53	[LOG_DEBUG]	Server is Running...
01:41:53	[LOG_DEBUG]	[Thread Num]: 41
01:41:53	[LOG_DEBUG]	[Port]: 9000
01:42:00	[LOG_CONNECT]	oid(0)	[ip]: 127.0.0.1
01:42:00	[LOG_CONNECT]	AccountDB is Connected
01:42:00	[LOG_CONNECT]	GameDB is Connected
01:42:12	[LOG_CONNECT]	oid(1)	[ip]: 127.0.0.1
01:42:26	[LOG_DISCONNECT]	oid(0)	
01:42:34	[LOG_CONNECT]	oid(2)	[ip]: 127.0.0.1
01:42:57	[LOG_DISCONNECT]	oid(2)	
01:43:05	[LOG_CONNECT]	oid(3)	[ip]: 127.0.0.1
01:43:15	[LOG_DISCONNECT]	oid(1)	
01:43:25	[LOG_CONNECT]	oid(4)	[ip]: 127.0.0.1
01:44:05	[LOG_DISCONNECT]	oid(4)	
01:44:11	[LOG_DISCONNECT]	oid(3)	
01:45:19	[LOG_CONNECT]	oid(5)	[ip]: 127.0.0.1
01:45:19	[LOG_CONNECT]	GameDB is Connected
01:45:19	[LOG_CONNECT]	AccountDB is Connected
01:45:30	[LOG_CONNECT]	oid(6)	[ip]: 127.0.0.1
01:46:17	[LOG_DISCONNECT]	oid(6)	
01:46:18	[LOG_DISCONNECT]	oid(5)	
01:46:57	[LOG_INFO]	[DBConfig.csv is loading...]
01:46:57	[LOG_INFO]	string,string
01:46:57	[LOG_INFO]	World,112.145.214.226
01:46:57	[LOG_INFO]	Account,112.145.214.226
01:46:57	[LOG_INFO]	Game,112.145.214.226
01:46:57	[LOG_INFO]	[DBConfig.csv is loaded...]
01:46:57	[LOG_INFO]	[ServerConfig.csv is loading...]
01:46:57	[LOG_INFO]	string,int32_t,int32_t
01:46:57	[LOG_INFO]	Game,1,3000
01:46:57	[LOG_INFO]	[ServerConfig.csv is loaded...]
01:46:57	[LOG_CONNECT]	WorldDB is Connected
01:46:57	[LOG_DEBUG]	[Server Type]: Game
01:46:57	[LOG_DEBUG]	[GroupID]: 0
01:46:57	[LOG_DEBUG]	[WorldID]: 1
01:46:57	[LOG_DEBUG]	[ServerID]: 3000
01:46:57	[LOG_INFO]	[Data/CharacterAbilityByStat.csv is loading...]
01:46:57	[LOG_INFO]	uint8_t,uint8_t,uint8_t,uint8_t,uint8_t,uint8_t
01:46:57	[LOG_INFO]	8 ,2 ,10 ,0 ,7 ,3 
01:46:57	[LOG_INFO]	5 ,5 ,8 ,2 ,6 ,4 
01:46:57	[LOG_INFO]	3 ,7 ,0 ,10 ,3 ,7 
01:46:57	[LOG_INFO]	[Data/CharacterAbilityByStat.csv is loaded...]
01:46:57	[LOG_INFO]	[Data/CharacterCreateSpeedStat.csv is loading...]
01:46:57	[LOG_INFO]	float_t,float_t,float_t
01:46:57	[LOG_INFO]	10.0 ,5.0 ,11.6 
01:46:57	[LOG_INFO]	12.0 ,3.0 ,11.8 
01:46:57	[LOG_INFO]	5.0 ,10.0 ,11.4 
01:46:57	[LOG_INFO]	13.0 ,2.0 ,12.0 
01:46:57	[LOG_INFO]	[Data/CharacterCreateSpeedStat.csv is loaded...]
01:46:57	[LOG_INFO]	[Data/CharacterSkill.csv is loading...]
01:46:57	[LOG_INFO]	int32_t,uint8_t,uint8_t,int32_t,uint8_t,uint8_t,uint8_t,uint8_t,int32_t,int32_t,int32_t
01:46:57	[LOG_INFO]	0,0 ,2 ,1 ,6 ,4 ,0 ,4 ,1300 ,0 ,0 
01:46:57	[LOG_INFO]	1,1 ,2 ,1 ,6 ,4 ,0 ,1 ,1800 ,0 ,0 
01:46:57	[LOG_INFO]	2,2 ,3 ,1 ,7 ,5 ,0 ,1 ,1300 ,0 ,0 
01:46:57	[LOG_INFO]	3,3 ,2 ,1 ,6 ,4 ,0 ,3 ,900 ,0 ,0 
01:46:57	[LOG_INFO]	[Data/CharacterSkill.csv is loaded...]
01:46:57	[LOG_INFO]	[Data/Map_000.csv is loading...]
01:46:57	[LOG_INFO]	MinX: -22 minY: -10 maxX: 21 maxY: -1
01:46:57	[LOG_INFO]	[Data/Map_000.csv is loaded...]
01:46:57	[LOG_DEBUG]	Server is Running...
01:46:57	[LOG_DEBUG]	[Thread Num]: 41
01:46:57	[LOG_DEBUG]	[Port]: 9000
01:47:20	[LOG_CONNECT]	oid(0)	[ip]: 127.0.0.1
01:47:20	[LOG_CONNECT]	AccountDB is Connected
01:47:20	[LOG_CONNECT]	GameDB is Connected
01:47:25	[LOG_CONNECT]	oid(1)	[ip]: 127.0.0.1
01:47:54	[LOG_DISCONNECT]	oid(1)	
01:47:56	[LOG_DISCONNECT]	oid(0)	
01:48:03	[LOG_CONNECT]	oid(2)	[ip]: 127.0.0.1
01:48:03	[LOG_CONNECT]	GameDB is Connected
01:48:03	[LOG_CONNECT]	AccountDB is Connected
01:48:14	[LOG_CONNECT]	oid(3)	[ip]: 127.0.0.1
01:49:58	[LOG_DISCONNECT]	oid(3)	
01:51:29	[LOG_DISCONNECT]	oid(2)	
01:51:47	[LOG_CONNECT]	oid(4)	[ip]: 127.0.0.1
01:51:47	[LOG_CONNECT]	GameDB is Connected
01:51:47	[LOG_CONNECT]	AccountDB is Connected
01:51:52	[LOG_CONNECT]	oid(5)	[ip]: 127.0.0.1
01:52:30	[LOG_DISCONNECT]	oid(5)	
01:52:34	[LOG_DISCONNECT]	oid(4)	
01:54:11	[LOG_INFO]	[DBConfig.csv is loading...]
01:54:11	[LOG_INFO]	string,string
01:54:11	[LOG_INFO]	World,112.145.214.226
01:54:11	[LOG_INFO]	Account,112.145.214.226
01:54:11	[LOG_INFO]	Game,112.145.214.226
01:54:11	[LOG_INFO]	[DBConfig.csv is loaded...]
01:54:11	[LOG_INFO]	[ServerConfig.csv is loading...]
01:54:11	[LOG_INFO]	string,int32_t,int32_t
01:54:11	[LOG_INFO]	Game,1,3000
01:54:11	[LOG_INFO]	[ServerConfig.csv is loaded...]
01:54:12	[LOG_CONNECT]	WorldDB is Connected
01:54:12	[LOG_DEBUG]	[Server Type]: Game
01:54:12	[LOG_DEBUG]	[GroupID]: 0
01:54:12	[LOG_DEBUG]	[WorldID]: 1
01:54:12	[LOG_DEBUG]	[ServerID]: 3000
01:54:12	[LOG_INFO]	[Data/CharacterAbilityByStat.csv is loading...]
01:54:12	[LOG_INFO]	uint8_t,uint8_t,uint8_t,uint8_t,uint8_t,uint8_t
01:54:12	[LOG_INFO]	8 ,2 ,10 ,0 ,7 ,3 
01:54:12	[LOG_INFO]	5 ,5 ,8 ,2 ,6 ,4 
01:54:12	[LOG_INFO]	3 ,7 ,0 ,10 ,3 ,7 
01:54:12	[LOG_INFO]	[Data/CharacterAbilityByStat.csv is loaded...]
01:54:12	[LOG_INFO]	[Data/CharacterCreateSpeedStat.csv is loading...]
01:54:12	[LOG_INFO]	float_t,float_t,float_t
01:54:12	[LOG_INFO]	10.0 ,5.0 ,11.6 
01:54:12	[LOG_INFO]	12.0 ,3.0 ,11.8 
01:54:12	[LOG_INFO]	5.0 ,10.0 ,11.4 
01:54:12	[LOG_INFO]	13.0 ,2.0 ,12.0 
01:54:12	[LOG_INFO]	[Data/CharacterCreateSpeedStat.csv is loaded...]
01:54:12	[LOG_INFO]	[Data/CharacterSkill.csv is loading...]
01:54:12	[LOG_INFO]	int32_t,uint8_t,uint8_t,int32_t,uint8_t,uint8_t,uint8_t,uint8_t,int32_t,int32_t,int32_t
01:54:12	[LOG_INFO]	0,0 ,2 ,1 ,6 ,4 ,0 ,4 ,1300 ,0 ,0 
01:54:12	[LOG_INFO]	1,1 ,2 ,1 ,6 ,4 ,0 ,1 ,1800 ,0 ,0 
01:54:12	[LOG_INFO]	2,2 ,3 ,1 ,7 ,5 ,0 ,1 ,1300 ,0 ,0 
01:54:12	[LOG_INFO]	3,3 ,2 ,1 ,6 ,4 ,0 ,3 ,900 ,0 ,0 
01:54:12	[LOG_INFO]	[Data/CharacterSkill.csv is loaded...]
01:54:12	[LOG_INFO]	[Data/Map_000.csv is loading...]
01:54:12	[LOG_INFO]	MinX: -22 minY: -10 maxX: 21 maxY: -1
01:54:12	[LOG_INFO]	[Data/Map_000.csv is loaded...]
01:54:12	[LOG_DEBUG]	Server is Running...
01:54:12	[LOG_DEBUG]	[Thread Num]: 41
01:54:12	[LOG_DEBUG]	[Port]: 9000
01:54:17	[LOG_CONNECT]	oid(0)	[ip]: 127.0.0.1
01:54:17	[LOG_CONNECT]	AccountDB is Connected
01:54:17	[LOG_CONNECT]	GameDB is Connected
01:54:28	[LOG_CONNECT]	oid(1)	[ip]: 127.0.0.1
01:54:28	[LOG_CONNECT]	AccountDB is Connected
01:54:28	[LOG_CONNECT]	GameDB is Connected
01:55:37	[LOG_INFO]	[DBConfig.csv is loading...]
01:55:37	[LOG_INFO]	string,string
01:55:37	[LOG_INFO]	World,112.145.214.226
01:55:37	[LOG_INFO]	Account,112.145.214.226
01:55:37	[LOG_INFO]	Game,112.145.214.226
01:55:37	[LOG_INFO]	[DBConfig.csv is loaded...]
01:55:37	[LOG_INFO]	[ServerConfig.csv is loading...]
01:55:37	[LOG_INFO]	string,int32_t,int32_t
01:55:37	[LOG_INFO]	Game,1,3000
01:55:37	[LOG_INFO]	[ServerConfig.csv is loaded...]
01:55:37	[LOG_CONNECT]	WorldDB is Connected
01:55:37	[LOG_DEBUG]	[Server Type]: Game
01:55:37	[LOG_DEBUG]	[GroupID]: 0
01:55:37	[LOG_DEBUG]	[WorldID]: 1
01:55:37	[LOG_DEBUG]	[ServerID]: 3000
01:55:37	[LOG_INFO]	[Data/CharacterAbilityByStat.csv is loading...]
01:55:37	[LOG_INFO]	uint8_t,uint8_t,uint8_t,uint8_t,uint8_t,uint8_t
01:55:37	[LOG_INFO]	8 ,2 ,10 ,0 ,7 ,3 
01:55:37	[LOG_INFO]	5 ,5 ,8 ,2 ,6 ,4 
01:55:37	[LOG_INFO]	3 ,7 ,0 ,10 ,3 ,7 
01:55:37	[LOG_INFO]	[Data/CharacterAbilityByStat.csv is loaded...]
01:55:37	[LOG_INFO]	[Data/CharacterCreateSpeedStat.csv is loading...]
01:55:37	[LOG_INFO]	float_t,float_t,float_t
01:55:37	[LOG_INFO]	10.0 ,5.0 ,11.6 
01:55:37	[LOG_INFO]	12.0 ,3.0 ,11.8 
01:55:37	[LOG_INFO]	5.0 ,10.0 ,11.4 
01:55:37	[LOG_INFO]	13.0 ,2.0 ,12.0 
01:55:37	[LOG_INFO]	[Data/CharacterCreateSpeedStat.csv is loaded...]
01:55:37	[LOG_INFO]	[Data/CharacterSkill.csv is loading...]
01:55:37	[LOG_INFO]	int32_t,uint8_t,uint8_t,int32_t,uint8_t,uint8_t,uint8_t,uint8_t,int32_t,int32_t,int32_t
01:55:37	[LOG_INFO]	0,0 ,2 ,1 ,6 ,4 ,0 ,4 ,1300 ,0 ,0 
01:55:37	[LOG_INFO]	1,1 ,2 ,1 ,6 ,4 ,0 ,1 ,1800 ,0 ,0 
01:55:37	[LOG_INFO]	2,2 ,3 ,1 ,7 ,5 ,0 ,1 ,1300 ,0 ,0 
01:55:37	[LOG_INFO]	3,3 ,2 ,1 ,6 ,4 ,0 ,3 ,900 ,0 ,0 
01:55:37	[LOG_INFO]	[Data/CharacterSkill.csv is loaded...]
01:55:37	[LOG_INFO]	[Data/Map_000.csv is loading...]
01:55:37	[LOG_INFO]	MinX: -22 minY: -10 maxX: 21 maxY: -1
01:55:37	[LOG_INFO]	[Data/Map_000.csv is loaded...]
01:55:37	[LOG_DEBUG]	Server is Running...
01:55:37	[LOG_DEBUG]	[Thread Num]: 41
01:55:37	[LOG_DEBUG]	[Port]: 9000
01:55:48	[LOG_CONNECT]	oid(0)	[ip]: 127.0.0.1
01:55:48	[LOG_CONNECT]	AccountDB is Connected
01:55:48	[LOG_CONNECT]	GameDB is Connected
01:55:58	[LOG_CONNECT]	oid(1)	[ip]: 127.0.0.1
01:56:11	[LOG_DISCONNECT]	oid(1)	
01:56:13	[LOG_DISCONNECT]	oid(0)	
02:20:34	[LOG_INFO]	[DBConfig.csv is loading...]
02:20:34	[LOG_INFO]	string,string
02:20:34	[LOG_INFO]	World,112.145.214.226
02:20:34	[LOG_INFO]	Account,112.145.214.226
02:20:34	[LOG_INFO]	Game,112.145.214.226
02:20:34	[LOG_INFO]	[DBConfig.csv is loaded...]
02:20:34	[LOG_INFO]	[ServerConfig.csv is loading...]
02:20:34	[LOG_INFO]	string,int32_t,int32_t
02:20:34	[LOG_INFO]	Game,1,3000
02:20:34	[LOG_INFO]	[ServerConfig.csv is loaded...]
02:20:34	[LOG_CONNECT]	WorldDB is Connected
02:20:34	[LOG_DEBUG]	[Server Type]: Game
02:20:34	[LOG_DEBUG]	[GroupID]: 0
02:20:34	[LOG_DEBUG]	[WorldID]: 1
02:20:34	[LOG_DEBUG]	[ServerID]: 3000
02:20:34	[LOG_INFO]	[Data/CharacterAbilityByStat.csv is loading...]
02:20:34	[LOG_INFO]	uint8_t,uint8_t,uint8_t,uint8_t,uint8_t,uint8_t
02:20:34	[LOG_INFO]	8 ,2 ,10 ,0 ,7 ,3 
02:20:34	[LOG_INFO]	5 ,5 ,8 ,2 ,6 ,4 
02:20:34	[LOG_INFO]	3 ,7 ,0 ,10 ,3 ,7 
02:20:34	[LOG_INFO]	[Data/CharacterAbilityByStat.csv is loaded...]
02:20:34	[LOG_INFO]	[Data/CharacterCreateSpeedStat.csv is loading...]
02:20:34	[LOG_INFO]	float_t,float_t,float_t
02:20:34	[LOG_INFO]	10.0 ,5.0 ,11.6 
02:20:34	[LOG_INFO]	12.0 ,3.0 ,11.8 
02:20:34	[LOG_INFO]	5.0 ,10.0 ,11.4 
02:20:34	[LOG_INFO]	13.0 ,2.0 ,12.0 
02:20:34	[LOG_INFO]	[Data/CharacterCreateSpeedStat.csv is loaded...]
02:20:34	[LOG_INFO]	[Data/CharacterSkill.csv is loading...]
02:20:34	[LOG_INFO]	int32_t,uint8_t,uint8_t,int32_t,uint8_t,uint8_t,uint8_t,uint8_t,int32_t,int32_t,int32_t
02:20:34	[LOG_INFO]	0,0 ,2 ,1 ,6 ,4 ,0 ,4 ,1300 ,0 ,0 
02:20:34	[LOG_INFO]	1,1 ,2 ,1 ,6 ,4 ,0 ,1 ,1800 ,0 ,0 
02:20:34	[LOG_INFO]	2,2 ,3 ,1 ,7 ,5 ,0 ,1 ,1300 ,0 ,0 
02:20:34	[LOG_INFO]	3,3 ,2 ,1 ,6 ,4 ,0 ,3 ,1100 ,0 ,0 
02:20:34	[LOG_INFO]	[Data/CharacterSkill.csv is loaded...]
02:20:34	[LOG_INFO]	[Data/Map_000.csv is loading...]
02:20:34	[LOG_INFO]	MinX: -22 minY: -10 maxX: 21 maxY: -1
02:20:34	[LOG_INFO]	[Data/Map_000.csv is loaded...]
02:20:34	[LOG_DEBUG]	Server is Running...
02:20:34	[LOG_DEBUG]	[Thread Num]: 41
02:20:34	[LOG_DEBUG]	[Port]: 9000
02:20:48	[LOG_CONNECT]	oid(0)	[ip]: 127.0.0.1
02:20:48	[LOG_CONNECT]	AccountDB is Connected
02:20:48	[LOG_CONNECT]	GameDB is Connected
02:21:11	[LOG_CONNECT]	oid(1)	[ip]: 127.0.0.1
02:21:49	[LOG_DISCONNECT]	oid(1)	
02:21:52	[LOG_DISCONNECT]	oid(0)	
02:23:07	[LOG_CONNECT]	oid(2)	[ip]: 127.0.0.1
02:23:08	[LOG_CONNECT]	GameDB is Connected
02:23:08	[LOG_CONNECT]	AccountDB is Connected
02:23:13	[LOG_CONNECT]	oid(3)	[ip]: 127.0.0.1
02:29:02	[LOG_DISCONNECT]	oid(3)	
02:37:11	[LOG_DISCONNECT]	oid(2)	
02:38:48	[LOG_CONNECT]	oid(4)	[ip]: 127.0.0.1
02:38:54	[LOG_CONNECT]	oid(5)	[ip]: 127.0.0.1
02:39:12	[LOG_DISCONNECT]	oid(4)	
02:39:14	[LOG_DISCONNECT]	oid(5)	
02:45:14	[LOG_CONNECT]	oid(6)	[ip]: 127.0.0.1
02:45:19	[LOG_CONNECT]	oid(7)	[ip]: 127.0.0.1
02:47:14	[LOG_DISCONNECT]	oid(6)	
02:52:27	[LOG_DISCONNECT]	oid(7)	
02:53:36	[LOG_CONNECT]	oid(8)	[ip]: 127.0.0.1
02:53:44	[LOG_CONNECT]	oid(9)	[ip]: 127.0.0.1
02:54:24	[LOG_DISCONNECT]	oid(8)	
02:54:26	[LOG_DISCONNECT]	oid(9)	
02:57:36	[LOG_CONNECT]	oid(10)	[ip]: 127.0.0.1
02:57:42	[LOG_CONNECT]	oid(11)	[ip]: 127.0.0.1
02:58:49	[LOG_DISCONNECT]	oid(10)	
03:00:07	[LOG_DISCONNECT]	oid(11)	
03:00:44	[LOG_CONNECT]	oid(12)	[ip]: 127.0.0.1
03:00:50	[LOG_CONNECT]	oid(13)	[ip]: 127.0.0.1
03:06:08	[LOG_DISCONNECT]	oid(13)	
03:06:46	[LOG_DISCONNECT]	oid(12)	
03:06:56	[LOG_CONNECT]	oid(14)	[ip]: 127.0.0.1
03:07:08	[LOG_CONNECT]	oid(15)	[ip]: 127.0.0.1
03:07:44	[LOG_DISCONNECT]	oid(14)	
03:07:52	[LOG_CONNECT]	oid(16)	[ip]: 127.0.0.1
03:08:28	[LOG_DISCONNECT]	oid(15)	
03:08:30	[LOG_DISCONNECT]	oid(16)	
03:13:16	[LOG_CONNECT]	oid(17)	[ip]: 127.0.0.1
03:13:21	[LOG_CONNECT]	oid(18)	[ip]: 127.0.0.1
03:13:55	[LOG_DISCONNECT]	oid(18)	
03:16:40	[LOG_DISCONNECT]	oid(17)	
03:17:39	[LOG_CONNECT]	oid(19)	[ip]: 127.0.0.1
03:17:47	[LOG_DISCONNECT]	oid(19)	
03:17:54	[LOG_CONNECT]	oid(20)	[ip]: 127.0.0.1
03:18:24	[LOG_DISCONNECT]	oid(20)	
03:18:32	[LOG_CONNECT]	oid(21)	[ip]: 127.0.0.1
03:19:12	[LOG_DISCONNECT]	oid(21)	
03:20:17	[LOG_INFO]	[DBConfig.csv is loading...]
03:20:17	[LOG_INFO]	string,string
03:20:17	[LOG_INFO]	World,112.145.214.226
03:20:17	[LOG_INFO]	Account,112.145.214.226
03:20:17	[LOG_INFO]	Game,112.145.214.226
03:20:17	[LOG_INFO]	[DBConfig.csv is loaded...]
03:20:17	[LOG_INFO]	[ServerConfig.csv is loading...]
03:20:17	[LOG_INFO]	string,int32_t,int32_t
03:20:17	[LOG_INFO]	Game,1,3000
03:20:17	[LOG_INFO]	[ServerConfig.csv is loaded...]
03:20:17	[LOG_CONNECT]	WorldDB is Connected
03:20:17	[LOG_DEBUG]	[Server Type]: Game
03:20:17	[LOG_DEBUG]	[GroupID]: 0
03:20:17	[LOG_DEBUG]	[WorldID]: 1
03:20:17	[LOG_DEBUG]	[ServerID]: 3000
03:20:17	[LOG_INFO]	[Data/CharacterAbilityByStat.csv is loading...]
03:20:17	[LOG_INFO]	uint8_t,uint8_t,uint8_t,uint8_t,uint8_t,uint8_t
03:20:17	[LOG_INFO]	8 ,2 ,10 ,0 ,7 ,3 
03:20:17	[LOG_INFO]	5 ,5 ,8 ,2 ,6 ,4 
03:20:17	[LOG_INFO]	3 ,7 ,0 ,10 ,3 ,7 
03:20:17	[LOG_INFO]	[Data/CharacterAbilityByStat.csv is loaded...]
03:20:17	[LOG_INFO]	[Data/CharacterCreateSpeedStat.csv is loading...]
03:20:17	[LOG_INFO]	float_t,float_t,float_t
03:20:17	[LOG_INFO]	10.0 ,5.0 ,11.6 
03:20:17	[LOG_INFO]	12.0 ,3.0 ,11.8 
03:20:17	[LOG_INFO]	5.0 ,10.0 ,11.4 
03:20:17	[LOG_INFO]	13.0 ,2.0 ,12.0 
03:20:17	[LOG_INFO]	[Data/CharacterCreateSpeedStat.csv is loaded...]
03:20:17	[LOG_INFO]	[Data/CharacterSkill.csv is loading...]
03:20:17	[LOG_INFO]	int32_t,uint8_t,uint8_t,int32_t,uint8_t,uint8_t,uint8_t,uint8_t,int32_t,int32_t,int32_t
03:20:17	[LOG_INFO]	0,0 ,2 ,1 ,6 ,4 ,0 ,4 ,1200 ,0 ,0 
03:20:17	[LOG_INFO]	1,1 ,2 ,1 ,6 ,4 ,0 ,1 ,1800 ,0 ,0 
03:20:17	[LOG_INFO]	2,2 ,3 ,1 ,7 ,5 ,0 ,1 ,1300 ,0 ,0 
03:20:17	[LOG_INFO]	3,3 ,2 ,1 ,6 ,4 ,0 ,3 ,900 ,0 ,0 
03:20:17	[LOG_INFO]	[Data/CharacterSkill.csv is loaded...]
03:20:17	[LOG_INFO]	[Data/Map_000.csv is loading...]
03:20:17	[LOG_INFO]	MinX: -22 minY: -10 maxX: 21 maxY: -1
03:20:17	[LOG_INFO]	[Data/Map_000.csv is loaded...]
03:20:17	[LOG_DEBUG]	Server is Running...
03:20:17	[LOG_DEBUG]	[Thread Num]: 41
03:20:17	[LOG_DEBUG]	[Port]: 9000
03:21:10	[LOG_CONNECT]	oid(0)	[ip]: 127.0.0.1
03:21:10	[LOG_CONNECT]	AccountDB is Connected
03:21:10	[LOG_CONNECT]	GameDB is Connected
03:21:16	[LOG_CONNECT]	oid(1)	[ip]: 127.0.0.1
03:23:41	[LOG_DISCONNECT]	oid(0)	
03:23:43	[LOG_DISCONNECT]	oid(1)	
03:25:02	[LOG_CONNECT]	oid(2)	[ip]: 127.0.0.1
03:25:22	[LOG_CONNECT]	oid(3)	[ip]: 127.0.0.1
03:25:58	[LOG_DISCONNECT]	oid(2)	
03:26:06	[LOG_CONNECT]	oid(4)	[ip]: 127.0.0.1
03:26:30	[LOG_DISCONNECT]	oid(3)	
03:28:48	[LOG_DISCONNECT]	oid(4)	
03:35:43	[LOG_CONNECT]	oid(5)	[ip]: 127.0.0.1
03:35:51	[LOG_DISCONNECT]	oid(5)	
03:38:46	[LOG_INFO]	[DBConfig.csv is loading...]
03:38:46	[LOG_INFO]	string,string
03:38:46	[LOG_INFO]	World,112.145.214.226
03:38:46	[LOG_INFO]	Account,112.145.214.226
03:38:46	[LOG_INFO]	Game,112.145.214.226
03:38:46	[LOG_INFO]	[DBConfig.csv is loaded...]
03:38:46	[LOG_INFO]	[ServerConfig.csv is loading...]
03:38:46	[LOG_INFO]	string,int32_t,int32_t
03:38:46	[LOG_INFO]	Game,1,3000
03:38:46	[LOG_INFO]	[ServerConfig.csv is loaded...]
03:38:46	[LOG_CONNECT]	WorldDB is Connected
03:38:46	[LOG_DEBUG]	[Server Type]: Game
03:38:46	[LOG_DEBUG]	[GroupID]: 0
03:38:46	[LOG_DEBUG]	[WorldID]: 1
03:38:46	[LOG_DEBUG]	[ServerID]: 3000
03:38:46	[LOG_INFO]	[Data/CharacterAbilityByStat.csv is loading...]
03:38:46	[LOG_INFO]	uint8_t,uint8_t,uint8_t,uint8_t,uint8_t,uint8_t
03:38:46	[LOG_INFO]	8 ,2 ,10 ,0 ,7 ,3 
03:38:46	[LOG_INFO]	5 ,5 ,8 ,2 ,6 ,4 
03:38:46	[LOG_INFO]	3 ,7 ,0 ,10 ,3 ,7 
03:38:46	[LOG_INFO]	[Data/CharacterAbilityByStat.csv is loaded...]
03:38:46	[LOG_INFO]	[Data/CharacterCreateSpeedStat.csv is loading...]
03:38:46	[LOG_INFO]	float_t,float_t,float_t
03:38:46	[LOG_INFO]	10.0 ,5.0 ,11.6 
03:38:46	[LOG_INFO]	12.0 ,3.0 ,11.8 
03:38:46	[LOG_INFO]	5.0 ,10.0 ,11.4 
03:38:46	[LOG_INFO]	13.0 ,2.0 ,12.0 
03:38:46	[LOG_INFO]	[Data/CharacterCreateSpeedStat.csv is loaded...]
03:38:46	[LOG_INFO]	[Data/CharacterSkill.csv is loading...]
03:38:46	[LOG_INFO]	int32_t,uint8_t,uint8_t,int32_t,uint8_t,uint8_t,uint8_t,uint8_t,int32_t,int32_t,int32_t
03:38:46	[LOG_INFO]	0,0 ,2 ,1 ,6 ,4 ,0 ,4 ,1100 ,0 ,0 
03:38:46	[LOG_INFO]	1,1 ,2 ,1 ,6 ,4 ,0 ,1 ,1700 ,0 ,0 
03:38:46	[LOG_INFO]	2,2 ,3 ,1 ,7 ,5 ,0 ,1 ,1300 ,0 ,0 
03:38:46	[LOG_INFO]	3,3 ,2 ,1 ,6 ,4 ,0 ,3 ,800 ,0 ,0 
03:38:46	[LOG_INFO]	[Data/CharacterSkill.csv is loaded...]
03:38:46	[LOG_INFO]	[Data/Map_000.csv is loading...]
03:38:46	[LOG_INFO]	MinX: -22 minY: -10 maxX: 21 maxY: -1
03:38:46	[LOG_INFO]	[Data/Map_000.csv is loaded...]
03:38:46	[LOG_DEBUG]	Server is Running...
03:38:46	[LOG_DEBUG]	[Thread Num]: 41
03:38:46	[LOG_DEBUG]	[Port]: 9000
03:38:51	[LOG_CONNECT]	oid(0)	[ip]: 127.0.0.1
03:38:51	[LOG_CONNECT]	AccountDB is Connected
03:38:51	[LOG_CONNECT]	GameDB is Connected
03:39:05	[LOG_DISCONNECT]	oid(0)	
03:39:13	[LOG_CONNECT]	oid(1)	[ip]: 127.0.0.1
03:40:27	[LOG_DISCONNECT]	oid(1)	
03:40:34	[LOG_CONNECT]	oid(2)	[ip]: 127.0.0.1
03:40:34	[LOG_CONNECT]	GameDB is Connected
03:40:34	[LOG_CONNECT]	AccountDB is Connected
03:40:57	[LOG_DISCONNECT]	oid(2)	
03:41:15	[LOG_CONNECT]	oid(3)	[ip]: 127.0.0.1
03:41:18	[LOG_DISCONNECT]	oid(3)	
03:41:24	[LOG_CONNECT]	oid(4)	[ip]: 127.0.0.1
03:41:59	[LOG_DISCONNECT]	oid(4)	
03:42:23	[LOG_CONNECT]	oid(5)	[ip]: 127.0.0.1
03:42:30	[LOG_DISCONNECT]	oid(5)	
03:42:38	[LOG_CONNECT]	oid(6)	[ip]: 127.0.0.1
03:42:48	[LOG_DISCONNECT]	oid(6)	
03:43:06	[LOG_CONNECT]	oid(7)	[ip]: 127.0.0.1
03:43:10	[LOG_DISCONNECT]	oid(7)	
03:43:17	[LOG_CONNECT]	oid(8)	[ip]: 127.0.0.1
03:43:23	[LOG_DISCONNECT]	oid(8)	
03:43:38	[LOG_CONNECT]	oid(9)	[ip]: 127.0.0.1
03:44:09	[LOG_DISCONNECT]	oid(9)	
21:07:03	[LOG_INFO]	[DBConfig.csv is loading...]
21:07:03	[LOG_INFO]	string,string
21:07:03	[LOG_INFO]	World,112.145.214.226
21:07:03	[LOG_INFO]	Account,112.145.214.226
21:07:03	[LOG_INFO]	Game,112.145.214.226
21:07:03	[LOG_INFO]	[DBConfig.csv is loaded...]
21:07:03	[LOG_INFO]	[ServerConfig.csv is loading...]
21:07:03	[LOG_INFO]	string,int32_t,int32_t
21:07:03	[LOG_INFO]	Game,1,3000
21:07:03	[LOG_INFO]	[ServerConfig.csv is loaded...]
21:07:03	[LOG_CONNECT]	WorldDB is Connected
21:07:03	[LOG_DEBUG]	[Server Type]: Game
21:07:03	[LOG_DEBUG]	[GroupID]: 0
21:07:03	[LOG_DEBUG]	[WorldID]: 1
21:07:03	[LOG_DEBUG]	[ServerID]: 3000
21:07:03	[LOG_INFO]	[Data/CharacterAbilityByStat.csv is loading...]
21:07:03	[LOG_INFO]	uint8_t,uint8_t,uint8_t,uint8_t,uint8_t,uint8_t
21:07:03	[LOG_INFO]	8 ,2 ,10 ,0 ,7 ,3 
21:07:03	[LOG_INFO]	5 ,5 ,8 ,2 ,6 ,4 
21:07:03	[LOG_INFO]	3 ,7 ,0 ,10 ,3 ,7 
21:07:03	[LOG_INFO]	[Data/CharacterAbilityByStat.csv is loaded...]
21:07:03	[LOG_INFO]	[Data/CharacterCreateSpeedStat.csv is loading...]
21:07:03	[LOG_INFO]	float_t,float_t,float_t
21:07:03	[LOG_INFO]	10.0 ,5.0 ,11.6 
21:07:03	[LOG_INFO]	12.0 ,3.0 ,11.8 
21:07:03	[LOG_INFO]	5.0 ,10.0 ,11.4 
21:07:03	[LOG_INFO]	13.0 ,2.0 ,12.0 
21:07:03	[LOG_INFO]	[Data/CharacterCreateSpeedStat.csv is loaded...]
21:07:03	[LOG_INFO]	[Data/CharacterSkill.csv is loading...]
21:07:03	[LOG_INFO]	int32_t,uint8_t,uint8_t,int32_t,uint8_t,uint8_t,uint8_t,uint8_t,int32_t,int32_t,int32_t
21:07:03	[LOG_INFO]	0,0 ,2 ,1 ,6 ,4 ,0 ,4 ,1100 ,0 ,0 
21:07:03	[LOG_INFO]	1,1 ,2 ,1 ,6 ,4 ,0 ,1 ,1600 ,0 ,0 
21:07:03	[LOG_INFO]	2,2 ,3 ,1 ,7 ,5 ,0 ,1 ,1200 ,0 ,0 
21:07:03	[LOG_INFO]	3,3 ,2 ,1 ,6 ,4 ,0 ,3 ,700 ,0 ,0 
21:07:03	[LOG_INFO]	[Data/CharacterSkill.csv is loaded...]
21:07:03	[LOG_INFO]	[Data/Map_000.csv is loading...]
21:07:03	[LOG_INFO]	MinX: -22 minY: -10 maxX: 21 maxY: -1
21:07:03	[LOG_INFO]	[Data/Map_000.csv is loaded...]
21:07:03	[LOG_DEBUG]	Server is Running...
21:07:03	[LOG_DEBUG]	[Thread Num]: 41
21:07:03	[LOG_DEBUG]	[Port]: 9000
21:34:58	[LOG_INFO]	[DBConfig.csv is loading...]
21:34:58	[LOG_INFO]	string,string
21:34:58	[LOG_INFO]	World,112.145.214.226
21:34:58	[LOG_INFO]	Account,112.145.214.226
21:34:58	[LOG_INFO]	Game,112.145.214.226
21:34:58	[LOG_INFO]	[DBConfig.csv is loaded...]
21:34:58	[LOG_INFO]	[ServerConfig.csv is loading...]
21:34:58	[LOG_INFO]	string,int32_t,int32_t
21:34:58	[LOG_INFO]	Game,1,3000
21:34:58	[LOG_INFO]	[ServerConfig.csv is loaded...]
21:34:58	[LOG_CONNECT]	WorldDB is Connected
21:34:58	[LOG_DEBUG]	[Server Type]: Game
21:34:58	[LOG_DEBUG]	[GroupID]: 0
21:34:58	[LOG_DEBUG]	[WorldID]: 1
21:34:58	[LOG_DEBUG]	[ServerID]: 3000
21:34:58	[LOG_INFO]	[Data/CharacterAbilityByStat.csv is loading...]
21:34:58	[LOG_INFO]	uint8_t,uint8_t,uint8_t,uint8_t,uint8_t,uint8_t
21:34:58	[LOG_INFO]	8 ,2 ,10 ,0 ,7 ,3 
21:34:58	[LOG_INFO]	5 ,5 ,8 ,2 ,6 ,4 
21:34:58	[LOG_INFO]	3 ,7 ,0 ,10 ,3 ,7 
21:34:58	[LOG_INFO]	[Data/CharacterAbilityByStat.csv is loaded...]
21:34:58	[LOG_INFO]	[Data/CharacterCreateSpeedStat.csv is loading...]
21:34:58	[LOG_INFO]	float_t,float_t,float_t
21:34:58	[LOG_INFO]	10.0 ,5.0 ,11.6 
21:34:58	[LOG_INFO]	12.0 ,3.0 ,11.8 
21:34:58	[LOG_INFO]	5.0 ,10.0 ,11.4 
21:34:58	[LOG_INFO]	13.0 ,2.0 ,12.0 
21:34:58	[LOG_INFO]	[Data/CharacterCreateSpeedStat.csv is loaded...]
21:34:58	[LOG_INFO]	[Data/CharacterSkill.csv is loading...]
21:34:58	[LOG_INFO]	int32_t,uint8_t,uint8_t,int32_t,uint8_t,uint8_t,uint8_t,uint8_t,int32_t,int32_t,int32_t
21:34:58	[LOG_INFO]	0,0 ,2 ,1 ,6 ,4 ,0 ,4 ,1100 ,0 ,0 
21:34:58	[LOG_INFO]	1,1 ,2 ,1 ,6 ,4 ,0 ,1 ,1600 ,0 ,0 
21:34:58	[LOG_INFO]	2,2 ,3 ,1 ,7 ,5 ,0 ,1 ,1200 ,0 ,0 
21:34:58	[LOG_INFO]	3,3 ,2 ,1 ,6 ,4 ,0 ,3 ,700 ,0 ,0 
21:34:58	[LOG_INFO]	[Data/CharacterSkill.csv is loaded...]
21:34:58	[LOG_INFO]	[Data/Map_000.csv is loading...]
21:34:58	[LOG_INFO]	MinX: -22 minY: -10 maxX: 21 maxY: -1
21:34:58	[LOG_INFO]	[Data/Map_000.csv is loaded...]
21:34:58	[LOG_DEBUG]	Server is Running...
21:34:58	[LOG_DEBUG]	[Thread Num]: 41
21:34:58	[LOG_DEBUG]	[Port]: 9000
21:35:02	[LOG_CONNECT]	oid(0)	[ip]: 127.0.0.1
21:35:02	[LOG_CONNECT]	AccountDB is Connected
21:35:02	[LOG_CONNECT]	GameDB is Connected
21:35:08	[LOG_DISCONNECT]	oid(0)	
