00:00:41	[LOG_DISCONNECT]	oid(0)	
00:03:05	[LOG_INFO]	[DBConfig.csv is loading...]
00:03:05	[LOG_INFO]	string,string
00:03:05	[LOG_INFO]	World,112.145.214.226
00:03:05	[LOG_INFO]	Account,112.145.214.226
00:03:05	[LOG_INFO]	Game,112.145.214.226
00:03:05	[LOG_INFO]	[DBConfig.csv is loaded...]
00:03:05	[LOG_INFO]	[ServerConfig.csv is loading...]
00:03:05	[LOG_INFO]	string,int32_t,int32_t
00:03:05	[LOG_INFO]	Game,1,3000
00:03:05	[LOG_INFO]	[ServerConfig.csv is loaded...]
00:03:05	[LOG_CONNECT]	WorldDB is Connected
00:03:05	[LOG_DEBUG]	[Server Type]: Game
00:03:05	[LOG_DEBUG]	[GroupID]: 0
00:03:05	[LOG_DEBUG]	[WorldID]: 1
00:03:05	[LOG_DEBUG]	[ServerID]: 3000
00:03:05	[LOG_INFO]	[Data/CharacterAbilityByStat.csv is loading...]
00:03:05	[LOG_INFO]	uint8_t,uint8_t,uint8_t,uint8_t,uint8_t,uint8_t
00:03:05	[LOG_INFO]	8 ,2 ,10 ,0 ,7 ,3 
00:03:05	[LOG_INFO]	5 ,5 ,8 ,2 ,6 ,4 
00:03:05	[LOG_INFO]	3 ,7 ,0 ,10 ,3 ,7 
00:03:05	[LOG_INFO]	[Data/CharacterAbilityByStat.csv is loaded...]
00:03:05	[LOG_INFO]	[Data/CharacterCreateSpeedStat.csv is loading...]
00:03:05	[LOG_INFO]	float_t,float_t,float_t
00:03:05	[LOG_INFO]	10.0 ,5.0 ,11.6 
00:03:05	[LOG_INFO]	12.0 ,3.0 ,11.8 
00:03:05	[LOG_INFO]	5.0 ,10.0 ,11.4 
00:03:05	[LOG_INFO]	13.0 ,2.0 ,12.0 
00:03:05	[LOG_INFO]	[Data/CharacterCreateSpeedStat.csv is loaded...]
00:03:05	[LOG_INFO]	[Data/CharacterSkill.csv is loading...]
00:03:05	[LOG_INFO]	int32_t,uint8_t,int32_t,uint8_t,int32_t,int32_t,int32_t
00:03:05	[LOG_INFO]	0,0 ,1 ,1 ,1300 ,0 ,0 
00:03:05	[LOG_INFO]	1,1 ,1 ,1 ,1800 ,0 ,0 
00:03:05	[LOG_INFO]	2,2 ,1 ,1 ,1300 ,0 ,0 
00:03:05	[LOG_INFO]	3,3 ,1 ,1 ,900 ,0 ,0 
00:03:05	[LOG_INFO]	[Data/CharacterSkill.csv is loaded...]
00:03:05	[LOG_INFO]	[Data/Map_000.csv is loading...]
00:03:05	[LOG_INFO]	MinX: -22 minY: -10 maxX: 21 maxY: -1
00:03:05	[LOG_INFO]	[Data/Map_000.csv is loaded...]
00:03:05	[LOG_DEBUG]	Server is Running...
00:03:05	[LOG_DEBUG]	[Thread Num]: 41
00:03:05	[LOG_DEBUG]	[Port]: 9000
00:03:21	[LOG_CONNECT]	oid(0)	[ip]: 127.0.0.1
00:03:21	[LOG_CONNECT]	AccountDB is Connected
00:03:21	[LOG_CONNECT]	GameDB is Connected
00:03:50	[LOG_DISCONNECT]	oid(0)	
00:05:07	[LOG_CONNECT]	oid(1)	[ip]: 127.0.0.1
00:05:07	[LOG_CONNECT]	GameDB is Connected
00:05:07	[LOG_CONNECT]	AccountDB is Connected
00:05:19	[LOG_CONNECT]	oid(2)	[ip]: 127.0.0.1
00:08:04	[LOG_DISCONNECT]	oid(1)	
00:10:20	[LOG_CONNECT]	oid(3)	[ip]: 127.0.0.1
00:10:20	[LOG_CONNECT]	GameDB is Connected
00:10:20	[LOG_CONNECT]	AccountDB is Connected
00:11:50	[LOG_DISCONNECT]	oid(3)	
00:13:03	[LOG_INFO]	[DBConfig.csv is loading...]
00:13:03	[LOG_INFO]	string,string
00:13:03	[LOG_INFO]	World,112.145.214.226
00:13:03	[LOG_INFO]	Account,112.145.214.226
00:13:03	[LOG_INFO]	Game,112.145.214.226
00:13:03	[LOG_INFO]	[DBConfig.csv is loaded...]
00:13:03	[LOG_INFO]	[ServerConfig.csv is loading...]
00:13:03	[LOG_INFO]	string,int32_t,int32_t
00:13:03	[LOG_INFO]	Game,1,3000
00:13:03	[LOG_INFO]	[ServerConfig.csv is loaded...]
00:13:03	[LOG_CONNECT]	WorldDB is Connected
00:13:03	[LOG_DEBUG]	[Server Type]: Game
00:13:03	[LOG_DEBUG]	[GroupID]: 0
00:13:03	[LOG_DEBUG]	[WorldID]: 1
00:13:03	[LOG_DEBUG]	[ServerID]: 3000
00:13:03	[LOG_INFO]	[Data/CharacterAbilityByStat.csv is loading...]
00:13:03	[LOG_INFO]	uint8_t,uint8_t,uint8_t,uint8_t,uint8_t,uint8_t
00:13:03	[LOG_INFO]	8 ,2 ,10 ,0 ,7 ,3 
00:13:03	[LOG_INFO]	5 ,5 ,8 ,2 ,6 ,4 
00:13:03	[LOG_INFO]	3 ,7 ,0 ,10 ,3 ,7 
00:13:03	[LOG_INFO]	[Data/CharacterAbilityByStat.csv is loaded...]
00:13:03	[LOG_INFO]	[Data/CharacterCreateSpeedStat.csv is loading...]
00:13:03	[LOG_INFO]	float_t,float_t,float_t
00:13:03	[LOG_INFO]	10.0 ,5.0 ,11.6 
00:13:03	[LOG_INFO]	12.0 ,3.0 ,11.8 
00:13:03	[LOG_INFO]	5.0 ,10.0 ,11.4 
00:13:03	[LOG_INFO]	13.0 ,2.0 ,12.0 
00:13:03	[LOG_INFO]	[Data/CharacterCreateSpeedStat.csv is loaded...]
00:13:03	[LOG_INFO]	[Data/CharacterSkill.csv is loading...]
00:13:03	[LOG_INFO]	int32_t,uint8_t,int32_t,uint8_t,int32_t,int32_t,int32_t
00:13:03	[LOG_INFO]	0,0 ,1 ,1 ,1300 ,0 ,0 
00:13:03	[LOG_INFO]	1,1 ,1 ,1 ,1800 ,0 ,0 
00:13:03	[LOG_INFO]	2,2 ,1 ,1 ,1300 ,0 ,0 
00:13:03	[LOG_INFO]	3,3 ,1 ,1 ,900 ,0 ,0 
00:13:03	[LOG_INFO]	[Data/CharacterSkill.csv is loaded...]
00:13:03	[LOG_INFO]	[Data/Map_000.csv is loading...]
00:13:03	[LOG_INFO]	MinX: -22 minY: -10 maxX: 21 maxY: -1
00:13:03	[LOG_INFO]	[Data/Map_000.csv is loaded...]
00:13:03	[LOG_DEBUG]	Server is Running...
00:13:03	[LOG_DEBUG]	[Thread Num]: 41
00:13:03	[LOG_DEBUG]	[Port]: 9000
00:13:12	[LOG_CONNECT]	oid(0)	[ip]: 127.0.0.1
00:13:12	[LOG_CONNECT]	AccountDB is Connected
00:13:12	[LOG_CONNECT]	GameDB is Connected
00:13:32	[LOG_CONNECT]	oid(1)	[ip]: 127.0.0.1
00:14:42	[LOG_DISCONNECT]	oid(0)	
00:16:06	[LOG_INFO]	[DBConfig.csv is loading...]
00:16:06	[LOG_INFO]	string,string
00:16:06	[LOG_INFO]	World,112.145.214.226
00:16:06	[LOG_INFO]	Account,112.145.214.226
00:16:06	[LOG_INFO]	Game,112.145.214.226
00:16:06	[LOG_INFO]	[DBConfig.csv is loaded...]
00:16:06	[LOG_INFO]	[ServerConfig.csv is loading...]
00:16:06	[LOG_INFO]	string,int32_t,int32_t
00:16:06	[LOG_INFO]	Game,1,3000
00:16:06	[LOG_INFO]	[ServerConfig.csv is loaded...]
00:16:06	[LOG_CONNECT]	WorldDB is Connected
00:16:06	[LOG_DEBUG]	[Server Type]: Game
00:16:06	[LOG_DEBUG]	[GroupID]: 0
00:16:06	[LOG_DEBUG]	[WorldID]: 1
00:16:06	[LOG_DEBUG]	[ServerID]: 3000
00:16:06	[LOG_INFO]	[Data/CharacterAbilityByStat.csv is loading...]
00:16:06	[LOG_INFO]	uint8_t,uint8_t,uint8_t,uint8_t,uint8_t,uint8_t
00:16:06	[LOG_INFO]	8 ,2 ,10 ,0 ,7 ,3 
00:16:06	[LOG_INFO]	5 ,5 ,8 ,2 ,6 ,4 
00:16:06	[LOG_INFO]	3 ,7 ,0 ,10 ,3 ,7 
00:16:06	[LOG_INFO]	[Data/CharacterAbilityByStat.csv is loaded...]
00:16:06	[LOG_INFO]	[Data/CharacterCreateSpeedStat.csv is loading...]
00:16:06	[LOG_INFO]	float_t,float_t,float_t
00:16:06	[LOG_INFO]	10.0 ,5.0 ,11.6 
00:16:06	[LOG_INFO]	12.0 ,3.0 ,11.8 
00:16:06	[LOG_INFO]	5.0 ,10.0 ,11.4 
00:16:06	[LOG_INFO]	13.0 ,2.0 ,12.0 
00:16:06	[LOG_INFO]	[Data/CharacterCreateSpeedStat.csv is loaded...]
00:16:06	[LOG_INFO]	[Data/CharacterSkill.csv is loading...]
00:16:06	[LOG_INFO]	int32_t,uint8_t,int32_t,uint8_t,int32_t,int32_t,int32_t
00:16:06	[LOG_INFO]	0,0 ,1 ,4 ,1300 ,0 ,0 
00:16:06	[LOG_INFO]	1,1 ,1 ,1 ,1800 ,0 ,0 
00:16:06	[LOG_INFO]	2,2 ,1 ,1 ,1300 ,0 ,0 
00:16:06	[LOG_INFO]	3,3 ,1 ,3 ,900 ,0 ,0 
00:16:06	[LOG_INFO]	[Data/CharacterSkill.csv is loaded...]
00:16:06	[LOG_INFO]	[Data/Map_000.csv is loading...]
00:16:06	[LOG_INFO]	MinX: -22 minY: -10 maxX: 21 maxY: -1
00:16:06	[LOG_INFO]	[Data/Map_000.csv is loaded...]
00:16:06	[LOG_DEBUG]	Server is Running...
00:16:06	[LOG_DEBUG]	[Thread Num]: 41
00:16:06	[LOG_DEBUG]	[Port]: 9000
00:16:34	[LOG_CONNECT]	oid(0)	[ip]: 127.0.0.1
00:16:34	[LOG_CONNECT]	AccountDB is Connected
00:16:34	[LOG_CONNECT]	GameDB is Connected
00:16:55	[LOG_CONNECT]	oid(1)	[ip]: 127.0.0.1
00:17:52	[LOG_DISCONNECT]	oid(0)	
00:37:48	[LOG_INFO]	[DBConfig.csv is loading...]
00:37:48	[LOG_INFO]	string,string
00:37:48	[LOG_INFO]	World,112.145.214.226
00:37:48	[LOG_INFO]	Account,112.145.214.226
00:37:48	[LOG_INFO]	Game,112.145.214.226
00:37:48	[LOG_INFO]	[DBConfig.csv is loaded...]
00:37:48	[LOG_INFO]	[ServerConfig.csv is loading...]
00:37:48	[LOG_INFO]	string,int32_t,int32_t
00:37:48	[LOG_INFO]	Game,1,3000
00:37:48	[LOG_INFO]	[ServerConfig.csv is loaded...]
00:37:48	[LOG_CONNECT]	WorldDB is Connected
00:37:48	[LOG_DEBUG]	[Server Type]: Game
00:37:48	[LOG_DEBUG]	[GroupID]: 0
00:37:48	[LOG_DEBUG]	[WorldID]: 1
00:37:48	[LOG_DEBUG]	[ServerID]: 3000
00:37:48	[LOG_INFO]	[Data/CharacterAbilityByStat.csv is loading...]
00:37:48	[LOG_INFO]	uint8_t,uint8_t,uint8_t,uint8_t,uint8_t,uint8_t
00:37:48	[LOG_INFO]	8 ,2 ,10 ,0 ,7 ,3 
00:37:48	[LOG_INFO]	5 ,5 ,8 ,2 ,6 ,4 
00:37:48	[LOG_INFO]	3 ,7 ,0 ,10 ,3 ,7 
00:37:48	[LOG_INFO]	[Data/CharacterAbilityByStat.csv is loaded...]
00:37:48	[LOG_INFO]	[Data/CharacterCreateSpeedStat.csv is loading...]
00:37:48	[LOG_INFO]	float_t,float_t,float_t
00:37:48	[LOG_INFO]	10.0 ,5.0 ,11.6 
00:37:48	[LOG_INFO]	12.0 ,3.0 ,11.8 
00:37:48	[LOG_INFO]	5.0 ,10.0 ,11.4 
00:37:48	[LOG_INFO]	13.0 ,2.0 ,12.0 
00:37:48	[LOG_INFO]	[Data/CharacterCreateSpeedStat.csv is loaded...]
00:37:48	[LOG_INFO]	[Data/CharacterSkill.csv is loading...]
00:37:48	[LOG_INFO]	int32_t,uint8_t,int32_t,uint8_t,uint8_t,int32_t,int32_t,int32_t
00:37:48	[LOG_INFO]	0,0 ,1 ,1 ,4 ,1300 ,0 ,0 
00:37:48	[LOG_INFO]	1,1 ,1 ,1 ,1 ,1800 ,0 ,0 
00:37:48	[LOG_INFO]	2,2 ,1 ,1 ,1 ,1300 ,0 ,0 
00:37:48	[LOG_INFO]	3,3 ,1 ,1 ,3 ,900 ,0 ,0 
00:37:48	[LOG_INFO]	[Data/CharacterSkill.csv is loaded...]
00:37:48	[LOG_INFO]	[Data/Map_000.csv is loading...]
00:37:48	[LOG_INFO]	MinX: -22 minY: -10 maxX: 21 maxY: -1
00:37:48	[LOG_INFO]	[Data/Map_000.csv is loaded...]
00:37:48	[LOG_DEBUG]	Server is Running...
00:37:48	[LOG_DEBUG]	[Thread Num]: 41
00:37:48	[LOG_DEBUG]	[Port]: 9000
00:45:01	[LOG_INFO]	[DBConfig.csv is loading...]
00:45:01	[LOG_INFO]	string,string
00:45:01	[LOG_INFO]	World,112.145.214.226
00:45:01	[LOG_INFO]	Account,112.145.214.226
00:45:01	[LOG_INFO]	Game,112.145.214.226
00:45:01	[LOG_INFO]	[DBConfig.csv is loaded...]
00:45:01	[LOG_INFO]	[ServerConfig.csv is loading...]
00:45:01	[LOG_INFO]	string,int32_t,int32_t
00:45:01	[LOG_INFO]	Game,1,3000
00:45:01	[LOG_INFO]	[ServerConfig.csv is loaded...]
00:45:01	[LOG_CONNECT]	WorldDB is Connected
00:45:01	[LOG_DEBUG]	[Server Type]: Game
00:45:01	[LOG_DEBUG]	[GroupID]: 0
00:45:01	[LOG_DEBUG]	[WorldID]: 1
00:45:01	[LOG_DEBUG]	[ServerID]: 3000
00:45:01	[LOG_INFO]	[Data/CharacterAbilityByStat.csv is loading...]
00:45:01	[LOG_INFO]	uint8_t,uint8_t,uint8_t,uint8_t,uint8_t,uint8_t
00:45:01	[LOG_INFO]	8 ,2 ,10 ,0 ,7 ,3 
00:45:01	[LOG_INFO]	5 ,5 ,8 ,2 ,6 ,4 
00:45:01	[LOG_INFO]	3 ,7 ,0 ,10 ,3 ,7 
00:45:01	[LOG_INFO]	[Data/CharacterAbilityByStat.csv is loaded...]
00:45:01	[LOG_INFO]	[Data/CharacterCreateSpeedStat.csv is loading...]
00:45:01	[LOG_INFO]	float_t,float_t,float_t
00:45:01	[LOG_INFO]	10.0 ,5.0 ,11.6 
00:45:01	[LOG_INFO]	12.0 ,3.0 ,11.8 
00:45:01	[LOG_INFO]	5.0 ,10.0 ,11.4 
00:45:01	[LOG_INFO]	13.0 ,2.0 ,12.0 
00:45:01	[LOG_INFO]	[Data/CharacterCreateSpeedStat.csv is loaded...]
00:45:01	[LOG_INFO]	[Data/CharacterSkill.csv is loading...]
00:45:01	[LOG_INFO]	int32_t,uint8_t,int32_t,uint8_t,uint8_t,int32_t,int32_t,int32_t
00:45:01	[LOG_INFO]	0,0 ,1 ,1 ,4 ,1300 ,0 ,0 
00:45:01	[LOG_INFO]	1,1 ,1 ,1 ,1 ,1800 ,0 ,0 
00:45:01	[LOG_INFO]	2,2 ,1 ,1 ,1 ,1300 ,0 ,0 
00:45:01	[LOG_INFO]	3,3 ,1 ,1 ,3 ,900 ,0 ,0 
00:45:01	[LOG_INFO]	[Data/CharacterSkill.csv is loaded...]
00:45:01	[LOG_INFO]	[Data/Map_000.csv is loading...]
00:45:01	[LOG_INFO]	MinX: -22 minY: -10 maxX: 21 maxY: -1
00:45:01	[LOG_INFO]	[Data/Map_000.csv is loaded...]
00:45:01	[LOG_DEBUG]	Server is Running...
00:45:01	[LOG_DEBUG]	[Thread Num]: 41
00:45:01	[LOG_DEBUG]	[Port]: 9000
