00:12:57	[LOG_INFO]	[DBConfig.csv is loading...]
00:12:57	[LOG_INFO]	string,string
00:12:57	[LOG_INFO]	World,112.145.214.226
00:12:57	[LOG_INFO]	Account,112.145.214.226
00:12:57	[LOG_INFO]	Game,112.145.214.226
00:12:57	[LOG_INFO]	[DBConfig.csv is loaded...]
00:12:57	[LOG_INFO]	[ServerConfig.csv is loading...]
00:12:57	[LOG_INFO]	string,int32_t,int32_t
00:12:57	[LOG_INFO]	Game,1,3000
00:12:57	[LOG_INFO]	[ServerConfig.csv is loaded...]
00:12:57	[LOG_CONNECT]	WorldDB is Connected
00:12:57	[LOG_DEBUG]	[Server Type]: Game
00:12:57	[LOG_DEBUG]	[GroupID]: 0
00:12:57	[LOG_DEBUG]	[WorldID]: 1
00:12:57	[LOG_DEBUG]	[ServerID]: 3000
00:12:57	[LOG_INFO]	[Data/CharacterAbilityByStat.csv is loading...]
00:12:57	[LOG_INFO]	uint8_t,uint8_t,uint8_t,uint8_t,uint8_t,uint8_t
00:12:57	[LOG_INFO]	8 ,2 ,10 ,0 ,7 ,3 
00:12:57	[LOG_INFO]	5 ,5 ,8 ,2 ,6 ,4 
00:12:57	[LOG_INFO]	3 ,7 ,0 ,10 ,3 ,7 
00:12:57	[LOG_INFO]	[Data/CharacterAbilityByStat.csv is loaded...]
00:12:57	[LOG_INFO]	[Data/CharacterCreateSpeedStat.csv is loading...]
00:12:57	[LOG_INFO]	float_t,float_t,float_t
00:12:57	[LOG_INFO]	10.0 ,5.0 ,11.6 
00:12:57	[LOG_INFO]	12.0 ,3.0 ,11.8 
00:12:57	[LOG_INFO]	5.0 ,10.0 ,11.4 
00:12:57	[LOG_INFO]	13.0 ,2.0 ,12.0 
00:12:57	[LOG_INFO]	[Data/CharacterCreateSpeedStat.csv is loaded...]
00:12:57	[LOG_INFO]	[Data/CharacterSkill.csv is loading...]
00:12:57	[LOG_INFO]	int32_t,uint8_t,uint8_t,int32_t,uint8_t,uint8_t,uint8_t,uint8_t,int32_t,int32_t,int32_t
00:12:57	[LOG_INFO]	0,0 ,2 ,1 ,6 ,4 ,0 ,4 ,1100 ,0 ,0 
00:12:57	[LOG_INFO]	1,1 ,2 ,1 ,6 ,4 ,0 ,1 ,1600 ,0 ,0 
00:12:57	[LOG_INFO]	2,2 ,3 ,1 ,7 ,5 ,0 ,1 ,1200 ,0 ,0 
00:12:57	[LOG_INFO]	3,3 ,2 ,1 ,6 ,4 ,0 ,3 ,700 ,0 ,0 
00:12:57	[LOG_INFO]	[Data/CharacterSkill.csv is loaded...]
00:12:57	[LOG_INFO]	[Data/Map_000.csv is loading...]
00:12:57	[LOG_INFO]	MinX: -22 minY: -10 maxX: 21 maxY: -1
00:12:57	[LOG_INFO]	[Data/Map_000.csv is loaded...]
00:12:57	[LOG_DEBUG]	Server is Running...
00:12:57	[LOG_DEBUG]	[Thread Num]: 41
00:12:57	[LOG_DEBUG]	[Port]: 9000
00:19:57	[LOG_CONNECT]	oid(0)	[ip]: 127.0.0.1
00:19:57	[LOG_CONNECT]	AccountDB is Connected
00:19:57	[LOG_CONNECT]	GameDB is Connected
00:20:04	[LOG_CONNECT]	oid(1)	[ip]: 127.0.0.1
00:20:43	[LOG_DISCONNECT]	oid(0)	
00:20:47	[LOG_DISCONNECT]	oid(1)	
00:26:27	[LOG_CONNECT]	oid(2)	[ip]: 127.0.0.1
00:26:33	[LOG_CONNECT]	oid(3)	[ip]: 127.0.0.1
00:27:16	[LOG_DISCONNECT]	oid(3)	
00:27:16	[LOG_CONNECT]	GameDB is Connected
00:27:18	[LOG_DISCONNECT]	oid(2)	
