21:45:37	[LOG_INFO]	[DBConfig.csv is loading...]
21:45:37	[LOG_INFO]	string,string
21:45:37	[LOG_INFO]	World,112.145.214.226
21:45:37	[LOG_INFO]	Account,112.145.214.226
21:45:37	[LOG_INFO]	Game,112.145.214.226
21:45:37	[LOG_INFO]	[DBConfig.csv is loaded...]
21:45:37	[LOG_INFO]	[ServerConfig.csv is loading...]
21:45:37	[LOG_INFO]	string,int32_t,int32_t
21:45:37	[LOG_INFO]	Game,1,3000
21:45:37	[LOG_INFO]	[ServerConfig.csv is loaded...]
21:45:37	[LOG_CONNECT]	WorldDB is Connected
21:45:37	[LOG_DEBUG]	[Server Type]: Game
21:45:37	[LOG_DEBUG]	[GroupID]: 0
21:45:37	[LOG_DEBUG]	[WorldID]: 1
21:45:37	[LOG_DEBUG]	[ServerID]: 3000
21:45:37	[LOG_INFO]	[Data/CharacterAbilityByStat.csv is loading...]
21:45:37	[LOG_INFO]	uint8_t,uint8_t,uint8_t,uint8_t,uint8_t,uint8_t
21:45:37	[LOG_INFO]	8 ,2 ,10 ,0 ,7 ,3 
21:45:37	[LOG_INFO]	5 ,5 ,8 ,2 ,6 ,4 
21:45:37	[LOG_INFO]	3 ,7 ,0 ,10 ,3 ,7 
21:45:37	[LOG_INFO]	[Data/CharacterAbilityByStat.csv is loaded...]
21:45:37	[LOG_INFO]	[Data/CharacterCreateSpeedStat.csv is loading...]
21:45:37	[LOG_INFO]	float_t,float_t,float_t
21:45:37	[LOG_INFO]	10.0 ,5.0 ,10.0 
21:45:37	[LOG_INFO]	12.0 ,3.0 ,12.0 
21:45:37	[LOG_INFO]	5.0 ,10.0 ,8.0 
21:45:37	[LOG_INFO]	13.0 ,2.0 ,15.0 
21:45:37	[LOG_INFO]	[Data/CharacterCreateSpeedStat.csv is loaded...]
21:45:37	[LOG_INFO]	[Data/Map_000.csv is loading...]
21:45:37	[LOG_INFO]	MinX: -22 minY: -10 maxX: 21 maxY: -1
21:45:37	[LOG_INFO]	[Data/Map_000.csv is loaded...]
21:45:37	[LOG_DEBUG]	Server is Running...
21:45:37	[LOG_DEBUG]	[Thread Num]: 41
21:45:37	[LOG_DEBUG]	[Port]: 9000
21:45:42	[LOG_INFO]	[DBConfig.csv is loading...]
21:45:42	[LOG_INFO]	string,string
21:45:42	[LOG_INFO]	World,112.145.214.226
21:45:42	[LOG_INFO]	Account,112.145.214.226
21:45:42	[LOG_INFO]	Game,112.145.214.226
21:45:42	[LOG_INFO]	[DBConfig.csv is loaded...]
21:45:42	[LOG_INFO]	[ServerConfig.csv is loading...]
21:45:42	[LOG_INFO]	string,int32_t,int32_t
21:45:42	[LOG_INFO]	Game,1,3000
21:45:42	[LOG_INFO]	[ServerConfig.csv is loaded...]
21:45:42	[LOG_CONNECT]	WorldDB is Connected
21:45:42	[LOG_DEBUG]	[Server Type]: Game
21:45:42	[LOG_DEBUG]	[GroupID]: 0
21:45:42	[LOG_DEBUG]	[WorldID]: 1
21:45:42	[LOG_DEBUG]	[ServerID]: 3000
21:45:42	[LOG_INFO]	[Data/CharacterAbilityByStat.csv is loading...]
21:45:42	[LOG_INFO]	uint8_t,uint8_t,uint8_t,uint8_t,uint8_t,uint8_t
21:45:42	[LOG_INFO]	8 ,2 ,10 ,0 ,7 ,3 
21:45:42	[LOG_INFO]	5 ,5 ,8 ,2 ,6 ,4 
21:45:42	[LOG_INFO]	3 ,7 ,0 ,10 ,3 ,7 
21:45:42	[LOG_INFO]	[Data/CharacterAbilityByStat.csv is loaded...]
21:45:42	[LOG_INFO]	[Data/CharacterCreateSpeedStat.csv is loading...]
21:45:42	[LOG_INFO]	float_t,float_t,float_t
21:45:42	[LOG_INFO]	10.0 ,5.0 ,10.0 
21:45:42	[LOG_INFO]	12.0 ,3.0 ,12.0 
21:45:42	[LOG_INFO]	5.0 ,10.0 ,8.0 
21:45:42	[LOG_INFO]	13.0 ,2.0 ,15.0 
21:45:42	[LOG_INFO]	[Data/CharacterCreateSpeedStat.csv is loaded...]
21:45:42	[LOG_INFO]	[Data/Map_000.csv is loading...]
21:45:42	[LOG_INFO]	MinX: -22 minY: -10 maxX: 21 maxY: -1
21:45:42	[LOG_INFO]	[Data/Map_000.csv is loaded...]
21:45:42	[LOG_DEBUG]	Server is Running...
21:45:42	[LOG_DEBUG]	[Thread Num]: 41
21:45:42	[LOG_DEBUG]	[Port]: 9000
21:46:42	[LOG_INFO]	[DBConfig.csv is loading...]
21:46:42	[LOG_INFO]	string,string
21:46:42	[LOG_INFO]	World,112.145.214.226
21:46:42	[LOG_INFO]	Account,112.145.214.226
21:46:42	[LOG_INFO]	Game,112.145.214.226
21:46:42	[LOG_INFO]	[DBConfig.csv is loaded...]
21:46:42	[LOG_INFO]	[ServerConfig.csv is loading...]
21:46:42	[LOG_INFO]	string,int32_t,int32_t
21:46:42	[LOG_INFO]	Game,1,3000
21:46:42	[LOG_INFO]	[ServerConfig.csv is loaded...]
21:46:42	[LOG_CONNECT]	WorldDB is Connected
21:46:42	[LOG_DEBUG]	[Server Type]: Game
21:46:42	[LOG_DEBUG]	[GroupID]: 0
21:46:42	[LOG_DEBUG]	[WorldID]: 1
21:46:42	[LOG_DEBUG]	[ServerID]: 3000
21:46:42	[LOG_INFO]	[Data/CharacterAbilityByStat.csv is loading...]
21:46:42	[LOG_INFO]	uint8_t,uint8_t,uint8_t,uint8_t,uint8_t,uint8_t
21:46:42	[LOG_INFO]	8 ,2 ,10 ,0 ,7 ,3 
21:46:42	[LOG_INFO]	5 ,5 ,8 ,2 ,6 ,4 
21:46:42	[LOG_INFO]	3 ,7 ,0 ,10 ,3 ,7 
21:46:42	[LOG_INFO]	[Data/CharacterAbilityByStat.csv is loaded...]
21:46:42	[LOG_INFO]	[Data/CharacterCreateSpeedStat.csv is loading...]
21:46:42	[LOG_INFO]	float_t,float_t,float_t
21:46:42	[LOG_INFO]	10.0 ,5.0 ,10.0 
21:46:42	[LOG_INFO]	12.0 ,3.0 ,12.0 
21:46:42	[LOG_INFO]	5.0 ,10.0 ,8.0 
21:46:42	[LOG_INFO]	13.0 ,2.0 ,15.0 
21:46:42	[LOG_INFO]	[Data/CharacterCreateSpeedStat.csv is loaded...]
21:46:42	[LOG_INFO]	[Data/Map_000.csv is loading...]
21:46:42	[LOG_INFO]	MinX: -22 minY: -10 maxX: 21 maxY: -1
21:46:42	[LOG_INFO]	[Data/Map_000.csv is loaded...]
21:46:42	[LOG_DEBUG]	Server is Running...
21:46:42	[LOG_DEBUG]	[Thread Num]: 41
21:46:42	[LOG_DEBUG]	[Port]: 9000
21:47:14	[LOG_INFO]	[DBConfig.csv is loading...]
21:47:14	[LOG_INFO]	string,string
21:47:14	[LOG_INFO]	World,112.145.214.226
21:47:14	[LOG_INFO]	Account,112.145.214.226
21:47:14	[LOG_INFO]	Game,112.145.214.226
21:47:14	[LOG_INFO]	[DBConfig.csv is loaded...]
21:47:14	[LOG_INFO]	[ServerConfig.csv is loading...]
21:47:14	[LOG_INFO]	string,int32_t,int32_t
21:47:14	[LOG_INFO]	Game,1,3000
21:47:14	[LOG_INFO]	[ServerConfig.csv is loaded...]
21:47:14	[LOG_CONNECT]	WorldDB is Connected
21:47:14	[LOG_DEBUG]	[Server Type]: Game
21:47:14	[LOG_DEBUG]	[GroupID]: 0
21:47:14	[LOG_DEBUG]	[WorldID]: 1
21:47:14	[LOG_DEBUG]	[ServerID]: 3000
21:47:14	[LOG_INFO]	[Data/CharacterAbilityByStat.csv is loading...]
21:47:14	[LOG_INFO]	uint8_t,uint8_t,uint8_t,uint8_t,uint8_t,uint8_t
21:47:14	[LOG_INFO]	8 ,2 ,10 ,0 ,7 ,3 
21:47:14	[LOG_INFO]	5 ,5 ,8 ,2 ,6 ,4 
21:47:14	[LOG_INFO]	3 ,7 ,0 ,10 ,3 ,7 
21:47:14	[LOG_INFO]	[Data/CharacterAbilityByStat.csv is loaded...]
21:47:14	[LOG_INFO]	[Data/CharacterCreateSpeedStat.csv is loading...]
21:47:14	[LOG_INFO]	float_t,float_t,float_t
21:47:14	[LOG_INFO]	10.0 ,5.0 ,10.0 
21:47:14	[LOG_INFO]	12.0 ,3.0 ,12.0 
21:47:14	[LOG_INFO]	5.0 ,10.0 ,8.0 
21:47:14	[LOG_INFO]	13.0 ,2.0 ,15.0 
21:47:14	[LOG_INFO]	[Data/CharacterCreateSpeedStat.csv is loaded...]
21:47:14	[LOG_INFO]	[Data/Map_000.csv is loading...]
21:47:14	[LOG_INFO]	MinX: -22 minY: -10 maxX: 21 maxY: -1
21:47:14	[LOG_INFO]	[Data/Map_000.csv is loaded...]
21:47:14	[LOG_DEBUG]	Server is Running...
21:47:14	[LOG_DEBUG]	[Thread Num]: 41
21:47:14	[LOG_DEBUG]	[Port]: 9000
21:49:18	[LOG_INFO]	[DBConfig.csv is loading...]
21:49:18	[LOG_INFO]	string,string
21:49:18	[LOG_INFO]	World,112.145.214.226
21:49:18	[LOG_INFO]	Account,112.145.214.226
21:49:18	[LOG_INFO]	Game,112.145.214.226
21:49:18	[LOG_INFO]	[DBConfig.csv is loaded...]
21:49:18	[LOG_INFO]	[ServerConfig.csv is loading...]
21:49:18	[LOG_INFO]	string,int32_t,int32_t
21:49:18	[LOG_INFO]	Game,1,3000
21:49:18	[LOG_INFO]	[ServerConfig.csv is loaded...]
21:49:18	[LOG_CONNECT]	WorldDB is Connected
21:49:18	[LOG_DEBUG]	[Server Type]: Game
21:49:18	[LOG_DEBUG]	[GroupID]: 0
21:49:18	[LOG_DEBUG]	[WorldID]: 1
21:49:18	[LOG_DEBUG]	[ServerID]: 3000
21:49:18	[LOG_INFO]	[Data/CharacterAbilityByStat.csv is loading...]
21:49:18	[LOG_INFO]	uint8_t,uint8_t,uint8_t,uint8_t,uint8_t,uint8_t
21:49:18	[LOG_INFO]	8 ,2 ,10 ,0 ,7 ,3 
21:49:18	[LOG_INFO]	5 ,5 ,8 ,2 ,6 ,4 
21:49:18	[LOG_INFO]	3 ,7 ,0 ,10 ,3 ,7 
21:49:18	[LOG_INFO]	[Data/CharacterAbilityByStat.csv is loaded...]
21:49:18	[LOG_INFO]	[Data/CharacterCreateSpeedStat.csv is loading...]
21:49:18	[LOG_INFO]	float_t,float_t,float_t
21:49:18	[LOG_INFO]	10.0 ,5.0 ,10.0 
21:49:18	[LOG_INFO]	12.0 ,3.0 ,12.0 
21:49:18	[LOG_INFO]	5.0 ,10.0 ,8.0 
21:49:18	[LOG_INFO]	13.0 ,2.0 ,15.0 
21:49:18	[LOG_INFO]	[Data/CharacterCreateSpeedStat.csv is loaded...]
21:49:18	[LOG_INFO]	[Data/Map_000.csv is loading...]
21:49:18	[LOG_INFO]	MinX: -22 minY: -10 maxX: 21 maxY: -1
21:49:18	[LOG_INFO]	[Data/Map_000.csv is loaded...]
21:49:18	[LOG_DEBUG]	Server is Running...
21:49:18	[LOG_DEBUG]	[Thread Num]: 41
21:49:18	[LOG_DEBUG]	[Port]: 9000
21:50:41	[LOG_INFO]	[DBConfig.csv is loading...]
21:50:41	[LOG_INFO]	string,string
21:50:41	[LOG_INFO]	World,112.145.214.226
21:50:41	[LOG_INFO]	Account,112.145.214.226
21:50:41	[LOG_INFO]	Game,112.145.214.226
21:50:41	[LOG_INFO]	[DBConfig.csv is loaded...]
21:50:41	[LOG_INFO]	[ServerConfig.csv is loading...]
21:50:41	[LOG_INFO]	string,int32_t,int32_t
21:50:41	[LOG_INFO]	Game,1,3000
21:50:41	[LOG_INFO]	[ServerConfig.csv is loaded...]
21:50:41	[LOG_CONNECT]	WorldDB is Connected
21:50:41	[LOG_DEBUG]	[Server Type]: Game
21:50:41	[LOG_DEBUG]	[GroupID]: 0
21:50:41	[LOG_DEBUG]	[WorldID]: 1
21:50:41	[LOG_DEBUG]	[ServerID]: 3000
21:50:41	[LOG_INFO]	[Data/CharacterAbilityByStat.csv is loading...]
21:50:41	[LOG_INFO]	uint8_t,uint8_t,uint8_t,uint8_t,uint8_t,uint8_t
21:50:41	[LOG_INFO]	8 ,2 ,10 ,0 ,7 ,3 
21:50:41	[LOG_INFO]	5 ,5 ,8 ,2 ,6 ,4 
21:50:41	[LOG_INFO]	3 ,7 ,0 ,10 ,3 ,7 
21:50:41	[LOG_INFO]	[Data/CharacterAbilityByStat.csv is loaded...]
21:50:41	[LOG_INFO]	[Data/CharacterCreateSpeedStat.csv is loading...]
21:50:41	[LOG_INFO]	float_t,float_t,float_t
21:50:41	[LOG_INFO]	10.0 ,5.0 ,10.0 
21:50:41	[LOG_INFO]	12.0 ,3.0 ,12.0 
21:50:41	[LOG_INFO]	5.0 ,10.0 ,8.0 
21:50:41	[LOG_INFO]	13.0 ,2.0 ,15.0 
21:50:41	[LOG_INFO]	[Data/CharacterCreateSpeedStat.csv is loaded...]
21:50:41	[LOG_INFO]	[Data/Map_000.csv is loading...]
21:50:41	[LOG_INFO]	MinX: -22 minY: -10 maxX: 21 maxY: -1
21:50:41	[LOG_INFO]	[Data/Map_000.csv is loaded...]
21:50:41	[LOG_DEBUG]	Server is Running...
21:50:41	[LOG_DEBUG]	[Thread Num]: 41
21:50:41	[LOG_DEBUG]	[Port]: 9000
21:51:13	[LOG_CONNECT]	oid(0)	[ip]: 127.0.0.1
21:51:13	[LOG_CONNECT]	AccountDB is Connected
21:51:13	[LOG_CONNECT]	GameDB is Connected
21:52:21	[LOG_INFO]	[DBConfig.csv is loading...]
21:52:21	[LOG_INFO]	string,string
21:52:21	[LOG_INFO]	World,112.145.214.226
21:52:21	[LOG_INFO]	Account,112.145.214.226
21:52:21	[LOG_INFO]	Game,112.145.214.226
21:52:21	[LOG_INFO]	[DBConfig.csv is loaded...]
21:52:21	[LOG_INFO]	[ServerConfig.csv is loading...]
21:52:21	[LOG_INFO]	string,int32_t,int32_t
21:52:21	[LOG_INFO]	Game,1,3000
21:52:21	[LOG_INFO]	[ServerConfig.csv is loaded...]
21:52:21	[LOG_CONNECT]	WorldDB is Connected
21:52:21	[LOG_DEBUG]	[Server Type]: Game
21:52:21	[LOG_DEBUG]	[GroupID]: 0
21:52:21	[LOG_DEBUG]	[WorldID]: 1
21:52:21	[LOG_DEBUG]	[ServerID]: 3000
21:52:21	[LOG_INFO]	[Data/CharacterAbilityByStat.csv is loading...]
21:52:21	[LOG_INFO]	uint8_t,uint8_t,uint8_t,uint8_t,uint8_t,uint8_t
21:52:21	[LOG_INFO]	8 ,2 ,10 ,0 ,7 ,3 
21:52:21	[LOG_INFO]	5 ,5 ,8 ,2 ,6 ,4 
21:52:21	[LOG_INFO]	3 ,7 ,0 ,10 ,3 ,7 
21:52:21	[LOG_INFO]	[Data/CharacterAbilityByStat.csv is loaded...]
21:52:21	[LOG_INFO]	[Data/CharacterCreateSpeedStat.csv is loading...]
21:52:21	[LOG_INFO]	float_t,float_t,float_t
21:52:21	[LOG_INFO]	10.0 ,5.0 ,10.0 
21:52:21	[LOG_INFO]	12.0 ,3.0 ,12.0 
21:52:21	[LOG_INFO]	5.0 ,10.0 ,8.0 
21:52:21	[LOG_INFO]	13.0 ,2.0 ,15.0 
21:52:21	[LOG_INFO]	[Data/CharacterCreateSpeedStat.csv is loaded...]
21:52:21	[LOG_INFO]	[Data/Map_000.csv is loading...]
21:52:21	[LOG_INFO]	MinX: -22 minY: -10 maxX: 21 maxY: -1
21:52:21	[LOG_INFO]	[Data/Map_000.csv is loaded...]
21:52:21	[LOG_DEBUG]	Server is Running...
21:52:21	[LOG_DEBUG]	[Thread Num]: 41
21:52:21	[LOG_DEBUG]	[Port]: 9000
21:52:33	[LOG_CONNECT]	oid(0)	[ip]: 127.0.0.1
21:52:33	[LOG_CONNECT]	AccountDB is Connected
21:52:33	[LOG_CONNECT]	GameDB is Connected
