00:00:45	[LOG_DISCONNECT]	oid(5)	
00:03:06	[LOG_CONNECT]	oid(6)	[ip]: 127.0.0.1
00:03:16	[LOG_DISCONNECT]	oid(6)	
00:07:47	[LOG_CONNECT]	oid(7)	[ip]: 127.0.0.1
00:08:02	[LOG_DISCONNECT]	oid(7)	
00:08:22	[LOG_CONNECT]	oid(8)	[ip]: 127.0.0.1
00:09:25	[LOG_DISCONNECT]	oid(8)	
00:10:48	[LOG_CONNECT]	oid(9)	[ip]: 127.0.0.1
00:12:14	[LOG_DISCONNECT]	oid(9)	
00:13:46	[LOG_CONNECT]	oid(10)	[ip]: 127.0.0.1
00:15:03	[LOG_DISCONNECT]	oid(10)	
00:15:22	[LOG_CONNECT]	oid(11)	[ip]: 127.0.0.1
00:15:26	[LOG_DISCONNECT]	oid(11)	
21:54:34	[LOG_INFO]	[DBConfig.csv is loading...]
21:54:34	[LOG_INFO]	string,string
21:54:34	[LOG_INFO]	World,112.145.214.226
21:54:34	[LOG_INFO]	Account,112.145.214.226
21:54:34	[LOG_INFO]	Game,112.145.214.226
21:54:34	[LOG_INFO]	[DBConfig.csv is loaded...]
21:54:34	[LOG_INFO]	[ServerConfig.csv is loading...]
21:54:34	[LOG_INFO]	string,int32_t,int32_t
21:54:34	[LOG_INFO]	Game,1,3000
21:54:34	[LOG_INFO]	[ServerConfig.csv is loaded...]
21:54:34	[LOG_CONNECT]	WorldDB is Connected
21:54:34	[LOG_DEBUG]	[Server Type]: Game
21:54:34	[LOG_DEBUG]	[GroupID]: 0
21:54:34	[LOG_DEBUG]	[WorldID]: 1
21:54:34	[LOG_DEBUG]	[ServerID]: 3000
21:54:34	[LOG_INFO]	[Data/CharacterAbilityByStat.csv is loading...]
21:54:34	[LOG_INFO]	uint8_t,uint8_t,uint8_t,uint8_t,uint8_t,uint8_t
21:54:34	[LOG_INFO]	8 ,2 ,10 ,0 ,7 ,3 
21:54:34	[LOG_INFO]	5 ,5 ,8 ,2 ,6 ,4 
21:54:34	[LOG_INFO]	3 ,7 ,0 ,10 ,3 ,7 
21:54:34	[LOG_INFO]	[Data/CharacterAbilityByStat.csv is loaded...]
21:54:34	[LOG_INFO]	[Data/CharacterCreateSpeedStat.csv is loading...]
21:54:34	[LOG_INFO]	float_t,float_t,float_t
21:54:34	[LOG_INFO]	10.0 ,5.0 ,11.6 
21:54:34	[LOG_INFO]	12.0 ,3.0 ,11.8 
21:54:34	[LOG_INFO]	5.0 ,10.0 ,11.4 
21:54:34	[LOG_INFO]	13.0 ,2.0 ,12.0 
21:54:34	[LOG_INFO]	[Data/CharacterCreateSpeedStat.csv is loaded...]
21:54:34	[LOG_INFO]	[Data/CharacterSkill.csv is loading...]
21:54:34	[LOG_INFO]	int32_t,uint8_t,int32_t,uint8_t,int32_t,int32_t,int32_t
21:54:34	[LOG_INFO]	0,0 ,1 ,1 ,1300 ,0 ,0 
21:54:34	[LOG_INFO]	1,1 ,1 ,1 ,1800 ,0 ,0 
21:54:34	[LOG_INFO]	2,2 ,1 ,1 ,1300 ,0 ,0 
21:54:34	[LOG_INFO]	3,3 ,1 ,1 ,900 ,0 ,0 
21:54:34	[LOG_INFO]	[Data/CharacterSkill.csv is loaded...]
21:54:34	[LOG_INFO]	[Data/Map_000.csv is loading...]
21:54:34	[LOG_INFO]	MinX: -22 minY: -10 maxX: 21 maxY: -1
21:54:34	[LOG_INFO]	[Data/Map_000.csv is loaded...]
21:54:34	[LOG_DEBUG]	Server is Running...
21:54:34	[LOG_DEBUG]	[Thread Num]: 41
21:54:34	[LOG_DEBUG]	[Port]: 9000
22:00:24	[LOG_CONNECT]	oid(0)	[ip]: 127.0.0.1
22:00:24	[LOG_CONNECT]	AccountDB is Connected
22:00:24	[LOG_CONNECT]	GameDB is Connected
22:00:56	[LOG_DISCONNECT]	oid(0)	
