20:35:41	[LOG_INFO]	[DBConfig.csv is loading...]
20:35:41	[LOG_INFO]	string,string
20:35:41	[LOG_INFO]	World,112.145.214.226
20:35:41	[LOG_INFO]	Account,112.145.214.226
20:35:41	[LOG_INFO]	Game,112.145.214.226
20:35:41	[LOG_INFO]	[DBConfig.csv is loaded...]
20:35:43	[LOG_INFO]	[ServerConfig.csv is loading...]
20:35:43	[LOG_INFO]	string,int32_t,int32_t
20:35:43	[LOG_INFO]	Game,1,3000
20:35:43	[LOG_INFO]	[ServerConfig.csv is loaded...]
20:35:43	[LOG_CONNECT]	WorldDB is Connected
20:35:43	[LOG_DEBUG]	[Server Type]: Game
20:35:43	[LOG_DEBUG]	[GroupID]: 0
20:35:43	[LOG_DEBUG]	[WorldID]: 1
20:35:43	[LOG_DEBUG]	[ServerID]: 3000
20:35:43	[LOG_INFO]	[Data/CharacterAbilityByStat.csv is loading...]
20:35:43	[LOG_INFO]	uint8_t,uint8_t,uint8_t,uint8_t,uint8_t,uint8_t
20:35:43	[LOG_INFO]	8 ,2 ,10 ,0 ,7 ,3 
20:35:43	[LOG_INFO]	5 ,5 ,8 ,2 ,6 ,4 
20:35:43	[LOG_INFO]	3 ,7 ,0 ,10 ,3 ,7 
20:35:43	[LOG_INFO]	[Data/CharacterAbilityByStat.csv is loaded...]
20:35:43	[LOG_INFO]	[Data/CharacterCreateSpeedStat.csv is loading...]
20:35:43	[LOG_INFO]	float_t,float_t,float_t
20:35:43	[LOG_INFO]	10.0 ,5.0 ,11.6 
20:35:43	[LOG_INFO]	12.0 ,3.0 ,11.8 
20:35:43	[LOG_INFO]	5.0 ,10.0 ,11.4 
20:35:43	[LOG_INFO]	13.0 ,2.0 ,12.0 
20:35:43	[LOG_INFO]	[Data/CharacterCreateSpeedStat.csv is loaded...]
20:35:43	[LOG_INFO]	[Data/CharacterSkill.csv is loading...]
20:35:43	[LOG_INFO]	int32_t,uint8_t,uint8_t,float_t,uint8_t,uint8_t,int64_t,uint8_t,int32_t,uint8_t,uint8_t,uint8_t,uint8_t,int32_t,int32_t,int32_t
20:35:43	[LOG_INFO]	0,1 ,0 ,0.0 ,1 ,0 ,766 ,2 ,1 ,6 ,4 ,0 ,4 ,1100 ,0 ,0 
20:35:43	[LOG_INFO]	1,2 ,1 ,30.0 ,1 ,1 ,1166 ,2 ,1 ,6 ,4 ,0 ,1 ,1600 ,0 ,0 
20:35:43	[LOG_INFO]	2,2 ,2 ,25.0 ,1 ,2 ,666 ,3 ,1 ,7 ,5 ,0 ,1 ,1200 ,0 ,0 
20:35:43	[LOG_INFO]	3,1 ,0 ,0.0 ,1 ,3 ,333 ,2 ,1 ,6 ,4 ,0 ,3 ,700 ,0 ,0 
20:35:43	[LOG_INFO]	[Data/CharacterSkill.csv is loaded...]
20:35:43	[LOG_INFO]	[Data/CharacterLevel.csv is loading...]
20:35:43	[LOG_INFO]	int64_t,int32_t
20:35:43	[LOG_INFO]	100 ,0 
20:35:43	[LOG_INFO]	150 ,1 
20:35:43	[LOG_INFO]	500 ,1 
20:35:43	[LOG_INFO]	900 ,1 
20:35:43	[LOG_INFO]	1500 ,1 
20:35:43	[LOG_INFO]	2000 ,1 
20:35:43	[LOG_INFO]	3000 ,1 
20:35:43	[LOG_INFO]	5000 ,1 
20:35:43	[LOG_INFO]	8000 ,1 
20:35:43	[LOG_INFO]	10000 ,3 
20:35:43	[LOG_INFO]	14000 ,1 
20:35:43	[LOG_INFO]	18000 ,1 
20:35:43	[LOG_INFO]	20000 ,1 
20:35:43	[LOG_INFO]	23000 ,1 
20:35:43	[LOG_INFO]	25000 ,2 
20:35:43	[LOG_INFO]	40000 ,1 
20:35:43	[LOG_INFO]	45000 ,1 
20:35:43	[LOG_INFO]	48000 ,1 
20:35:43	[LOG_INFO]	50000 ,1 
20:35:43	[LOG_INFO]	60000 ,3 
20:35:43	[LOG_INFO]	80000 ,1 
20:35:43	[LOG_INFO]	82000 ,1 
20:35:43	[LOG_INFO]	85000 ,1 
20:35:43	[LOG_INFO]	90000 ,1 
20:35:43	[LOG_INFO]	120000 ,2 
20:35:43	[LOG_INFO]	140000 ,1 
20:35:43	[LOG_INFO]	180000 ,1 
20:35:43	[LOG_INFO]	200000 ,1 
20:35:43	[LOG_INFO]	250000 ,1 
20:35:43	[LOG_INFO]	290000 ,3 
20:35:43	[LOG_INFO]	330000 ,1 
20:35:43	[LOG_INFO]	400000 ,1 
20:35:43	[LOG_INFO]	430000 ,1 
20:35:43	[LOG_INFO]	480000 ,1 
20:35:43	[LOG_INFO]	520000 ,2 
20:35:43	[LOG_INFO]	550000 ,1 
20:35:43	[LOG_INFO]	580000 ,1 
20:35:43	[LOG_INFO]	630000 ,1 
20:35:43	[LOG_INFO]	650000 ,1 
20:35:43	[LOG_INFO]	680000 ,3 
20:35:43	[LOG_INFO]	720000 ,1 
20:35:43	[LOG_INFO]	770000 ,1 
20:35:43	[LOG_INFO]	850000 ,1 
20:35:43	[LOG_INFO]	900000 ,1 
20:35:43	[LOG_INFO]	1000000 ,2 
20:35:43	[LOG_INFO]	1300000 ,1 
20:35:43	[LOG_INFO]	1500000 ,1 
20:35:43	[LOG_INFO]	2000000 ,1 
20:35:43	[LOG_INFO]	3000000 ,1 
20:35:43	[LOG_INFO]	0 ,5 
20:35:43	[LOG_INFO]	[Data/CharacterLevel.csv is loaded...]
20:35:43	[LOG_INFO]	[Data/Map_000.csv is loading...]
20:35:50	[LOG_INFO]	MinX: -22 minY: -10 maxX: 51 maxY: -1
20:35:50	[LOG_INFO]	[Data/Map_000.csv is loaded...]
20:35:50	[LOG_DEBUG]	Server is Running...
20:35:50	[LOG_DEBUG]	[Thread Num]: 41
20:35:50	[LOG_DEBUG]	[Port]: 9000
20:36:23	[LOG_INFO]	[DBConfig.csv is loading...]
20:36:23	[LOG_INFO]	string,string
20:36:23	[LOG_INFO]	World,112.145.214.226
20:36:23	[LOG_INFO]	Account,112.145.214.226
20:36:23	[LOG_INFO]	Game,112.145.214.226
20:36:25	[LOG_INFO]	[DBConfig.csv is loaded...]
20:36:26	[LOG_INFO]	[ServerConfig.csv is loading...]
20:36:26	[LOG_INFO]	string,int32_t,int32_t
20:36:26	[LOG_INFO]	Game,1,3000
20:36:40	[LOG_INFO]	[ServerConfig.csv is loaded...]
20:36:40	[LOG_CONNECT]	WorldDB is Connected
20:36:40	[LOG_DEBUG]	[Server Type]: Game
20:36:40	[LOG_DEBUG]	[GroupID]: 0
20:36:40	[LOG_DEBUG]	[WorldID]: 1
20:36:40	[LOG_DEBUG]	[ServerID]: 3000
20:36:40	[LOG_INFO]	[Data/CharacterAbilityByStat.csv is loading...]
20:36:40	[LOG_INFO]	uint8_t,uint8_t,uint8_t,uint8_t,uint8_t,uint8_t
20:36:40	[LOG_INFO]	8 ,2 ,10 ,0 ,7 ,3 
20:36:40	[LOG_INFO]	5 ,5 ,8 ,2 ,6 ,4 
20:36:40	[LOG_INFO]	3 ,7 ,0 ,10 ,3 ,7 
20:36:44	[LOG_INFO]	[DBConfig.csv is loading...]
20:36:44	[LOG_INFO]	string,string
20:36:44	[LOG_INFO]	World,112.145.214.226
20:36:44	[LOG_INFO]	Account,112.145.214.226
20:36:44	[LOG_INFO]	Game,112.145.214.226
20:36:45	[LOG_INFO]	[DBConfig.csv is loaded...]
20:36:46	[LOG_INFO]	[ServerConfig.csv is loading...]
20:36:46	[LOG_INFO]	string,int32_t,int32_t
20:36:46	[LOG_INFO]	Game,1,3000
20:36:50	[LOG_INFO]	[ServerConfig.csv is loaded...]
20:36:50	[LOG_CONNECT]	WorldDB is Connected
20:36:50	[LOG_DEBUG]	[Server Type]: Game
20:36:50	[LOG_DEBUG]	[GroupID]: 0
20:36:50	[LOG_DEBUG]	[WorldID]: 1
20:36:50	[LOG_DEBUG]	[ServerID]: 3000
20:36:50	[LOG_INFO]	[Data/CharacterAbilityByStat.csv is loading...]
20:36:53	[LOG_INFO]	[DBConfig.csv is loading...]
20:36:55	[LOG_INFO]	string,string
20:36:56	[LOG_INFO]	World,112.145.214.226
20:36:57	[LOG_INFO]	Account,112.145.214.226
20:36:57	[LOG_INFO]	Game,112.145.214.226
20:36:58	[LOG_INFO]	[DBConfig.csv is loaded...]
20:36:59	[LOG_INFO]	[ServerConfig.csv is loading...]
20:37:20	[LOG_INFO]	string,int32_t,int32_t
20:37:46	[LOG_INFO]	Game,1,3000
20:46:41	[LOG_INFO]	[DBConfig.csv is loading...]
20:46:41	[LOG_INFO]	string,string
20:46:41	[LOG_INFO]	World,112.145.214.226
20:46:41	[LOG_INFO]	Account,112.145.214.226
20:46:41	[LOG_INFO]	Game,112.145.214.226
20:48:04	[LOG_INFO]	[DBConfig.csv is loading...]
20:48:04	[LOG_INFO]	string,string
20:48:04	[LOG_INFO]	World,112.145.214.226
20:48:04	[LOG_INFO]	Account,112.145.214.226
20:48:04	[LOG_INFO]	Game,112.145.214.226
20:48:04	[LOG_INFO]	[DBConfig.csv is loaded...]
20:48:05	[LOG_INFO]	[ServerConfig.csv is loading...]
20:48:05	[LOG_INFO]	string,int32_t,int32_t
20:48:05	[LOG_INFO]	Game,1,3000
20:49:17	[LOG_INFO]	[DBConfig.csv is loading...]
20:49:17	[LOG_INFO]	string,string
20:49:17	[LOG_INFO]	World,112.145.214.226
20:49:17	[LOG_INFO]	Account,112.145.214.226
20:49:17	[LOG_INFO]	Game,112.145.214.226
20:49:17	[LOG_INFO]	[DBConfig.csv is loaded...]
20:49:28	[LOG_INFO]	[DBConfig.csv is loading...]
20:49:28	[LOG_INFO]	string,string
20:49:28	[LOG_INFO]	World,112.145.214.226
20:49:28	[LOG_INFO]	Account,112.145.214.226
20:49:28	[LOG_INFO]	Game,112.145.214.226
20:51:57	[LOG_INFO]	[DBConfig.csv is loading...]
20:51:57	[LOG_INFO]	string,string
20:51:57	[LOG_INFO]	World,112.145.214.226
20:51:57	[LOG_INFO]	Account,112.145.214.226
20:51:57	[LOG_INFO]	Game,112.145.214.226
20:51:57	[LOG_INFO]	[DBConfig.csv is loaded...]
20:51:57	[LOG_INFO]	[ServerConfig.csv is loading...]
20:51:57	[LOG_INFO]	string,int32_t,int32_t
20:51:57	[LOG_INFO]	Game,1,3000
20:51:57	[LOG_INFO]	[ServerConfig.csv is loaded...]
20:51:57	[LOG_CONNECT]	WorldDB is Connected
20:51:57	[LOG_DEBUG]	[Server Type]: Game
20:51:57	[LOG_DEBUG]	[GroupID]: 0
20:51:57	[LOG_DEBUG]	[WorldID]: 1
20:51:57	[LOG_DEBUG]	[ServerID]: 3000
20:51:57	[LOG_INFO]	[Data/CharacterAbilityByStat.csv is loading...]
20:51:57	[LOG_INFO]	uint8_t,uint8_t,uint8_t,uint8_t,uint8_t,uint8_t
20:51:57	[LOG_INFO]	8 ,2 ,10 ,0 ,7 ,3 
20:51:57	[LOG_INFO]	5 ,5 ,8 ,2 ,6 ,4 
20:51:57	[LOG_INFO]	3 ,7 ,0 ,10 ,3 ,7 
20:51:57	[LOG_INFO]	[Data/CharacterAbilityByStat.csv is loaded...]
20:51:57	[LOG_INFO]	[Data/CharacterCreateSpeedStat.csv is loading...]
20:51:57	[LOG_INFO]	float_t,float_t,float_t
20:51:57	[LOG_INFO]	10.0 ,5.0 ,11.6 
20:51:57	[LOG_INFO]	12.0 ,3.0 ,11.8 
20:51:57	[LOG_INFO]	5.0 ,10.0 ,11.4 
20:51:57	[LOG_INFO]	13.0 ,2.0 ,12.0 
20:51:57	[LOG_INFO]	[Data/CharacterCreateSpeedStat.csv is loaded...]
20:51:57	[LOG_INFO]	[Data/CharacterSkill.csv is loading...]
20:51:57	[LOG_INFO]	int32_t,uint8_t,uint8_t,float_t,uint8_t,uint8_t,int64_t,uint8_t,int32_t,uint8_t,uint8_t,uint8_t,uint8_t,int32_t,int32_t,int32_t
20:51:57	[LOG_INFO]	0,1 ,0 ,0.0 ,1 ,0 ,766 ,2 ,1 ,6 ,4 ,0 ,4 ,1100 ,0 ,0 
20:51:57	[LOG_INFO]	1,2 ,1 ,30.0 ,1 ,1 ,1166 ,2 ,1 ,6 ,4 ,0 ,1 ,1600 ,0 ,0 
20:51:57	[LOG_INFO]	2,2 ,2 ,25.0 ,1 ,2 ,666 ,3 ,1 ,7 ,5 ,0 ,1 ,1200 ,0 ,0 
20:51:57	[LOG_INFO]	3,1 ,0 ,0.0 ,1 ,3 ,333 ,2 ,1 ,6 ,4 ,0 ,3 ,700 ,0 ,0 
20:51:57	[LOG_INFO]	[Data/CharacterSkill.csv is loaded...]
20:51:57	[LOG_INFO]	[Data/CharacterLevel.csv is loading...]
20:51:57	[LOG_INFO]	int64_t,int32_t
20:51:57	[LOG_INFO]	100 ,0 
20:51:57	[LOG_INFO]	150 ,1 
20:51:57	[LOG_INFO]	500 ,1 
20:51:57	[LOG_INFO]	900 ,1 
20:51:57	[LOG_INFO]	1500 ,1 
20:51:57	[LOG_INFO]	2000 ,1 
20:51:57	[LOG_INFO]	3000 ,1 
20:51:57	[LOG_INFO]	5000 ,1 
20:51:57	[LOG_INFO]	8000 ,1 
20:51:57	[LOG_INFO]	10000 ,3 
20:51:57	[LOG_INFO]	14000 ,1 
20:51:57	[LOG_INFO]	18000 ,1 
20:51:57	[LOG_INFO]	20000 ,1 
20:51:57	[LOG_INFO]	23000 ,1 
20:51:57	[LOG_INFO]	25000 ,2 
20:51:57	[LOG_INFO]	40000 ,1 
20:51:57	[LOG_INFO]	45000 ,1 
20:51:57	[LOG_INFO]	48000 ,1 
20:51:57	[LOG_INFO]	50000 ,1 
20:51:57	[LOG_INFO]	60000 ,3 
20:51:57	[LOG_INFO]	80000 ,1 
20:51:57	[LOG_INFO]	82000 ,1 
20:51:57	[LOG_INFO]	85000 ,1 
20:51:57	[LOG_INFO]	90000 ,1 
20:51:57	[LOG_INFO]	120000 ,2 
20:51:57	[LOG_INFO]	140000 ,1 
20:51:57	[LOG_INFO]	180000 ,1 
20:51:57	[LOG_INFO]	200000 ,1 
20:51:57	[LOG_INFO]	250000 ,1 
20:51:57	[LOG_INFO]	290000 ,3 
20:51:57	[LOG_INFO]	330000 ,1 
20:51:57	[LOG_INFO]	400000 ,1 
20:51:57	[LOG_INFO]	430000 ,1 
20:51:57	[LOG_INFO]	480000 ,1 
20:51:57	[LOG_INFO]	520000 ,2 
20:51:57	[LOG_INFO]	550000 ,1 
20:51:57	[LOG_INFO]	580000 ,1 
20:51:57	[LOG_INFO]	630000 ,1 
20:51:57	[LOG_INFO]	650000 ,1 
20:51:57	[LOG_INFO]	680000 ,3 
20:51:57	[LOG_INFO]	720000 ,1 
20:51:57	[LOG_INFO]	770000 ,1 
20:51:57	[LOG_INFO]	850000 ,1 
20:51:57	[LOG_INFO]	900000 ,1 
20:51:57	[LOG_INFO]	1000000 ,2 
20:51:57	[LOG_INFO]	1300000 ,1 
20:51:57	[LOG_INFO]	1500000 ,1 
20:51:57	[LOG_INFO]	2000000 ,1 
20:51:57	[LOG_INFO]	3000000 ,1 
20:51:57	[LOG_INFO]	0 ,5 
20:51:57	[LOG_INFO]	[Data/CharacterLevel.csv is loaded...]
20:51:57	[LOG_INFO]	[Data/Map_000.csv is loading...]
20:51:57	[LOG_INFO]	MinX: -22 minY: -10 maxX: 51 maxY: -1
20:51:57	[LOG_INFO]	[Data/Map_000.csv is loaded...]
20:51:57	[LOG_DEBUG]	Server is Running...
20:51:57	[LOG_DEBUG]	[Thread Num]: 41
20:51:57	[LOG_DEBUG]	[Port]: 9000
