22:48:49	[LOG_INFO]	[DBConfig.csv is loading...]
22:48:49	[LOG_INFO]	string,string
22:48:49	[LOG_INFO]	World,112.145.214.226
22:48:49	[LOG_INFO]	Account,112.145.214.226
22:48:49	[LOG_INFO]	Game,112.145.214.226
22:48:49	[LOG_INFO]	[DBConfig.csv is loaded...]
22:48:49	[LOG_INFO]	[ServerConfig.csv is loading...]
22:48:49	[LOG_INFO]	string,int32_t,int32_t
22:48:49	[LOG_INFO]	Game,1,3000
22:48:49	[LOG_INFO]	[ServerConfig.csv is loaded...]
22:48:49	[LOG_CONNECT]	WorldDB is Connected
22:48:49	[LOG_DEBUG]	[Server Type]: Game
22:48:49	[LOG_DEBUG]	[GroupID]: 0
22:48:49	[LOG_DEBUG]	[WorldID]: 1
22:48:49	[LOG_DEBUG]	[ServerID]: 3000
22:48:49	[LOG_INFO]	[Data/CharacterAbilityByStat.csv is loading...]
22:48:49	[LOG_INFO]	uint8_t,uint8_t,uint8_t,uint8_t,uint8_t,uint8_t
22:48:49	[LOG_INFO]	8 ,2 ,10 ,0 ,7 ,3 
22:48:49	[LOG_INFO]	5 ,5 ,8 ,2 ,6 ,4 
22:48:49	[LOG_INFO]	3 ,7 ,0 ,10 ,3 ,7 
22:48:49	[LOG_INFO]	[Data/CharacterAbilityByStat.csv is loaded...]
22:48:49	[LOG_INFO]	[Data/CharacterCreateSpeedStat.csv is loading...]
22:48:49	[LOG_INFO]	float_t,float_t,float_t
22:48:49	[LOG_INFO]	10.0 ,5.0 ,10.0 
22:48:49	[LOG_INFO]	12.0 ,3.0 ,12.0 
22:48:49	[LOG_INFO]	5.0 ,10.0 ,8.0 
22:48:49	[LOG_INFO]	13.0 ,2.0 ,15.0 
22:48:49	[LOG_INFO]	[Data/CharacterCreateSpeedStat.csv is loaded...]
22:48:50	[LOG_DEBUG]	Server is Running...
22:48:50	[LOG_DEBUG]	[Thread Num]: 17
22:48:50	[LOG_DEBUG]	[Port]: 9000
22:49:40	[LOG_CONNECT]	oid(0)	[ip]: 127.0.0.1
22:49:40	[LOG_CONNECT]	AccountDB is Connected
22:49:40	[LOG_CONNECT]	GameDB is Connected
22:51:33	[LOG_DISCONNECT]	oid(0)	
22:51:45	[LOG_CONNECT]	oid(1)	[ip]: 127.0.0.1
22:51:45	[LOG_CONNECT]	GameDB is Connected
22:51:46	[LOG_CONNECT]	AccountDB is Connected
22:53:16	[LOG_DISCONNECT]	oid(1)	
22:53:28	[LOG_CONNECT]	oid(2)	[ip]: 127.0.0.1
22:53:28	[LOG_CONNECT]	GameDB is Connected
22:53:28	[LOG_CONNECT]	AccountDB is Connected
22:53:57	[LOG_DISCONNECT]	oid(2)	
22:54:09	[LOG_CONNECT]	oid(3)	[ip]: 127.0.0.1
22:55:03	[LOG_DISCONNECT]	oid(3)	
22:55:20	[LOG_CONNECT]	oid(4)	[ip]: 127.0.0.1
22:58:02	[LOG_DISCONNECT]	oid(4)	
22:58:27	[LOG_CONNECT]	oid(5)	[ip]: 127.0.0.1
22:59:57	[LOG_DISCONNECT]	oid(5)	
22:59:57	[LOG_DISCONNECT]	oid(5)	
