20:03:23	[LOG_INFO]	[DBConfig.csv is loading...]
20:03:23	[LOG_INFO]	string,string
20:03:23	[LOG_INFO]	World,112.145.214.226
20:03:23	[LOG_INFO]	Account,112.145.214.226
20:03:23	[LOG_INFO]	Game,112.145.214.226
20:03:23	[LOG_INFO]	[DBConfig.csv is loaded...]
20:03:23	[LOG_INFO]	[ServerConfig.csv is loading...]
20:03:23	[LOG_INFO]	string,int32_t,int32_t
20:03:23	[LOG_INFO]	Game,1,3000
20:03:23	[LOG_INFO]	[ServerConfig.csv is loaded...]
20:03:23	[LOG_CONNECT]	WorldDB is Connected
20:03:23	[LOG_DEBUG]	[Server Type]: Game
20:03:23	[LOG_DEBUG]	[GroupID]: 0
20:03:23	[LOG_DEBUG]	[WorldID]: 1
20:03:23	[LOG_DEBUG]	[ServerID]: 3000
20:03:23	[LOG_INFO]	[Data/CharacterAbilityByStat.csv is loading...]
20:03:23	[LOG_INFO]	uint8_t,uint8_t,uint8_t,uint8_t,uint8_t,uint8_t
20:03:23	[LOG_INFO]	8 ,2 ,10 ,0 ,7 ,3 
20:03:23	[LOG_INFO]	5 ,5 ,8 ,2 ,6 ,4 
20:03:23	[LOG_INFO]	3 ,7 ,0 ,10 ,3 ,7 
20:03:23	[LOG_INFO]	[Data/CharacterAbilityByStat.csv is loaded...]
20:03:23	[LOG_INFO]	[Data/CharacterCreateSpeedStat.csv is loading...]
20:03:23	[LOG_INFO]	float_t,float_t,float_t
20:03:23	[LOG_INFO]	10.0 ,5.0 ,11.6 
20:03:23	[LOG_INFO]	12.0 ,3.0 ,11.8 
20:03:23	[LOG_INFO]	5.0 ,10.0 ,11.4 
20:03:23	[LOG_INFO]	13.0 ,2.0 ,12.0 
20:03:23	[LOG_INFO]	[Data/CharacterCreateSpeedStat.csv is loaded...]
20:03:23	[LOG_INFO]	[Data/CharacterSkill.csv is loading...]
20:03:23	[LOG_INFO]	int32_t,uint8_t,uint8_t,int32_t,uint8_t,uint8_t,uint8_t,uint8_t,int32_t,int32_t,int32_t
20:03:23	[LOG_INFO]	0,0 ,2 ,1 ,6 ,4 ,0 ,4 ,1100 ,0 ,0 
20:03:23	[LOG_INFO]	1,1 ,2 ,1 ,6 ,4 ,0 ,1 ,1600 ,0 ,0 
20:03:23	[LOG_INFO]	2,2 ,3 ,1 ,7 ,5 ,0 ,1 ,1200 ,0 ,0 
20:03:23	[LOG_INFO]	3,3 ,2 ,1 ,6 ,4 ,0 ,3 ,700 ,0 ,0 
20:03:23	[LOG_INFO]	[Data/CharacterSkill.csv is loaded...]
20:03:23	[LOG_INFO]	[Data/Map_000.csv is loading...]
20:03:23	[LOG_INFO]	MinX: -22 minY: -10 maxX: 21 maxY: -1
20:03:23	[LOG_INFO]	[Data/Map_000.csv is loaded...]
20:03:23	[LOG_DEBUG]	Server is Running...
20:03:23	[LOG_DEBUG]	[Thread Num]: 41
20:03:23	[LOG_DEBUG]	[Port]: 9000
20:18:04	[LOG_CONNECT]	oid(0)	[ip]: 127.0.0.1
20:18:04	[LOG_CONNECT]	AccountDB is Connected
20:18:04	[LOG_CONNECT]	GameDB is Connected
20:18:45	[LOG_CONNECT]	oid(1)	[ip]: 127.0.0.1
20:20:27	[LOG_DISCONNECT]	oid(0)	
20:20:27	[LOG_CONNECT]	GameDB is Connected
20:20:36	[LOG_DISCONNECT]	oid(1)	
20:54:07	[LOG_CONNECT]	oid(2)	[ip]: 127.0.0.1
20:54:14	[LOG_DISCONNECT]	oid(2)	
20:54:31	[LOG_CONNECT]	oid(3)	[ip]: 127.0.0.1
20:55:06	[LOG_DISCONNECT]	oid(3)	
20:55:21	[LOG_CONNECT]	oid(4)	[ip]: 127.0.0.1
20:55:41	[LOG_DISCONNECT]	oid(4)	
20:57:12	[LOG_CONNECT]	oid(5)	[ip]: 127.0.0.1
20:57:40	[LOG_DISCONNECT]	oid(5)	
