17:30:47	[LOG_INFO]	[DBConfig.csv is loading...]
17:30:47	[LOG_INFO]	string,string
17:30:47	[LOG_INFO]	World,112.145.214.226
17:30:47	[LOG_INFO]	Account,112.145.214.226
17:30:47	[LOG_INFO]	Game,112.145.214.226
17:30:47	[LOG_INFO]	[DBConfig.csv is loaded...]
17:30:47	[LOG_INFO]	[ServerConfig.csv is loading...]
17:30:47	[LOG_INFO]	string,int32_t,int32_t
17:30:47	[LOG_INFO]	Game,1,3000
17:30:47	[LOG_INFO]	[ServerConfig.csv is loaded...]
17:30:47	[LOG_CONNECT]	WorldDB is Connected
17:30:47	[LOG_DEBUG]	[Server Type]: Game
17:30:47	[LOG_DEBUG]	[GroupID]: 0
17:30:47	[LOG_DEBUG]	[WorldID]: 1
17:30:47	[LOG_DEBUG]	[ServerID]: 3000
17:30:47	[LOG_INFO]	[Data/CharacterAbilityByStat.csv is loading...]
17:30:47	[LOG_INFO]	uint8_t,uint8_t,uint8_t,uint8_t,uint8_t,uint8_t
17:30:47	[LOG_INFO]	8 ,2 ,10 ,0 ,7 ,3 
17:30:47	[LOG_INFO]	5 ,5 ,8 ,2 ,6 ,4 
17:30:47	[LOG_INFO]	3 ,7 ,0 ,10 ,3 ,7 
17:30:47	[LOG_INFO]	[Data/CharacterAbilityByStat.csv is loaded...]
17:30:47	[LOG_INFO]	[Data/CharacterCreateSpeedStat.csv is loading...]
17:30:47	[LOG_INFO]	float_t,float_t,float_t
17:30:47	[LOG_INFO]	10.0 ,5.0 ,11.6 
17:30:47	[LOG_INFO]	12.0 ,3.0 ,11.8 
17:30:47	[LOG_INFO]	5.0 ,10.0 ,11.4 
17:30:47	[LOG_INFO]	13.0 ,2.0 ,12.0 
17:30:47	[LOG_INFO]	[Data/CharacterCreateSpeedStat.csv is loaded...]
17:30:47	[LOG_INFO]	[Data/CharacterSkill.csv is loading...]
17:30:47	[LOG_INFO]	int32_t,uint8_t,uint8_t,uint8_t,int64_t,uint8_t,int32_t,uint8_t,uint8_t,uint8_t,uint8_t,int32_t,int32_t,int32_t
17:30:47	[LOG_INFO]	0,1 ,1 ,0 ,766 ,2 ,1 ,6 ,4 ,0 ,4 ,1100 ,0 ,0 
17:30:47	[LOG_INFO]	1,2 ,1 ,1 ,1166 ,2 ,1 ,6 ,4 ,0 ,1 ,1600 ,0 ,0 
17:30:47	[LOG_INFO]	2,2 ,1 ,2 ,666 ,3 ,1 ,7 ,5 ,0 ,1 ,1200 ,0 ,0 
17:30:47	[LOG_INFO]	3,1 ,1 ,3 ,333 ,2 ,1 ,6 ,4 ,0 ,3 ,700 ,0 ,0 
17:30:47	[LOG_INFO]	[Data/CharacterSkill.csv is loaded...]
17:30:47	[LOG_INFO]	[Data/CharacterLevel.csv is loading...]
17:30:47	[LOG_INFO]	int64_t,int32_t
17:30:47	[LOG_INFO]	100 ,0 
17:30:47	[LOG_INFO]	150 ,1 
17:30:47	[LOG_INFO]	500 ,1 
17:30:47	[LOG_INFO]	900 ,1 
17:30:47	[LOG_INFO]	1500 ,1 
17:30:47	[LOG_INFO]	2000 ,1 
17:30:47	[LOG_INFO]	3000 ,1 
17:30:47	[LOG_INFO]	5000 ,1 
17:30:47	[LOG_INFO]	8000 ,1 
17:30:47	[LOG_INFO]	10000 ,3 
17:30:47	[LOG_INFO]	14000 ,1 
17:30:47	[LOG_INFO]	18000 ,1 
17:30:47	[LOG_INFO]	20000 ,1 
17:30:47	[LOG_INFO]	23000 ,1 
17:30:47	[LOG_INFO]	25000 ,2 
17:30:47	[LOG_INFO]	40000 ,1 
17:30:47	[LOG_INFO]	45000 ,1 
17:30:47	[LOG_INFO]	48000 ,1 
17:30:47	[LOG_INFO]	50000 ,1 
17:30:47	[LOG_INFO]	60000 ,3 
17:30:47	[LOG_INFO]	80000 ,1 
17:30:47	[LOG_INFO]	82000 ,1 
17:30:47	[LOG_INFO]	85000 ,1 
17:30:47	[LOG_INFO]	90000 ,1 
17:30:47	[LOG_INFO]	120000 ,2 
17:30:47	[LOG_INFO]	140000 ,1 
17:30:47	[LOG_INFO]	180000 ,1 
17:30:47	[LOG_INFO]	200000 ,1 
17:30:47	[LOG_INFO]	250000 ,1 
17:30:47	[LOG_INFO]	290000 ,3 
17:30:47	[LOG_INFO]	330000 ,1 
17:30:47	[LOG_INFO]	400000 ,1 
17:30:47	[LOG_INFO]	430000 ,1 
17:30:47	[LOG_INFO]	480000 ,1 
17:30:47	[LOG_INFO]	520000 ,2 
17:30:47	[LOG_INFO]	550000 ,1 
17:30:47	[LOG_INFO]	580000 ,1 
17:30:47	[LOG_INFO]	630000 ,1 
17:30:47	[LOG_INFO]	650000 ,1 
17:30:47	[LOG_INFO]	680000 ,3 
17:30:47	[LOG_INFO]	720000 ,1 
17:30:47	[LOG_INFO]	770000 ,1 
17:30:47	[LOG_INFO]	850000 ,1 
17:30:47	[LOG_INFO]	900000 ,1 
17:30:47	[LOG_INFO]	1000000 ,2 
17:30:47	[LOG_INFO]	1300000 ,1 
17:30:47	[LOG_INFO]	1500000 ,1 
17:30:47	[LOG_INFO]	2000000 ,1 
17:30:47	[LOG_INFO]	3000000 ,1 
17:30:47	[LOG_INFO]	0 ,5 
17:30:47	[LOG_INFO]	[Data/CharacterLevel.csv is loaded...]
17:30:47	[LOG_INFO]	[Data/Map_000.csv is loading...]
17:30:47	[LOG_INFO]	MinX: -22 minY: -10 maxX: 51 maxY: -1
17:30:47	[LOG_INFO]	[Data/Map_000.csv is loaded...]
17:30:47	[LOG_DEBUG]	Server is Running...
17:30:47	[LOG_DEBUG]	[Thread Num]: 41
17:30:47	[LOG_DEBUG]	[Port]: 9000
17:31:01	[LOG_CONNECT]	oid(0)	[ip]: 127.0.0.1
17:31:01	[LOG_CONNECT]	AccountDB is Connected
17:31:01	[LOG_CONNECT]	GameDB is Connected
17:33:19	[LOG_INFO]	[DBConfig.csv is loading...]
17:33:19	[LOG_INFO]	string,string
17:33:19	[LOG_INFO]	World,112.145.214.226
17:33:19	[LOG_INFO]	Account,112.145.214.226
17:33:19	[LOG_INFO]	Game,112.145.214.226
17:33:19	[LOG_INFO]	[DBConfig.csv is loaded...]
17:33:19	[LOG_INFO]	[ServerConfig.csv is loading...]
17:33:19	[LOG_INFO]	string,int32_t,int32_t
17:33:19	[LOG_INFO]	Game,1,3000
17:33:19	[LOG_INFO]	[ServerConfig.csv is loaded...]
17:33:19	[LOG_CONNECT]	WorldDB is Connected
17:33:19	[LOG_DEBUG]	[Server Type]: Game
17:33:19	[LOG_DEBUG]	[GroupID]: 0
17:33:19	[LOG_DEBUG]	[WorldID]: 1
17:33:19	[LOG_DEBUG]	[ServerID]: 3000
17:33:19	[LOG_INFO]	[Data/CharacterAbilityByStat.csv is loading...]
17:33:19	[LOG_INFO]	uint8_t,uint8_t,uint8_t,uint8_t,uint8_t,uint8_t
17:33:19	[LOG_INFO]	8 ,2 ,10 ,0 ,7 ,3 
17:33:19	[LOG_INFO]	5 ,5 ,8 ,2 ,6 ,4 
17:33:19	[LOG_INFO]	3 ,7 ,0 ,10 ,3 ,7 
17:33:19	[LOG_INFO]	[Data/CharacterAbilityByStat.csv is loaded...]
17:33:19	[LOG_INFO]	[Data/CharacterCreateSpeedStat.csv is loading...]
17:33:19	[LOG_INFO]	float_t,float_t,float_t
17:33:19	[LOG_INFO]	10.0 ,5.0 ,11.6 
17:33:19	[LOG_INFO]	12.0 ,3.0 ,11.8 
17:33:19	[LOG_INFO]	5.0 ,10.0 ,11.4 
17:33:19	[LOG_INFO]	13.0 ,2.0 ,12.0 
17:33:19	[LOG_INFO]	[Data/CharacterCreateSpeedStat.csv is loaded...]
17:33:19	[LOG_INFO]	[Data/CharacterSkill.csv is loading...]
17:33:19	[LOG_INFO]	int32_t,uint8_t,uint8_t,uint8_t,int64_t,uint8_t,int32_t,uint8_t,uint8_t,uint8_t,uint8_t,int32_t,int32_t,int32_t
17:33:19	[LOG_INFO]	0,1 ,1 ,0 ,766 ,2 ,1 ,6 ,4 ,0 ,4 ,1100 ,0 ,0 
17:33:19	[LOG_INFO]	1,2 ,1 ,1 ,1166 ,2 ,1 ,6 ,4 ,0 ,1 ,1600 ,0 ,0 
17:33:19	[LOG_INFO]	2,2 ,1 ,2 ,666 ,3 ,1 ,7 ,5 ,0 ,1 ,1200 ,0 ,0 
17:33:19	[LOG_INFO]	3,1 ,1 ,3 ,333 ,2 ,1 ,6 ,4 ,0 ,3 ,700 ,0 ,0 
17:33:19	[LOG_INFO]	[Data/CharacterSkill.csv is loaded...]
17:33:19	[LOG_INFO]	[Data/CharacterLevel.csv is loading...]
17:33:19	[LOG_INFO]	int64_t,int32_t
17:33:19	[LOG_INFO]	100 ,0 
17:33:19	[LOG_INFO]	150 ,1 
17:33:19	[LOG_INFO]	500 ,1 
17:33:19	[LOG_INFO]	900 ,1 
17:33:19	[LOG_INFO]	1500 ,1 
17:33:19	[LOG_INFO]	2000 ,1 
17:33:19	[LOG_INFO]	3000 ,1 
17:33:19	[LOG_INFO]	5000 ,1 
17:33:19	[LOG_INFO]	8000 ,1 
17:33:19	[LOG_INFO]	10000 ,3 
17:33:19	[LOG_INFO]	14000 ,1 
17:33:19	[LOG_INFO]	18000 ,1 
17:33:19	[LOG_INFO]	20000 ,1 
17:33:19	[LOG_INFO]	23000 ,1 
17:33:19	[LOG_INFO]	25000 ,2 
17:33:19	[LOG_INFO]	40000 ,1 
17:33:19	[LOG_INFO]	45000 ,1 
17:33:19	[LOG_INFO]	48000 ,1 
17:33:19	[LOG_INFO]	50000 ,1 
17:33:19	[LOG_INFO]	60000 ,3 
17:33:19	[LOG_INFO]	80000 ,1 
17:33:19	[LOG_INFO]	82000 ,1 
17:33:19	[LOG_INFO]	85000 ,1 
17:33:19	[LOG_INFO]	90000 ,1 
17:33:19	[LOG_INFO]	120000 ,2 
17:33:19	[LOG_INFO]	140000 ,1 
17:33:19	[LOG_INFO]	180000 ,1 
17:33:19	[LOG_INFO]	200000 ,1 
17:33:19	[LOG_INFO]	250000 ,1 
17:33:19	[LOG_INFO]	290000 ,3 
17:33:19	[LOG_INFO]	330000 ,1 
17:33:19	[LOG_INFO]	400000 ,1 
17:33:19	[LOG_INFO]	430000 ,1 
17:33:19	[LOG_INFO]	480000 ,1 
17:33:19	[LOG_INFO]	520000 ,2 
17:33:19	[LOG_INFO]	550000 ,1 
17:33:19	[LOG_INFO]	580000 ,1 
17:33:19	[LOG_INFO]	630000 ,1 
17:33:19	[LOG_INFO]	650000 ,1 
17:33:19	[LOG_INFO]	680000 ,3 
17:33:19	[LOG_INFO]	720000 ,1 
17:33:19	[LOG_INFO]	770000 ,1 
17:33:19	[LOG_INFO]	850000 ,1 
17:33:19	[LOG_INFO]	900000 ,1 
17:33:19	[LOG_INFO]	1000000 ,2 
17:33:19	[LOG_INFO]	1300000 ,1 
17:33:19	[LOG_INFO]	1500000 ,1 
17:33:19	[LOG_INFO]	2000000 ,1 
17:33:19	[LOG_INFO]	3000000 ,1 
17:33:19	[LOG_INFO]	0 ,5 
17:33:19	[LOG_INFO]	[Data/CharacterLevel.csv is loaded...]
17:33:19	[LOG_INFO]	[Data/Map_000.csv is loading...]
17:33:19	[LOG_INFO]	MinX: -22 minY: -10 maxX: 51 maxY: -1
17:33:19	[LOG_INFO]	[Data/Map_000.csv is loaded...]
17:33:19	[LOG_DEBUG]	Server is Running...
17:33:19	[LOG_DEBUG]	[Thread Num]: 41
17:33:19	[LOG_DEBUG]	[Port]: 9000
17:33:24	[LOG_CONNECT]	oid(0)	[ip]: 127.0.0.1
17:33:24	[LOG_CONNECT]	AccountDB is Connected
17:33:24	[LOG_CONNECT]	GameDB is Connected
17:40:54	[LOG_INFO]	[DBConfig.csv is loading...]
17:40:54	[LOG_INFO]	string,string
17:40:54	[LOG_INFO]	World,112.145.214.226
17:40:54	[LOG_INFO]	Account,112.145.214.226
17:40:54	[LOG_INFO]	Game,112.145.214.226
17:40:54	[LOG_INFO]	[DBConfig.csv is loaded...]
17:40:54	[LOG_INFO]	[ServerConfig.csv is loading...]
17:40:54	[LOG_INFO]	string,int32_t,int32_t
17:40:54	[LOG_INFO]	Game,1,3000
17:40:54	[LOG_INFO]	[ServerConfig.csv is loaded...]
17:40:54	[LOG_CONNECT]	WorldDB is Connected
17:40:54	[LOG_DEBUG]	[Server Type]: Game
17:40:54	[LOG_DEBUG]	[GroupID]: 0
17:40:54	[LOG_DEBUG]	[WorldID]: 1
17:40:54	[LOG_DEBUG]	[ServerID]: 3000
17:40:54	[LOG_INFO]	[Data/CharacterAbilityByStat.csv is loading...]
17:40:54	[LOG_INFO]	uint8_t,uint8_t,uint8_t,uint8_t,uint8_t,uint8_t
17:40:54	[LOG_INFO]	8 ,2 ,10 ,0 ,7 ,3 
17:40:54	[LOG_INFO]	5 ,5 ,8 ,2 ,6 ,4 
17:40:54	[LOG_INFO]	3 ,7 ,0 ,10 ,3 ,7 
17:40:54	[LOG_INFO]	[Data/CharacterAbilityByStat.csv is loaded...]
17:40:54	[LOG_INFO]	[Data/CharacterCreateSpeedStat.csv is loading...]
17:40:54	[LOG_INFO]	float_t,float_t,float_t
17:40:54	[LOG_INFO]	10.0 ,5.0 ,11.6 
17:40:54	[LOG_INFO]	12.0 ,3.0 ,11.8 
17:40:54	[LOG_INFO]	5.0 ,10.0 ,11.4 
17:40:54	[LOG_INFO]	13.0 ,2.0 ,12.0 
17:40:54	[LOG_INFO]	[Data/CharacterCreateSpeedStat.csv is loaded...]
17:40:54	[LOG_INFO]	[Data/CharacterSkill.csv is loading...]
17:40:54	[LOG_INFO]	int32_t,uint8_t,uint8_t,uint8_t,int64_t,uint8_t,int32_t,uint8_t,uint8_t,uint8_t,uint8_t,int32_t,int32_t,int32_t
17:40:54	[LOG_INFO]	0,1 ,1 ,0 ,766 ,2 ,1 ,6 ,4 ,0 ,4 ,1100 ,0 ,0 
17:40:54	[LOG_INFO]	1,2 ,1 ,1 ,1166 ,2 ,1 ,6 ,4 ,0 ,1 ,1600 ,0 ,0 
17:40:54	[LOG_INFO]	2,2 ,1 ,2 ,666 ,3 ,1 ,7 ,5 ,0 ,1 ,1200 ,0 ,0 
17:40:54	[LOG_INFO]	3,1 ,1 ,3 ,333 ,2 ,1 ,6 ,4 ,0 ,3 ,700 ,0 ,0 
17:40:54	[LOG_INFO]	[Data/CharacterSkill.csv is loaded...]
17:40:54	[LOG_INFO]	[Data/CharacterLevel.csv is loading...]
17:40:54	[LOG_INFO]	int64_t,int32_t
17:40:54	[LOG_INFO]	100 ,0 
17:40:54	[LOG_INFO]	150 ,1 
17:40:54	[LOG_INFO]	500 ,1 
17:40:54	[LOG_INFO]	900 ,1 
17:40:54	[LOG_INFO]	1500 ,1 
17:40:54	[LOG_INFO]	2000 ,1 
17:40:54	[LOG_INFO]	3000 ,1 
17:40:54	[LOG_INFO]	5000 ,1 
17:40:54	[LOG_INFO]	8000 ,1 
17:40:54	[LOG_INFO]	10000 ,3 
17:40:54	[LOG_INFO]	14000 ,1 
17:40:54	[LOG_INFO]	18000 ,1 
17:40:54	[LOG_INFO]	20000 ,1 
17:40:54	[LOG_INFO]	23000 ,1 
17:40:54	[LOG_INFO]	25000 ,2 
17:40:54	[LOG_INFO]	40000 ,1 
17:40:54	[LOG_INFO]	45000 ,1 
17:40:54	[LOG_INFO]	48000 ,1 
17:40:54	[LOG_INFO]	50000 ,1 
17:40:54	[LOG_INFO]	60000 ,3 
17:40:54	[LOG_INFO]	80000 ,1 
17:40:54	[LOG_INFO]	82000 ,1 
17:40:54	[LOG_INFO]	85000 ,1 
17:40:54	[LOG_INFO]	90000 ,1 
17:40:54	[LOG_INFO]	120000 ,2 
17:40:54	[LOG_INFO]	140000 ,1 
17:40:54	[LOG_INFO]	180000 ,1 
17:40:54	[LOG_INFO]	200000 ,1 
17:40:54	[LOG_INFO]	250000 ,1 
17:40:54	[LOG_INFO]	290000 ,3 
17:40:54	[LOG_INFO]	330000 ,1 
17:40:54	[LOG_INFO]	400000 ,1 
17:40:54	[LOG_INFO]	430000 ,1 
17:40:54	[LOG_INFO]	480000 ,1 
17:40:54	[LOG_INFO]	520000 ,2 
17:40:54	[LOG_INFO]	550000 ,1 
17:40:54	[LOG_INFO]	580000 ,1 
17:40:54	[LOG_INFO]	630000 ,1 
17:40:54	[LOG_INFO]	650000 ,1 
17:40:54	[LOG_INFO]	680000 ,3 
17:40:54	[LOG_INFO]	720000 ,1 
17:40:54	[LOG_INFO]	770000 ,1 
17:40:54	[LOG_INFO]	850000 ,1 
17:40:54	[LOG_INFO]	900000 ,1 
17:40:54	[LOG_INFO]	1000000 ,2 
17:40:54	[LOG_INFO]	1300000 ,1 
17:40:54	[LOG_INFO]	1500000 ,1 
17:40:54	[LOG_INFO]	2000000 ,1 
17:40:54	[LOG_INFO]	3000000 ,1 
17:40:54	[LOG_INFO]	0 ,5 
17:40:54	[LOG_INFO]	[Data/CharacterLevel.csv is loaded...]
17:40:54	[LOG_INFO]	[Data/Map_000.csv is loading...]
17:40:54	[LOG_INFO]	MinX: -22 minY: -10 maxX: 51 maxY: -1
17:40:54	[LOG_INFO]	[Data/Map_000.csv is loaded...]
17:40:54	[LOG_DEBUG]	Server is Running...
17:40:54	[LOG_DEBUG]	[Thread Num]: 41
17:40:54	[LOG_DEBUG]	[Port]: 9000
17:41:01	[LOG_CONNECT]	oid(0)	[ip]: 127.0.0.1
17:41:01	[LOG_CONNECT]	AccountDB is Connected
17:41:01	[LOG_CONNECT]	GameDB is Connected
18:22:57	[LOG_INFO]	[DBConfig.csv is loading...]
18:22:57	[LOG_INFO]	string,string
18:22:57	[LOG_INFO]	World,112.145.214.226
18:22:57	[LOG_INFO]	Account,112.145.214.226
18:22:57	[LOG_INFO]	Game,112.145.214.226
18:22:57	[LOG_INFO]	[DBConfig.csv is loaded...]
18:22:57	[LOG_INFO]	[ServerConfig.csv is loading...]
18:22:57	[LOG_INFO]	string,int32_t,int32_t
18:22:57	[LOG_INFO]	Game,1,3000
18:22:57	[LOG_INFO]	[ServerConfig.csv is loaded...]
18:22:57	[LOG_CONNECT]	WorldDB is Connected
18:22:57	[LOG_DEBUG]	[Server Type]: Game
18:22:57	[LOG_DEBUG]	[GroupID]: 0
18:22:57	[LOG_DEBUG]	[WorldID]: 1
18:22:57	[LOG_DEBUG]	[ServerID]: 3000
18:22:57	[LOG_INFO]	[Data/CharacterAbilityByStat.csv is loading...]
18:22:57	[LOG_INFO]	uint8_t,uint8_t,uint8_t,uint8_t,uint8_t,uint8_t
18:22:57	[LOG_INFO]	8 ,2 ,10 ,0 ,7 ,3 
18:22:57	[LOG_INFO]	5 ,5 ,8 ,2 ,6 ,4 
18:22:57	[LOG_INFO]	3 ,7 ,0 ,10 ,3 ,7 
18:22:57	[LOG_INFO]	[Data/CharacterAbilityByStat.csv is loaded...]
18:22:57	[LOG_INFO]	[Data/CharacterCreateSpeedStat.csv is loading...]
18:22:57	[LOG_INFO]	float_t,float_t,float_t
18:22:57	[LOG_INFO]	10.0 ,5.0 ,11.6 
18:22:57	[LOG_INFO]	12.0 ,3.0 ,11.8 
18:22:57	[LOG_INFO]	5.0 ,10.0 ,11.4 
18:22:57	[LOG_INFO]	13.0 ,2.0 ,12.0 
18:22:57	[LOG_INFO]	[Data/CharacterCreateSpeedStat.csv is loaded...]
18:22:57	[LOG_INFO]	[Data/CharacterSkill.csv is loading...]
18:22:57	[LOG_INFO]	int32_t,uint8_t,uint8_t,uint8_t,int64_t,uint8_t,int32_t,uint8_t,uint8_t,uint8_t,uint8_t,int32_t,int32_t,int32_t
18:22:57	[LOG_INFO]	0,1 ,1 ,0 ,766 ,2 ,1 ,6 ,4 ,0 ,4 ,1100 ,0 ,0 
18:22:57	[LOG_INFO]	1,2 ,1 ,1 ,1166 ,2 ,1 ,6 ,4 ,0 ,1 ,1600 ,0 ,0 
18:22:57	[LOG_INFO]	2,2 ,1 ,2 ,666 ,3 ,1 ,7 ,5 ,0 ,1 ,1200 ,0 ,0 
18:22:57	[LOG_INFO]	3,1 ,1 ,3 ,333 ,2 ,1 ,6 ,4 ,0 ,3 ,700 ,0 ,0 
18:22:57	[LOG_INFO]	[Data/CharacterSkill.csv is loaded...]
18:22:57	[LOG_INFO]	[Data/CharacterLevel.csv is loading...]
18:22:57	[LOG_INFO]	int64_t,int32_t
18:22:57	[LOG_INFO]	100 ,0 
18:22:57	[LOG_INFO]	150 ,1 
18:22:57	[LOG_INFO]	500 ,1 
18:22:57	[LOG_INFO]	900 ,1 
18:22:57	[LOG_INFO]	1500 ,1 
18:22:57	[LOG_INFO]	2000 ,1 
18:22:57	[LOG_INFO]	3000 ,1 
18:22:57	[LOG_INFO]	5000 ,1 
18:22:57	[LOG_INFO]	8000 ,1 
18:22:57	[LOG_INFO]	10000 ,3 
18:22:57	[LOG_INFO]	14000 ,1 
18:22:57	[LOG_INFO]	18000 ,1 
18:22:57	[LOG_INFO]	20000 ,1 
18:22:57	[LOG_INFO]	23000 ,1 
18:22:57	[LOG_INFO]	25000 ,2 
18:22:57	[LOG_INFO]	40000 ,1 
18:22:57	[LOG_INFO]	45000 ,1 
18:22:57	[LOG_INFO]	48000 ,1 
18:22:57	[LOG_INFO]	50000 ,1 
18:22:57	[LOG_INFO]	60000 ,3 
18:22:57	[LOG_INFO]	80000 ,1 
18:22:57	[LOG_INFO]	82000 ,1 
18:22:57	[LOG_INFO]	85000 ,1 
18:22:57	[LOG_INFO]	90000 ,1 
18:22:57	[LOG_INFO]	120000 ,2 
18:22:57	[LOG_INFO]	140000 ,1 
18:22:57	[LOG_INFO]	180000 ,1 
18:22:57	[LOG_INFO]	200000 ,1 
18:22:57	[LOG_INFO]	250000 ,1 
18:22:57	[LOG_INFO]	290000 ,3 
18:22:57	[LOG_INFO]	330000 ,1 
18:22:57	[LOG_INFO]	400000 ,1 
18:22:57	[LOG_INFO]	430000 ,1 
18:22:57	[LOG_INFO]	480000 ,1 
18:22:57	[LOG_INFO]	520000 ,2 
18:22:57	[LOG_INFO]	550000 ,1 
18:22:57	[LOG_INFO]	580000 ,1 
18:22:57	[LOG_INFO]	630000 ,1 
18:22:57	[LOG_INFO]	650000 ,1 
18:22:57	[LOG_INFO]	680000 ,3 
18:22:57	[LOG_INFO]	720000 ,1 
18:22:57	[LOG_INFO]	770000 ,1 
18:22:57	[LOG_INFO]	850000 ,1 
18:22:57	[LOG_INFO]	900000 ,1 
18:22:57	[LOG_INFO]	1000000 ,2 
18:22:57	[LOG_INFO]	1300000 ,1 
18:22:57	[LOG_INFO]	1500000 ,1 
18:22:57	[LOG_INFO]	2000000 ,1 
18:22:57	[LOG_INFO]	3000000 ,1 
18:22:57	[LOG_INFO]	0 ,5 
18:22:57	[LOG_INFO]	[Data/CharacterLevel.csv is loaded...]
18:22:57	[LOG_INFO]	[Data/Map_000.csv is loading...]
18:22:57	[LOG_INFO]	MinX: -22 minY: -10 maxX: 51 maxY: -1
18:22:57	[LOG_INFO]	[Data/Map_000.csv is loaded...]
18:22:57	[LOG_DEBUG]	Server is Running...
18:22:57	[LOG_DEBUG]	[Thread Num]: 41
18:22:57	[LOG_DEBUG]	[Port]: 9000
18:23:11	[LOG_CONNECT]	oid(0)	[ip]: 127.0.0.1
18:23:11	[LOG_CONNECT]	AccountDB is Connected
18:23:11	[LOG_CONNECT]	GameDB is Connected
18:24:55	[LOG_INFO]	[DBConfig.csv is loading...]
18:24:55	[LOG_INFO]	string,string
18:24:55	[LOG_INFO]	World,112.145.214.226
18:24:55	[LOG_INFO]	Account,112.145.214.226
18:24:55	[LOG_INFO]	Game,112.145.214.226
18:24:55	[LOG_INFO]	[DBConfig.csv is loaded...]
18:24:55	[LOG_INFO]	[ServerConfig.csv is loading...]
18:24:55	[LOG_INFO]	string,int32_t,int32_t
18:24:55	[LOG_INFO]	Game,1,3000
18:24:55	[LOG_INFO]	[ServerConfig.csv is loaded...]
18:24:55	[LOG_CONNECT]	WorldDB is Connected
18:24:55	[LOG_DEBUG]	[Server Type]: Game
18:24:55	[LOG_DEBUG]	[GroupID]: 0
18:24:55	[LOG_DEBUG]	[WorldID]: 1
18:24:55	[LOG_DEBUG]	[ServerID]: 3000
18:24:55	[LOG_INFO]	[Data/CharacterAbilityByStat.csv is loading...]
18:24:55	[LOG_INFO]	uint8_t,uint8_t,uint8_t,uint8_t,uint8_t,uint8_t
18:24:55	[LOG_INFO]	8 ,2 ,10 ,0 ,7 ,3 
18:24:55	[LOG_INFO]	5 ,5 ,8 ,2 ,6 ,4 
18:24:55	[LOG_INFO]	3 ,7 ,0 ,10 ,3 ,7 
18:24:55	[LOG_INFO]	[Data/CharacterAbilityByStat.csv is loaded...]
18:24:55	[LOG_INFO]	[Data/CharacterCreateSpeedStat.csv is loading...]
18:24:55	[LOG_INFO]	float_t,float_t,float_t
18:24:55	[LOG_INFO]	10.0 ,5.0 ,11.6 
18:24:55	[LOG_INFO]	12.0 ,3.0 ,11.8 
18:24:55	[LOG_INFO]	5.0 ,10.0 ,11.4 
18:24:55	[LOG_INFO]	13.0 ,2.0 ,12.0 
18:24:55	[LOG_INFO]	[Data/CharacterCreateSpeedStat.csv is loaded...]
18:24:55	[LOG_INFO]	[Data/CharacterSkill.csv is loading...]
18:24:55	[LOG_INFO]	int32_t,uint8_t,uint8_t,uint8_t,int64_t,uint8_t,int32_t,uint8_t,uint8_t,uint8_t,uint8_t,int32_t,int32_t,int32_t
18:24:55	[LOG_INFO]	0,1 ,1 ,0 ,766 ,2 ,1 ,6 ,4 ,0 ,4 ,1100 ,0 ,0 
18:24:55	[LOG_INFO]	1,2 ,1 ,1 ,1166 ,2 ,1 ,6 ,4 ,0 ,1 ,1600 ,0 ,0 
18:24:55	[LOG_INFO]	2,2 ,1 ,2 ,666 ,3 ,1 ,7 ,5 ,0 ,1 ,1200 ,0 ,0 
18:24:55	[LOG_INFO]	3,1 ,1 ,3 ,333 ,2 ,1 ,6 ,4 ,0 ,3 ,700 ,0 ,0 
18:24:55	[LOG_INFO]	[Data/CharacterSkill.csv is loaded...]
18:24:55	[LOG_INFO]	[Data/CharacterLevel.csv is loading...]
18:24:55	[LOG_INFO]	int64_t,int32_t
18:24:55	[LOG_INFO]	100 ,0 
18:24:55	[LOG_INFO]	150 ,1 
18:24:55	[LOG_INFO]	500 ,1 
18:24:55	[LOG_INFO]	900 ,1 
18:24:55	[LOG_INFO]	1500 ,1 
18:24:55	[LOG_INFO]	2000 ,1 
18:24:55	[LOG_INFO]	3000 ,1 
18:24:55	[LOG_INFO]	5000 ,1 
18:24:55	[LOG_INFO]	8000 ,1 
18:24:55	[LOG_INFO]	10000 ,3 
18:24:55	[LOG_INFO]	14000 ,1 
18:24:55	[LOG_INFO]	18000 ,1 
18:24:55	[LOG_INFO]	20000 ,1 
18:24:55	[LOG_INFO]	23000 ,1 
18:24:55	[LOG_INFO]	25000 ,2 
18:24:55	[LOG_INFO]	40000 ,1 
18:24:55	[LOG_INFO]	45000 ,1 
18:24:55	[LOG_INFO]	48000 ,1 
18:24:55	[LOG_INFO]	50000 ,1 
18:24:55	[LOG_INFO]	60000 ,3 
18:24:55	[LOG_INFO]	80000 ,1 
18:24:55	[LOG_INFO]	82000 ,1 
18:24:55	[LOG_INFO]	85000 ,1 
18:24:55	[LOG_INFO]	90000 ,1 
18:24:55	[LOG_INFO]	120000 ,2 
18:24:55	[LOG_INFO]	140000 ,1 
18:24:55	[LOG_INFO]	180000 ,1 
18:24:55	[LOG_INFO]	200000 ,1 
18:24:55	[LOG_INFO]	250000 ,1 
18:24:55	[LOG_INFO]	290000 ,3 
18:24:55	[LOG_INFO]	330000 ,1 
18:24:55	[LOG_INFO]	400000 ,1 
18:24:55	[LOG_INFO]	430000 ,1 
18:24:55	[LOG_INFO]	480000 ,1 
18:24:55	[LOG_INFO]	520000 ,2 
18:24:55	[LOG_INFO]	550000 ,1 
18:24:55	[LOG_INFO]	580000 ,1 
18:24:55	[LOG_INFO]	630000 ,1 
18:24:55	[LOG_INFO]	650000 ,1 
18:24:55	[LOG_INFO]	680000 ,3 
18:24:55	[LOG_INFO]	720000 ,1 
18:24:55	[LOG_INFO]	770000 ,1 
18:24:55	[LOG_INFO]	850000 ,1 
18:24:55	[LOG_INFO]	900000 ,1 
18:24:55	[LOG_INFO]	1000000 ,2 
18:24:55	[LOG_INFO]	1300000 ,1 
18:24:55	[LOG_INFO]	1500000 ,1 
18:24:55	[LOG_INFO]	2000000 ,1 
18:24:55	[LOG_INFO]	3000000 ,1 
18:24:55	[LOG_INFO]	0 ,5 
18:24:55	[LOG_INFO]	[Data/CharacterLevel.csv is loaded...]
18:24:55	[LOG_INFO]	[Data/Map_000.csv is loading...]
18:24:55	[LOG_INFO]	MinX: -22 minY: -10 maxX: 51 maxY: -1
18:24:55	[LOG_INFO]	[Data/Map_000.csv is loaded...]
18:24:55	[LOG_DEBUG]	Server is Running...
18:24:55	[LOG_DEBUG]	[Thread Num]: 41
18:24:55	[LOG_DEBUG]	[Port]: 9000
18:30:12	[LOG_INFO]	[DBConfig.csv is loading...]
18:30:12	[LOG_INFO]	string,string
18:30:12	[LOG_INFO]	World,112.145.214.226
18:30:12	[LOG_INFO]	Account,112.145.214.226
18:30:12	[LOG_INFO]	Game,112.145.214.226
18:30:12	[LOG_INFO]	[DBConfig.csv is loaded...]
18:30:12	[LOG_INFO]	[ServerConfig.csv is loading...]
18:30:12	[LOG_INFO]	string,int32_t,int32_t
18:30:12	[LOG_INFO]	Game,1,3000
18:30:12	[LOG_INFO]	[ServerConfig.csv is loaded...]
18:30:12	[LOG_CONNECT]	WorldDB is Connected
18:30:12	[LOG_DEBUG]	[Server Type]: Game
18:30:12	[LOG_DEBUG]	[GroupID]: 0
18:30:12	[LOG_DEBUG]	[WorldID]: 1
18:30:12	[LOG_DEBUG]	[ServerID]: 3000
18:30:12	[LOG_INFO]	[Data/CharacterAbilityByStat.csv is loading...]
18:30:12	[LOG_INFO]	uint8_t,uint8_t,uint8_t,uint8_t,uint8_t,uint8_t
18:30:12	[LOG_INFO]	8 ,2 ,10 ,0 ,7 ,3 
18:30:12	[LOG_INFO]	5 ,5 ,8 ,2 ,6 ,4 
18:30:12	[LOG_INFO]	3 ,7 ,0 ,10 ,3 ,7 
18:30:12	[LOG_INFO]	[Data/CharacterAbilityByStat.csv is loaded...]
18:30:12	[LOG_INFO]	[Data/CharacterCreateSpeedStat.csv is loading...]
18:30:12	[LOG_INFO]	float_t,float_t,float_t
18:30:12	[LOG_INFO]	10.0 ,5.0 ,11.6 
18:30:12	[LOG_INFO]	12.0 ,3.0 ,11.8 
18:30:12	[LOG_INFO]	5.0 ,10.0 ,11.4 
18:30:12	[LOG_INFO]	13.0 ,2.0 ,12.0 
18:30:12	[LOG_INFO]	[Data/CharacterCreateSpeedStat.csv is loaded...]
18:30:12	[LOG_INFO]	[Data/CharacterSkill.csv is loading...]
18:30:12	[LOG_INFO]	int32_t,uint8_t,uint8_t,uint8_t,int64_t,uint8_t,int32_t,uint8_t,uint8_t,uint8_t,uint8_t,int32_t,int32_t,int32_t
18:30:12	[LOG_INFO]	0,1 ,1 ,0 ,766 ,2 ,1 ,6 ,4 ,0 ,4 ,1100 ,0 ,0 
18:30:12	[LOG_INFO]	1,2 ,1 ,1 ,1166 ,2 ,1 ,6 ,4 ,0 ,1 ,1600 ,0 ,0 
18:30:12	[LOG_INFO]	2,2 ,1 ,2 ,666 ,3 ,1 ,7 ,5 ,0 ,1 ,1200 ,0 ,0 
18:30:12	[LOG_INFO]	3,1 ,1 ,3 ,333 ,2 ,1 ,6 ,4 ,0 ,3 ,700 ,0 ,0 
18:30:12	[LOG_INFO]	[Data/CharacterSkill.csv is loaded...]
18:30:12	[LOG_INFO]	[Data/CharacterLevel.csv is loading...]
18:30:12	[LOG_INFO]	int64_t,int32_t
18:30:12	[LOG_INFO]	100 ,0 
18:30:12	[LOG_INFO]	150 ,1 
18:30:12	[LOG_INFO]	500 ,1 
18:30:12	[LOG_INFO]	900 ,1 
18:30:12	[LOG_INFO]	1500 ,1 
18:30:12	[LOG_INFO]	2000 ,1 
18:30:12	[LOG_INFO]	3000 ,1 
18:30:12	[LOG_INFO]	5000 ,1 
18:30:12	[LOG_INFO]	8000 ,1 
18:30:12	[LOG_INFO]	10000 ,3 
18:30:12	[LOG_INFO]	14000 ,1 
18:30:12	[LOG_INFO]	18000 ,1 
18:30:12	[LOG_INFO]	20000 ,1 
18:30:12	[LOG_INFO]	23000 ,1 
18:30:12	[LOG_INFO]	25000 ,2 
18:30:12	[LOG_INFO]	40000 ,1 
18:30:12	[LOG_INFO]	45000 ,1 
18:30:12	[LOG_INFO]	48000 ,1 
18:30:12	[LOG_INFO]	50000 ,1 
18:30:12	[LOG_INFO]	60000 ,3 
18:30:12	[LOG_INFO]	80000 ,1 
18:30:12	[LOG_INFO]	82000 ,1 
18:30:12	[LOG_INFO]	85000 ,1 
18:30:12	[LOG_INFO]	90000 ,1 
18:30:12	[LOG_INFO]	120000 ,2 
18:30:12	[LOG_INFO]	140000 ,1 
18:30:12	[LOG_INFO]	180000 ,1 
18:30:12	[LOG_INFO]	200000 ,1 
18:30:12	[LOG_INFO]	250000 ,1 
18:30:12	[LOG_INFO]	290000 ,3 
18:30:12	[LOG_INFO]	330000 ,1 
18:30:12	[LOG_INFO]	400000 ,1 
18:30:12	[LOG_INFO]	430000 ,1 
18:30:12	[LOG_INFO]	480000 ,1 
18:30:12	[LOG_INFO]	520000 ,2 
18:30:12	[LOG_INFO]	550000 ,1 
18:30:12	[LOG_INFO]	580000 ,1 
18:30:12	[LOG_INFO]	630000 ,1 
18:30:12	[LOG_INFO]	650000 ,1 
18:30:12	[LOG_INFO]	680000 ,3 
18:30:12	[LOG_INFO]	720000 ,1 
18:30:12	[LOG_INFO]	770000 ,1 
18:30:12	[LOG_INFO]	850000 ,1 
18:30:12	[LOG_INFO]	900000 ,1 
18:30:12	[LOG_INFO]	1000000 ,2 
18:30:12	[LOG_INFO]	1300000 ,1 
18:30:12	[LOG_INFO]	1500000 ,1 
18:30:12	[LOG_INFO]	2000000 ,1 
18:30:12	[LOG_INFO]	3000000 ,1 
18:30:12	[LOG_INFO]	0 ,5 
18:30:12	[LOG_INFO]	[Data/CharacterLevel.csv is loaded...]
18:30:12	[LOG_INFO]	[Data/Map_000.csv is loading...]
18:30:12	[LOG_INFO]	MinX: -22 minY: -10 maxX: 51 maxY: -1
18:30:12	[LOG_INFO]	[Data/Map_000.csv is loaded...]
18:30:12	[LOG_DEBUG]	Server is Running...
18:30:12	[LOG_DEBUG]	[Thread Num]: 41
18:30:12	[LOG_DEBUG]	[Port]: 9000
18:30:25	[LOG_CONNECT]	oid(0)	[ip]: 127.0.0.1
18:30:25	[LOG_CONNECT]	AccountDB is Connected
18:30:25	[LOG_CONNECT]	GameDB is Connected
18:30:34	[LOG_DISCONNECT]	oid(0)	
18:30:34	[LOG_CONNECT]	GameDB is Connected
22:36:30	[LOG_INFO]	[DBConfig.csv is loading...]
22:36:30	[LOG_INFO]	string,string
22:36:30	[LOG_INFO]	World,112.145.214.226
22:36:30	[LOG_INFO]	Account,112.145.214.226
22:36:30	[LOG_INFO]	Game,112.145.214.226
22:36:30	[LOG_INFO]	[DBConfig.csv is loaded...]
22:36:30	[LOG_INFO]	[ServerConfig.csv is loading...]
22:36:30	[LOG_INFO]	string,int32_t,int32_t
22:36:30	[LOG_INFO]	Game,1,3000
22:36:30	[LOG_INFO]	[ServerConfig.csv is loaded...]
22:36:30	[LOG_CONNECT]	WorldDB is Connected
22:36:30	[LOG_DEBUG]	[Server Type]: Game
22:36:30	[LOG_DEBUG]	[GroupID]: 0
22:36:30	[LOG_DEBUG]	[WorldID]: 1
22:36:30	[LOG_DEBUG]	[ServerID]: 3000
22:36:30	[LOG_INFO]	[Data/CharacterAbilityByStat.csv is loading...]
22:36:30	[LOG_INFO]	uint8_t,uint8_t,uint8_t,uint8_t,uint8_t,uint8_t
22:36:30	[LOG_INFO]	8 ,2 ,10 ,0 ,7 ,3 
22:36:30	[LOG_INFO]	5 ,5 ,8 ,2 ,6 ,4 
22:36:30	[LOG_INFO]	3 ,7 ,0 ,10 ,3 ,7 
22:36:30	[LOG_INFO]	[Data/CharacterAbilityByStat.csv is loaded...]
22:36:30	[LOG_INFO]	[Data/CharacterCreateSpeedStat.csv is loading...]
22:36:30	[LOG_INFO]	float_t,float_t,float_t
22:36:30	[LOG_INFO]	10.0 ,5.0 ,11.6 
22:36:30	[LOG_INFO]	12.0 ,3.0 ,11.8 
22:36:30	[LOG_INFO]	5.0 ,10.0 ,11.4 
22:36:30	[LOG_INFO]	13.0 ,2.0 ,12.0 
22:36:30	[LOG_INFO]	[Data/CharacterCreateSpeedStat.csv is loaded...]
22:36:30	[LOG_INFO]	[Data/CharacterSkill.csv is loading...]
22:36:30	[LOG_INFO]	int32_t,uint8_t,uint8_t,uint8_t,int64_t,uint8_t,int32_t,uint8_t,uint8_t,uint8_t,uint8_t,int32_t,int32_t,int32_t
22:36:30	[LOG_INFO]	0,1 ,1 ,0 ,766 ,2 ,1 ,6 ,4 ,0 ,4 ,1100 ,0 ,0 
22:36:30	[LOG_INFO]	1,2 ,1 ,1 ,1166 ,2 ,1 ,6 ,4 ,0 ,1 ,1600 ,0 ,0 
22:36:30	[LOG_INFO]	2,2 ,1 ,2 ,666 ,3 ,1 ,7 ,5 ,0 ,1 ,1200 ,0 ,0 
22:36:30	[LOG_INFO]	3,1 ,1 ,3 ,333 ,2 ,1 ,6 ,4 ,0 ,3 ,700 ,0 ,0 
22:36:30	[LOG_INFO]	[Data/CharacterSkill.csv is loaded...]
22:36:30	[LOG_INFO]	[Data/CharacterLevel.csv is loading...]
22:36:30	[LOG_INFO]	int64_t,int32_t
22:36:30	[LOG_INFO]	100 ,0 
22:36:30	[LOG_INFO]	150 ,1 
22:36:30	[LOG_INFO]	500 ,1 
22:36:30	[LOG_INFO]	900 ,1 
22:36:30	[LOG_INFO]	1500 ,1 
22:36:30	[LOG_INFO]	2000 ,1 
22:36:30	[LOG_INFO]	3000 ,1 
22:36:30	[LOG_INFO]	5000 ,1 
22:36:30	[LOG_INFO]	8000 ,1 
22:36:30	[LOG_INFO]	10000 ,3 
22:36:30	[LOG_INFO]	14000 ,1 
22:36:30	[LOG_INFO]	18000 ,1 
22:36:30	[LOG_INFO]	20000 ,1 
22:36:30	[LOG_INFO]	23000 ,1 
22:36:30	[LOG_INFO]	25000 ,2 
22:36:30	[LOG_INFO]	40000 ,1 
22:36:30	[LOG_INFO]	45000 ,1 
22:36:30	[LOG_INFO]	48000 ,1 
22:36:30	[LOG_INFO]	50000 ,1 
22:36:30	[LOG_INFO]	60000 ,3 
22:36:30	[LOG_INFO]	80000 ,1 
22:36:30	[LOG_INFO]	82000 ,1 
22:36:30	[LOG_INFO]	85000 ,1 
22:36:30	[LOG_INFO]	90000 ,1 
22:36:30	[LOG_INFO]	120000 ,2 
22:36:30	[LOG_INFO]	140000 ,1 
22:36:30	[LOG_INFO]	180000 ,1 
22:36:30	[LOG_INFO]	200000 ,1 
22:36:30	[LOG_INFO]	250000 ,1 
22:36:30	[LOG_INFO]	290000 ,3 
22:36:30	[LOG_INFO]	330000 ,1 
22:36:30	[LOG_INFO]	400000 ,1 
22:36:30	[LOG_INFO]	430000 ,1 
22:36:30	[LOG_INFO]	480000 ,1 
22:36:30	[LOG_INFO]	520000 ,2 
22:36:30	[LOG_INFO]	550000 ,1 
22:36:30	[LOG_INFO]	580000 ,1 
22:36:30	[LOG_INFO]	630000 ,1 
22:36:30	[LOG_INFO]	650000 ,1 
22:36:30	[LOG_INFO]	680000 ,3 
22:36:30	[LOG_INFO]	720000 ,1 
22:36:30	[LOG_INFO]	770000 ,1 
22:36:30	[LOG_INFO]	850000 ,1 
22:36:30	[LOG_INFO]	900000 ,1 
22:36:30	[LOG_INFO]	1000000 ,2 
22:36:30	[LOG_INFO]	1300000 ,1 
22:36:30	[LOG_INFO]	1500000 ,1 
22:36:30	[LOG_INFO]	2000000 ,1 
22:36:30	[LOG_INFO]	3000000 ,1 
22:36:30	[LOG_INFO]	0 ,5 
22:36:30	[LOG_INFO]	[Data/CharacterLevel.csv is loaded...]
22:36:30	[LOG_INFO]	[Data/Map_000.csv is loading...]
22:36:30	[LOG_INFO]	MinX: -22 minY: -10 maxX: 51 maxY: -1
22:36:30	[LOG_INFO]	[Data/Map_000.csv is loaded...]
22:36:30	[LOG_DEBUG]	Server is Running...
22:36:30	[LOG_DEBUG]	[Thread Num]: 41
22:36:30	[LOG_DEBUG]	[Port]: 9000
22:59:24	[LOG_INFO]	[DBConfig.csv is loading...]
22:59:24	[LOG_INFO]	string,string
22:59:24	[LOG_INFO]	World,112.145.214.226
22:59:24	[LOG_INFO]	Account,112.145.214.226
22:59:24	[LOG_INFO]	Game,112.145.214.226
22:59:24	[LOG_INFO]	[DBConfig.csv is loaded...]
22:59:24	[LOG_INFO]	[ServerConfig.csv is loading...]
22:59:24	[LOG_INFO]	string,int32_t,int32_t
22:59:24	[LOG_INFO]	Game,1,3000
22:59:24	[LOG_INFO]	[ServerConfig.csv is loaded...]
22:59:24	[LOG_CONNECT]	WorldDB is Connected
22:59:24	[LOG_DEBUG]	[Server Type]: Game
22:59:24	[LOG_DEBUG]	[GroupID]: 0
22:59:24	[LOG_DEBUG]	[WorldID]: 1
22:59:24	[LOG_DEBUG]	[ServerID]: 3000
22:59:24	[LOG_INFO]	[Data/CharacterAbilityByStat.csv is loading...]
22:59:24	[LOG_INFO]	uint8_t,uint8_t,uint8_t,uint8_t,uint8_t,uint8_t
22:59:24	[LOG_INFO]	8 ,2 ,10 ,0 ,7 ,3 
22:59:24	[LOG_INFO]	5 ,5 ,8 ,2 ,6 ,4 
22:59:24	[LOG_INFO]	3 ,7 ,0 ,10 ,3 ,7 
22:59:24	[LOG_INFO]	[Data/CharacterAbilityByStat.csv is loaded...]
22:59:24	[LOG_INFO]	[Data/CharacterCreateSpeedStat.csv is loading...]
22:59:24	[LOG_INFO]	float_t,float_t,float_t
22:59:24	[LOG_INFO]	10.0 ,5.0 ,11.6 
22:59:24	[LOG_INFO]	12.0 ,3.0 ,11.8 
22:59:24	[LOG_INFO]	5.0 ,10.0 ,11.4 
22:59:24	[LOG_INFO]	13.0 ,2.0 ,12.0 
22:59:24	[LOG_INFO]	[Data/CharacterCreateSpeedStat.csv is loaded...]
22:59:24	[LOG_INFO]	[Data/CharacterSkill.csv is loading...]
22:59:24	[LOG_INFO]	int32_t,uint8_t,uint8_t,uint8_t,int64_t,uint8_t,int32_t,uint8_t,uint8_t,uint8_t,uint8_t,int32_t,int32_t,int32_t
22:59:24	[LOG_INFO]	0,1 ,1 ,0 ,766 ,2 ,1 ,6 ,4 ,0 ,4 ,1100 ,0 ,0 
22:59:24	[LOG_INFO]	1,2 ,1 ,1 ,1166 ,2 ,1 ,6 ,4 ,0 ,1 ,1600 ,0 ,0 
22:59:24	[LOG_INFO]	2,2 ,1 ,2 ,666 ,3 ,1 ,7 ,5 ,0 ,1 ,1200 ,0 ,0 
22:59:24	[LOG_INFO]	3,1 ,1 ,3 ,333 ,2 ,1 ,6 ,4 ,0 ,3 ,700 ,0 ,0 
22:59:24	[LOG_INFO]	[Data/CharacterSkill.csv is loaded...]
22:59:24	[LOG_INFO]	[Data/CharacterLevel.csv is loading...]
22:59:24	[LOG_INFO]	int64_t,int32_t
22:59:24	[LOG_INFO]	100 ,0 
22:59:24	[LOG_INFO]	150 ,1 
22:59:24	[LOG_INFO]	500 ,1 
22:59:24	[LOG_INFO]	900 ,1 
22:59:24	[LOG_INFO]	1500 ,1 
22:59:24	[LOG_INFO]	2000 ,1 
22:59:24	[LOG_INFO]	3000 ,1 
22:59:24	[LOG_INFO]	5000 ,1 
22:59:24	[LOG_INFO]	8000 ,1 
22:59:24	[LOG_INFO]	10000 ,3 
22:59:24	[LOG_INFO]	14000 ,1 
22:59:24	[LOG_INFO]	18000 ,1 
22:59:24	[LOG_INFO]	20000 ,1 
22:59:24	[LOG_INFO]	23000 ,1 
22:59:24	[LOG_INFO]	25000 ,2 
22:59:24	[LOG_INFO]	40000 ,1 
22:59:24	[LOG_INFO]	45000 ,1 
22:59:24	[LOG_INFO]	48000 ,1 
22:59:24	[LOG_INFO]	50000 ,1 
22:59:24	[LOG_INFO]	60000 ,3 
22:59:24	[LOG_INFO]	80000 ,1 
22:59:24	[LOG_INFO]	82000 ,1 
22:59:24	[LOG_INFO]	85000 ,1 
22:59:24	[LOG_INFO]	90000 ,1 
22:59:24	[LOG_INFO]	120000 ,2 
22:59:24	[LOG_INFO]	140000 ,1 
22:59:24	[LOG_INFO]	180000 ,1 
22:59:24	[LOG_INFO]	200000 ,1 
22:59:24	[LOG_INFO]	250000 ,1 
22:59:24	[LOG_INFO]	290000 ,3 
22:59:24	[LOG_INFO]	330000 ,1 
22:59:24	[LOG_INFO]	400000 ,1 
22:59:24	[LOG_INFO]	430000 ,1 
22:59:24	[LOG_INFO]	480000 ,1 
22:59:24	[LOG_INFO]	520000 ,2 
22:59:24	[LOG_INFO]	550000 ,1 
22:59:24	[LOG_INFO]	580000 ,1 
22:59:24	[LOG_INFO]	630000 ,1 
22:59:24	[LOG_INFO]	650000 ,1 
22:59:24	[LOG_INFO]	680000 ,3 
22:59:24	[LOG_INFO]	720000 ,1 
22:59:24	[LOG_INFO]	770000 ,1 
22:59:24	[LOG_INFO]	850000 ,1 
22:59:24	[LOG_INFO]	900000 ,1 
22:59:24	[LOG_INFO]	1000000 ,2 
22:59:24	[LOG_INFO]	1300000 ,1 
22:59:24	[LOG_INFO]	1500000 ,1 
22:59:24	[LOG_INFO]	2000000 ,1 
22:59:24	[LOG_INFO]	3000000 ,1 
22:59:24	[LOG_INFO]	0 ,5 
22:59:24	[LOG_INFO]	[Data/CharacterLevel.csv is loaded...]
22:59:24	[LOG_INFO]	[Data/Map_000.csv is loading...]
22:59:24	[LOG_INFO]	MinX: -22 minY: -10 maxX: 51 maxY: -1
22:59:24	[LOG_INFO]	[Data/Map_000.csv is loaded...]
22:59:24	[LOG_DEBUG]	Server is Running...
22:59:24	[LOG_DEBUG]	[Thread Num]: 41
22:59:24	[LOG_DEBUG]	[Port]: 9000
22:59:57	[LOG_CONNECT]	oid(0)	[ip]: 127.0.0.1
22:59:57	[LOG_CONNECT]	AccountDB is Connected
22:59:57	[LOG_CONNECT]	GameDB is Connected
23:00:09	[LOG_DISCONNECT]	oid(0)	
23:00:09	[LOG_CONNECT]	GameDB is Connected
23:00:16	[LOG_INFO]	[DBConfig.csv is loading...]
23:00:16	[LOG_INFO]	string,string
23:00:16	[LOG_INFO]	World,112.145.214.226
23:00:16	[LOG_INFO]	Account,112.145.214.226
23:00:16	[LOG_INFO]	Game,112.145.214.226
23:00:16	[LOG_INFO]	[DBConfig.csv is loaded...]
23:00:16	[LOG_INFO]	[ServerConfig.csv is loading...]
23:00:16	[LOG_INFO]	string,int32_t,int32_t
23:00:16	[LOG_INFO]	Game,1,3000
23:00:16	[LOG_INFO]	[ServerConfig.csv is loaded...]
23:00:16	[LOG_CONNECT]	WorldDB is Connected
23:00:16	[LOG_DEBUG]	[Server Type]: Game
23:00:16	[LOG_DEBUG]	[GroupID]: 0
23:00:16	[LOG_DEBUG]	[WorldID]: 1
23:00:16	[LOG_DEBUG]	[ServerID]: 3000
23:00:16	[LOG_INFO]	[Data/CharacterAbilityByStat.csv is loading...]
23:00:16	[LOG_INFO]	uint8_t,uint8_t,uint8_t,uint8_t,uint8_t,uint8_t
23:00:16	[LOG_INFO]	8 ,2 ,10 ,0 ,7 ,3 
23:00:16	[LOG_INFO]	5 ,5 ,8 ,2 ,6 ,4 
23:00:16	[LOG_INFO]	3 ,7 ,0 ,10 ,3 ,7 
23:00:16	[LOG_INFO]	[Data/CharacterAbilityByStat.csv is loaded...]
23:00:16	[LOG_INFO]	[Data/CharacterCreateSpeedStat.csv is loading...]
23:00:16	[LOG_INFO]	float_t,float_t,float_t
23:00:16	[LOG_INFO]	10.0 ,5.0 ,11.6 
23:00:16	[LOG_INFO]	12.0 ,3.0 ,11.8 
23:00:16	[LOG_INFO]	5.0 ,10.0 ,11.4 
23:00:16	[LOG_INFO]	13.0 ,2.0 ,12.0 
23:00:16	[LOG_INFO]	[Data/CharacterCreateSpeedStat.csv is loaded...]
23:00:16	[LOG_INFO]	[Data/CharacterSkill.csv is loading...]
23:00:16	[LOG_INFO]	int32_t,uint8_t,uint8_t,uint8_t,int64_t,uint8_t,int32_t,uint8_t,uint8_t,uint8_t,uint8_t,int32_t,int32_t,int32_t
23:00:16	[LOG_INFO]	0,1 ,1 ,0 ,766 ,2 ,1 ,6 ,4 ,0 ,4 ,1100 ,0 ,0 
23:00:16	[LOG_INFO]	1,2 ,1 ,1 ,1166 ,2 ,1 ,6 ,4 ,0 ,1 ,1600 ,0 ,0 
23:00:16	[LOG_INFO]	2,2 ,1 ,2 ,666 ,3 ,1 ,7 ,5 ,0 ,1 ,1200 ,0 ,0 
23:00:16	[LOG_INFO]	3,1 ,1 ,3 ,333 ,2 ,1 ,6 ,4 ,0 ,3 ,700 ,0 ,0 
23:00:16	[LOG_INFO]	[Data/CharacterSkill.csv is loaded...]
23:00:16	[LOG_INFO]	[Data/CharacterLevel.csv is loading...]
23:00:16	[LOG_INFO]	int64_t,int32_t
23:00:16	[LOG_INFO]	100 ,0 
23:00:16	[LOG_INFO]	150 ,1 
23:00:16	[LOG_INFO]	500 ,1 
23:00:16	[LOG_INFO]	900 ,1 
23:00:16	[LOG_INFO]	1500 ,1 
23:00:16	[LOG_INFO]	2000 ,1 
23:00:16	[LOG_INFO]	3000 ,1 
23:00:16	[LOG_INFO]	5000 ,1 
23:00:16	[LOG_INFO]	8000 ,1 
23:00:16	[LOG_INFO]	10000 ,3 
23:00:16	[LOG_INFO]	14000 ,1 
23:00:16	[LOG_INFO]	18000 ,1 
23:00:16	[LOG_INFO]	20000 ,1 
23:00:16	[LOG_INFO]	23000 ,1 
23:00:16	[LOG_INFO]	25000 ,2 
23:00:16	[LOG_INFO]	40000 ,1 
23:00:16	[LOG_INFO]	45000 ,1 
23:00:16	[LOG_INFO]	48000 ,1 
23:00:16	[LOG_INFO]	50000 ,1 
23:00:16	[LOG_INFO]	60000 ,3 
23:00:16	[LOG_INFO]	80000 ,1 
23:00:16	[LOG_INFO]	82000 ,1 
23:00:16	[LOG_INFO]	85000 ,1 
23:00:16	[LOG_INFO]	90000 ,1 
23:00:16	[LOG_INFO]	120000 ,2 
23:00:16	[LOG_INFO]	140000 ,1 
23:00:16	[LOG_INFO]	180000 ,1 
23:00:16	[LOG_INFO]	200000 ,1 
23:00:16	[LOG_INFO]	250000 ,1 
23:00:16	[LOG_INFO]	290000 ,3 
23:00:16	[LOG_INFO]	330000 ,1 
23:00:16	[LOG_INFO]	400000 ,1 
23:00:16	[LOG_INFO]	430000 ,1 
23:00:16	[LOG_INFO]	480000 ,1 
23:00:16	[LOG_INFO]	520000 ,2 
23:00:16	[LOG_INFO]	550000 ,1 
23:00:16	[LOG_INFO]	580000 ,1 
23:00:16	[LOG_INFO]	630000 ,1 
23:00:16	[LOG_INFO]	650000 ,1 
23:00:16	[LOG_INFO]	680000 ,3 
23:00:16	[LOG_INFO]	720000 ,1 
23:00:16	[LOG_INFO]	770000 ,1 
23:00:16	[LOG_INFO]	850000 ,1 
23:00:16	[LOG_INFO]	900000 ,1 
23:00:16	[LOG_INFO]	1000000 ,2 
23:00:16	[LOG_INFO]	1300000 ,1 
23:00:16	[LOG_INFO]	1500000 ,1 
23:00:16	[LOG_INFO]	2000000 ,1 
23:00:16	[LOG_INFO]	3000000 ,1 
23:00:16	[LOG_INFO]	0 ,5 
23:00:16	[LOG_INFO]	[Data/CharacterLevel.csv is loaded...]
23:00:16	[LOG_INFO]	[Data/Map_000.csv is loading...]
23:00:16	[LOG_INFO]	MinX: -22 minY: -10 maxX: 51 maxY: -1
23:00:16	[LOG_INFO]	[Data/Map_000.csv is loaded...]
23:00:16	[LOG_DEBUG]	Server is Running...
23:00:16	[LOG_DEBUG]	[Thread Num]: 41
23:00:16	[LOG_DEBUG]	[Port]: 9000
23:02:53	[LOG_CONNECT]	oid(0)	[ip]: 127.0.0.1
23:02:53	[LOG_CONNECT]	AccountDB is Connected
23:02:53	[LOG_CONNECT]	GameDB is Connected
23:03:41	[LOG_DISCONNECT]	oid(0)	
23:03:41	[LOG_CONNECT]	GameDB is Connected
23:04:10	[LOG_CONNECT]	oid(1)	[ip]: 127.0.0.1
23:04:41	[LOG_DISCONNECT]	oid(1)	
23:05:00	[LOG_INFO]	[DBConfig.csv is loading...]
23:05:00	[LOG_INFO]	string,string
23:05:00	[LOG_INFO]	World,112.145.214.226
23:05:00	[LOG_INFO]	Account,112.145.214.226
23:05:00	[LOG_INFO]	Game,112.145.214.226
23:05:00	[LOG_INFO]	[DBConfig.csv is loaded...]
23:05:00	[LOG_INFO]	[ServerConfig.csv is loading...]
23:05:00	[LOG_INFO]	string,int32_t,int32_t
23:05:00	[LOG_INFO]	Game,1,3000
23:05:00	[LOG_INFO]	[ServerConfig.csv is loaded...]
23:05:00	[LOG_CONNECT]	WorldDB is Connected
23:05:00	[LOG_DEBUG]	[Server Type]: Game
23:05:00	[LOG_DEBUG]	[GroupID]: 0
23:05:00	[LOG_DEBUG]	[WorldID]: 1
23:05:00	[LOG_DEBUG]	[ServerID]: 3000
23:05:00	[LOG_INFO]	[Data/CharacterAbilityByStat.csv is loading...]
23:05:00	[LOG_INFO]	uint8_t,uint8_t,uint8_t,uint8_t,uint8_t,uint8_t
23:05:00	[LOG_INFO]	8 ,2 ,10 ,0 ,7 ,3 
23:05:00	[LOG_INFO]	5 ,5 ,8 ,2 ,6 ,4 
23:05:00	[LOG_INFO]	3 ,7 ,0 ,10 ,3 ,7 
23:05:00	[LOG_INFO]	[Data/CharacterAbilityByStat.csv is loaded...]
23:05:00	[LOG_INFO]	[Data/CharacterCreateSpeedStat.csv is loading...]
23:05:00	[LOG_INFO]	float_t,float_t,float_t
23:05:00	[LOG_INFO]	10.0 ,5.0 ,11.6 
23:05:00	[LOG_INFO]	12.0 ,3.0 ,11.8 
23:05:00	[LOG_INFO]	5.0 ,10.0 ,11.4 
23:05:00	[LOG_INFO]	13.0 ,2.0 ,12.0 
23:05:00	[LOG_INFO]	[Data/CharacterCreateSpeedStat.csv is loaded...]
23:05:00	[LOG_INFO]	[Data/CharacterSkill.csv is loading...]
23:05:00	[LOG_INFO]	int32_t,uint8_t,uint8_t,uint8_t,int64_t,uint8_t,int32_t,uint8_t,uint8_t,uint8_t,uint8_t,int32_t,int32_t,int32_t
23:05:00	[LOG_INFO]	0,1 ,1 ,0 ,766 ,2 ,1 ,6 ,4 ,0 ,4 ,1100 ,0 ,0 
23:05:00	[LOG_INFO]	1,2 ,1 ,1 ,1166 ,2 ,1 ,6 ,4 ,0 ,1 ,1600 ,0 ,0 
23:05:00	[LOG_INFO]	2,2 ,1 ,2 ,666 ,3 ,1 ,7 ,5 ,0 ,1 ,1200 ,0 ,0 
23:05:00	[LOG_INFO]	3,1 ,1 ,3 ,333 ,2 ,1 ,6 ,4 ,0 ,3 ,700 ,0 ,0 
23:05:00	[LOG_INFO]	[Data/CharacterSkill.csv is loaded...]
23:05:00	[LOG_INFO]	[Data/CharacterLevel.csv is loading...]
23:05:00	[LOG_INFO]	int64_t,int32_t
23:05:00	[LOG_INFO]	100 ,0 
23:05:00	[LOG_INFO]	150 ,1 
23:05:00	[LOG_INFO]	500 ,1 
23:05:00	[LOG_INFO]	900 ,1 
23:05:00	[LOG_INFO]	1500 ,1 
23:05:00	[LOG_INFO]	2000 ,1 
23:05:00	[LOG_INFO]	3000 ,1 
23:05:00	[LOG_INFO]	5000 ,1 
23:05:00	[LOG_INFO]	8000 ,1 
23:05:00	[LOG_INFO]	10000 ,3 
23:05:00	[LOG_INFO]	14000 ,1 
23:05:00	[LOG_INFO]	18000 ,1 
23:05:00	[LOG_INFO]	20000 ,1 
23:05:00	[LOG_INFO]	23000 ,1 
23:05:00	[LOG_INFO]	25000 ,2 
23:05:00	[LOG_INFO]	40000 ,1 
23:05:00	[LOG_INFO]	45000 ,1 
23:05:00	[LOG_INFO]	48000 ,1 
23:05:00	[LOG_INFO]	50000 ,1 
23:05:00	[LOG_INFO]	60000 ,3 
23:05:00	[LOG_INFO]	80000 ,1 
23:05:00	[LOG_INFO]	82000 ,1 
23:05:00	[LOG_INFO]	85000 ,1 
23:05:00	[LOG_INFO]	90000 ,1 
23:05:00	[LOG_INFO]	120000 ,2 
23:05:00	[LOG_INFO]	140000 ,1 
23:05:00	[LOG_INFO]	180000 ,1 
23:05:00	[LOG_INFO]	200000 ,1 
23:05:00	[LOG_INFO]	250000 ,1 
23:05:00	[LOG_INFO]	290000 ,3 
23:05:00	[LOG_INFO]	330000 ,1 
23:05:00	[LOG_INFO]	400000 ,1 
23:05:00	[LOG_INFO]	430000 ,1 
23:05:00	[LOG_INFO]	480000 ,1 
23:05:00	[LOG_INFO]	520000 ,2 
23:05:00	[LOG_INFO]	550000 ,1 
23:05:00	[LOG_INFO]	580000 ,1 
23:05:00	[LOG_INFO]	630000 ,1 
23:05:00	[LOG_INFO]	650000 ,1 
23:05:00	[LOG_INFO]	680000 ,3 
23:05:00	[LOG_INFO]	720000 ,1 
23:05:00	[LOG_INFO]	770000 ,1 
23:05:00	[LOG_INFO]	850000 ,1 
23:05:00	[LOG_INFO]	900000 ,1 
23:05:00	[LOG_INFO]	1000000 ,2 
23:05:00	[LOG_INFO]	1300000 ,1 
23:05:00	[LOG_INFO]	1500000 ,1 
23:05:00	[LOG_INFO]	2000000 ,1 
23:05:00	[LOG_INFO]	3000000 ,1 
23:05:00	[LOG_INFO]	0 ,5 
23:05:00	[LOG_INFO]	[Data/CharacterLevel.csv is loaded...]
23:05:00	[LOG_INFO]	[Data/Map_000.csv is loading...]
23:05:00	[LOG_INFO]	MinX: -22 minY: -10 maxX: 51 maxY: -1
23:05:00	[LOG_INFO]	[Data/Map_000.csv is loaded...]
23:05:00	[LOG_DEBUG]	Server is Running...
23:05:00	[LOG_DEBUG]	[Thread Num]: 41
23:05:00	[LOG_DEBUG]	[Port]: 9000
23:05:09	[LOG_CONNECT]	oid(0)	[ip]: 127.0.0.1
23:05:09	[LOG_CONNECT]	AccountDB is Connected
23:05:09	[LOG_CONNECT]	GameDB is Connected
23:06:02	[LOG_DISCONNECT]	oid(0)	
23:06:02	[LOG_CONNECT]	GameDB is Connected
23:07:10	[LOG_INFO]	[DBConfig.csv is loading...]
23:07:10	[LOG_INFO]	string,string
23:07:10	[LOG_INFO]	World,112.145.214.226
23:07:10	[LOG_INFO]	Account,112.145.214.226
23:07:10	[LOG_INFO]	Game,112.145.214.226
23:07:10	[LOG_INFO]	[DBConfig.csv is loaded...]
23:07:10	[LOG_INFO]	[ServerConfig.csv is loading...]
23:07:10	[LOG_INFO]	string,int32_t,int32_t
23:07:10	[LOG_INFO]	Game,1,3000
23:07:10	[LOG_INFO]	[ServerConfig.csv is loaded...]
23:07:10	[LOG_CONNECT]	WorldDB is Connected
23:07:10	[LOG_DEBUG]	[Server Type]: Game
23:07:10	[LOG_DEBUG]	[GroupID]: 0
23:07:10	[LOG_DEBUG]	[WorldID]: 1
23:07:10	[LOG_DEBUG]	[ServerID]: 3000
23:07:10	[LOG_INFO]	[Data/CharacterAbilityByStat.csv is loading...]
23:07:10	[LOG_INFO]	uint8_t,uint8_t,uint8_t,uint8_t,uint8_t,uint8_t
23:07:10	[LOG_INFO]	8 ,2 ,10 ,0 ,7 ,3 
23:07:10	[LOG_INFO]	5 ,5 ,8 ,2 ,6 ,4 
23:07:10	[LOG_INFO]	3 ,7 ,0 ,10 ,3 ,7 
23:07:10	[LOG_INFO]	[Data/CharacterAbilityByStat.csv is loaded...]
23:07:10	[LOG_INFO]	[Data/CharacterCreateSpeedStat.csv is loading...]
23:07:10	[LOG_INFO]	float_t,float_t,float_t
23:07:10	[LOG_INFO]	10.0 ,5.0 ,11.6 
23:07:10	[LOG_INFO]	12.0 ,3.0 ,11.8 
23:07:10	[LOG_INFO]	5.0 ,10.0 ,11.4 
23:07:10	[LOG_INFO]	13.0 ,2.0 ,12.0 
23:07:10	[LOG_INFO]	[Data/CharacterCreateSpeedStat.csv is loaded...]
23:07:10	[LOG_INFO]	[Data/CharacterSkill.csv is loading...]
23:07:10	[LOG_INFO]	int32_t,uint8_t,uint8_t,uint8_t,int64_t,uint8_t,int32_t,uint8_t,uint8_t,uint8_t,uint8_t,int32_t,int32_t,int32_t
23:07:10	[LOG_INFO]	0,1 ,1 ,0 ,766 ,2 ,1 ,6 ,4 ,0 ,4 ,1100 ,0 ,0 
23:07:10	[LOG_INFO]	1,2 ,1 ,1 ,1166 ,2 ,1 ,6 ,4 ,0 ,1 ,1600 ,0 ,0 
23:07:10	[LOG_INFO]	2,2 ,1 ,2 ,666 ,3 ,1 ,7 ,5 ,0 ,1 ,1200 ,0 ,0 
23:07:10	[LOG_INFO]	3,1 ,1 ,3 ,333 ,2 ,1 ,6 ,4 ,0 ,3 ,700 ,0 ,0 
23:07:10	[LOG_INFO]	[Data/CharacterSkill.csv is loaded...]
23:07:10	[LOG_INFO]	[Data/CharacterLevel.csv is loading...]
23:07:10	[LOG_INFO]	int64_t,int32_t
23:07:10	[LOG_INFO]	100 ,0 
23:07:10	[LOG_INFO]	150 ,1 
23:07:10	[LOG_INFO]	500 ,1 
23:07:10	[LOG_INFO]	900 ,1 
23:07:10	[LOG_INFO]	1500 ,1 
23:07:10	[LOG_INFO]	2000 ,1 
23:07:10	[LOG_INFO]	3000 ,1 
23:07:10	[LOG_INFO]	5000 ,1 
23:07:10	[LOG_INFO]	8000 ,1 
23:07:10	[LOG_INFO]	10000 ,3 
23:07:10	[LOG_INFO]	14000 ,1 
23:07:10	[LOG_INFO]	18000 ,1 
23:07:10	[LOG_INFO]	20000 ,1 
23:07:10	[LOG_INFO]	23000 ,1 
23:07:10	[LOG_INFO]	25000 ,2 
23:07:10	[LOG_INFO]	40000 ,1 
23:07:10	[LOG_INFO]	45000 ,1 
23:07:10	[LOG_INFO]	48000 ,1 
23:07:10	[LOG_INFO]	50000 ,1 
23:07:10	[LOG_INFO]	60000 ,3 
23:07:10	[LOG_INFO]	80000 ,1 
23:07:10	[LOG_INFO]	82000 ,1 
23:07:10	[LOG_INFO]	85000 ,1 
23:07:10	[LOG_INFO]	90000 ,1 
23:07:10	[LOG_INFO]	120000 ,2 
23:07:10	[LOG_INFO]	140000 ,1 
23:07:10	[LOG_INFO]	180000 ,1 
23:07:10	[LOG_INFO]	200000 ,1 
23:07:10	[LOG_INFO]	250000 ,1 
23:07:10	[LOG_INFO]	290000 ,3 
23:07:10	[LOG_INFO]	330000 ,1 
23:07:10	[LOG_INFO]	400000 ,1 
23:07:10	[LOG_INFO]	430000 ,1 
23:07:10	[LOG_INFO]	480000 ,1 
23:07:10	[LOG_INFO]	520000 ,2 
23:07:10	[LOG_INFO]	550000 ,1 
23:07:10	[LOG_INFO]	580000 ,1 
23:07:10	[LOG_INFO]	630000 ,1 
23:07:10	[LOG_INFO]	650000 ,1 
23:07:10	[LOG_INFO]	680000 ,3 
23:07:10	[LOG_INFO]	720000 ,1 
23:07:10	[LOG_INFO]	770000 ,1 
23:07:10	[LOG_INFO]	850000 ,1 
23:07:10	[LOG_INFO]	900000 ,1 
23:07:10	[LOG_INFO]	1000000 ,2 
23:07:10	[LOG_INFO]	1300000 ,1 
23:07:10	[LOG_INFO]	1500000 ,1 
23:07:10	[LOG_INFO]	2000000 ,1 
23:07:10	[LOG_INFO]	3000000 ,1 
23:07:10	[LOG_INFO]	0 ,5 
23:07:10	[LOG_INFO]	[Data/CharacterLevel.csv is loaded...]
23:07:10	[LOG_INFO]	[Data/Map_000.csv is loading...]
23:07:10	[LOG_INFO]	MinX: -22 minY: -10 maxX: 51 maxY: -1
23:07:10	[LOG_INFO]	[Data/Map_000.csv is loaded...]
23:07:10	[LOG_DEBUG]	Server is Running...
23:07:10	[LOG_DEBUG]	[Thread Num]: 41
23:07:10	[LOG_DEBUG]	[Port]: 9000
23:07:16	[LOG_CONNECT]	oid(0)	[ip]: 127.0.0.1
23:07:16	[LOG_CONNECT]	AccountDB is Connected
23:07:16	[LOG_CONNECT]	GameDB is Connected
23:09:11	[LOG_INFO]	[DBConfig.csv is loading...]
23:09:11	[LOG_INFO]	string,string
23:09:11	[LOG_INFO]	World,112.145.214.226
23:09:11	[LOG_INFO]	Account,112.145.214.226
23:09:11	[LOG_INFO]	Game,112.145.214.226
23:09:11	[LOG_INFO]	[DBConfig.csv is loaded...]
23:09:11	[LOG_INFO]	[ServerConfig.csv is loading...]
23:09:11	[LOG_INFO]	string,int32_t,int32_t
23:09:11	[LOG_INFO]	Game,1,3000
23:09:11	[LOG_INFO]	[ServerConfig.csv is loaded...]
23:09:11	[LOG_CONNECT]	WorldDB is Connected
23:09:11	[LOG_DEBUG]	[Server Type]: Game
23:09:11	[LOG_DEBUG]	[GroupID]: 0
23:09:11	[LOG_DEBUG]	[WorldID]: 1
23:09:11	[LOG_DEBUG]	[ServerID]: 3000
23:09:11	[LOG_INFO]	[Data/CharacterAbilityByStat.csv is loading...]
23:09:11	[LOG_INFO]	uint8_t,uint8_t,uint8_t,uint8_t,uint8_t,uint8_t
23:09:11	[LOG_INFO]	8 ,2 ,10 ,0 ,7 ,3 
23:09:11	[LOG_INFO]	5 ,5 ,8 ,2 ,6 ,4 
23:09:11	[LOG_INFO]	3 ,7 ,0 ,10 ,3 ,7 
23:09:11	[LOG_INFO]	[Data/CharacterAbilityByStat.csv is loaded...]
23:09:11	[LOG_INFO]	[Data/CharacterCreateSpeedStat.csv is loading...]
23:09:11	[LOG_INFO]	float_t,float_t,float_t
23:09:11	[LOG_INFO]	10.0 ,5.0 ,11.6 
23:09:11	[LOG_INFO]	12.0 ,3.0 ,11.8 
23:09:11	[LOG_INFO]	5.0 ,10.0 ,11.4 
23:09:11	[LOG_INFO]	13.0 ,2.0 ,12.0 
23:09:11	[LOG_INFO]	[Data/CharacterCreateSpeedStat.csv is loaded...]
23:09:11	[LOG_INFO]	[Data/CharacterSkill.csv is loading...]
23:09:11	[LOG_INFO]	int32_t,uint8_t,uint8_t,uint8_t,int64_t,uint8_t,int32_t,uint8_t,uint8_t,uint8_t,uint8_t,int32_t,int32_t,int32_t
23:09:11	[LOG_INFO]	0,1 ,1 ,0 ,766 ,2 ,1 ,6 ,4 ,0 ,4 ,1100 ,0 ,0 
23:09:11	[LOG_INFO]	1,2 ,1 ,1 ,1166 ,2 ,1 ,6 ,4 ,0 ,1 ,1600 ,0 ,0 
23:09:11	[LOG_INFO]	2,2 ,1 ,2 ,666 ,3 ,1 ,7 ,5 ,0 ,1 ,1200 ,0 ,0 
23:09:11	[LOG_INFO]	3,1 ,1 ,3 ,333 ,2 ,1 ,6 ,4 ,0 ,3 ,700 ,0 ,0 
23:09:11	[LOG_INFO]	[Data/CharacterSkill.csv is loaded...]
23:09:11	[LOG_INFO]	[Data/CharacterLevel.csv is loading...]
23:09:11	[LOG_INFO]	int64_t,int32_t
23:09:11	[LOG_INFO]	100 ,0 
23:09:11	[LOG_INFO]	150 ,1 
23:09:11	[LOG_INFO]	500 ,1 
23:09:11	[LOG_INFO]	900 ,1 
23:09:11	[LOG_INFO]	1500 ,1 
23:09:11	[LOG_INFO]	2000 ,1 
23:09:11	[LOG_INFO]	3000 ,1 
23:09:11	[LOG_INFO]	5000 ,1 
23:09:11	[LOG_INFO]	8000 ,1 
23:09:11	[LOG_INFO]	10000 ,3 
23:09:11	[LOG_INFO]	14000 ,1 
23:09:11	[LOG_INFO]	18000 ,1 
23:09:11	[LOG_INFO]	20000 ,1 
23:09:11	[LOG_INFO]	23000 ,1 
23:09:11	[LOG_INFO]	25000 ,2 
23:09:11	[LOG_INFO]	40000 ,1 
23:09:11	[LOG_INFO]	45000 ,1 
23:09:11	[LOG_INFO]	48000 ,1 
23:09:11	[LOG_INFO]	50000 ,1 
23:09:11	[LOG_INFO]	60000 ,3 
23:09:11	[LOG_INFO]	80000 ,1 
23:09:11	[LOG_INFO]	82000 ,1 
23:09:11	[LOG_INFO]	85000 ,1 
23:09:11	[LOG_INFO]	90000 ,1 
23:09:11	[LOG_INFO]	120000 ,2 
23:09:11	[LOG_INFO]	140000 ,1 
23:09:11	[LOG_INFO]	180000 ,1 
23:09:11	[LOG_INFO]	200000 ,1 
23:09:11	[LOG_INFO]	250000 ,1 
23:09:11	[LOG_INFO]	290000 ,3 
23:09:11	[LOG_INFO]	330000 ,1 
23:09:11	[LOG_INFO]	400000 ,1 
23:09:11	[LOG_INFO]	430000 ,1 
23:09:11	[LOG_INFO]	480000 ,1 
23:09:11	[LOG_INFO]	520000 ,2 
23:09:11	[LOG_INFO]	550000 ,1 
23:09:11	[LOG_INFO]	580000 ,1 
23:09:11	[LOG_INFO]	630000 ,1 
23:09:11	[LOG_INFO]	650000 ,1 
23:09:11	[LOG_INFO]	680000 ,3 
23:09:11	[LOG_INFO]	720000 ,1 
23:09:11	[LOG_INFO]	770000 ,1 
23:09:11	[LOG_INFO]	850000 ,1 
23:09:11	[LOG_INFO]	900000 ,1 
23:09:11	[LOG_INFO]	1000000 ,2 
23:09:11	[LOG_INFO]	1300000 ,1 
23:09:11	[LOG_INFO]	1500000 ,1 
23:09:11	[LOG_INFO]	2000000 ,1 
23:09:11	[LOG_INFO]	3000000 ,1 
23:09:11	[LOG_INFO]	0 ,5 
23:09:11	[LOG_INFO]	[Data/CharacterLevel.csv is loaded...]
23:09:11	[LOG_INFO]	[Data/Map_000.csv is loading...]
23:09:11	[LOG_INFO]	MinX: -22 minY: -10 maxX: 51 maxY: -1
23:09:11	[LOG_INFO]	[Data/Map_000.csv is loaded...]
23:09:11	[LOG_DEBUG]	Server is Running...
23:09:11	[LOG_DEBUG]	[Thread Num]: 41
23:09:11	[LOG_DEBUG]	[Port]: 9000
23:09:19	[LOG_CONNECT]	oid(0)	[ip]: 127.0.0.1
23:09:19	[LOG_CONNECT]	AccountDB is Connected
23:09:19	[LOG_CONNECT]	GameDB is Connected
23:10:12	[LOG_DISCONNECT]	oid(0)	
23:10:39	[LOG_INFO]	[DBConfig.csv is loading...]
23:10:39	[LOG_INFO]	string,string
23:10:39	[LOG_INFO]	World,112.145.214.226
23:10:39	[LOG_INFO]	Account,112.145.214.226
23:10:39	[LOG_INFO]	Game,112.145.214.226
23:10:39	[LOG_INFO]	[DBConfig.csv is loaded...]
23:10:39	[LOG_INFO]	[ServerConfig.csv is loading...]
23:10:39	[LOG_INFO]	string,int32_t,int32_t
23:10:39	[LOG_INFO]	Game,1,3000
23:10:39	[LOG_INFO]	[ServerConfig.csv is loaded...]
23:10:39	[LOG_CONNECT]	WorldDB is Connected
23:10:39	[LOG_DEBUG]	[Server Type]: Game
23:10:39	[LOG_DEBUG]	[GroupID]: 0
23:10:39	[LOG_DEBUG]	[WorldID]: 1
23:10:39	[LOG_DEBUG]	[ServerID]: 3000
23:10:39	[LOG_INFO]	[Data/CharacterAbilityByStat.csv is loading...]
23:10:39	[LOG_INFO]	uint8_t,uint8_t,uint8_t,uint8_t,uint8_t,uint8_t
23:10:39	[LOG_INFO]	8 ,2 ,10 ,0 ,7 ,3 
23:10:39	[LOG_INFO]	5 ,5 ,8 ,2 ,6 ,4 
23:10:39	[LOG_INFO]	3 ,7 ,0 ,10 ,3 ,7 
23:10:39	[LOG_INFO]	[Data/CharacterAbilityByStat.csv is loaded...]
23:10:39	[LOG_INFO]	[Data/CharacterCreateSpeedStat.csv is loading...]
23:10:39	[LOG_INFO]	float_t,float_t,float_t
23:10:39	[LOG_INFO]	10.0 ,5.0 ,11.6 
23:10:39	[LOG_INFO]	12.0 ,3.0 ,11.8 
23:10:39	[LOG_INFO]	5.0 ,10.0 ,11.4 
23:10:39	[LOG_INFO]	13.0 ,2.0 ,12.0 
23:10:39	[LOG_INFO]	[Data/CharacterCreateSpeedStat.csv is loaded...]
23:10:39	[LOG_INFO]	[Data/CharacterSkill.csv is loading...]
23:10:39	[LOG_INFO]	int32_t,uint8_t,uint8_t,uint8_t,int64_t,uint8_t,int32_t,uint8_t,uint8_t,uint8_t,uint8_t,int32_t,int32_t,int32_t
23:10:39	[LOG_INFO]	0,1 ,1 ,0 ,766 ,2 ,1 ,6 ,4 ,0 ,4 ,1100 ,0 ,0 
23:10:39	[LOG_INFO]	1,2 ,1 ,1 ,1166 ,2 ,1 ,6 ,4 ,0 ,1 ,1600 ,0 ,0 
23:10:39	[LOG_INFO]	2,2 ,1 ,2 ,666 ,3 ,1 ,7 ,5 ,0 ,1 ,1200 ,0 ,0 
23:10:39	[LOG_INFO]	3,1 ,1 ,3 ,333 ,2 ,1 ,6 ,4 ,0 ,3 ,700 ,0 ,0 
23:10:39	[LOG_INFO]	[Data/CharacterSkill.csv is loaded...]
23:10:39	[LOG_INFO]	[Data/CharacterLevel.csv is loading...]
23:10:39	[LOG_INFO]	int64_t,int32_t
23:10:39	[LOG_INFO]	100 ,0 
23:10:39	[LOG_INFO]	150 ,1 
23:10:39	[LOG_INFO]	500 ,1 
23:10:39	[LOG_INFO]	900 ,1 
23:10:39	[LOG_INFO]	1500 ,1 
23:10:39	[LOG_INFO]	2000 ,1 
23:10:39	[LOG_INFO]	3000 ,1 
23:10:39	[LOG_INFO]	5000 ,1 
23:10:39	[LOG_INFO]	8000 ,1 
23:10:39	[LOG_INFO]	10000 ,3 
23:10:39	[LOG_INFO]	14000 ,1 
23:10:39	[LOG_INFO]	18000 ,1 
23:10:39	[LOG_INFO]	20000 ,1 
23:10:39	[LOG_INFO]	23000 ,1 
23:10:39	[LOG_INFO]	25000 ,2 
23:10:39	[LOG_INFO]	40000 ,1 
23:10:39	[LOG_INFO]	45000 ,1 
23:10:39	[LOG_INFO]	48000 ,1 
23:10:39	[LOG_INFO]	50000 ,1 
23:10:39	[LOG_INFO]	60000 ,3 
23:10:39	[LOG_INFO]	80000 ,1 
23:10:39	[LOG_INFO]	82000 ,1 
23:10:39	[LOG_INFO]	85000 ,1 
23:10:39	[LOG_INFO]	90000 ,1 
23:10:39	[LOG_INFO]	120000 ,2 
23:10:39	[LOG_INFO]	140000 ,1 
23:10:39	[LOG_INFO]	180000 ,1 
23:10:39	[LOG_INFO]	200000 ,1 
23:10:39	[LOG_INFO]	250000 ,1 
23:10:39	[LOG_INFO]	290000 ,3 
23:10:39	[LOG_INFO]	330000 ,1 
23:10:39	[LOG_INFO]	400000 ,1 
23:10:39	[LOG_INFO]	430000 ,1 
23:10:39	[LOG_INFO]	480000 ,1 
23:10:39	[LOG_INFO]	520000 ,2 
23:10:39	[LOG_INFO]	550000 ,1 
23:10:39	[LOG_INFO]	580000 ,1 
23:10:39	[LOG_INFO]	630000 ,1 
23:10:39	[LOG_INFO]	650000 ,1 
23:10:39	[LOG_INFO]	680000 ,3 
23:10:39	[LOG_INFO]	720000 ,1 
23:10:39	[LOG_INFO]	770000 ,1 
23:10:39	[LOG_INFO]	850000 ,1 
23:10:39	[LOG_INFO]	900000 ,1 
23:10:39	[LOG_INFO]	1000000 ,2 
23:10:39	[LOG_INFO]	1300000 ,1 
23:10:39	[LOG_INFO]	1500000 ,1 
23:10:39	[LOG_INFO]	2000000 ,1 
23:10:39	[LOG_INFO]	3000000 ,1 
23:10:39	[LOG_INFO]	0 ,5 
23:10:39	[LOG_INFO]	[Data/CharacterLevel.csv is loaded...]
23:10:39	[LOG_INFO]	[Data/Map_000.csv is loading...]
23:10:39	[LOG_INFO]	MinX: -22 minY: -10 maxX: 51 maxY: -1
23:10:39	[LOG_INFO]	[Data/Map_000.csv is loaded...]
23:10:39	[LOG_DEBUG]	Server is Running...
23:10:39	[LOG_DEBUG]	[Thread Num]: 41
23:10:39	[LOG_DEBUG]	[Port]: 9000
23:10:48	[LOG_CONNECT]	oid(0)	[ip]: 127.0.0.1
23:10:48	[LOG_CONNECT]	AccountDB is Connected
23:10:48	[LOG_CONNECT]	GameDB is Connected
23:11:19	[LOG_DISCONNECT]	oid(0)	
23:11:24	[LOG_INFO]	[DBConfig.csv is loading...]
23:11:24	[LOG_INFO]	string,string
23:11:24	[LOG_INFO]	World,112.145.214.226
23:11:24	[LOG_INFO]	Account,112.145.214.226
23:11:24	[LOG_INFO]	Game,112.145.214.226
23:11:24	[LOG_INFO]	[DBConfig.csv is loaded...]
23:11:24	[LOG_INFO]	[ServerConfig.csv is loading...]
23:11:24	[LOG_INFO]	string,int32_t,int32_t
23:11:24	[LOG_INFO]	Game,1,3000
23:11:24	[LOG_INFO]	[ServerConfig.csv is loaded...]
23:11:24	[LOG_CONNECT]	WorldDB is Connected
23:11:24	[LOG_DEBUG]	[Server Type]: Game
23:11:24	[LOG_DEBUG]	[GroupID]: 0
23:11:24	[LOG_DEBUG]	[WorldID]: 1
23:11:24	[LOG_DEBUG]	[ServerID]: 3000
23:11:24	[LOG_INFO]	[Data/CharacterAbilityByStat.csv is loading...]
23:11:24	[LOG_INFO]	uint8_t,uint8_t,uint8_t,uint8_t,uint8_t,uint8_t
23:11:24	[LOG_INFO]	8 ,2 ,10 ,0 ,7 ,3 
23:11:24	[LOG_INFO]	5 ,5 ,8 ,2 ,6 ,4 
23:11:24	[LOG_INFO]	3 ,7 ,0 ,10 ,3 ,7 
23:11:24	[LOG_INFO]	[Data/CharacterAbilityByStat.csv is loaded...]
23:11:24	[LOG_INFO]	[Data/CharacterCreateSpeedStat.csv is loading...]
23:11:24	[LOG_INFO]	float_t,float_t,float_t
23:11:24	[LOG_INFO]	10.0 ,5.0 ,11.6 
23:11:24	[LOG_INFO]	12.0 ,3.0 ,11.8 
23:11:24	[LOG_INFO]	5.0 ,10.0 ,11.4 
23:11:24	[LOG_INFO]	13.0 ,2.0 ,12.0 
23:11:24	[LOG_INFO]	[Data/CharacterCreateSpeedStat.csv is loaded...]
23:11:24	[LOG_INFO]	[Data/CharacterSkill.csv is loading...]
23:11:24	[LOG_INFO]	int32_t,uint8_t,uint8_t,uint8_t,int64_t,uint8_t,int32_t,uint8_t,uint8_t,uint8_t,uint8_t,int32_t,int32_t,int32_t
23:11:24	[LOG_INFO]	0,1 ,1 ,0 ,766 ,2 ,1 ,6 ,4 ,0 ,4 ,1100 ,0 ,0 
23:11:24	[LOG_INFO]	1,2 ,1 ,1 ,1166 ,2 ,1 ,6 ,4 ,0 ,1 ,1600 ,0 ,0 
23:11:24	[LOG_INFO]	2,2 ,1 ,2 ,666 ,3 ,1 ,7 ,5 ,0 ,1 ,1200 ,0 ,0 
23:11:24	[LOG_INFO]	3,1 ,1 ,3 ,333 ,2 ,1 ,6 ,4 ,0 ,3 ,700 ,0 ,0 
23:11:24	[LOG_INFO]	[Data/CharacterSkill.csv is loaded...]
23:11:24	[LOG_INFO]	[Data/CharacterLevel.csv is loading...]
23:11:24	[LOG_INFO]	int64_t,int32_t
23:11:24	[LOG_INFO]	100 ,0 
23:11:24	[LOG_INFO]	150 ,1 
23:11:24	[LOG_INFO]	500 ,1 
23:11:24	[LOG_INFO]	900 ,1 
23:11:24	[LOG_INFO]	1500 ,1 
23:11:24	[LOG_INFO]	2000 ,1 
23:11:24	[LOG_INFO]	3000 ,1 
23:11:24	[LOG_INFO]	5000 ,1 
23:11:24	[LOG_INFO]	8000 ,1 
23:11:24	[LOG_INFO]	10000 ,3 
23:11:24	[LOG_INFO]	14000 ,1 
23:11:24	[LOG_INFO]	18000 ,1 
23:11:24	[LOG_INFO]	20000 ,1 
23:11:24	[LOG_INFO]	23000 ,1 
23:11:24	[LOG_INFO]	25000 ,2 
23:11:24	[LOG_INFO]	40000 ,1 
23:11:24	[LOG_INFO]	45000 ,1 
23:11:24	[LOG_INFO]	48000 ,1 
23:11:24	[LOG_INFO]	50000 ,1 
23:11:24	[LOG_INFO]	60000 ,3 
23:11:24	[LOG_INFO]	80000 ,1 
23:11:24	[LOG_INFO]	82000 ,1 
23:11:24	[LOG_INFO]	85000 ,1 
23:11:24	[LOG_INFO]	90000 ,1 
23:11:24	[LOG_INFO]	120000 ,2 
23:11:24	[LOG_INFO]	140000 ,1 
23:11:24	[LOG_INFO]	180000 ,1 
23:11:24	[LOG_INFO]	200000 ,1 
23:11:24	[LOG_INFO]	250000 ,1 
23:11:24	[LOG_INFO]	290000 ,3 
23:11:24	[LOG_INFO]	330000 ,1 
23:11:24	[LOG_INFO]	400000 ,1 
23:11:24	[LOG_INFO]	430000 ,1 
23:11:24	[LOG_INFO]	480000 ,1 
23:11:24	[LOG_INFO]	520000 ,2 
23:11:24	[LOG_INFO]	550000 ,1 
23:11:24	[LOG_INFO]	580000 ,1 
23:11:24	[LOG_INFO]	630000 ,1 
23:11:24	[LOG_INFO]	650000 ,1 
23:11:24	[LOG_INFO]	680000 ,3 
23:11:24	[LOG_INFO]	720000 ,1 
23:11:24	[LOG_INFO]	770000 ,1 
23:11:24	[LOG_INFO]	850000 ,1 
23:11:24	[LOG_INFO]	900000 ,1 
23:11:24	[LOG_INFO]	1000000 ,2 
23:11:24	[LOG_INFO]	1300000 ,1 
23:11:24	[LOG_INFO]	1500000 ,1 
23:11:24	[LOG_INFO]	2000000 ,1 
23:11:24	[LOG_INFO]	3000000 ,1 
23:11:24	[LOG_INFO]	0 ,5 
23:11:24	[LOG_INFO]	[Data/CharacterLevel.csv is loaded...]
23:11:24	[LOG_INFO]	[Data/Map_000.csv is loading...]
23:11:24	[LOG_INFO]	MinX: -22 minY: -10 maxX: 51 maxY: -1
23:11:24	[LOG_INFO]	[Data/Map_000.csv is loaded...]
23:11:24	[LOG_DEBUG]	Server is Running...
23:11:24	[LOG_DEBUG]	[Thread Num]: 41
23:11:24	[LOG_DEBUG]	[Port]: 9000
23:19:59	[LOG_INFO]	[DBConfig.csv is loading...]
23:19:59	[LOG_INFO]	string,string
23:19:59	[LOG_INFO]	World,112.145.214.226
23:19:59	[LOG_INFO]	Account,112.145.214.226
23:19:59	[LOG_INFO]	Game,112.145.214.226
23:19:59	[LOG_INFO]	[DBConfig.csv is loaded...]
23:19:59	[LOG_INFO]	[ServerConfig.csv is loading...]
23:19:59	[LOG_INFO]	string,int32_t,int32_t
23:19:59	[LOG_INFO]	Game,1,3000
23:19:59	[LOG_INFO]	[ServerConfig.csv is loaded...]
23:19:59	[LOG_CONNECT]	WorldDB is Connected
23:19:59	[LOG_DEBUG]	[Server Type]: Game
23:19:59	[LOG_DEBUG]	[GroupID]: 0
23:19:59	[LOG_DEBUG]	[WorldID]: 1
23:19:59	[LOG_DEBUG]	[ServerID]: 3000
23:19:59	[LOG_INFO]	[Data/CharacterAbilityByStat.csv is loading...]
23:19:59	[LOG_INFO]	uint8_t,uint8_t,uint8_t,uint8_t,uint8_t,uint8_t
23:19:59	[LOG_INFO]	8 ,2 ,10 ,0 ,7 ,3 
23:19:59	[LOG_INFO]	5 ,5 ,8 ,2 ,6 ,4 
23:19:59	[LOG_INFO]	3 ,7 ,0 ,10 ,3 ,7 
23:19:59	[LOG_INFO]	[Data/CharacterAbilityByStat.csv is loaded...]
23:19:59	[LOG_INFO]	[Data/CharacterCreateSpeedStat.csv is loading...]
23:19:59	[LOG_INFO]	float_t,float_t,float_t
23:19:59	[LOG_INFO]	10.0 ,5.0 ,11.6 
23:19:59	[LOG_INFO]	12.0 ,3.0 ,11.8 
23:19:59	[LOG_INFO]	5.0 ,10.0 ,11.4 
23:19:59	[LOG_INFO]	13.0 ,2.0 ,12.0 
23:19:59	[LOG_INFO]	[Data/CharacterCreateSpeedStat.csv is loaded...]
23:19:59	[LOG_INFO]	[Data/CharacterSkill.csv is loading...]
23:19:59	[LOG_INFO]	int32_t,uint8_t,uint8_t,uint8_t,int64_t,uint8_t,int32_t,uint8_t,uint8_t,uint8_t,uint8_t,int32_t,int32_t,int32_t
23:19:59	[LOG_INFO]	0,1 ,1 ,0 ,766 ,2 ,1 ,6 ,4 ,0 ,4 ,1100 ,0 ,0 
23:19:59	[LOG_INFO]	1,2 ,1 ,1 ,1166 ,2 ,1 ,6 ,4 ,0 ,1 ,1600 ,0 ,0 
23:19:59	[LOG_INFO]	2,2 ,1 ,2 ,666 ,3 ,1 ,7 ,5 ,0 ,1 ,1200 ,0 ,0 
23:19:59	[LOG_INFO]	3,1 ,1 ,3 ,333 ,2 ,1 ,6 ,4 ,0 ,3 ,700 ,0 ,0 
23:19:59	[LOG_INFO]	[Data/CharacterSkill.csv is loaded...]
23:19:59	[LOG_INFO]	[Data/CharacterLevel.csv is loading...]
23:19:59	[LOG_INFO]	int64_t,int32_t
23:19:59	[LOG_INFO]	100 ,0 
23:19:59	[LOG_INFO]	150 ,1 
23:19:59	[LOG_INFO]	500 ,1 
23:19:59	[LOG_INFO]	900 ,1 
23:19:59	[LOG_INFO]	1500 ,1 
23:19:59	[LOG_INFO]	2000 ,1 
23:19:59	[LOG_INFO]	3000 ,1 
23:19:59	[LOG_INFO]	5000 ,1 
23:19:59	[LOG_INFO]	8000 ,1 
23:19:59	[LOG_INFO]	10000 ,3 
23:19:59	[LOG_INFO]	14000 ,1 
23:19:59	[LOG_INFO]	18000 ,1 
23:19:59	[LOG_INFO]	20000 ,1 
23:19:59	[LOG_INFO]	23000 ,1 
23:19:59	[LOG_INFO]	25000 ,2 
23:19:59	[LOG_INFO]	40000 ,1 
23:19:59	[LOG_INFO]	45000 ,1 
23:19:59	[LOG_INFO]	48000 ,1 
23:19:59	[LOG_INFO]	50000 ,1 
23:19:59	[LOG_INFO]	60000 ,3 
23:19:59	[LOG_INFO]	80000 ,1 
23:19:59	[LOG_INFO]	82000 ,1 
23:19:59	[LOG_INFO]	85000 ,1 
23:19:59	[LOG_INFO]	90000 ,1 
23:19:59	[LOG_INFO]	120000 ,2 
23:19:59	[LOG_INFO]	140000 ,1 
23:19:59	[LOG_INFO]	180000 ,1 
23:19:59	[LOG_INFO]	200000 ,1 
23:19:59	[LOG_INFO]	250000 ,1 
23:19:59	[LOG_INFO]	290000 ,3 
23:19:59	[LOG_INFO]	330000 ,1 
23:19:59	[LOG_INFO]	400000 ,1 
23:19:59	[LOG_INFO]	430000 ,1 
23:19:59	[LOG_INFO]	480000 ,1 
23:19:59	[LOG_INFO]	520000 ,2 
23:19:59	[LOG_INFO]	550000 ,1 
23:19:59	[LOG_INFO]	580000 ,1 
23:19:59	[LOG_INFO]	630000 ,1 
23:19:59	[LOG_INFO]	650000 ,1 
23:19:59	[LOG_INFO]	680000 ,3 
23:19:59	[LOG_INFO]	720000 ,1 
23:19:59	[LOG_INFO]	770000 ,1 
23:19:59	[LOG_INFO]	850000 ,1 
23:19:59	[LOG_INFO]	900000 ,1 
23:19:59	[LOG_INFO]	1000000 ,2 
23:19:59	[LOG_INFO]	1300000 ,1 
23:19:59	[LOG_INFO]	1500000 ,1 
23:19:59	[LOG_INFO]	2000000 ,1 
23:19:59	[LOG_INFO]	3000000 ,1 
23:19:59	[LOG_INFO]	0 ,5 
23:19:59	[LOG_INFO]	[Data/CharacterLevel.csv is loaded...]
23:19:59	[LOG_INFO]	[Data/Map_000.csv is loading...]
23:19:59	[LOG_INFO]	MinX: -22 minY: -10 maxX: 51 maxY: -1
23:19:59	[LOG_INFO]	[Data/Map_000.csv is loaded...]
23:19:59	[LOG_DEBUG]	Server is Running...
23:19:59	[LOG_DEBUG]	[Thread Num]: 41
23:19:59	[LOG_DEBUG]	[Port]: 9000
23:20:02	[LOG_CONNECT]	oid(0)	[ip]: 127.0.0.1
23:20:02	[LOG_CONNECT]	AccountDB is Connected
23:20:02	[LOG_CONNECT]	GameDB is Connected
23:20:22	[LOG_DISCONNECT]	oid(0)	
23:20:22	[LOG_CONNECT]	GameDB is Connected
23:21:58	[LOG_INFO]	[DBConfig.csv is loading...]
23:21:58	[LOG_INFO]	string,string
23:21:58	[LOG_INFO]	World,112.145.214.226
23:21:58	[LOG_INFO]	Account,112.145.214.226
23:21:58	[LOG_INFO]	Game,112.145.214.226
23:21:58	[LOG_INFO]	[DBConfig.csv is loaded...]
23:21:58	[LOG_INFO]	[ServerConfig.csv is loading...]
23:21:58	[LOG_INFO]	string,int32_t,int32_t
23:21:58	[LOG_INFO]	Game,1,3000
23:21:58	[LOG_INFO]	[ServerConfig.csv is loaded...]
23:21:58	[LOG_CONNECT]	WorldDB is Connected
23:21:58	[LOG_DEBUG]	[Server Type]: Game
23:21:58	[LOG_DEBUG]	[GroupID]: 0
23:21:58	[LOG_DEBUG]	[WorldID]: 1
23:21:58	[LOG_DEBUG]	[ServerID]: 3000
23:21:58	[LOG_INFO]	[Data/CharacterAbilityByStat.csv is loading...]
23:21:58	[LOG_INFO]	uint8_t,uint8_t,uint8_t,uint8_t,uint8_t,uint8_t
23:21:58	[LOG_INFO]	8 ,2 ,10 ,0 ,7 ,3 
23:21:58	[LOG_INFO]	5 ,5 ,8 ,2 ,6 ,4 
23:21:58	[LOG_INFO]	3 ,7 ,0 ,10 ,3 ,7 
23:21:58	[LOG_INFO]	[Data/CharacterAbilityByStat.csv is loaded...]
23:21:58	[LOG_INFO]	[Data/CharacterCreateSpeedStat.csv is loading...]
23:21:58	[LOG_INFO]	float_t,float_t,float_t
23:21:58	[LOG_INFO]	10.0 ,5.0 ,11.6 
23:21:58	[LOG_INFO]	12.0 ,3.0 ,11.8 
23:21:58	[LOG_INFO]	5.0 ,10.0 ,11.4 
23:21:58	[LOG_INFO]	13.0 ,2.0 ,12.0 
23:21:58	[LOG_INFO]	[Data/CharacterCreateSpeedStat.csv is loaded...]
23:21:58	[LOG_INFO]	[Data/CharacterSkill.csv is loading...]
23:21:58	[LOG_INFO]	int32_t,uint8_t,uint8_t,uint8_t,int64_t,uint8_t,int32_t,uint8_t,uint8_t,uint8_t,uint8_t,int32_t,int32_t,int32_t
23:21:58	[LOG_INFO]	0,1 ,1 ,0 ,766 ,2 ,1 ,6 ,4 ,0 ,4 ,1100 ,0 ,0 
23:21:58	[LOG_INFO]	1,2 ,1 ,1 ,1166 ,2 ,1 ,6 ,4 ,0 ,1 ,1600 ,0 ,0 
23:21:58	[LOG_INFO]	2,2 ,1 ,2 ,666 ,3 ,1 ,7 ,5 ,0 ,1 ,1200 ,0 ,0 
23:21:58	[LOG_INFO]	3,1 ,1 ,3 ,333 ,2 ,1 ,6 ,4 ,0 ,3 ,700 ,0 ,0 
23:21:58	[LOG_INFO]	[Data/CharacterSkill.csv is loaded...]
23:21:58	[LOG_INFO]	[Data/CharacterLevel.csv is loading...]
23:21:58	[LOG_INFO]	int64_t,int32_t
23:21:58	[LOG_INFO]	100 ,0 
23:21:58	[LOG_INFO]	150 ,1 
23:21:58	[LOG_INFO]	500 ,1 
23:21:58	[LOG_INFO]	900 ,1 
23:21:58	[LOG_INFO]	1500 ,1 
23:21:58	[LOG_INFO]	2000 ,1 
23:21:58	[LOG_INFO]	3000 ,1 
23:21:58	[LOG_INFO]	5000 ,1 
23:21:58	[LOG_INFO]	8000 ,1 
23:21:58	[LOG_INFO]	10000 ,3 
23:21:58	[LOG_INFO]	14000 ,1 
23:21:58	[LOG_INFO]	18000 ,1 
23:21:58	[LOG_INFO]	20000 ,1 
23:21:58	[LOG_INFO]	23000 ,1 
23:21:58	[LOG_INFO]	25000 ,2 
23:21:58	[LOG_INFO]	40000 ,1 
23:21:58	[LOG_INFO]	45000 ,1 
23:21:58	[LOG_INFO]	48000 ,1 
23:21:58	[LOG_INFO]	50000 ,1 
23:21:58	[LOG_INFO]	60000 ,3 
23:21:58	[LOG_INFO]	80000 ,1 
23:21:58	[LOG_INFO]	82000 ,1 
23:21:58	[LOG_INFO]	85000 ,1 
23:21:58	[LOG_INFO]	90000 ,1 
23:21:58	[LOG_INFO]	120000 ,2 
23:21:58	[LOG_INFO]	140000 ,1 
23:21:58	[LOG_INFO]	180000 ,1 
23:21:58	[LOG_INFO]	200000 ,1 
23:21:58	[LOG_INFO]	250000 ,1 
23:21:58	[LOG_INFO]	290000 ,3 
23:21:58	[LOG_INFO]	330000 ,1 
23:21:58	[LOG_INFO]	400000 ,1 
23:21:58	[LOG_INFO]	430000 ,1 
23:21:58	[LOG_INFO]	480000 ,1 
23:21:58	[LOG_INFO]	520000 ,2 
23:21:58	[LOG_INFO]	550000 ,1 
23:21:58	[LOG_INFO]	580000 ,1 
23:21:58	[LOG_INFO]	630000 ,1 
23:21:58	[LOG_INFO]	650000 ,1 
23:21:58	[LOG_INFO]	680000 ,3 
23:21:58	[LOG_INFO]	720000 ,1 
23:21:58	[LOG_INFO]	770000 ,1 
23:21:58	[LOG_INFO]	850000 ,1 
23:21:58	[LOG_INFO]	900000 ,1 
23:21:58	[LOG_INFO]	1000000 ,2 
23:21:58	[LOG_INFO]	1300000 ,1 
23:21:58	[LOG_INFO]	1500000 ,1 
23:21:58	[LOG_INFO]	2000000 ,1 
23:21:58	[LOG_INFO]	3000000 ,1 
23:21:58	[LOG_INFO]	0 ,5 
23:21:58	[LOG_INFO]	[Data/CharacterLevel.csv is loaded...]
23:21:58	[LOG_INFO]	[Data/Map_000.csv is loading...]
23:21:58	[LOG_INFO]	MinX: -22 minY: -10 maxX: 51 maxY: -1
23:21:58	[LOG_INFO]	[Data/Map_000.csv is loaded...]
23:21:58	[LOG_DEBUG]	Server is Running...
23:21:58	[LOG_DEBUG]	[Thread Num]: 41
23:21:58	[LOG_DEBUG]	[Port]: 9000
23:22:04	[LOG_CONNECT]	oid(0)	[ip]: 127.0.0.1
23:22:04	[LOG_CONNECT]	AccountDB is Connected
23:22:04	[LOG_CONNECT]	GameDB is Connected
23:23:40	[LOG_DISCONNECT]	oid(0)	
23:23:40	[LOG_CONNECT]	GameDB is Connected
23:28:04	[LOG_INFO]	[DBConfig.csv is loading...]
23:28:04	[LOG_INFO]	string,string
23:28:04	[LOG_INFO]	World,112.145.214.226
23:28:04	[LOG_INFO]	Account,112.145.214.226
23:28:04	[LOG_INFO]	Game,112.145.214.226
23:28:04	[LOG_INFO]	[DBConfig.csv is loaded...]
23:28:04	[LOG_INFO]	[ServerConfig.csv is loading...]
23:28:04	[LOG_INFO]	string,int32_t,int32_t
23:28:04	[LOG_INFO]	Game,1,3000
23:28:04	[LOG_INFO]	[ServerConfig.csv is loaded...]
23:28:04	[LOG_CONNECT]	WorldDB is Connected
23:28:04	[LOG_DEBUG]	[Server Type]: Game
23:28:04	[LOG_DEBUG]	[GroupID]: 0
23:28:04	[LOG_DEBUG]	[WorldID]: 1
23:28:04	[LOG_DEBUG]	[ServerID]: 3000
23:28:04	[LOG_INFO]	[Data/CharacterAbilityByStat.csv is loading...]
23:28:04	[LOG_INFO]	uint8_t,uint8_t,uint8_t,uint8_t,uint8_t,uint8_t
23:28:04	[LOG_INFO]	8 ,2 ,10 ,0 ,7 ,3 
23:28:04	[LOG_INFO]	5 ,5 ,8 ,2 ,6 ,4 
23:28:04	[LOG_INFO]	3 ,7 ,0 ,10 ,3 ,7 
23:28:04	[LOG_INFO]	[Data/CharacterAbilityByStat.csv is loaded...]
23:28:04	[LOG_INFO]	[Data/CharacterCreateSpeedStat.csv is loading...]
23:28:04	[LOG_INFO]	float_t,float_t,float_t
23:28:04	[LOG_INFO]	10.0 ,5.0 ,11.6 
23:28:04	[LOG_INFO]	12.0 ,3.0 ,11.8 
23:28:04	[LOG_INFO]	5.0 ,10.0 ,11.4 
23:28:04	[LOG_INFO]	13.0 ,2.0 ,12.0 
23:28:04	[LOG_INFO]	[Data/CharacterCreateSpeedStat.csv is loaded...]
23:28:04	[LOG_INFO]	[Data/CharacterSkill.csv is loading...]
23:28:04	[LOG_INFO]	int32_t,uint8_t,uint8_t,uint8_t,int64_t,uint8_t,int32_t,uint8_t,uint8_t,uint8_t,uint8_t,int32_t,int32_t,int32_t
23:28:04	[LOG_INFO]	0,1 ,1 ,0 ,766 ,2 ,1 ,6 ,4 ,0 ,4 ,1100 ,0 ,0 
23:28:04	[LOG_INFO]	1,2 ,1 ,1 ,1166 ,2 ,1 ,6 ,4 ,0 ,1 ,1600 ,0 ,0 
23:28:04	[LOG_INFO]	2,2 ,1 ,2 ,666 ,3 ,1 ,7 ,5 ,0 ,1 ,1200 ,0 ,0 
23:28:04	[LOG_INFO]	3,1 ,1 ,3 ,333 ,2 ,1 ,6 ,4 ,0 ,3 ,700 ,0 ,0 
23:28:04	[LOG_INFO]	[Data/CharacterSkill.csv is loaded...]
23:28:04	[LOG_INFO]	[Data/CharacterLevel.csv is loading...]
23:28:04	[LOG_INFO]	int64_t,int32_t
23:28:04	[LOG_INFO]	100 ,0 
23:28:04	[LOG_INFO]	150 ,1 
23:28:04	[LOG_INFO]	500 ,1 
23:28:04	[LOG_INFO]	900 ,1 
23:28:04	[LOG_INFO]	1500 ,1 
23:28:04	[LOG_INFO]	2000 ,1 
23:28:04	[LOG_INFO]	3000 ,1 
23:28:04	[LOG_INFO]	5000 ,1 
23:28:04	[LOG_INFO]	8000 ,1 
23:28:04	[LOG_INFO]	10000 ,3 
23:28:04	[LOG_INFO]	14000 ,1 
23:28:04	[LOG_INFO]	18000 ,1 
23:28:04	[LOG_INFO]	20000 ,1 
23:28:04	[LOG_INFO]	23000 ,1 
23:28:04	[LOG_INFO]	25000 ,2 
23:28:04	[LOG_INFO]	40000 ,1 
23:28:04	[LOG_INFO]	45000 ,1 
23:28:04	[LOG_INFO]	48000 ,1 
23:28:04	[LOG_INFO]	50000 ,1 
23:28:04	[LOG_INFO]	60000 ,3 
23:28:04	[LOG_INFO]	80000 ,1 
23:28:04	[LOG_INFO]	82000 ,1 
23:28:04	[LOG_INFO]	85000 ,1 
23:28:04	[LOG_INFO]	90000 ,1 
23:28:04	[LOG_INFO]	120000 ,2 
23:28:04	[LOG_INFO]	140000 ,1 
23:28:04	[LOG_INFO]	180000 ,1 
23:28:04	[LOG_INFO]	200000 ,1 
23:28:04	[LOG_INFO]	250000 ,1 
23:28:04	[LOG_INFO]	290000 ,3 
23:28:04	[LOG_INFO]	330000 ,1 
23:28:04	[LOG_INFO]	400000 ,1 
23:28:04	[LOG_INFO]	430000 ,1 
23:28:04	[LOG_INFO]	480000 ,1 
23:28:04	[LOG_INFO]	520000 ,2 
23:28:04	[LOG_INFO]	550000 ,1 
23:28:04	[LOG_INFO]	580000 ,1 
23:28:04	[LOG_INFO]	630000 ,1 
23:28:04	[LOG_INFO]	650000 ,1 
23:28:04	[LOG_INFO]	680000 ,3 
23:28:04	[LOG_INFO]	720000 ,1 
23:28:04	[LOG_INFO]	770000 ,1 
23:28:04	[LOG_INFO]	850000 ,1 
23:28:04	[LOG_INFO]	900000 ,1 
23:28:04	[LOG_INFO]	1000000 ,2 
23:28:04	[LOG_INFO]	1300000 ,1 
23:28:04	[LOG_INFO]	1500000 ,1 
23:28:04	[LOG_INFO]	2000000 ,1 
23:28:04	[LOG_INFO]	3000000 ,1 
23:28:04	[LOG_INFO]	0 ,5 
23:28:04	[LOG_INFO]	[Data/CharacterLevel.csv is loaded...]
23:28:04	[LOG_INFO]	[Data/Map_000.csv is loading...]
23:28:04	[LOG_INFO]	MinX: -22 minY: -10 maxX: 51 maxY: -1
23:28:04	[LOG_INFO]	[Data/Map_000.csv is loaded...]
23:28:04	[LOG_DEBUG]	Server is Running...
23:28:04	[LOG_DEBUG]	[Thread Num]: 41
23:28:04	[LOG_DEBUG]	[Port]: 9000
23:28:14	[LOG_CONNECT]	oid(0)	[ip]: 127.0.0.1
23:28:14	[LOG_CONNECT]	AccountDB is Connected
23:28:14	[LOG_CONNECT]	GameDB is Connected
23:32:03	[LOG_DISCONNECT]	oid(0)	
23:32:03	[LOG_CONNECT]	GameDB is Connected
23:32:17	[LOG_CONNECT]	oid(1)	[ip]: 127.0.0.1
23:34:18	[LOG_DISCONNECT]	oid(1)	
23:34:18	[LOG_CONNECT]	GameDB is Connected
23:35:41	[LOG_CONNECT]	oid(2)	[ip]: 127.0.0.1
23:35:41	[LOG_CONNECT]	GameDB is Connected
23:35:41	[LOG_CONNECT]	AccountDB is Connected
23:37:39	[LOG_DISCONNECT]	oid(2)	
23:38:02	[LOG_CONNECT]	oid(3)	[ip]: 127.0.0.1
23:38:02	[LOG_CONNECT]	GameDB is Connected
23:38:02	[LOG_CONNECT]	AccountDB is Connected
23:38:36	[LOG_DISCONNECT]	oid(3)	
23:39:49	[LOG_INFO]	[DBConfig.csv is loading...]
23:39:49	[LOG_INFO]	string,string
23:39:49	[LOG_INFO]	World,112.145.214.226
23:39:49	[LOG_INFO]	Account,112.145.214.226
23:39:49	[LOG_INFO]	Game,112.145.214.226
23:39:49	[LOG_INFO]	[DBConfig.csv is loaded...]
23:39:49	[LOG_INFO]	[ServerConfig.csv is loading...]
23:39:49	[LOG_INFO]	string,int32_t,int32_t
23:39:49	[LOG_INFO]	Game,1,3000
23:39:49	[LOG_INFO]	[ServerConfig.csv is loaded...]
23:39:49	[LOG_CONNECT]	WorldDB is Connected
23:39:49	[LOG_DEBUG]	[Server Type]: Game
23:39:49	[LOG_DEBUG]	[GroupID]: 0
23:39:49	[LOG_DEBUG]	[WorldID]: 1
23:39:49	[LOG_DEBUG]	[ServerID]: 3000
23:39:49	[LOG_INFO]	[Data/CharacterAbilityByStat.csv is loading...]
23:39:49	[LOG_INFO]	uint8_t,uint8_t,uint8_t,uint8_t,uint8_t,uint8_t
23:39:49	[LOG_INFO]	8 ,2 ,10 ,0 ,7 ,3 
23:39:49	[LOG_INFO]	5 ,5 ,8 ,2 ,6 ,4 
23:39:49	[LOG_INFO]	3 ,7 ,0 ,10 ,3 ,7 
23:39:49	[LOG_INFO]	[Data/CharacterAbilityByStat.csv is loaded...]
23:39:49	[LOG_INFO]	[Data/CharacterCreateSpeedStat.csv is loading...]
23:39:49	[LOG_INFO]	float_t,float_t,float_t
23:39:49	[LOG_INFO]	10.0 ,5.0 ,11.6 
23:39:49	[LOG_INFO]	12.0 ,3.0 ,11.8 
23:39:49	[LOG_INFO]	5.0 ,10.0 ,11.4 
23:39:49	[LOG_INFO]	13.0 ,2.0 ,12.0 
23:39:49	[LOG_INFO]	[Data/CharacterCreateSpeedStat.csv is loaded...]
23:39:49	[LOG_INFO]	[Data/CharacterSkill.csv is loading...]
23:39:49	[LOG_INFO]	int32_t,uint8_t,uint8_t,uint8_t,int64_t,uint8_t,int32_t,uint8_t,uint8_t,uint8_t,uint8_t,int32_t,int32_t,int32_t
23:39:49	[LOG_INFO]	0,1 ,1 ,0 ,766 ,2 ,1 ,6 ,4 ,0 ,4 ,1100 ,0 ,0 
23:39:49	[LOG_INFO]	1,2 ,1 ,1 ,1166 ,2 ,1 ,6 ,4 ,0 ,1 ,1600 ,0 ,0 
23:39:49	[LOG_INFO]	2,2 ,1 ,2 ,666 ,3 ,1 ,7 ,5 ,0 ,1 ,1200 ,0 ,0 
23:39:49	[LOG_INFO]	3,1 ,1 ,3 ,333 ,2 ,1 ,6 ,4 ,0 ,3 ,700 ,0 ,0 
23:39:49	[LOG_INFO]	[Data/CharacterSkill.csv is loaded...]
23:39:49	[LOG_INFO]	[Data/CharacterLevel.csv is loading...]
23:39:49	[LOG_INFO]	int64_t,int32_t
23:39:49	[LOG_INFO]	100 ,0 
23:39:49	[LOG_INFO]	150 ,1 
23:39:49	[LOG_INFO]	500 ,1 
23:39:49	[LOG_INFO]	900 ,1 
23:39:49	[LOG_INFO]	1500 ,1 
23:39:49	[LOG_INFO]	2000 ,1 
23:39:49	[LOG_INFO]	3000 ,1 
23:39:49	[LOG_INFO]	5000 ,1 
23:39:49	[LOG_INFO]	8000 ,1 
23:39:49	[LOG_INFO]	10000 ,3 
23:39:49	[LOG_INFO]	14000 ,1 
23:39:49	[LOG_INFO]	18000 ,1 
23:39:49	[LOG_INFO]	20000 ,1 
23:39:49	[LOG_INFO]	23000 ,1 
23:39:49	[LOG_INFO]	25000 ,2 
23:39:49	[LOG_INFO]	40000 ,1 
23:39:49	[LOG_INFO]	45000 ,1 
23:39:49	[LOG_INFO]	48000 ,1 
23:39:49	[LOG_INFO]	50000 ,1 
23:39:49	[LOG_INFO]	60000 ,3 
23:39:49	[LOG_INFO]	80000 ,1 
23:39:49	[LOG_INFO]	82000 ,1 
23:39:49	[LOG_INFO]	85000 ,1 
23:39:49	[LOG_INFO]	90000 ,1 
23:39:49	[LOG_INFO]	120000 ,2 
23:39:49	[LOG_INFO]	140000 ,1 
23:39:49	[LOG_INFO]	180000 ,1 
23:39:49	[LOG_INFO]	200000 ,1 
23:39:49	[LOG_INFO]	250000 ,1 
23:39:49	[LOG_INFO]	290000 ,3 
23:39:49	[LOG_INFO]	330000 ,1 
23:39:49	[LOG_INFO]	400000 ,1 
23:39:49	[LOG_INFO]	430000 ,1 
23:39:49	[LOG_INFO]	480000 ,1 
23:39:49	[LOG_INFO]	520000 ,2 
23:39:49	[LOG_INFO]	550000 ,1 
23:39:49	[LOG_INFO]	580000 ,1 
23:39:49	[LOG_INFO]	630000 ,1 
23:39:49	[LOG_INFO]	650000 ,1 
23:39:49	[LOG_INFO]	680000 ,3 
23:39:49	[LOG_INFO]	720000 ,1 
23:39:49	[LOG_INFO]	770000 ,1 
23:39:49	[LOG_INFO]	850000 ,1 
23:39:49	[LOG_INFO]	900000 ,1 
23:39:49	[LOG_INFO]	1000000 ,2 
23:39:49	[LOG_INFO]	1300000 ,1 
23:39:49	[LOG_INFO]	1500000 ,1 
23:39:49	[LOG_INFO]	2000000 ,1 
23:39:49	[LOG_INFO]	3000000 ,1 
23:39:49	[LOG_INFO]	0 ,5 
23:39:49	[LOG_INFO]	[Data/CharacterLevel.csv is loaded...]
23:39:49	[LOG_INFO]	[Data/Map_000.csv is loading...]
23:39:49	[LOG_INFO]	MinX: -22 minY: -10 maxX: 51 maxY: -1
23:39:49	[LOG_INFO]	[Data/Map_000.csv is loaded...]
23:39:49	[LOG_DEBUG]	Server is Running...
23:39:49	[LOG_DEBUG]	[Thread Num]: 41
23:39:49	[LOG_DEBUG]	[Port]: 9000
23:39:59	[LOG_CONNECT]	oid(0)	[ip]: 127.0.0.1
23:39:59	[LOG_CONNECT]	AccountDB is Connected
23:39:59	[LOG_CONNECT]	GameDB is Connected
23:40:19	[LOG_DISCONNECT]	oid(0)	
23:40:19	[LOG_CONNECT]	GameDB is Connected
23:41:42	[LOG_CONNECT]	oid(1)	[ip]: 127.0.0.1
23:41:42	[LOG_CONNECT]	GameDB is Connected
23:41:42	[LOG_CONNECT]	AccountDB is Connected
23:41:49	[LOG_CONNECT]	oid(2)	[ip]: 127.0.0.1
23:41:49	[LOG_DISCONNECT]	oid(2)	
23:41:51	[LOG_CONNECT]	oid(3)	[ip]: 127.0.0.1
23:41:51	[LOG_DISCONNECT]	oid(3)	
23:42:04	[LOG_CONNECT]	oid(4)	[ip]: 127.0.0.1
23:42:14	[LOG_INFO]	[DBConfig.csv is loading...]
23:42:14	[LOG_INFO]	string,string
23:42:14	[LOG_INFO]	World,112.145.214.226
23:42:14	[LOG_INFO]	Account,112.145.214.226
23:42:14	[LOG_INFO]	Game,112.145.214.226
23:42:14	[LOG_INFO]	[DBConfig.csv is loaded...]
23:42:14	[LOG_INFO]	[ServerConfig.csv is loading...]
23:42:14	[LOG_INFO]	string,int32_t,int32_t
23:42:14	[LOG_INFO]	Game,1,3000
23:42:14	[LOG_INFO]	[ServerConfig.csv is loaded...]
23:42:14	[LOG_CONNECT]	WorldDB is Connected
23:42:14	[LOG_DEBUG]	[Server Type]: Game
23:42:14	[LOG_DEBUG]	[GroupID]: 0
23:42:14	[LOG_DEBUG]	[WorldID]: 1
23:42:14	[LOG_DEBUG]	[ServerID]: 3000
23:42:14	[LOG_INFO]	[Data/CharacterAbilityByStat.csv is loading...]
23:42:14	[LOG_INFO]	uint8_t,uint8_t,uint8_t,uint8_t,uint8_t,uint8_t
23:42:14	[LOG_INFO]	8 ,2 ,10 ,0 ,7 ,3 
23:42:14	[LOG_INFO]	5 ,5 ,8 ,2 ,6 ,4 
23:42:14	[LOG_INFO]	3 ,7 ,0 ,10 ,3 ,7 
23:42:14	[LOG_INFO]	[Data/CharacterAbilityByStat.csv is loaded...]
23:42:14	[LOG_INFO]	[Data/CharacterCreateSpeedStat.csv is loading...]
23:42:14	[LOG_INFO]	float_t,float_t,float_t
23:42:14	[LOG_INFO]	10.0 ,5.0 ,11.6 
23:42:14	[LOG_INFO]	12.0 ,3.0 ,11.8 
23:42:14	[LOG_INFO]	5.0 ,10.0 ,11.4 
23:42:14	[LOG_INFO]	13.0 ,2.0 ,12.0 
23:42:14	[LOG_INFO]	[Data/CharacterCreateSpeedStat.csv is loaded...]
23:42:14	[LOG_INFO]	[Data/CharacterSkill.csv is loading...]
23:42:14	[LOG_INFO]	int32_t,uint8_t,uint8_t,uint8_t,int64_t,uint8_t,int32_t,uint8_t,uint8_t,uint8_t,uint8_t,int32_t,int32_t,int32_t
23:42:14	[LOG_INFO]	0,1 ,1 ,0 ,766 ,2 ,1 ,6 ,4 ,0 ,4 ,1100 ,0 ,0 
23:42:14	[LOG_INFO]	1,2 ,1 ,1 ,1166 ,2 ,1 ,6 ,4 ,0 ,1 ,1600 ,0 ,0 
23:42:14	[LOG_INFO]	2,2 ,1 ,2 ,666 ,3 ,1 ,7 ,5 ,0 ,1 ,1200 ,0 ,0 
23:42:14	[LOG_INFO]	3,1 ,1 ,3 ,333 ,2 ,1 ,6 ,4 ,0 ,3 ,700 ,0 ,0 
23:42:14	[LOG_INFO]	[Data/CharacterSkill.csv is loaded...]
23:42:14	[LOG_INFO]	[Data/CharacterLevel.csv is loading...]
23:42:14	[LOG_INFO]	int64_t,int32_t
23:42:14	[LOG_INFO]	100 ,0 
23:42:14	[LOG_INFO]	150 ,1 
23:42:14	[LOG_INFO]	500 ,1 
23:42:14	[LOG_INFO]	900 ,1 
23:42:14	[LOG_INFO]	1500 ,1 
23:42:14	[LOG_INFO]	2000 ,1 
23:42:14	[LOG_INFO]	3000 ,1 
23:42:14	[LOG_INFO]	5000 ,1 
23:42:14	[LOG_INFO]	8000 ,1 
23:42:14	[LOG_INFO]	10000 ,3 
23:42:14	[LOG_INFO]	14000 ,1 
23:42:14	[LOG_INFO]	18000 ,1 
23:42:14	[LOG_INFO]	20000 ,1 
23:42:14	[LOG_INFO]	23000 ,1 
23:42:14	[LOG_INFO]	25000 ,2 
23:42:14	[LOG_INFO]	40000 ,1 
23:42:14	[LOG_INFO]	45000 ,1 
23:42:14	[LOG_INFO]	48000 ,1 
23:42:14	[LOG_INFO]	50000 ,1 
23:42:14	[LOG_INFO]	60000 ,3 
23:42:14	[LOG_INFO]	80000 ,1 
23:42:14	[LOG_INFO]	82000 ,1 
23:42:14	[LOG_INFO]	85000 ,1 
23:42:14	[LOG_INFO]	90000 ,1 
23:42:14	[LOG_INFO]	120000 ,2 
23:42:14	[LOG_INFO]	140000 ,1 
23:42:14	[LOG_INFO]	180000 ,1 
23:42:14	[LOG_INFO]	200000 ,1 
23:42:14	[LOG_INFO]	250000 ,1 
23:42:14	[LOG_INFO]	290000 ,3 
23:42:14	[LOG_INFO]	330000 ,1 
23:42:14	[LOG_INFO]	400000 ,1 
23:42:14	[LOG_INFO]	430000 ,1 
23:42:14	[LOG_INFO]	480000 ,1 
23:42:14	[LOG_INFO]	520000 ,2 
23:42:14	[LOG_INFO]	550000 ,1 
23:42:14	[LOG_INFO]	580000 ,1 
23:42:14	[LOG_INFO]	630000 ,1 
23:42:14	[LOG_INFO]	650000 ,1 
23:42:14	[LOG_INFO]	680000 ,3 
23:42:14	[LOG_INFO]	720000 ,1 
23:42:14	[LOG_INFO]	770000 ,1 
23:42:14	[LOG_INFO]	850000 ,1 
23:42:14	[LOG_INFO]	900000 ,1 
23:42:14	[LOG_INFO]	1000000 ,2 
23:42:14	[LOG_INFO]	1300000 ,1 
23:42:14	[LOG_INFO]	1500000 ,1 
23:42:14	[LOG_INFO]	2000000 ,1 
23:42:14	[LOG_INFO]	3000000 ,1 
23:42:14	[LOG_INFO]	0 ,5 
23:42:14	[LOG_INFO]	[Data/CharacterLevel.csv is loaded...]
23:42:14	[LOG_INFO]	[Data/Map_000.csv is loading...]
23:42:14	[LOG_INFO]	MinX: -22 minY: -10 maxX: 51 maxY: -1
23:42:14	[LOG_INFO]	[Data/Map_000.csv is loaded...]
23:42:14	[LOG_DEBUG]	Server is Running...
23:42:14	[LOG_DEBUG]	[Thread Num]: 41
23:42:14	[LOG_DEBUG]	[Port]: 9000
23:42:26	[LOG_CONNECT]	oid(0)	[ip]: 127.0.0.1
23:42:26	[LOG_CONNECT]	AccountDB is Connected
23:42:26	[LOG_CONNECT]	GameDB is Connected
23:43:00	[LOG_CONNECT]	oid(1)	[ip]: 127.0.0.1
23:43:00	[LOG_DISCONNECT]	oid(1)	
23:43:00	[LOG_CONNECT]	GameDB is Connected
23:43:03	[LOG_CONNECT]	oid(2)	[ip]: 127.0.0.1
23:43:03	[LOG_DISCONNECT]	oid(2)	
23:43:03	[LOG_CONNECT]	oid(3)	[ip]: 127.0.0.1
23:43:03	[LOG_CONNECT]	GameDB is Connected
23:43:03	[LOG_CONNECT]	AccountDB is Connected
23:43:03	[LOG_DISCONNECT]	oid(3)	
23:43:05	[LOG_CONNECT]	oid(4)	[ip]: 127.0.0.1
23:43:05	[LOG_DISCONNECT]	oid(4)	
23:43:07	[LOG_CONNECT]	oid(5)	[ip]: 127.0.0.1
23:43:07	[LOG_CONNECT]	AccountDB is Connected
23:43:07	[LOG_DISCONNECT]	oid(5)	
23:43:08	[LOG_CONNECT]	oid(6)	[ip]: 127.0.0.1
23:43:08	[LOG_DISCONNECT]	oid(6)	
23:43:09	[LOG_CONNECT]	oid(7)	[ip]: 127.0.0.1
23:43:09	[LOG_DISCONNECT]	oid(7)	
23:43:09	[LOG_CONNECT]	oid(8)	[ip]: 127.0.0.1
23:43:09	[LOG_DISCONNECT]	oid(8)	
23:43:15	[LOG_CONNECT]	oid(9)	[ip]: 127.0.0.1
23:43:15	[LOG_DISCONNECT]	oid(9)	
23:43:20	[LOG_DISCONNECT]	oid(0)	
23:43:28	[LOG_CONNECT]	oid(10)	[ip]: 127.0.0.1
23:43:30	[LOG_DISCONNECT]	oid(10)	
23:43:38	[LOG_CONNECT]	oid(11)	[ip]: 127.0.0.1
23:43:42	[LOG_DISCONNECT]	oid(11)	
23:43:55	[LOG_CONNECT]	oid(12)	[ip]: 127.0.0.1
23:44:07	[LOG_CONNECT]	oid(13)	[ip]: 127.0.0.1
23:44:11	[LOG_DISCONNECT]	oid(13)	
23:44:18	[LOG_CONNECT]	oid(14)	[ip]: 127.0.0.1
23:44:18	[LOG_DISCONNECT]	oid(14)	
23:44:28	[LOG_CONNECT]	oid(15)	[ip]: 127.0.0.1
23:44:29	[LOG_CONNECT]	oid(16)	[ip]: 127.0.0.1
23:44:30	[LOG_DISCONNECT]	oid(16)	
23:44:30	[LOG_CONNECT]	oid(17)	[ip]: 127.0.0.1
23:44:31	[LOG_DISCONNECT]	oid(15)	
23:45:10	[LOG_DISCONNECT]	oid(17)	
23:45:10	[LOG_CONNECT]	oid(18)	[ip]: 127.0.0.1
23:45:31	[LOG_DISCONNECT]	oid(18)	
23:45:31	[LOG_CONNECT]	oid(19)	[ip]: 127.0.0.1
23:45:52	[LOG_DISCONNECT]	oid(19)	
23:45:52	[LOG_CONNECT]	oid(20)	[ip]: 127.0.0.1
23:46:23	[LOG_DISCONNECT]	oid(20)	
23:46:23	[LOG_CONNECT]	oid(21)	[ip]: 127.0.0.1
23:46:23	[LOG_CONNECT]	GameDB is Connected
23:46:47	[LOG_CONNECT]	AccountDB is Connected
23:47:25	[LOG_DISCONNECT]	oid(21)	
23:47:25	[LOG_CONNECT]	oid(22)	[ip]: 127.0.0.1
23:47:58	[LOG_DISCONNECT]	oid(22)	
23:47:58	[LOG_CONNECT]	oid(23)	[ip]: 127.0.0.1
23:51:13	[LOG_CONNECT]	oid(24)	[ip]: 127.0.0.1
23:51:13	[LOG_CONNECT]	oid(25)	[ip]: 127.0.0.1
23:51:13	[LOG_DISCONNECT]	oid(24)	
23:51:13	[LOG_CONNECT]	oid(26)	[ip]: 127.0.0.1
23:51:13	[LOG_DISCONNECT]	oid(25)	
23:51:13	[LOG_CONNECT]	oid(27)	[ip]: 127.0.0.1
23:51:13	[LOG_DISCONNECT]	oid(26)	
23:51:13	[LOG_CONNECT]	oid(28)	[ip]: 127.0.0.1
23:51:13	[LOG_DISCONNECT]	oid(27)	
23:51:13	[LOG_CONNECT]	oid(29)	[ip]: 127.0.0.1
23:51:13	[LOG_DISCONNECT]	oid(28)	
23:51:13	[LOG_CONNECT]	oid(30)	[ip]: 127.0.0.1
23:51:13	[LOG_DISCONNECT]	oid(29)	
23:51:13	[LOG_CONNECT]	oid(31)	[ip]: 127.0.0.1
23:51:13	[LOG_DISCONNECT]	oid(30)	
23:51:13	[LOG_CONNECT]	oid(32)	[ip]: 127.0.0.1
23:51:13	[LOG_DISCONNECT]	oid(31)	
23:51:13	[LOG_CONNECT]	oid(33)	[ip]: 127.0.0.1
23:51:13	[LOG_DISCONNECT]	oid(32)	
23:51:13	[LOG_CONNECT]	oid(34)	[ip]: 127.0.0.1
23:51:13	[LOG_DISCONNECT]	oid(33)	
23:51:13	[LOG_DISCONNECT]	oid(23)	
23:51:13	[LOG_DISCONNECT]	oid(34)	
23:51:13	[LOG_CONNECT]	GameDB is Connected
23:51:13	[LOG_DISCONNECT]	oid(12)	
23:51:13	[LOG_DISCONNECT]	oid(23)	
23:51:13	[LOG_CONNECT]	GameDB is Connected
23:51:13	[LOG_CONNECT]	GameDB is Connected
23:51:24	[LOG_CONNECT]	oid(35)	[ip]: 127.0.0.1
23:51:25	[LOG_CONNECT]	oid(36)	[ip]: 127.0.0.1
23:51:25	[LOG_DISCONNECT]	oid(35)	
23:51:35	[LOG_CONNECT]	oid(37)	[ip]: 127.0.0.1
23:51:37	[LOG_DISCONNECT]	oid(37)	
23:51:37	[LOG_CONNECT]	oid(38)	[ip]: 127.0.0.1
23:51:42	[LOG_DISCONNECT]	oid(38)	
23:51:42	[LOG_CONNECT]	oid(39)	[ip]: 127.0.0.1
23:53:12	[LOG_DISCONNECT]	oid(39)	
23:53:15	[LOG_CONNECT]	oid(40)	[ip]: 127.0.0.1
23:53:43	[LOG_DISCONNECT]	oid(40)	
23:53:43	[LOG_CONNECT]	oid(41)	[ip]: 127.0.0.1
23:53:45	[LOG_DISCONNECT]	oid(41)	
23:53:45	[LOG_CONNECT]	oid(42)	[ip]: 127.0.0.1
23:54:16	[LOG_DISCONNECT]	oid(42)	
23:54:20	[LOG_DISCONNECT]	oid(36)	
23:57:36	[LOG_INFO]	[DBConfig.csv is loading...]
23:57:36	[LOG_INFO]	string,string
23:57:36	[LOG_INFO]	World,112.145.214.226
23:57:36	[LOG_INFO]	Account,112.145.214.226
23:57:36	[LOG_INFO]	Game,112.145.214.226
23:57:36	[LOG_INFO]	[DBConfig.csv is loaded...]
23:57:36	[LOG_INFO]	[ServerConfig.csv is loading...]
23:57:36	[LOG_INFO]	string,int32_t,int32_t
23:57:36	[LOG_INFO]	Game,1,3000
23:57:36	[LOG_INFO]	[ServerConfig.csv is loaded...]
23:57:36	[LOG_CONNECT]	WorldDB is Connected
23:57:36	[LOG_DEBUG]	[Server Type]: Game
23:57:36	[LOG_DEBUG]	[GroupID]: 0
23:57:36	[LOG_DEBUG]	[WorldID]: 1
23:57:36	[LOG_DEBUG]	[ServerID]: 3000
23:57:36	[LOG_INFO]	[Data/CharacterAbilityByStat.csv is loading...]
23:57:36	[LOG_INFO]	uint8_t,uint8_t,uint8_t,uint8_t,uint8_t,uint8_t
23:57:36	[LOG_INFO]	8 ,2 ,10 ,0 ,7 ,3 
23:57:36	[LOG_INFO]	5 ,5 ,8 ,2 ,6 ,4 
23:57:36	[LOG_INFO]	3 ,7 ,0 ,10 ,3 ,7 
23:57:36	[LOG_INFO]	[Data/CharacterAbilityByStat.csv is loaded...]
23:57:36	[LOG_INFO]	[Data/CharacterCreateSpeedStat.csv is loading...]
23:57:36	[LOG_INFO]	float_t,float_t,float_t
23:57:36	[LOG_INFO]	10.0 ,5.0 ,11.6 
23:57:36	[LOG_INFO]	12.0 ,3.0 ,11.8 
23:57:36	[LOG_INFO]	5.0 ,10.0 ,11.4 
23:57:36	[LOG_INFO]	13.0 ,2.0 ,12.0 
23:57:36	[LOG_INFO]	[Data/CharacterCreateSpeedStat.csv is loaded...]
23:57:36	[LOG_INFO]	[Data/CharacterSkill.csv is loading...]
23:57:36	[LOG_INFO]	int32_t,uint8_t,uint8_t,uint8_t,int64_t,uint8_t,int32_t,uint8_t,uint8_t,uint8_t,uint8_t,int32_t,int32_t,int32_t
23:57:36	[LOG_INFO]	0,1 ,1 ,0 ,766 ,2 ,1 ,6 ,4 ,0 ,4 ,1100 ,0 ,0 
23:57:36	[LOG_INFO]	1,2 ,1 ,1 ,1166 ,2 ,1 ,6 ,4 ,0 ,1 ,1600 ,0 ,0 
23:57:36	[LOG_INFO]	2,2 ,1 ,2 ,666 ,3 ,1 ,7 ,5 ,0 ,1 ,1200 ,0 ,0 
23:57:36	[LOG_INFO]	3,1 ,1 ,3 ,333 ,2 ,1 ,6 ,4 ,0 ,3 ,700 ,0 ,0 
23:57:36	[LOG_INFO]	[Data/CharacterSkill.csv is loaded...]
23:57:36	[LOG_INFO]	[Data/CharacterLevel.csv is loading...]
23:57:36	[LOG_INFO]	int64_t,int32_t
23:57:36	[LOG_INFO]	100 ,0 
23:57:36	[LOG_INFO]	150 ,1 
23:57:36	[LOG_INFO]	500 ,1 
23:57:36	[LOG_INFO]	900 ,1 
23:57:36	[LOG_INFO]	1500 ,1 
23:57:36	[LOG_INFO]	2000 ,1 
23:57:36	[LOG_INFO]	3000 ,1 
23:57:36	[LOG_INFO]	5000 ,1 
23:57:36	[LOG_INFO]	8000 ,1 
23:57:36	[LOG_INFO]	10000 ,3 
23:57:36	[LOG_INFO]	14000 ,1 
23:57:36	[LOG_INFO]	18000 ,1 
23:57:36	[LOG_INFO]	20000 ,1 
23:57:36	[LOG_INFO]	23000 ,1 
23:57:36	[LOG_INFO]	25000 ,2 
23:57:36	[LOG_INFO]	40000 ,1 
23:57:36	[LOG_INFO]	45000 ,1 
23:57:36	[LOG_INFO]	48000 ,1 
23:57:36	[LOG_INFO]	50000 ,1 
23:57:36	[LOG_INFO]	60000 ,3 
23:57:36	[LOG_INFO]	80000 ,1 
23:57:36	[LOG_INFO]	82000 ,1 
23:57:36	[LOG_INFO]	85000 ,1 
23:57:36	[LOG_INFO]	90000 ,1 
23:57:36	[LOG_INFO]	120000 ,2 
23:57:36	[LOG_INFO]	140000 ,1 
23:57:36	[LOG_INFO]	180000 ,1 
23:57:36	[LOG_INFO]	200000 ,1 
23:57:36	[LOG_INFO]	250000 ,1 
23:57:36	[LOG_INFO]	290000 ,3 
23:57:36	[LOG_INFO]	330000 ,1 
23:57:36	[LOG_INFO]	400000 ,1 
23:57:36	[LOG_INFO]	430000 ,1 
23:57:36	[LOG_INFO]	480000 ,1 
23:57:36	[LOG_INFO]	520000 ,2 
23:57:36	[LOG_INFO]	550000 ,1 
23:57:36	[LOG_INFO]	580000 ,1 
23:57:36	[LOG_INFO]	630000 ,1 
23:57:36	[LOG_INFO]	650000 ,1 
23:57:36	[LOG_INFO]	680000 ,3 
23:57:36	[LOG_INFO]	720000 ,1 
23:57:36	[LOG_INFO]	770000 ,1 
23:57:36	[LOG_INFO]	850000 ,1 
23:57:36	[LOG_INFO]	900000 ,1 
23:57:36	[LOG_INFO]	1000000 ,2 
23:57:36	[LOG_INFO]	1300000 ,1 
23:57:36	[LOG_INFO]	1500000 ,1 
23:57:36	[LOG_INFO]	2000000 ,1 
23:57:36	[LOG_INFO]	3000000 ,1 
23:57:36	[LOG_INFO]	0 ,5 
23:57:36	[LOG_INFO]	[Data/CharacterLevel.csv is loaded...]
23:57:36	[LOG_INFO]	[Data/Map_000.csv is loading...]
23:57:36	[LOG_INFO]	MinX: -22 minY: -10 maxX: 51 maxY: -1
23:57:36	[LOG_INFO]	[Data/Map_000.csv is loaded...]
23:57:36	[LOG_DEBUG]	Server is Running...
23:57:36	[LOG_DEBUG]	[Thread Num]: 41
23:57:36	[LOG_DEBUG]	[Port]: 9000
23:57:51	[LOG_CONNECT]	oid(0)	[ip]: 127.0.0.1
23:57:51	[LOG_CONNECT]	AccountDB is Connected
23:57:51	[LOG_CONNECT]	GameDB is Connected
23:58:02	[LOG_CONNECT]	oid(1)	[ip]: 127.0.0.1
23:58:02	[LOG_DISCONNECT]	oid(1)	
23:58:02	[LOG_CONNECT]	GameDB is Connected
23:58:17	[LOG_CONNECT]	oid(2)	[ip]: 127.0.0.1
23:58:17	[LOG_DISCONNECT]	oid(2)	
23:58:32	[LOG_CONNECT]	oid(3)	[ip]: 127.0.0.1
23:58:32	[LOG_DISCONNECT]	oid(3)	
23:59:13	[LOG_CONNECT]	oid(4)	[ip]: 127.0.0.1
23:59:13	[LOG_DISCONNECT]	oid(4)	
23:59:39	[LOG_CONNECT]	oid(5)	[ip]: 127.0.0.1
23:59:45	[LOG_CONNECT]	GameDB is Connected
23:59:48	[LOG_CONNECT]	AccountDB is Connected
