21:08:11	[LOG_INFO]	[DBConfig.csv is loading...]
21:08:11	[LOG_INFO]	string,string
21:08:11	[LOG_INFO]	World,112.145.214.226
21:08:11	[LOG_INFO]	Account,112.145.214.226
21:08:11	[LOG_INFO]	Game,112.145.214.226
21:08:11	[LOG_INFO]	[DBConfig.csv is loaded...]
21:08:11	[LOG_INFO]	[ServerConfig.csv is loading...]
21:08:11	[LOG_INFO]	string,int32_t,int32_t
21:08:11	[LOG_INFO]	Game,1,3000
21:08:11	[LOG_INFO]	[ServerConfig.csv is loaded...]
21:08:11	[LOG_CONNECT]	WorldDB is Connected
21:08:11	[LOG_DEBUG]	[Server Type]: Game
21:08:11	[LOG_DEBUG]	[GroupID]: 0
21:08:11	[LOG_DEBUG]	[WorldID]: 1
21:08:11	[LOG_DEBUG]	[ServerID]: 3000
21:08:11	[LOG_INFO]	[Data/CharacterAbilityByStat.csv is loading...]
21:08:11	[LOG_INFO]	uint8_t,uint8_t,uint8_t,uint8_t,uint8_t,uint8_t
21:08:11	[LOG_INFO]	8 ,2 ,10 ,0 ,7 ,3 
21:08:11	[LOG_INFO]	5 ,5 ,8 ,2 ,6 ,4 
21:08:11	[LOG_INFO]	3 ,7 ,0 ,10 ,3 ,7 
21:08:11	[LOG_INFO]	[Data/CharacterAbilityByStat.csv is loaded...]
21:08:11	[LOG_INFO]	[Data/CharacterCreateSpeedStat.csv is loading...]
21:08:11	[LOG_INFO]	float_t,float_t,float_t
21:08:11	[LOG_INFO]	10.0 ,5.0 ,10.0 
21:08:11	[LOG_INFO]	12.0 ,3.0 ,12.0 
21:08:11	[LOG_INFO]	5.0 ,10.0 ,8.0 
21:08:11	[LOG_INFO]	13.0 ,2.0 ,15.0 
21:08:11	[LOG_INFO]	[Data/CharacterCreateSpeedStat.csv is loaded...]
21:08:11	[LOG_INFO]	[Data/Map_000.csv is loading...]
21:08:11	[LOG_INFO]	MinX: -22 minY: -10 maxX: 21 maxY: -1
21:08:11	[LOG_INFO]	[Data/Map_000.csv is loaded...]
21:08:11	[LOG_DEBUG]	Server is Running...
21:08:11	[LOG_DEBUG]	[Thread Num]: 41
21:08:11	[LOG_DEBUG]	[Port]: 9000
21:08:32	[LOG_CONNECT]	oid(0)	[ip]: 127.0.0.1
21:08:32	[LOG_CONNECT]	AccountDB is Connected
21:08:32	[LOG_CONNECT]	GameDB is Connected
21:08:41	[LOG_DISCONNECT]	oid(0)	
21:09:59	[LOG_CONNECT]	oid(1)	[ip]: 127.0.0.1
21:09:59	[LOG_CONNECT]	GameDB is Connected
21:09:59	[LOG_CONNECT]	AccountDB is Connected
21:10:20	[LOG_CONNECT]	oid(2)	[ip]: 127.0.0.1
21:10:45	[LOG_DISCONNECT]	oid(2)	
21:10:47	[LOG_DISCONNECT]	oid(1)	
21:15:58	[LOG_CONNECT]	oid(3)	[ip]: 127.0.0.1
21:15:58	[LOG_CONNECT]	GameDB is Connected
21:15:58	[LOG_CONNECT]	AccountDB is Connected
21:16:04	[LOG_CONNECT]	oid(4)	[ip]: 127.0.0.1
21:18:04	[LOG_DISCONNECT]	oid(4)	
21:18:44	[LOG_CONNECT]	oid(5)	[ip]: 127.0.0.1
21:25:17	[LOG_INFO]	[DBConfig.csv is loading...]
21:25:17	[LOG_INFO]	string,string
21:25:17	[LOG_INFO]	World,112.145.214.226
21:25:17	[LOG_INFO]	Account,112.145.214.226
21:25:17	[LOG_INFO]	Game,112.145.214.226
21:25:17	[LOG_INFO]	[DBConfig.csv is loaded...]
21:25:17	[LOG_INFO]	[ServerConfig.csv is loading...]
21:25:17	[LOG_INFO]	string,int32_t,int32_t
21:25:17	[LOG_INFO]	Game,1,3000
21:25:17	[LOG_INFO]	[ServerConfig.csv is loaded...]
21:25:17	[LOG_CONNECT]	WorldDB is Connected
21:25:17	[LOG_DEBUG]	[Server Type]: Game
21:25:17	[LOG_DEBUG]	[GroupID]: 0
21:25:17	[LOG_DEBUG]	[WorldID]: 1
21:25:17	[LOG_DEBUG]	[ServerID]: 3000
21:25:17	[LOG_INFO]	[Data/CharacterAbilityByStat.csv is loading...]
21:25:17	[LOG_INFO]	uint8_t,uint8_t,uint8_t,uint8_t,uint8_t,uint8_t
21:25:17	[LOG_INFO]	8 ,2 ,10 ,0 ,7 ,3 
21:25:17	[LOG_INFO]	5 ,5 ,8 ,2 ,6 ,4 
21:25:17	[LOG_INFO]	3 ,7 ,0 ,10 ,3 ,7 
21:25:17	[LOG_INFO]	[Data/CharacterAbilityByStat.csv is loaded...]
21:25:17	[LOG_INFO]	[Data/CharacterCreateSpeedStat.csv is loading...]
21:25:17	[LOG_INFO]	float_t,float_t,float_t
21:25:17	[LOG_INFO]	10.0 ,5.0 ,10.0 
21:25:17	[LOG_INFO]	12.0 ,3.0 ,12.0 
21:25:17	[LOG_INFO]	5.0 ,10.0 ,8.0 
21:25:17	[LOG_INFO]	13.0 ,2.0 ,15.0 
21:25:17	[LOG_INFO]	[Data/CharacterCreateSpeedStat.csv is loaded...]
21:25:17	[LOG_INFO]	[Data/Map_000.csv is loading...]
21:25:17	[LOG_INFO]	MinX: -22 minY: -10 maxX: 21 maxY: -1
21:25:17	[LOG_INFO]	[Data/Map_000.csv is loaded...]
21:25:17	[LOG_DEBUG]	Server is Running...
21:25:17	[LOG_DEBUG]	[Thread Num]: 41
21:25:17	[LOG_DEBUG]	[Port]: 9000
21:33:53	[LOG_INFO]	[DBConfig.csv is loading...]
21:33:53	[LOG_INFO]	string,string
21:33:53	[LOG_INFO]	World,112.145.214.226
21:33:53	[LOG_INFO]	Account,112.145.214.226
21:33:53	[LOG_INFO]	Game,112.145.214.226
21:33:53	[LOG_INFO]	[DBConfig.csv is loaded...]
21:33:53	[LOG_INFO]	[ServerConfig.csv is loading...]
21:33:53	[LOG_INFO]	string,int32_t,int32_t
21:33:53	[LOG_INFO]	Game,1,3000
21:33:53	[LOG_INFO]	[ServerConfig.csv is loaded...]
21:33:53	[LOG_CONNECT]	WorldDB is Connected
21:33:53	[LOG_DEBUG]	[Server Type]: Game
21:33:53	[LOG_DEBUG]	[GroupID]: 0
21:33:53	[LOG_DEBUG]	[WorldID]: 1
21:33:53	[LOG_DEBUG]	[ServerID]: 3000
21:33:53	[LOG_INFO]	[Data/CharacterAbilityByStat.csv is loading...]
21:33:53	[LOG_INFO]	uint8_t,uint8_t,uint8_t,uint8_t,uint8_t,uint8_t
21:33:53	[LOG_INFO]	8 ,2 ,10 ,0 ,7 ,3 
21:33:53	[LOG_INFO]	5 ,5 ,8 ,2 ,6 ,4 
21:33:53	[LOG_INFO]	3 ,7 ,0 ,10 ,3 ,7 
21:33:53	[LOG_INFO]	[Data/CharacterAbilityByStat.csv is loaded...]
21:33:53	[LOG_INFO]	[Data/CharacterCreateSpeedStat.csv is loading...]
21:33:53	[LOG_INFO]	float_t,float_t,float_t
21:33:53	[LOG_INFO]	10.0 ,5.0 ,10.0 
21:33:53	[LOG_INFO]	12.0 ,3.0 ,12.0 
21:33:53	[LOG_INFO]	5.0 ,10.0 ,8.0 
21:33:53	[LOG_INFO]	13.0 ,2.0 ,15.0 
21:33:53	[LOG_INFO]	[Data/CharacterCreateSpeedStat.csv is loaded...]
21:33:53	[LOG_INFO]	[Data/Map_000.csv is loading...]
21:33:53	[LOG_INFO]	MinX: -22 minY: -10 maxX: 21 maxY: -1
21:33:53	[LOG_INFO]	[Data/Map_000.csv is loaded...]
21:33:53	[LOG_DEBUG]	Server is Running...
21:33:53	[LOG_DEBUG]	[Thread Num]: 41
21:33:53	[LOG_DEBUG]	[Port]: 9000
21:34:14	[LOG_INFO]	[DBConfig.csv is loading...]
21:34:14	[LOG_INFO]	string,string
21:34:14	[LOG_INFO]	World,112.145.214.226
21:34:14	[LOG_INFO]	Account,112.145.214.226
21:34:14	[LOG_INFO]	Game,112.145.214.226
21:34:14	[LOG_INFO]	[DBConfig.csv is loaded...]
21:34:14	[LOG_INFO]	[ServerConfig.csv is loading...]
21:34:14	[LOG_INFO]	string,int32_t,int32_t
21:34:14	[LOG_INFO]	Game,1,3000
21:34:14	[LOG_INFO]	[ServerConfig.csv is loaded...]
21:34:14	[LOG_CONNECT]	WorldDB is Connected
21:34:14	[LOG_DEBUG]	[Server Type]: Game
21:34:14	[LOG_DEBUG]	[GroupID]: 0
21:34:14	[LOG_DEBUG]	[WorldID]: 1
21:34:14	[LOG_DEBUG]	[ServerID]: 3000
21:34:14	[LOG_INFO]	[Data/CharacterAbilityByStat.csv is loading...]
21:34:14	[LOG_INFO]	uint8_t,uint8_t,uint8_t,uint8_t,uint8_t,uint8_t
21:34:14	[LOG_INFO]	8 ,2 ,10 ,0 ,7 ,3 
21:34:14	[LOG_INFO]	5 ,5 ,8 ,2 ,6 ,4 
21:34:14	[LOG_INFO]	3 ,7 ,0 ,10 ,3 ,7 
21:34:14	[LOG_INFO]	[Data/CharacterAbilityByStat.csv is loaded...]
21:34:14	[LOG_INFO]	[Data/CharacterCreateSpeedStat.csv is loading...]
21:34:14	[LOG_INFO]	float_t,float_t,float_t
21:34:14	[LOG_INFO]	10.0 ,5.0 ,10.0 
21:34:14	[LOG_INFO]	12.0 ,3.0 ,12.0 
21:34:14	[LOG_INFO]	5.0 ,10.0 ,8.0 
21:34:14	[LOG_INFO]	13.0 ,2.0 ,15.0 
21:34:14	[LOG_INFO]	[Data/CharacterCreateSpeedStat.csv is loaded...]
21:34:14	[LOG_INFO]	[Data/Map_000.csv is loading...]
21:34:14	[LOG_INFO]	MinX: -22 minY: -10 maxX: 21 maxY: -1
21:34:14	[LOG_INFO]	[Data/Map_000.csv is loaded...]
21:34:14	[LOG_DEBUG]	Server is Running...
21:34:14	[LOG_DEBUG]	[Thread Num]: 41
21:34:14	[LOG_DEBUG]	[Port]: 9000
21:34:43	[LOG_CONNECT]	oid(0)	[ip]: 127.0.0.1
21:34:43	[LOG_CONNECT]	AccountDB is Connected
21:34:43	[LOG_CONNECT]	GameDB is Connected
21:34:48	[LOG_CONNECT]	oid(1)	[ip]: 127.0.0.1
21:35:50	[LOG_INFO]	[DBConfig.csv is loading...]
21:35:50	[LOG_INFO]	string,string
21:35:50	[LOG_INFO]	World,112.145.214.226
21:35:50	[LOG_INFO]	Account,112.145.214.226
21:35:50	[LOG_INFO]	Game,112.145.214.226
21:35:50	[LOG_INFO]	[DBConfig.csv is loaded...]
21:35:50	[LOG_INFO]	[ServerConfig.csv is loading...]
21:35:50	[LOG_INFO]	string,int32_t,int32_t
21:35:50	[LOG_INFO]	Game,1,3000
21:35:50	[LOG_INFO]	[ServerConfig.csv is loaded...]
21:35:50	[LOG_CONNECT]	WorldDB is Connected
21:35:50	[LOG_DEBUG]	[Server Type]: Game
21:35:50	[LOG_DEBUG]	[GroupID]: 0
21:35:50	[LOG_DEBUG]	[WorldID]: 1
21:35:50	[LOG_DEBUG]	[ServerID]: 3000
21:35:50	[LOG_INFO]	[Data/CharacterAbilityByStat.csv is loading...]
21:35:50	[LOG_INFO]	uint8_t,uint8_t,uint8_t,uint8_t,uint8_t,uint8_t
21:35:50	[LOG_INFO]	8 ,2 ,10 ,0 ,7 ,3 
21:35:50	[LOG_INFO]	5 ,5 ,8 ,2 ,6 ,4 
21:35:50	[LOG_INFO]	3 ,7 ,0 ,10 ,3 ,7 
21:35:50	[LOG_INFO]	[Data/CharacterAbilityByStat.csv is loaded...]
21:35:50	[LOG_INFO]	[Data/CharacterCreateSpeedStat.csv is loading...]
21:35:50	[LOG_INFO]	float_t,float_t,float_t
21:35:50	[LOG_INFO]	10.0 ,5.0 ,10.0 
21:35:50	[LOG_INFO]	12.0 ,3.0 ,12.0 
21:35:50	[LOG_INFO]	5.0 ,10.0 ,8.0 
21:35:50	[LOG_INFO]	13.0 ,2.0 ,15.0 
21:35:50	[LOG_INFO]	[Data/CharacterCreateSpeedStat.csv is loaded...]
21:35:50	[LOG_INFO]	[Data/Map_000.csv is loading...]
21:35:50	[LOG_INFO]	MinX: -22 minY: -10 maxX: 21 maxY: -1
21:35:50	[LOG_INFO]	[Data/Map_000.csv is loaded...]
21:35:50	[LOG_DEBUG]	Server is Running...
21:35:50	[LOG_DEBUG]	[Thread Num]: 41
21:35:50	[LOG_DEBUG]	[Port]: 9000
21:36:00	[LOG_CONNECT]	oid(0)	[ip]: 127.0.0.1
21:36:00	[LOG_CONNECT]	AccountDB is Connected
21:36:00	[LOG_CONNECT]	GameDB is Connected
21:37:30	[LOG_DISCONNECT]	oid(0)	
21:37:44	[LOG_CONNECT]	oid(1)	[ip]: 127.0.0.1
21:37:44	[LOG_CONNECT]	GameDB is Connected
21:37:47	[LOG_CONNECT]	oid(2)	[ip]: 127.0.0.1
21:37:47	[LOG_DISCONNECT]	oid(2)	
21:37:57	[LOG_CONNECT]	oid(3)	[ip]: 127.0.0.1
21:37:58	[LOG_CONNECT]	oid(4)	[ip]: 127.0.0.1
21:37:58	[LOG_CONNECT]	AccountDB is Connected
21:37:58	[LOG_CONNECT]	GameDB is Connected
21:37:59	[LOG_CONNECT]	oid(5)	[ip]: 127.0.0.1
21:37:59	[LOG_DISCONNECT]	oid(5)	
21:38:00	[LOG_DISCONNECT]	oid(3)	
21:38:15	[LOG_INFO]	[DBConfig.csv is loading...]
21:38:15	[LOG_INFO]	string,string
21:38:15	[LOG_INFO]	World,112.145.214.226
21:38:15	[LOG_INFO]	Account,112.145.214.226
21:38:15	[LOG_INFO]	Game,112.145.214.226
21:38:15	[LOG_INFO]	[DBConfig.csv is loaded...]
21:38:15	[LOG_INFO]	[ServerConfig.csv is loading...]
21:38:15	[LOG_INFO]	string,int32_t,int32_t
21:38:15	[LOG_INFO]	Game,1,3000
21:38:15	[LOG_INFO]	[ServerConfig.csv is loaded...]
21:38:15	[LOG_CONNECT]	WorldDB is Connected
21:38:15	[LOG_DEBUG]	[Server Type]: Game
21:38:15	[LOG_DEBUG]	[GroupID]: 0
21:38:15	[LOG_DEBUG]	[WorldID]: 1
21:38:15	[LOG_DEBUG]	[ServerID]: 3000
21:38:15	[LOG_INFO]	[Data/CharacterAbilityByStat.csv is loading...]
21:38:15	[LOG_INFO]	uint8_t,uint8_t,uint8_t,uint8_t,uint8_t,uint8_t
21:38:15	[LOG_INFO]	8 ,2 ,10 ,0 ,7 ,3 
21:38:15	[LOG_INFO]	5 ,5 ,8 ,2 ,6 ,4 
21:38:15	[LOG_INFO]	3 ,7 ,0 ,10 ,3 ,7 
21:38:15	[LOG_INFO]	[Data/CharacterAbilityByStat.csv is loaded...]
21:38:15	[LOG_INFO]	[Data/CharacterCreateSpeedStat.csv is loading...]
21:38:15	[LOG_INFO]	float_t,float_t,float_t
21:38:15	[LOG_INFO]	10.0 ,5.0 ,10.0 
21:38:15	[LOG_INFO]	12.0 ,3.0 ,12.0 
21:38:15	[LOG_INFO]	5.0 ,10.0 ,8.0 
21:38:15	[LOG_INFO]	13.0 ,2.0 ,15.0 
21:38:15	[LOG_INFO]	[Data/CharacterCreateSpeedStat.csv is loaded...]
21:38:15	[LOG_INFO]	[Data/Map_000.csv is loading...]
21:38:15	[LOG_INFO]	MinX: -22 minY: -10 maxX: 21 maxY: -1
21:38:15	[LOG_INFO]	[Data/Map_000.csv is loaded...]
21:38:15	[LOG_DEBUG]	Server is Running...
21:38:15	[LOG_DEBUG]	[Thread Num]: 41
21:38:15	[LOG_DEBUG]	[Port]: 9000
21:38:24	[LOG_CONNECT]	oid(0)	[ip]: 127.0.0.1
21:38:25	[LOG_CONNECT]	oid(1)	[ip]: 127.0.0.1
21:38:25	[LOG_CONNECT]	AccountDB is Connected
21:38:25	[LOG_CONNECT]	GameDB is Connected
21:38:25	[LOG_DISCONNECT]	oid(0)	
21:39:32	[LOG_DISCONNECT]	oid(1)	
21:39:48	[LOG_CONNECT]	oid(2)	[ip]: 127.0.0.1
21:39:48	[LOG_CONNECT]	GameDB is Connected
21:39:57	[LOG_CONNECT]	AccountDB is Connected
21:41:17	[LOG_INFO]	[DBConfig.csv is loading...]
21:41:17	[LOG_INFO]	string,string
21:41:17	[LOG_INFO]	World,112.145.214.226
21:41:17	[LOG_INFO]	Account,112.145.214.226
21:41:17	[LOG_INFO]	Game,112.145.214.226
21:41:17	[LOG_INFO]	[DBConfig.csv is loaded...]
21:41:17	[LOG_INFO]	[ServerConfig.csv is loading...]
21:41:17	[LOG_INFO]	string,int32_t,int32_t
21:41:17	[LOG_INFO]	Game,1,3000
21:41:17	[LOG_INFO]	[ServerConfig.csv is loaded...]
21:41:17	[LOG_CONNECT]	WorldDB is Connected
21:41:17	[LOG_DEBUG]	[Server Type]: Game
21:41:17	[LOG_DEBUG]	[GroupID]: 0
21:41:17	[LOG_DEBUG]	[WorldID]: 1
21:41:17	[LOG_DEBUG]	[ServerID]: 3000
21:41:17	[LOG_INFO]	[Data/CharacterAbilityByStat.csv is loading...]
21:41:17	[LOG_INFO]	uint8_t,uint8_t,uint8_t,uint8_t,uint8_t,uint8_t
21:41:17	[LOG_INFO]	8 ,2 ,10 ,0 ,7 ,3 
21:41:17	[LOG_INFO]	5 ,5 ,8 ,2 ,6 ,4 
21:41:17	[LOG_INFO]	3 ,7 ,0 ,10 ,3 ,7 
21:41:17	[LOG_INFO]	[Data/CharacterAbilityByStat.csv is loaded...]
21:41:17	[LOG_INFO]	[Data/CharacterCreateSpeedStat.csv is loading...]
21:41:17	[LOG_INFO]	float_t,float_t,float_t
21:41:17	[LOG_INFO]	10.0 ,5.0 ,10.0 
21:41:17	[LOG_INFO]	12.0 ,3.0 ,12.0 
21:41:17	[LOG_INFO]	5.0 ,10.0 ,8.0 
21:41:17	[LOG_INFO]	13.0 ,2.0 ,15.0 
21:41:17	[LOG_INFO]	[Data/CharacterCreateSpeedStat.csv is loaded...]
21:41:17	[LOG_INFO]	[Data/Map_000.csv is loading...]
21:41:17	[LOG_INFO]	MinX: -22 minY: -10 maxX: 21 maxY: -1
21:41:17	[LOG_INFO]	[Data/Map_000.csv is loaded...]
21:41:17	[LOG_DEBUG]	Server is Running...
21:41:17	[LOG_DEBUG]	[Thread Num]: 41
21:41:17	[LOG_DEBUG]	[Port]: 9000
21:41:25	[LOG_CONNECT]	oid(0)	[ip]: 127.0.0.1
21:41:25	[LOG_CONNECT]	AccountDB is Connected
21:41:25	[LOG_CONNECT]	GameDB is Connected
21:41:49	[LOG_CONNECT]	oid(1)	[ip]: 127.0.0.1
21:41:49	[LOG_CONNECT]	AccountDB is Connected
21:41:49	[LOG_CONNECT]	GameDB is Connected
21:42:59	[LOG_DISCONNECT]	oid(0)	
21:43:21	[LOG_CONNECT]	oid(2)	[ip]: 127.0.0.1
21:43:21	[LOG_CONNECT]	GameDB is Connected
21:43:23	[LOG_CONNECT]	oid(3)	[ip]: 127.0.0.1
21:43:23	[LOG_DISCONNECT]	oid(3)	
21:43:33	[LOG_CONNECT]	oid(4)	[ip]: 127.0.0.1
21:43:35	[LOG_CONNECT]	oid(5)	[ip]: 127.0.0.1
21:43:35	[LOG_CONNECT]	AccountDB is Connected
21:43:35	[LOG_CONNECT]	GameDB is Connected
21:43:36	[LOG_CONNECT]	oid(6)	[ip]: 127.0.0.1
21:43:36	[LOG_DISCONNECT]	oid(6)	
21:43:41	[LOG_DISCONNECT]	oid(4)	
21:43:53	[LOG_CONNECT]	oid(7)	[ip]: 127.0.0.1
21:43:55	[LOG_CONNECT]	oid(8)	[ip]: 127.0.0.1
21:43:55	[LOG_DISCONNECT]	oid(8)	
21:43:57	[LOG_DISCONNECT]	oid(7)	
21:44:14	[LOG_CONNECT]	oid(9)	[ip]: 127.0.0.1
21:44:15	[LOG_CONNECT]	oid(10)	[ip]: 127.0.0.1
21:44:15	[LOG_CONNECT]	AccountDB is Connected
21:44:15	[LOG_CONNECT]	GameDB is Connected
21:44:16	[LOG_CONNECT]	oid(11)	[ip]: 127.0.0.1
21:44:16	[LOG_DISCONNECT]	oid(11)	
21:44:23	[LOG_DISCONNECT]	oid(9)	
21:44:48	[LOG_CONNECT]	oid(12)	[ip]: 127.0.0.1
21:44:48	[LOG_CONNECT]	AccountDB is Connected
21:44:48	[LOG_CONNECT]	GameDB is Connected
21:44:49	[LOG_CONNECT]	oid(13)	[ip]: 127.0.0.1
21:44:49	[LOG_DISCONNECT]	oid(13)	
21:45:27	[LOG_INFO]	[DBConfig.csv is loading...]
21:45:27	[LOG_INFO]	string,string
21:45:27	[LOG_INFO]	World,112.145.214.226
21:45:27	[LOG_INFO]	Account,112.145.214.226
21:45:27	[LOG_INFO]	Game,112.145.214.226
21:45:27	[LOG_INFO]	[DBConfig.csv is loaded...]
21:45:27	[LOG_INFO]	[ServerConfig.csv is loading...]
21:45:27	[LOG_INFO]	string,int32_t,int32_t
21:45:27	[LOG_INFO]	Game,1,3000
21:45:27	[LOG_INFO]	[ServerConfig.csv is loaded...]
21:45:27	[LOG_CONNECT]	WorldDB is Connected
21:45:27	[LOG_DEBUG]	[Server Type]: Game
21:45:27	[LOG_DEBUG]	[GroupID]: 0
21:45:27	[LOG_DEBUG]	[WorldID]: 1
21:45:27	[LOG_DEBUG]	[ServerID]: 3000
21:45:27	[LOG_INFO]	[Data/CharacterAbilityByStat.csv is loading...]
21:45:27	[LOG_INFO]	uint8_t,uint8_t,uint8_t,uint8_t,uint8_t,uint8_t
21:45:27	[LOG_INFO]	8 ,2 ,10 ,0 ,7 ,3 
21:45:27	[LOG_INFO]	5 ,5 ,8 ,2 ,6 ,4 
21:45:27	[LOG_INFO]	3 ,7 ,0 ,10 ,3 ,7 
21:45:27	[LOG_INFO]	[Data/CharacterAbilityByStat.csv is loaded...]
21:45:27	[LOG_INFO]	[Data/CharacterCreateSpeedStat.csv is loading...]
21:45:27	[LOG_INFO]	float_t,float_t,float_t
21:45:27	[LOG_INFO]	10.0 ,5.0 ,10.0 
21:45:27	[LOG_INFO]	12.0 ,3.0 ,12.0 
21:45:27	[LOG_INFO]	5.0 ,10.0 ,8.0 
21:45:27	[LOG_INFO]	13.0 ,2.0 ,15.0 
21:45:27	[LOG_INFO]	[Data/CharacterCreateSpeedStat.csv is loaded...]
21:45:27	[LOG_INFO]	[Data/Map_000.csv is loading...]
21:45:27	[LOG_INFO]	MinX: -22 minY: -10 maxX: 21 maxY: -1
21:45:27	[LOG_INFO]	[Data/Map_000.csv is loaded...]
21:45:27	[LOG_DEBUG]	Server is Running...
21:45:27	[LOG_DEBUG]	[Thread Num]: 41
21:45:27	[LOG_DEBUG]	[Port]: 9000
21:45:41	[LOG_CONNECT]	oid(0)	[ip]: 127.0.0.1
21:45:41	[LOG_CONNECT]	AccountDB is Connected
21:45:41	[LOG_CONNECT]	GameDB is Connected
21:47:11	[LOG_DISCONNECT]	oid(0)	
21:47:31	[LOG_CONNECT]	oid(1)	[ip]: 127.0.0.1
21:47:32	[LOG_CONNECT]	GameDB is Connected
21:47:38	[LOG_CONNECT]	oid(2)	[ip]: 127.0.0.1
21:47:50	[LOG_DISCONNECT]	oid(2)	
21:47:59	[LOG_CONNECT]	oid(3)	[ip]: 127.0.0.1
21:48:06	[LOG_CONNECT]	oid(4)	[ip]: 127.0.0.1
21:48:19	[LOG_CONNECT]	AccountDB is Connected
21:48:19	[LOG_CONNECT]	GameDB is Connected
21:48:20	[LOG_DISCONNECT]	oid(3)	
21:48:22	[LOG_CONNECT]	oid(5)	[ip]: 127.0.0.1
21:48:35	[LOG_DISCONNECT]	oid(5)	
21:48:48	[LOG_CONNECT]	oid(6)	[ip]: 127.0.0.1
21:48:50	[LOG_CONNECT]	oid(7)	[ip]: 127.0.0.1
21:48:53	[LOG_DISCONNECT]	oid(6)	
21:49:00	[LOG_DISCONNECT]	oid(7)	
21:49:06	[LOG_INFO]	[DBConfig.csv is loading...]
21:49:06	[LOG_INFO]	string,string
21:49:06	[LOG_INFO]	World,112.145.214.226
21:49:06	[LOG_INFO]	Account,112.145.214.226
21:49:06	[LOG_INFO]	Game,112.145.214.226
21:49:06	[LOG_INFO]	[DBConfig.csv is loaded...]
21:49:06	[LOG_INFO]	[ServerConfig.csv is loading...]
21:49:06	[LOG_INFO]	string,int32_t,int32_t
21:49:06	[LOG_INFO]	Game,1,3000
21:49:06	[LOG_INFO]	[ServerConfig.csv is loaded...]
21:49:06	[LOG_CONNECT]	WorldDB is Connected
21:49:06	[LOG_DEBUG]	[Server Type]: Game
21:49:06	[LOG_DEBUG]	[GroupID]: 0
21:49:06	[LOG_DEBUG]	[WorldID]: 1
21:49:06	[LOG_DEBUG]	[ServerID]: 3000
21:49:06	[LOG_INFO]	[Data/CharacterAbilityByStat.csv is loading...]
21:49:06	[LOG_INFO]	uint8_t,uint8_t,uint8_t,uint8_t,uint8_t,uint8_t
21:49:06	[LOG_INFO]	8 ,2 ,10 ,0 ,7 ,3 
21:49:06	[LOG_INFO]	5 ,5 ,8 ,2 ,6 ,4 
21:49:06	[LOG_INFO]	3 ,7 ,0 ,10 ,3 ,7 
21:49:06	[LOG_INFO]	[Data/CharacterAbilityByStat.csv is loaded...]
21:49:06	[LOG_INFO]	[Data/CharacterCreateSpeedStat.csv is loading...]
21:49:06	[LOG_INFO]	float_t,float_t,float_t
21:49:06	[LOG_INFO]	10.0 ,5.0 ,10.0 
21:49:06	[LOG_INFO]	12.0 ,3.0 ,12.0 
21:49:06	[LOG_INFO]	5.0 ,10.0 ,8.0 
21:49:06	[LOG_INFO]	13.0 ,2.0 ,15.0 
21:49:06	[LOG_INFO]	[Data/CharacterCreateSpeedStat.csv is loaded...]
21:49:06	[LOG_INFO]	[Data/Map_000.csv is loading...]
21:49:06	[LOG_INFO]	MinX: -22 minY: -10 maxX: 21 maxY: -1
21:49:06	[LOG_INFO]	[Data/Map_000.csv is loaded...]
21:49:06	[LOG_DEBUG]	Server is Running...
21:49:06	[LOG_DEBUG]	[Thread Num]: 41
21:49:06	[LOG_DEBUG]	[Port]: 9000
21:49:18	[LOG_CONNECT]	oid(0)	[ip]: 127.0.0.1
21:49:19	[LOG_CONNECT]	AccountDB is Connected
21:49:19	[LOG_CONNECT]	GameDB is Connected
21:50:49	[LOG_DISCONNECT]	oid(0)	
21:51:16	[LOG_CONNECT]	oid(1)	[ip]: 127.0.0.1
21:51:23	[LOG_CONNECT]	oid(2)	[ip]: 127.0.0.1
21:51:27	[LOG_DISCONNECT]	oid(2)	
21:51:36	[LOG_CONNECT]	oid(3)	[ip]: 127.0.0.1
21:51:41	[LOG_CONNECT]	oid(4)	[ip]: 127.0.0.1
21:51:49	[LOG_DISCONNECT]	oid(3)	
21:51:50	[LOG_CONNECT]	AccountDB is Connected
21:51:50	[LOG_CONNECT]	GameDB is Connected
21:51:55	[LOG_CONNECT]	oid(5)	[ip]: 127.0.0.1
21:52:15	[LOG_DISCONNECT]	oid(5)	
21:52:31	[LOG_CONNECT]	oid(6)	[ip]: 127.0.0.1
21:52:31	[LOG_CONNECT]	oid(7)	[ip]: 127.0.0.1
21:52:34	[LOG_CONNECT]	AccountDB is Connected
21:52:34	[LOG_CONNECT]	GameDB is Connected
21:52:35	[LOG_CONNECT]	oid(8)	[ip]: 127.0.0.1
21:52:41	[LOG_DISCONNECT]	oid(8)	
21:52:46	[LOG_DISCONNECT]	oid(6)	
21:54:22	[LOG_CONNECT]	oid(9)	[ip]: 127.0.0.1
21:54:22	[LOG_CONNECT]	AccountDB is Connected
21:54:22	[LOG_CONNECT]	GameDB is Connected
21:55:25	[LOG_CONNECT]	oid(10)	[ip]: 127.0.0.1
21:55:30	[LOG_CONNECT]	AccountDB is Connected
21:55:33	[LOG_CONNECT]	GameDB is Connected
21:55:48	[LOG_CONNECT]	oid(11)	[ip]: 127.0.0.1
21:55:50	[LOG_DISCONNECT]	oid(11)	
21:56:12	[LOG_CONNECT]	oid(12)	[ip]: 127.0.0.1
21:56:20	[LOG_CONNECT]	oid(13)	[ip]: 127.0.0.1
21:56:23	[LOG_CONNECT]	AccountDB is Connected
21:56:27	[LOG_CONNECT]	GameDB is Connected
21:56:28	[LOG_DISCONNECT]	oid(12)	
21:57:40	[LOG_INFO]	[DBConfig.csv is loading...]
21:57:40	[LOG_INFO]	string,string
21:57:40	[LOG_INFO]	World,112.145.214.226
21:57:40	[LOG_INFO]	Account,112.145.214.226
21:57:40	[LOG_INFO]	Game,112.145.214.226
21:57:40	[LOG_INFO]	[DBConfig.csv is loaded...]
21:57:40	[LOG_INFO]	[ServerConfig.csv is loading...]
21:57:40	[LOG_INFO]	string,int32_t,int32_t
21:57:40	[LOG_INFO]	Game,1,3000
21:57:40	[LOG_INFO]	[ServerConfig.csv is loaded...]
21:57:40	[LOG_CONNECT]	WorldDB is Connected
21:57:40	[LOG_DEBUG]	[Server Type]: Game
21:57:40	[LOG_DEBUG]	[GroupID]: 0
21:57:40	[LOG_DEBUG]	[WorldID]: 1
21:57:40	[LOG_DEBUG]	[ServerID]: 3000
21:57:40	[LOG_INFO]	[Data/CharacterAbilityByStat.csv is loading...]
21:57:40	[LOG_INFO]	uint8_t,uint8_t,uint8_t,uint8_t,uint8_t,uint8_t
21:57:40	[LOG_INFO]	8 ,2 ,10 ,0 ,7 ,3 
21:57:40	[LOG_INFO]	5 ,5 ,8 ,2 ,6 ,4 
21:57:40	[LOG_INFO]	3 ,7 ,0 ,10 ,3 ,7 
21:57:40	[LOG_INFO]	[Data/CharacterAbilityByStat.csv is loaded...]
21:57:40	[LOG_INFO]	[Data/CharacterCreateSpeedStat.csv is loading...]
21:57:40	[LOG_INFO]	float_t,float_t,float_t
21:57:40	[LOG_INFO]	10.0 ,5.0 ,10.0 
21:57:40	[LOG_INFO]	12.0 ,3.0 ,12.0 
21:57:40	[LOG_INFO]	5.0 ,10.0 ,8.0 
21:57:40	[LOG_INFO]	13.0 ,2.0 ,15.0 
21:57:40	[LOG_INFO]	[Data/CharacterCreateSpeedStat.csv is loaded...]
21:57:40	[LOG_INFO]	[Data/Map_000.csv is loading...]
21:57:40	[LOG_INFO]	MinX: -22 minY: -10 maxX: 21 maxY: -1
21:57:40	[LOG_INFO]	[Data/Map_000.csv is loaded...]
21:57:40	[LOG_DEBUG]	Server is Running...
21:57:40	[LOG_DEBUG]	[Thread Num]: 41
21:57:40	[LOG_DEBUG]	[Port]: 9000
21:57:48	[LOG_CONNECT]	oid(0)	[ip]: 127.0.0.1
21:57:50	[LOG_CONNECT]	AccountDB is Connected
21:57:50	[LOG_CONNECT]	GameDB is Connected
21:58:13	[LOG_DISCONNECT]	oid(0)	
21:58:21	[LOG_CONNECT]	oid(1)	[ip]: 127.0.0.1
21:58:30	[LOG_DISCONNECT]	oid(1)	
21:58:38	[LOG_CONNECT]	oid(2)	[ip]: 127.0.0.1
21:58:57	[LOG_CONNECT]	oid(3)	[ip]: 127.0.0.1
21:58:57	[LOG_DISCONNECT]	oid(3)	
21:59:09	[LOG_CONNECT]	oid(4)	[ip]: 127.0.0.1
21:59:11	[LOG_CONNECT]	oid(5)	[ip]: 127.0.0.1
21:59:11	[LOG_CONNECT]	AccountDB is Connected
21:59:11	[LOG_CONNECT]	GameDB is Connected
21:59:22	[LOG_DISCONNECT]	oid(4)	
21:59:37	[LOG_CONNECT]	oid(6)	[ip]: 127.0.0.1
21:59:37	[LOG_CONNECT]	AccountDB is Connected
21:59:37	[LOG_CONNECT]	GameDB is Connected
21:59:43	[LOG_DISCONNECT]	oid(2)	
22:00:13	[LOG_DISCONNECT]	oid(2)	
22:00:57	[LOG_CONNECT]	oid(7)	[ip]: 127.0.0.1
22:00:57	[LOG_DISCONNECT]	oid(7)	
22:01:53	[LOG_INFO]	[DBConfig.csv is loading...]
22:01:53	[LOG_INFO]	string,string
22:01:53	[LOG_INFO]	World,112.145.214.226
22:01:53	[LOG_INFO]	Account,112.145.214.226
22:01:53	[LOG_INFO]	Game,112.145.214.226
22:01:53	[LOG_INFO]	[DBConfig.csv is loaded...]
22:01:53	[LOG_INFO]	[ServerConfig.csv is loading...]
22:01:53	[LOG_INFO]	string,int32_t,int32_t
22:01:53	[LOG_INFO]	Game,1,3000
22:01:53	[LOG_INFO]	[ServerConfig.csv is loaded...]
22:01:53	[LOG_CONNECT]	WorldDB is Connected
22:01:53	[LOG_DEBUG]	[Server Type]: Game
22:01:53	[LOG_DEBUG]	[GroupID]: 0
22:01:53	[LOG_DEBUG]	[WorldID]: 1
22:01:53	[LOG_DEBUG]	[ServerID]: 3000
22:01:53	[LOG_INFO]	[Data/CharacterAbilityByStat.csv is loading...]
22:01:53	[LOG_INFO]	uint8_t,uint8_t,uint8_t,uint8_t,uint8_t,uint8_t
22:01:53	[LOG_INFO]	8 ,2 ,10 ,0 ,7 ,3 
22:01:53	[LOG_INFO]	5 ,5 ,8 ,2 ,6 ,4 
22:01:53	[LOG_INFO]	3 ,7 ,0 ,10 ,3 ,7 
22:01:53	[LOG_INFO]	[Data/CharacterAbilityByStat.csv is loaded...]
22:01:53	[LOG_INFO]	[Data/CharacterCreateSpeedStat.csv is loading...]
22:01:53	[LOG_INFO]	float_t,float_t,float_t
22:01:53	[LOG_INFO]	10.0 ,5.0 ,10.0 
22:01:53	[LOG_INFO]	12.0 ,3.0 ,12.0 
22:01:53	[LOG_INFO]	5.0 ,10.0 ,8.0 
22:01:53	[LOG_INFO]	13.0 ,2.0 ,15.0 
22:01:53	[LOG_INFO]	[Data/CharacterCreateSpeedStat.csv is loaded...]
22:01:53	[LOG_INFO]	[Data/Map_000.csv is loading...]
22:01:53	[LOG_INFO]	MinX: -22 minY: -10 maxX: 21 maxY: -1
22:01:53	[LOG_INFO]	[Data/Map_000.csv is loaded...]
22:01:53	[LOG_DEBUG]	Server is Running...
22:01:53	[LOG_DEBUG]	[Thread Num]: 41
22:01:53	[LOG_DEBUG]	[Port]: 9000
22:02:01	[LOG_CONNECT]	oid(0)	[ip]: 127.0.0.1
22:02:02	[LOG_CONNECT]	oid(1)	[ip]: 127.0.0.1
22:02:02	[LOG_CONNECT]	AccountDB is Connected
22:02:02	[LOG_CONNECT]	GameDB is Connected
22:02:07	[LOG_DISCONNECT]	oid(0)	
22:03:06	[LOG_INFO]	[DBConfig.csv is loading...]
22:03:06	[LOG_INFO]	string,string
22:03:06	[LOG_INFO]	World,112.145.214.226
22:03:06	[LOG_INFO]	Account,112.145.214.226
22:03:06	[LOG_INFO]	Game,112.145.214.226
22:03:06	[LOG_INFO]	[DBConfig.csv is loaded...]
22:03:06	[LOG_INFO]	[ServerConfig.csv is loading...]
22:03:06	[LOG_INFO]	string,int32_t,int32_t
22:03:06	[LOG_INFO]	Game,1,3000
22:03:06	[LOG_INFO]	[ServerConfig.csv is loaded...]
22:03:06	[LOG_CONNECT]	WorldDB is Connected
22:03:06	[LOG_DEBUG]	[Server Type]: Game
22:03:06	[LOG_DEBUG]	[GroupID]: 0
22:03:06	[LOG_DEBUG]	[WorldID]: 1
22:03:06	[LOG_DEBUG]	[ServerID]: 3000
22:03:06	[LOG_INFO]	[Data/CharacterAbilityByStat.csv is loading...]
22:03:06	[LOG_INFO]	uint8_t,uint8_t,uint8_t,uint8_t,uint8_t,uint8_t
22:03:06	[LOG_INFO]	8 ,2 ,10 ,0 ,7 ,3 
22:03:06	[LOG_INFO]	5 ,5 ,8 ,2 ,6 ,4 
22:03:06	[LOG_INFO]	3 ,7 ,0 ,10 ,3 ,7 
22:03:06	[LOG_INFO]	[Data/CharacterAbilityByStat.csv is loaded...]
22:03:06	[LOG_INFO]	[Data/CharacterCreateSpeedStat.csv is loading...]
22:03:06	[LOG_INFO]	float_t,float_t,float_t
22:03:06	[LOG_INFO]	10.0 ,5.0 ,10.0 
22:03:06	[LOG_INFO]	12.0 ,3.0 ,12.0 
22:03:06	[LOG_INFO]	5.0 ,10.0 ,8.0 
22:03:06	[LOG_INFO]	13.0 ,2.0 ,15.0 
22:03:06	[LOG_INFO]	[Data/CharacterCreateSpeedStat.csv is loaded...]
22:03:06	[LOG_INFO]	[Data/Map_000.csv is loading...]
22:03:06	[LOG_INFO]	MinX: -22 minY: -10 maxX: 21 maxY: -1
22:03:06	[LOG_INFO]	[Data/Map_000.csv is loaded...]
22:03:06	[LOG_DEBUG]	Server is Running...
22:03:06	[LOG_DEBUG]	[Thread Num]: 41
22:03:06	[LOG_DEBUG]	[Port]: 9000
22:03:16	[LOG_CONNECT]	oid(0)	[ip]: 127.0.0.1
22:03:16	[LOG_CONNECT]	AccountDB is Connected
22:03:16	[LOG_CONNECT]	GameDB is Connected
22:07:19	[LOG_INFO]	[DBConfig.csv is loading...]
22:07:19	[LOG_INFO]	string,string
22:07:19	[LOG_INFO]	World,112.145.214.226
22:07:19	[LOG_INFO]	Account,112.145.214.226
22:07:19	[LOG_INFO]	Game,112.145.214.226
22:07:19	[LOG_INFO]	[DBConfig.csv is loaded...]
22:07:19	[LOG_INFO]	[ServerConfig.csv is loading...]
22:07:19	[LOG_INFO]	string,int32_t,int32_t
22:07:19	[LOG_INFO]	Game,1,3000
22:07:19	[LOG_INFO]	[ServerConfig.csv is loaded...]
22:07:19	[LOG_CONNECT]	WorldDB is Connected
22:07:19	[LOG_DEBUG]	[Server Type]: Game
22:07:19	[LOG_DEBUG]	[GroupID]: 0
22:07:19	[LOG_DEBUG]	[WorldID]: 1
22:07:19	[LOG_DEBUG]	[ServerID]: 3000
22:07:19	[LOG_INFO]	[Data/CharacterAbilityByStat.csv is loading...]
22:07:19	[LOG_INFO]	uint8_t,uint8_t,uint8_t,uint8_t,uint8_t,uint8_t
22:07:19	[LOG_INFO]	8 ,2 ,10 ,0 ,7 ,3 
22:07:19	[LOG_INFO]	5 ,5 ,8 ,2 ,6 ,4 
22:07:19	[LOG_INFO]	3 ,7 ,0 ,10 ,3 ,7 
22:07:19	[LOG_INFO]	[Data/CharacterAbilityByStat.csv is loaded...]
22:07:19	[LOG_INFO]	[Data/CharacterCreateSpeedStat.csv is loading...]
22:07:19	[LOG_INFO]	float_t,float_t,float_t
22:07:19	[LOG_INFO]	10.0 ,5.0 ,10.0 
22:07:19	[LOG_INFO]	12.0 ,3.0 ,12.0 
22:07:19	[LOG_INFO]	5.0 ,10.0 ,8.0 
22:07:19	[LOG_INFO]	13.0 ,2.0 ,15.0 
22:07:19	[LOG_INFO]	[Data/CharacterCreateSpeedStat.csv is loaded...]
22:07:19	[LOG_INFO]	[Data/Map_000.csv is loading...]
22:07:19	[LOG_INFO]	MinX: -22 minY: -10 maxX: 21 maxY: -1
22:07:19	[LOG_INFO]	[Data/Map_000.csv is loaded...]
22:07:19	[LOG_DEBUG]	Server is Running...
22:07:19	[LOG_DEBUG]	[Thread Num]: 41
22:07:19	[LOG_DEBUG]	[Port]: 9000
22:07:27	[LOG_CONNECT]	oid(0)	[ip]: 127.0.0.1
22:07:27	[LOG_CONNECT]	AccountDB is Connected
22:07:27	[LOG_CONNECT]	GameDB is Connected
22:07:54	[LOG_CONNECT]	oid(1)	[ip]: 127.0.0.1
22:07:54	[LOG_CONNECT]	AccountDB is Connected
22:07:54	[LOG_CONNECT]	GameDB is Connected
22:08:54	[LOG_DISCONNECT]	oid(0)	
22:08:56	[LOG_DISCONNECT]	oid(1)	
22:52:50	[LOG_INFO]	[DBConfig.csv is loading...]
22:52:50	[LOG_INFO]	string,string
22:52:50	[LOG_INFO]	World,112.145.214.226
22:52:50	[LOG_INFO]	Account,112.145.214.226
22:52:50	[LOG_INFO]	Game,112.145.214.226
22:52:50	[LOG_INFO]	[DBConfig.csv is loaded...]
22:52:50	[LOG_INFO]	[ServerConfig.csv is loading...]
22:52:50	[LOG_INFO]	string,int32_t,int32_t
22:52:50	[LOG_INFO]	Game,1,3000
22:52:50	[LOG_INFO]	[ServerConfig.csv is loaded...]
22:52:50	[LOG_CONNECT]	WorldDB is Connected
22:52:50	[LOG_DEBUG]	[Server Type]: Game
22:52:50	[LOG_DEBUG]	[GroupID]: 0
22:52:50	[LOG_DEBUG]	[WorldID]: 1
22:52:50	[LOG_DEBUG]	[ServerID]: 3000
22:52:50	[LOG_INFO]	[Data/CharacterAbilityByStat.csv is loading...]
22:52:50	[LOG_INFO]	uint8_t,uint8_t,uint8_t,uint8_t,uint8_t,uint8_t
22:52:50	[LOG_INFO]	8 ,2 ,10 ,0 ,7 ,3 
22:52:50	[LOG_INFO]	5 ,5 ,8 ,2 ,6 ,4 
22:52:50	[LOG_INFO]	3 ,7 ,0 ,10 ,3 ,7 
22:52:50	[LOG_INFO]	[Data/CharacterAbilityByStat.csv is loaded...]
22:52:50	[LOG_INFO]	[Data/CharacterCreateSpeedStat.csv is loading...]
22:52:50	[LOG_INFO]	float_t,float_t,float_t
22:52:50	[LOG_INFO]	10.0 ,5.0 ,10.0 
22:52:50	[LOG_INFO]	12.0 ,3.0 ,12.0 
22:52:50	[LOG_INFO]	5.0 ,10.0 ,8.0 
22:52:50	[LOG_INFO]	13.0 ,2.0 ,15.0 
22:52:50	[LOG_INFO]	[Data/CharacterCreateSpeedStat.csv is loaded...]
22:52:50	[LOG_INFO]	[Data/Map_000.csv is loading...]
22:52:50	[LOG_INFO]	MinX: -22 minY: -10 maxX: 21 maxY: -1
22:52:50	[LOG_INFO]	[Data/Map_000.csv is loaded...]
22:52:50	[LOG_DEBUG]	Server is Running...
22:52:50	[LOG_DEBUG]	[Thread Num]: 41
22:52:50	[LOG_DEBUG]	[Port]: 9000
22:54:08	[LOG_CONNECT]	oid(0)	[ip]: 127.0.0.1
22:54:08	[LOG_CONNECT]	AccountDB is Connected
22:54:08	[LOG_CONNECT]	GameDB is Connected
22:54:16	[LOG_CONNECT]	oid(1)	[ip]: 127.0.0.1
22:58:14	[LOG_DISCONNECT]	oid(0)	
22:58:19	[LOG_DISCONNECT]	oid(1)	
22:59:22	[LOG_CONNECT]	oid(2)	[ip]: 127.0.0.1
23:02:16	[LOG_DISCONNECT]	oid(2)	
23:11:16	[LOG_CONNECT]	oid(3)	[ip]: 127.0.0.1
23:11:54	[LOG_DISCONNECT]	oid(3)	
23:15:14	[LOG_CONNECT]	oid(4)	[ip]: 127.0.0.1
23:15:37	[LOG_DISCONNECT]	oid(4)	
23:25:25	[LOG_CONNECT]	oid(5)	[ip]: 127.0.0.1
23:25:42	[LOG_DISCONNECT]	oid(5)	
23:30:37	[LOG_CONNECT]	oid(6)	[ip]: 127.0.0.1
23:30:46	[LOG_DISCONNECT]	oid(6)	
23:37:35	[LOG_CONNECT]	oid(7)	[ip]: 127.0.0.1
23:37:51	[LOG_DISCONNECT]	oid(7)	
23:42:26	[LOG_CONNECT]	oid(8)	[ip]: 127.0.0.1
23:42:37	[LOG_DISCONNECT]	oid(8)	
23:43:49	[LOG_CONNECT]	oid(9)	[ip]: 127.0.0.1
23:43:50	[LOG_CONNECT]	oid(10)	[ip]: 127.0.0.1
23:48:59	[LOG_DISCONNECT]	oid(9)	
23:49:17	[LOG_CONNECT]	oid(11)	[ip]: 127.0.0.1
23:49:17	[LOG_DISCONNECT]	oid(11)	
23:49:26	[LOG_CONNECT]	oid(12)	[ip]: 127.0.0.1
23:49:27	[LOG_CONNECT]	oid(13)	[ip]: 127.0.0.1
23:49:27	[LOG_DISCONNECT]	oid(12)	
23:50:00	[LOG_DISCONNECT]	oid(10)	
23:50:02	[LOG_DISCONNECT]	oid(13)	
