00:46:40	[LOG_INFO]	[DBConfig.csv is loading...]
00:46:40	[LOG_INFO]	string,string
00:46:40	[LOG_INFO]	World,112.145.214.226
00:46:40	[LOG_INFO]	Account,112.145.214.226
00:46:40	[LOG_INFO]	Game,112.145.214.226
00:46:40	[LOG_INFO]	[DBConfig.csv is loaded...]
00:46:40	[LOG_INFO]	[ServerConfig.csv is loading...]
00:46:40	[LOG_INFO]	string,int32_t,int32_t
00:46:40	[LOG_INFO]	Game,1,3000
00:46:40	[LOG_INFO]	[ServerConfig.csv is loaded...]
00:46:40	[LOG_CONNECT]	WorldDB is Connected
00:46:40	[LOG_DEBUG]	[Server Type]: Game
00:46:40	[LOG_DEBUG]	[GroupID]: 0
00:46:40	[LOG_DEBUG]	[WorldID]: 1
00:46:40	[LOG_DEBUG]	[ServerID]: 3000
00:46:40	[LOG_INFO]	[Data/CharacterAbilityByStat.csv is loading...]
00:46:40	[LOG_INFO]	uint8_t,uint8_t,uint8_t,uint8_t,uint8_t,uint8_t
00:46:40	[LOG_INFO]	8 ,2 ,10 ,0 ,7 ,3 
00:46:40	[LOG_INFO]	5 ,5 ,8 ,2 ,6 ,4 
00:46:40	[LOG_INFO]	3 ,7 ,0 ,10 ,3 ,7 
00:46:40	[LOG_INFO]	[Data/CharacterAbilityByStat.csv is loaded...]
00:46:40	[LOG_INFO]	[Data/CharacterCreateSpeedStat.csv is loading...]
00:46:40	[LOG_INFO]	float_t,float_t,float_t
00:46:40	[LOG_INFO]	10.0 ,5.0 ,11.6 
00:46:40	[LOG_INFO]	12.0 ,3.0 ,11.8 
00:46:40	[LOG_INFO]	5.0 ,10.0 ,11.4 
00:46:40	[LOG_INFO]	13.0 ,2.0 ,12.0 
00:46:40	[LOG_INFO]	[Data/CharacterCreateSpeedStat.csv is loaded...]
00:46:40	[LOG_INFO]	[Data/CharacterSkill.csv is loading...]
00:46:40	[LOG_INFO]	int32_t,uint8_t,uint8_t,int32_t,uint8_t,uint8_t,uint8_t,uint8_t,int32_t,int32_t,int32_t
00:46:40	[LOG_INFO]	0,0 ,2 ,1 ,6 ,4 ,1 ,4 ,1300 ,0 ,0 
00:46:40	[LOG_INFO]	1,1 ,2 ,1 ,6 ,4 ,1 ,1 ,1800 ,0 ,0 
00:46:40	[LOG_INFO]	2,2 ,3 ,1 ,7 ,5 ,1 ,1 ,1300 ,0 ,0 
00:46:40	[LOG_INFO]	3,3 ,2 ,1 ,6 ,4 ,1 ,3 ,900 ,0 ,0 
00:46:40	[LOG_INFO]	[Data/CharacterSkill.csv is loaded...]
00:46:40	[LOG_INFO]	[Data/Map_000.csv is loading...]
00:46:40	[LOG_INFO]	MinX: -22 minY: -10 maxX: 21 maxY: -1
00:46:40	[LOG_INFO]	[Data/Map_000.csv is loaded...]
00:46:40	[LOG_DEBUG]	Server is Running...
00:46:40	[LOG_DEBUG]	[Thread Num]: 41
00:46:40	[LOG_DEBUG]	[Port]: 9000
20:47:19	[LOG_INFO]	[DBConfig.csv is loading...]
20:47:19	[LOG_INFO]	string,string
20:47:19	[LOG_INFO]	World,112.145.214.226
20:47:19	[LOG_INFO]	Account,112.145.214.226
20:47:19	[LOG_INFO]	Game,112.145.214.226
20:47:19	[LOG_INFO]	[DBConfig.csv is loaded...]
20:47:19	[LOG_INFO]	[ServerConfig.csv is loading...]
20:47:19	[LOG_INFO]	string,int32_t,int32_t
20:47:19	[LOG_INFO]	Game,1,3000
20:47:19	[LOG_INFO]	[ServerConfig.csv is loaded...]
20:47:19	[LOG_CONNECT]	WorldDB is Connected
20:47:19	[LOG_DEBUG]	[Server Type]: Game
20:47:19	[LOG_DEBUG]	[GroupID]: 0
20:47:19	[LOG_DEBUG]	[WorldID]: 1
20:47:19	[LOG_DEBUG]	[ServerID]: 3000
20:47:19	[LOG_INFO]	[Data/CharacterAbilityByStat.csv is loading...]
20:47:19	[LOG_INFO]	uint8_t,uint8_t,uint8_t,uint8_t,uint8_t,uint8_t
20:47:19	[LOG_INFO]	8 ,2 ,10 ,0 ,7 ,3 
20:47:19	[LOG_INFO]	5 ,5 ,8 ,2 ,6 ,4 
20:47:19	[LOG_INFO]	3 ,7 ,0 ,10 ,3 ,7 
20:47:19	[LOG_INFO]	[Data/CharacterAbilityByStat.csv is loaded...]
20:47:19	[LOG_INFO]	[Data/CharacterCreateSpeedStat.csv is loading...]
20:47:19	[LOG_INFO]	float_t,float_t,float_t
20:47:19	[LOG_INFO]	10.0 ,5.0 ,11.6 
20:47:19	[LOG_INFO]	12.0 ,3.0 ,11.8 
20:47:19	[LOG_INFO]	5.0 ,10.0 ,11.4 
20:47:19	[LOG_INFO]	13.0 ,2.0 ,12.0 
20:47:19	[LOG_INFO]	[Data/CharacterCreateSpeedStat.csv is loaded...]
20:47:19	[LOG_INFO]	[Data/CharacterSkill.csv is loading...]
20:47:19	[LOG_INFO]	int32_t,uint8_t,uint8_t,int32_t,uint8_t,uint8_t,uint8_t,uint8_t,int32_t,int32_t,int32_t
20:47:19	[LOG_INFO]	0,0 ,2 ,1 ,6 ,4 ,1 ,4 ,1300 ,0 ,0 
20:47:19	[LOG_INFO]	1,1 ,2 ,1 ,6 ,4 ,1 ,1 ,1800 ,0 ,0 
20:47:19	[LOG_INFO]	2,2 ,3 ,1 ,7 ,5 ,1 ,1 ,1300 ,0 ,0 
20:47:19	[LOG_INFO]	3,3 ,2 ,1 ,6 ,4 ,1 ,3 ,900 ,0 ,0 
20:47:19	[LOG_INFO]	[Data/CharacterSkill.csv is loaded...]
20:47:19	[LOG_INFO]	[Data/Map_000.csv is loading...]
20:47:19	[LOG_INFO]	MinX: -22 minY: -10 maxX: 21 maxY: -1
20:47:19	[LOG_INFO]	[Data/Map_000.csv is loaded...]
20:47:19	[LOG_DEBUG]	Server is Running...
20:47:19	[LOG_DEBUG]	[Thread Num]: 41
20:47:19	[LOG_DEBUG]	[Port]: 9000
21:06:21	[LOG_CONNECT]	oid(0)	[ip]: 127.0.0.1
21:06:21	[LOG_CONNECT]	AccountDB is Connected
21:06:21	[LOG_CONNECT]	GameDB is Connected
21:06:25	[LOG_DISCONNECT]	oid(0)	
21:07:48	[LOG_CONNECT]	oid(1)	[ip]: 127.0.0.1
21:07:53	[LOG_CONNECT]	oid(2)	[ip]: 127.0.0.1
21:09:59	[LOG_DISCONNECT]	oid(1)	
21:10:01	[LOG_DISCONNECT]	oid(2)	
21:11:27	[LOG_INFO]	[DBConfig.csv is loading...]
21:11:27	[LOG_INFO]	string,string
21:11:27	[LOG_INFO]	World,112.145.214.226
21:11:27	[LOG_INFO]	Account,112.145.214.226
21:11:27	[LOG_INFO]	Game,112.145.214.226
21:11:27	[LOG_INFO]	[DBConfig.csv is loaded...]
21:11:27	[LOG_INFO]	[ServerConfig.csv is loading...]
21:11:27	[LOG_INFO]	string,int32_t,int32_t
21:11:27	[LOG_INFO]	Game,1,3000
21:11:27	[LOG_INFO]	[ServerConfig.csv is loaded...]
21:11:27	[LOG_CONNECT]	WorldDB is Connected
21:11:27	[LOG_DEBUG]	[Server Type]: Game
21:11:27	[LOG_DEBUG]	[GroupID]: 0
21:11:27	[LOG_DEBUG]	[WorldID]: 1
21:11:27	[LOG_DEBUG]	[ServerID]: 3000
21:11:27	[LOG_INFO]	[Data/CharacterAbilityByStat.csv is loading...]
21:11:27	[LOG_INFO]	uint8_t,uint8_t,uint8_t,uint8_t,uint8_t,uint8_t
21:11:27	[LOG_INFO]	8 ,2 ,10 ,0 ,7 ,3 
21:11:27	[LOG_INFO]	5 ,5 ,8 ,2 ,6 ,4 
21:11:27	[LOG_INFO]	3 ,7 ,0 ,10 ,3 ,7 
21:11:27	[LOG_INFO]	[Data/CharacterAbilityByStat.csv is loaded...]
21:11:27	[LOG_INFO]	[Data/CharacterCreateSpeedStat.csv is loading...]
21:11:27	[LOG_INFO]	float_t,float_t,float_t
21:11:27	[LOG_INFO]	10.0 ,5.0 ,11.6 
21:11:27	[LOG_INFO]	12.0 ,3.0 ,11.8 
21:11:27	[LOG_INFO]	5.0 ,10.0 ,11.4 
21:11:27	[LOG_INFO]	13.0 ,2.0 ,12.0 
21:11:27	[LOG_INFO]	[Data/CharacterCreateSpeedStat.csv is loaded...]
21:11:27	[LOG_INFO]	[Data/CharacterSkill.csv is loading...]
21:11:27	[LOG_INFO]	int32_t,uint8_t,uint8_t,int32_t,uint8_t,uint8_t,uint8_t,uint8_t,int32_t,int32_t,int32_t
21:11:27	[LOG_INFO]	0,0 ,2 ,1 ,6 ,4 ,0 ,4 ,1300 ,0 ,0 
21:11:27	[LOG_INFO]	1,1 ,2 ,1 ,6 ,4 ,0 ,1 ,1800 ,0 ,0 
21:11:27	[LOG_INFO]	2,2 ,3 ,1 ,7 ,5 ,0 ,1 ,1300 ,0 ,0 
21:11:27	[LOG_INFO]	3,3 ,2 ,1 ,6 ,4 ,0 ,3 ,900 ,0 ,0 
21:11:27	[LOG_INFO]	[Data/CharacterSkill.csv is loaded...]
21:11:27	[LOG_INFO]	[Data/Map_000.csv is loading...]
21:11:27	[LOG_INFO]	MinX: -22 minY: -10 maxX: 21 maxY: -1
21:11:27	[LOG_INFO]	[Data/Map_000.csv is loaded...]
21:11:27	[LOG_DEBUG]	Server is Running...
21:11:27	[LOG_DEBUG]	[Thread Num]: 41
21:11:27	[LOG_DEBUG]	[Port]: 9000
21:12:19	[LOG_CONNECT]	oid(0)	[ip]: 127.0.0.1
21:12:19	[LOG_CONNECT]	AccountDB is Connected
21:12:19	[LOG_CONNECT]	GameDB is Connected
21:12:25	[LOG_CONNECT]	oid(1)	[ip]: 127.0.0.1
21:15:58	[LOG_DISCONNECT]	oid(0)	
21:15:58	[LOG_DISCONNECT]	oid(1)	
21:17:11	[LOG_INFO]	[DBConfig.csv is loading...]
21:17:11	[LOG_INFO]	string,string
21:17:11	[LOG_INFO]	World,112.145.214.226
21:17:11	[LOG_INFO]	Account,112.145.214.226
21:17:11	[LOG_INFO]	Game,112.145.214.226
21:17:11	[LOG_INFO]	[DBConfig.csv is loaded...]
21:17:11	[LOG_INFO]	[ServerConfig.csv is loading...]
21:17:11	[LOG_INFO]	string,int32_t,int32_t
21:17:11	[LOG_INFO]	Game,1,3000
21:17:11	[LOG_INFO]	[ServerConfig.csv is loaded...]
21:17:11	[LOG_CONNECT]	WorldDB is Connected
21:17:11	[LOG_DEBUG]	[Server Type]: Game
21:17:11	[LOG_DEBUG]	[GroupID]: 0
21:17:11	[LOG_DEBUG]	[WorldID]: 1
21:17:11	[LOG_DEBUG]	[ServerID]: 3000
21:17:11	[LOG_INFO]	[Data/CharacterAbilityByStat.csv is loading...]
21:17:11	[LOG_INFO]	uint8_t,uint8_t,uint8_t,uint8_t,uint8_t,uint8_t
21:17:11	[LOG_INFO]	8 ,2 ,10 ,0 ,7 ,3 
21:17:11	[LOG_INFO]	5 ,5 ,8 ,2 ,6 ,4 
21:17:11	[LOG_INFO]	3 ,7 ,0 ,10 ,3 ,7 
21:17:11	[LOG_INFO]	[Data/CharacterAbilityByStat.csv is loaded...]
21:17:11	[LOG_INFO]	[Data/CharacterCreateSpeedStat.csv is loading...]
21:17:11	[LOG_INFO]	float_t,float_t,float_t
21:17:11	[LOG_INFO]	10.0 ,5.0 ,11.6 
21:17:11	[LOG_INFO]	12.0 ,3.0 ,11.8 
21:17:11	[LOG_INFO]	5.0 ,10.0 ,11.4 
21:17:11	[LOG_INFO]	13.0 ,2.0 ,12.0 
21:17:11	[LOG_INFO]	[Data/CharacterCreateSpeedStat.csv is loaded...]
21:17:11	[LOG_INFO]	[Data/CharacterSkill.csv is loading...]
21:17:11	[LOG_INFO]	int32_t,uint8_t,uint8_t,int32_t,uint8_t,uint8_t,uint8_t,uint8_t,int32_t,int32_t,int32_t
21:17:11	[LOG_INFO]	0,0 ,2 ,1 ,6 ,4 ,0 ,4 ,1300 ,0 ,0 
21:17:11	[LOG_INFO]	1,1 ,2 ,1 ,6 ,4 ,0 ,1 ,1800 ,0 ,0 
21:17:11	[LOG_INFO]	2,2 ,3 ,1 ,7 ,5 ,0 ,1 ,1300 ,0 ,0 
21:17:11	[LOG_INFO]	3,3 ,2 ,1 ,6 ,4 ,0 ,3 ,900 ,0 ,0 
21:17:11	[LOG_INFO]	[Data/CharacterSkill.csv is loaded...]
21:17:11	[LOG_INFO]	[Data/Map_000.csv is loading...]
21:17:11	[LOG_INFO]	MinX: -22 minY: -10 maxX: 21 maxY: -1
21:17:11	[LOG_INFO]	[Data/Map_000.csv is loaded...]
21:17:11	[LOG_DEBUG]	Server is Running...
21:17:11	[LOG_DEBUG]	[Thread Num]: 41
21:17:11	[LOG_DEBUG]	[Port]: 9000
21:17:20	[LOG_CONNECT]	oid(0)	[ip]: 127.0.0.1
21:17:20	[LOG_CONNECT]	AccountDB is Connected
21:17:20	[LOG_CONNECT]	GameDB is Connected
21:17:31	[LOG_CONNECT]	oid(1)	[ip]: 127.0.0.1
21:18:02	[LOG_INFO]	[DBConfig.csv is loading...]
21:18:02	[LOG_INFO]	string,string
21:18:02	[LOG_INFO]	World,112.145.214.226
21:18:02	[LOG_INFO]	Account,112.145.214.226
21:18:02	[LOG_INFO]	Game,112.145.214.226
21:18:02	[LOG_INFO]	[DBConfig.csv is loaded...]
21:18:02	[LOG_INFO]	[ServerConfig.csv is loading...]
21:18:02	[LOG_INFO]	string,int32_t,int32_t
21:18:02	[LOG_INFO]	Game,1,3000
21:18:02	[LOG_INFO]	[ServerConfig.csv is loaded...]
21:18:02	[LOG_CONNECT]	WorldDB is Connected
21:18:02	[LOG_DEBUG]	[Server Type]: Game
21:18:02	[LOG_DEBUG]	[GroupID]: 0
21:18:02	[LOG_DEBUG]	[WorldID]: 1
21:18:02	[LOG_DEBUG]	[ServerID]: 3000
21:18:02	[LOG_INFO]	[Data/CharacterAbilityByStat.csv is loading...]
21:18:02	[LOG_INFO]	uint8_t,uint8_t,uint8_t,uint8_t,uint8_t,uint8_t
21:18:02	[LOG_INFO]	8 ,2 ,10 ,0 ,7 ,3 
21:18:02	[LOG_INFO]	5 ,5 ,8 ,2 ,6 ,4 
21:18:02	[LOG_INFO]	3 ,7 ,0 ,10 ,3 ,7 
21:18:02	[LOG_INFO]	[Data/CharacterAbilityByStat.csv is loaded...]
21:18:02	[LOG_INFO]	[Data/CharacterCreateSpeedStat.csv is loading...]
21:18:02	[LOG_INFO]	float_t,float_t,float_t
21:18:02	[LOG_INFO]	10.0 ,5.0 ,11.6 
21:18:02	[LOG_INFO]	12.0 ,3.0 ,11.8 
21:18:02	[LOG_INFO]	5.0 ,10.0 ,11.4 
21:18:02	[LOG_INFO]	13.0 ,2.0 ,12.0 
21:18:02	[LOG_INFO]	[Data/CharacterCreateSpeedStat.csv is loaded...]
21:18:02	[LOG_INFO]	[Data/CharacterSkill.csv is loading...]
21:18:02	[LOG_INFO]	int32_t,uint8_t,uint8_t,int32_t,uint8_t,uint8_t,uint8_t,uint8_t,int32_t,int32_t,int32_t
21:18:02	[LOG_INFO]	0,0 ,2 ,1 ,6 ,4 ,0 ,4 ,1300 ,0 ,0 
21:18:02	[LOG_INFO]	1,1 ,2 ,1 ,6 ,4 ,0 ,1 ,1800 ,0 ,0 
21:18:02	[LOG_INFO]	2,2 ,3 ,1 ,7 ,5 ,0 ,1 ,1300 ,0 ,0 
21:18:02	[LOG_INFO]	3,3 ,2 ,1 ,6 ,4 ,0 ,3 ,900 ,0 ,0 
21:18:02	[LOG_INFO]	[Data/CharacterSkill.csv is loaded...]
21:18:02	[LOG_INFO]	[Data/Map_000.csv is loading...]
21:18:02	[LOG_INFO]	MinX: -22 minY: -10 maxX: 21 maxY: -1
21:18:02	[LOG_INFO]	[Data/Map_000.csv is loaded...]
21:18:02	[LOG_DEBUG]	Server is Running...
21:18:02	[LOG_DEBUG]	[Thread Num]: 41
21:18:02	[LOG_DEBUG]	[Port]: 9000
21:18:19	[LOG_CONNECT]	oid(0)	[ip]: 127.0.0.1
21:18:19	[LOG_CONNECT]	AccountDB is Connected
21:18:19	[LOG_CONNECT]	GameDB is Connected
21:18:25	[LOG_CONNECT]	oid(1)	[ip]: 127.0.0.1
21:19:05	[LOG_INFO]	[DBConfig.csv is loading...]
21:19:05	[LOG_INFO]	string,string
21:19:05	[LOG_INFO]	World,112.145.214.226
21:19:05	[LOG_INFO]	Account,112.145.214.226
21:19:05	[LOG_INFO]	Game,112.145.214.226
21:19:05	[LOG_INFO]	[DBConfig.csv is loaded...]
21:19:05	[LOG_INFO]	[ServerConfig.csv is loading...]
21:19:05	[LOG_INFO]	string,int32_t,int32_t
21:19:05	[LOG_INFO]	Game,1,3000
21:19:05	[LOG_INFO]	[ServerConfig.csv is loaded...]
21:19:05	[LOG_CONNECT]	WorldDB is Connected
21:19:05	[LOG_DEBUG]	[Server Type]: Game
21:19:05	[LOG_DEBUG]	[GroupID]: 0
21:19:05	[LOG_DEBUG]	[WorldID]: 1
21:19:05	[LOG_DEBUG]	[ServerID]: 3000
21:19:05	[LOG_INFO]	[Data/CharacterAbilityByStat.csv is loading...]
21:19:05	[LOG_INFO]	uint8_t,uint8_t,uint8_t,uint8_t,uint8_t,uint8_t
21:19:05	[LOG_INFO]	8 ,2 ,10 ,0 ,7 ,3 
21:19:05	[LOG_INFO]	5 ,5 ,8 ,2 ,6 ,4 
21:19:05	[LOG_INFO]	3 ,7 ,0 ,10 ,3 ,7 
21:19:05	[LOG_INFO]	[Data/CharacterAbilityByStat.csv is loaded...]
21:19:05	[LOG_INFO]	[Data/CharacterCreateSpeedStat.csv is loading...]
21:19:05	[LOG_INFO]	float_t,float_t,float_t
21:19:05	[LOG_INFO]	10.0 ,5.0 ,11.6 
21:19:05	[LOG_INFO]	12.0 ,3.0 ,11.8 
21:19:05	[LOG_INFO]	5.0 ,10.0 ,11.4 
21:19:05	[LOG_INFO]	13.0 ,2.0 ,12.0 
21:19:05	[LOG_INFO]	[Data/CharacterCreateSpeedStat.csv is loaded...]
21:19:05	[LOG_INFO]	[Data/CharacterSkill.csv is loading...]
21:19:05	[LOG_INFO]	int32_t,uint8_t,uint8_t,int32_t,uint8_t,uint8_t,uint8_t,uint8_t,int32_t,int32_t,int32_t
21:19:05	[LOG_INFO]	0,0 ,2 ,1 ,6 ,4 ,0 ,4 ,1300 ,0 ,0 
21:19:05	[LOG_INFO]	1,1 ,2 ,1 ,6 ,4 ,0 ,1 ,1800 ,0 ,0 
21:19:05	[LOG_INFO]	2,2 ,3 ,1 ,7 ,5 ,0 ,1 ,1300 ,0 ,0 
21:19:05	[LOG_INFO]	3,3 ,2 ,1 ,6 ,4 ,0 ,3 ,900 ,0 ,0 
21:19:05	[LOG_INFO]	[Data/CharacterSkill.csv is loaded...]
21:19:05	[LOG_INFO]	[Data/Map_000.csv is loading...]
21:19:05	[LOG_INFO]	MinX: -22 minY: -10 maxX: 21 maxY: -1
21:19:05	[LOG_INFO]	[Data/Map_000.csv is loaded...]
21:19:05	[LOG_DEBUG]	Server is Running...
21:19:05	[LOG_DEBUG]	[Thread Num]: 41
21:19:05	[LOG_DEBUG]	[Port]: 9000
21:19:19	[LOG_CONNECT]	oid(0)	[ip]: 127.0.0.1
21:19:19	[LOG_CONNECT]	AccountDB is Connected
21:19:19	[LOG_CONNECT]	GameDB is Connected
21:19:25	[LOG_CONNECT]	oid(1)	[ip]: 127.0.0.1
21:22:04	[LOG_INFO]	[DBConfig.csv is loading...]
21:22:04	[LOG_INFO]	string,string
21:22:04	[LOG_INFO]	World,112.145.214.226
21:22:04	[LOG_INFO]	Account,112.145.214.226
21:22:04	[LOG_INFO]	Game,112.145.214.226
21:22:04	[LOG_INFO]	[DBConfig.csv is loaded...]
21:22:04	[LOG_INFO]	[ServerConfig.csv is loading...]
21:22:04	[LOG_INFO]	string,int32_t,int32_t
21:22:04	[LOG_INFO]	Game,1,3000
21:22:04	[LOG_INFO]	[ServerConfig.csv is loaded...]
21:22:04	[LOG_CONNECT]	WorldDB is Connected
21:22:04	[LOG_DEBUG]	[Server Type]: Game
21:22:04	[LOG_DEBUG]	[GroupID]: 0
21:22:04	[LOG_DEBUG]	[WorldID]: 1
21:22:04	[LOG_DEBUG]	[ServerID]: 3000
21:22:04	[LOG_INFO]	[Data/CharacterAbilityByStat.csv is loading...]
21:22:04	[LOG_INFO]	uint8_t,uint8_t,uint8_t,uint8_t,uint8_t,uint8_t
21:22:04	[LOG_INFO]	8 ,2 ,10 ,0 ,7 ,3 
21:22:04	[LOG_INFO]	5 ,5 ,8 ,2 ,6 ,4 
21:22:04	[LOG_INFO]	3 ,7 ,0 ,10 ,3 ,7 
21:22:04	[LOG_INFO]	[Data/CharacterAbilityByStat.csv is loaded...]
21:22:04	[LOG_INFO]	[Data/CharacterCreateSpeedStat.csv is loading...]
21:22:04	[LOG_INFO]	float_t,float_t,float_t
21:22:04	[LOG_INFO]	10.0 ,5.0 ,11.6 
21:22:04	[LOG_INFO]	12.0 ,3.0 ,11.8 
21:22:04	[LOG_INFO]	5.0 ,10.0 ,11.4 
21:22:04	[LOG_INFO]	13.0 ,2.0 ,12.0 
21:22:04	[LOG_INFO]	[Data/CharacterCreateSpeedStat.csv is loaded...]
21:22:04	[LOG_INFO]	[Data/CharacterSkill.csv is loading...]
21:22:04	[LOG_INFO]	int32_t,uint8_t,uint8_t,int32_t,uint8_t,uint8_t,uint8_t,uint8_t,int32_t,int32_t,int32_t
21:22:04	[LOG_INFO]	0,0 ,2 ,1 ,6 ,4 ,0 ,4 ,1300 ,0 ,0 
21:22:04	[LOG_INFO]	1,1 ,2 ,1 ,6 ,4 ,0 ,1 ,1800 ,0 ,0 
21:22:04	[LOG_INFO]	2,2 ,3 ,1 ,7 ,5 ,0 ,1 ,1300 ,0 ,0 
21:22:04	[LOG_INFO]	3,3 ,2 ,1 ,6 ,4 ,0 ,3 ,900 ,0 ,0 
21:22:04	[LOG_INFO]	[Data/CharacterSkill.csv is loaded...]
21:22:04	[LOG_INFO]	[Data/Map_000.csv is loading...]
21:22:04	[LOG_INFO]	MinX: -22 minY: -10 maxX: 21 maxY: -1
21:22:04	[LOG_INFO]	[Data/Map_000.csv is loaded...]
21:22:04	[LOG_DEBUG]	Server is Running...
21:22:04	[LOG_DEBUG]	[Thread Num]: 41
21:22:04	[LOG_DEBUG]	[Port]: 9000
21:22:15	[LOG_CONNECT]	oid(0)	[ip]: 127.0.0.1
21:22:15	[LOG_CONNECT]	AccountDB is Connected
21:22:15	[LOG_CONNECT]	GameDB is Connected
21:22:27	[LOG_CONNECT]	oid(1)	[ip]: 127.0.0.1
21:23:18	[LOG_DISCONNECT]	oid(1)	
21:24:48	[LOG_INFO]	[DBConfig.csv is loading...]
21:24:48	[LOG_INFO]	string,string
21:24:48	[LOG_INFO]	World,112.145.214.226
21:24:48	[LOG_INFO]	Account,112.145.214.226
21:24:48	[LOG_INFO]	Game,112.145.214.226
21:24:48	[LOG_INFO]	[DBConfig.csv is loaded...]
21:24:48	[LOG_INFO]	[ServerConfig.csv is loading...]
21:24:48	[LOG_INFO]	string,int32_t,int32_t
21:24:48	[LOG_INFO]	Game,1,3000
21:24:48	[LOG_INFO]	[ServerConfig.csv is loaded...]
21:24:48	[LOG_CONNECT]	WorldDB is Connected
21:24:48	[LOG_DEBUG]	[Server Type]: Game
21:24:48	[LOG_DEBUG]	[GroupID]: 0
21:24:48	[LOG_DEBUG]	[WorldID]: 1
21:24:48	[LOG_DEBUG]	[ServerID]: 3000
21:24:48	[LOG_INFO]	[Data/CharacterAbilityByStat.csv is loading...]
21:24:48	[LOG_INFO]	uint8_t,uint8_t,uint8_t,uint8_t,uint8_t,uint8_t
21:24:48	[LOG_INFO]	8 ,2 ,10 ,0 ,7 ,3 
21:24:48	[LOG_INFO]	5 ,5 ,8 ,2 ,6 ,4 
21:24:48	[LOG_INFO]	3 ,7 ,0 ,10 ,3 ,7 
21:24:48	[LOG_INFO]	[Data/CharacterAbilityByStat.csv is loaded...]
21:24:48	[LOG_INFO]	[Data/CharacterCreateSpeedStat.csv is loading...]
21:24:48	[LOG_INFO]	float_t,float_t,float_t
21:24:48	[LOG_INFO]	10.0 ,5.0 ,11.6 
21:24:48	[LOG_INFO]	12.0 ,3.0 ,11.8 
21:24:48	[LOG_INFO]	5.0 ,10.0 ,11.4 
21:24:48	[LOG_INFO]	13.0 ,2.0 ,12.0 
21:24:48	[LOG_INFO]	[Data/CharacterCreateSpeedStat.csv is loaded...]
21:24:48	[LOG_INFO]	[Data/CharacterSkill.csv is loading...]
21:24:48	[LOG_INFO]	int32_t,uint8_t,uint8_t,int32_t,uint8_t,uint8_t,uint8_t,uint8_t,int32_t,int32_t,int32_t
21:24:48	[LOG_INFO]	0,0 ,2 ,1 ,6 ,4 ,0 ,4 ,1300 ,0 ,0 
21:24:48	[LOG_INFO]	1,1 ,2 ,1 ,6 ,4 ,0 ,1 ,1800 ,0 ,0 
21:24:48	[LOG_INFO]	2,2 ,3 ,1 ,7 ,5 ,0 ,1 ,1300 ,0 ,0 
21:24:48	[LOG_INFO]	3,3 ,2 ,1 ,6 ,4 ,0 ,3 ,900 ,0 ,0 
21:24:48	[LOG_INFO]	[Data/CharacterSkill.csv is loaded...]
21:24:48	[LOG_INFO]	[Data/Map_000.csv is loading...]
21:24:48	[LOG_INFO]	MinX: -22 minY: -10 maxX: 21 maxY: -1
21:24:48	[LOG_INFO]	[Data/Map_000.csv is loaded...]
21:24:48	[LOG_DEBUG]	Server is Running...
21:24:48	[LOG_DEBUG]	[Thread Num]: 41
21:24:48	[LOG_DEBUG]	[Port]: 9000
21:24:51	[LOG_CONNECT]	oid(0)	[ip]: 127.0.0.1
21:24:51	[LOG_CONNECT]	AccountDB is Connected
21:24:51	[LOG_CONNECT]	GameDB is Connected
21:24:56	[LOG_CONNECT]	oid(1)	[ip]: 127.0.0.1
21:25:43	[LOG_DISCONNECT]	oid(1)	
21:31:24	[LOG_DISCONNECT]	oid(0)	
21:32:34	[LOG_CONNECT]	oid(2)	[ip]: 127.0.0.1
21:32:34	[LOG_CONNECT]	GameDB is Connected
21:32:34	[LOG_CONNECT]	AccountDB is Connected
21:32:39	[LOG_CONNECT]	oid(3)	[ip]: 127.0.0.1
21:33:42	[LOG_DISCONNECT]	oid(2)	
21:33:44	[LOG_DISCONNECT]	oid(3)	
22:10:12	[LOG_CONNECT]	oid(4)	[ip]: 127.0.0.1
22:10:12	[LOG_CONNECT]	GameDB is Connected
22:10:12	[LOG_CONNECT]	AccountDB is Connected
22:10:19	[LOG_DISCONNECT]	oid(4)	
22:14:52	[LOG_CONNECT]	oid(5)	[ip]: 127.0.0.1
22:14:57	[LOG_CONNECT]	oid(6)	[ip]: 127.0.0.1
22:15:13	[LOG_DISCONNECT]	oid(5)	
22:15:14	[LOG_DISCONNECT]	oid(6)	
22:17:32	[LOG_CONNECT]	oid(7)	[ip]: 127.0.0.1
22:17:33	[LOG_CONNECT]	oid(8)	[ip]: 127.0.0.1
22:18:38	[LOG_DISCONNECT]	oid(7)	
22:18:40	[LOG_DISCONNECT]	oid(8)	
