14:52:23	[LOG_INFO]	[DBConfig.csv is loading...]
14:52:23	[LOG_INFO]	string,string
14:52:23	[LOG_INFO]	World,112.145.214.226
14:52:23	[LOG_INFO]	Account,112.145.214.226
14:52:23	[LOG_INFO]	Game,112.145.214.226
14:52:23	[LOG_INFO]	[DBConfig.csv is loaded...]
14:52:23	[LOG_INFO]	[ServerConfig.csv is loading...]
14:52:23	[LOG_INFO]	string,int32_t,int32_t
14:52:23	[LOG_INFO]	Game,1,3000
14:52:23	[LOG_INFO]	[ServerConfig.csv is loaded...]
14:52:24	[LOG_CONNECT]	WorldDB is Connected
14:52:24	[LOG_DEBUG]	[Server Type]: Game
14:52:24	[LOG_DEBUG]	[GroupID]: 0
14:52:24	[LOG_DEBUG]	[WorldID]: 1
14:52:24	[LOG_DEBUG]	[ServerID]: 3000
14:52:24	[LOG_INFO]	[Data/CharacterAbilityByStat.csv is loading...]
14:52:24	[LOG_INFO]	uint8_t,uint8_t,uint8_t,uint8_t,uint8_t,uint8_t
14:52:24	[LOG_INFO]	8 ,2 ,10 ,0 ,7 ,3 
14:52:24	[LOG_INFO]	5 ,5 ,8 ,2 ,6 ,4 
14:52:24	[LOG_INFO]	3 ,7 ,0 ,10 ,3 ,7 
14:52:24	[LOG_INFO]	[Data/CharacterAbilityByStat.csv is loaded...]
14:52:24	[LOG_DEBUG]	Server is Running...
14:52:24	[LOG_DEBUG]	[Thread Num]: 17
14:52:24	[LOG_DEBUG]	[Port]: 9000
14:57:47	[LOG_INFO]	[DBConfig.csv is loading...]
14:57:47	[LOG_INFO]	string,string
14:57:47	[LOG_INFO]	World,112.145.214.226
14:57:47	[LOG_INFO]	Account,112.145.214.226
14:57:47	[LOG_INFO]	Game,112.145.214.226
14:57:47	[LOG_INFO]	[DBConfig.csv is loaded...]
14:57:47	[LOG_INFO]	[ServerConfig.csv is loading...]
14:57:47	[LOG_INFO]	string,int32_t,int32_t
14:57:47	[LOG_INFO]	Game,1,3000
14:57:47	[LOG_INFO]	[ServerConfig.csv is loaded...]
14:57:47	[LOG_CONNECT]	WorldDB is Connected
14:57:47	[LOG_DEBUG]	[Server Type]: Game
14:57:47	[LOG_DEBUG]	[GroupID]: 0
14:57:47	[LOG_DEBUG]	[WorldID]: 1
14:57:47	[LOG_DEBUG]	[ServerID]: 3000
14:57:47	[LOG_INFO]	[Data/CharacterAbilityByStat.csv is loading...]
14:57:47	[LOG_INFO]	uint8_t,uint8_t,uint8_t,uint8_t,uint8_t,uint8_t
14:57:47	[LOG_INFO]	8 ,2 ,10 ,0 ,7 ,3 
14:57:47	[LOG_INFO]	5 ,5 ,8 ,2 ,6 ,4 
14:57:47	[LOG_INFO]	3 ,7 ,0 ,10 ,3 ,7 
14:57:47	[LOG_INFO]	[Data/CharacterAbilityByStat.csv is loaded...]
14:57:47	[LOG_DEBUG]	Server is Running...
14:57:47	[LOG_DEBUG]	[Thread Num]: 17
14:57:47	[LOG_DEBUG]	[Port]: 9000
14:58:10	[LOG_CONNECT]	oid(0)	[ip]: 127.0.0.1
14:58:10	[LOG_CONNECT]	AccountDB is Connected
14:58:10	[LOG_CONNECT]	GameDB is Connected
14:58:25	[LOG_DISCONNECT]	oid(0)	
14:58:41	[LOG_CONNECT]	oid(1)	[ip]: 127.0.0.1
14:58:45	[LOG_DISCONNECT]	oid(1)	
14:58:57	[LOG_CONNECT]	oid(2)	[ip]: 127.0.0.1
14:59:00	[LOG_DISCONNECT]	oid(2)	
15:15:38	[LOG_INFO]	[DBConfig.csv is loading...]
15:15:38	[LOG_INFO]	string,string
15:15:38	[LOG_INFO]	World,112.145.214.226
15:15:38	[LOG_INFO]	Account,112.145.214.226
15:15:38	[LOG_INFO]	Game,112.145.214.226
15:15:38	[LOG_INFO]	[DBConfig.csv is loaded...]
15:15:38	[LOG_INFO]	[ServerConfig.csv is loading...]
15:15:38	[LOG_INFO]	string,int32_t,int32_t
15:15:38	[LOG_INFO]	Game,1,3000
15:15:38	[LOG_INFO]	[ServerConfig.csv is loaded...]
15:15:38	[LOG_CONNECT]	WorldDB is Connected
15:15:38	[LOG_DEBUG]	[Server Type]: Game
15:15:38	[LOG_DEBUG]	[GroupID]: 0
15:15:38	[LOG_DEBUG]	[WorldID]: 1
15:15:38	[LOG_DEBUG]	[ServerID]: 3000
15:15:38	[LOG_INFO]	[Data/CharacterAbilityByStat.csv is loading...]
15:15:38	[LOG_INFO]	uint8_t,uint8_t,uint8_t,uint8_t,uint8_t,uint8_t
15:15:38	[LOG_INFO]	8 ,2 ,10 ,0 ,7 ,3 
15:15:38	[LOG_INFO]	5 ,5 ,8 ,2 ,6 ,4 
15:15:38	[LOG_INFO]	3 ,7 ,0 ,10 ,3 ,7 
15:15:38	[LOG_INFO]	[Data/CharacterAbilityByStat.csv is loaded...]
15:15:38	[LOG_DEBUG]	Server is Running...
15:15:38	[LOG_DEBUG]	[Thread Num]: 17
15:15:38	[LOG_DEBUG]	[Port]: 9000
15:15:42	[LOG_CONNECT]	oid(0)	[ip]: 127.0.0.1
15:15:42	[LOG_CONNECT]	AccountDB is Connected
15:15:42	[LOG_CONNECT]	GameDB is Connected
