22:28:43	[LOG_INFO]	[DBConfig.csv is loading...]
22:28:43	[LOG_INFO]	string,string
22:28:43	[LOG_INFO]	World,112.145.214.226
22:28:43	[LOG_INFO]	Account,112.145.214.226
22:28:43	[LOG_INFO]	Game,112.145.214.226
22:28:43	[LOG_INFO]	[DBConfig.csv is loaded...]
22:28:43	[LOG_INFO]	[ServerConfig.csv is loading...]
22:28:43	[LOG_INFO]	string,int32_t,int32_t
22:28:43	[LOG_INFO]	Game,1,3000
22:28:43	[LOG_INFO]	[ServerConfig.csv is loaded...]
22:28:43	[LOG_CONNECT]	WorldDB is Connected
22:28:43	[LOG_DEBUG]	[Server Type]: Game
22:28:43	[LOG_DEBUG]	[GroupID]: 0
22:28:43	[LOG_DEBUG]	[WorldID]: 1
22:28:43	[LOG_DEBUG]	[ServerID]: 3000
22:28:43	[LOG_INFO]	[Data/CharacterAbilityByStat.csv is loading...]
22:28:43	[LOG_INFO]	uint8_t,uint8_t,uint8_t,uint8_t,uint8_t,uint8_t
22:28:43	[LOG_INFO]	8 ,2 ,10 ,0 ,7 ,3 
22:28:43	[LOG_INFO]	5 ,5 ,8 ,2 ,6 ,4 
22:28:43	[LOG_INFO]	3 ,7 ,0 ,10 ,3 ,7 
22:28:43	[LOG_INFO]	[Data/CharacterAbilityByStat.csv is loaded...]
22:28:43	[LOG_INFO]	[Data/CharacterCreateSpeedStat.csv is loading...]
22:28:43	[LOG_INFO]	float_t,float_t,float_t
22:28:43	[LOG_INFO]	10.0 ,5.0 ,9.0 
22:28:43	[LOG_INFO]	12.0 ,3.0 ,10.0 
22:28:43	[LOG_INFO]	5.0 ,10.0 ,8.0 
22:28:43	[LOG_INFO]	13.0 ,2.0 ,11.0 
22:28:43	[LOG_INFO]	[Data/CharacterCreateSpeedStat.csv is loaded...]
22:28:43	[LOG_INFO]	[Data/Map_000.csv is loading...]
22:28:43	[LOG_INFO]	MinX: -22 minY: -10 maxX: 21 maxY: -1
22:28:43	[LOG_INFO]	[Data/Map_000.csv is loaded...]
22:28:43	[LOG_DEBUG]	Server is Running...
22:28:43	[LOG_DEBUG]	[Thread Num]: 41
22:28:43	[LOG_DEBUG]	[Port]: 9000
22:28:53	[LOG_CONNECT]	oid(0)	[ip]: 127.0.0.1
22:28:53	[LOG_CONNECT]	AccountDB is Connected
22:28:53	[LOG_CONNECT]	GameDB is Connected
22:29:09	[LOG_DISCONNECT]	oid(0)	
23:04:26	[LOG_INFO]	[DBConfig.csv is loading...]
23:04:26	[LOG_INFO]	string,string
23:04:26	[LOG_INFO]	World,112.145.214.226
23:04:26	[LOG_INFO]	Account,112.145.214.226
23:04:26	[LOG_INFO]	Game,112.145.214.226
23:04:26	[LOG_INFO]	[DBConfig.csv is loaded...]
23:04:26	[LOG_INFO]	[ServerConfig.csv is loading...]
23:04:26	[LOG_INFO]	string,int32_t,int32_t
23:04:26	[LOG_INFO]	Game,1,3000
23:04:26	[LOG_INFO]	[ServerConfig.csv is loaded...]
23:04:26	[LOG_CONNECT]	WorldDB is Connected
23:04:26	[LOG_DEBUG]	[Server Type]: Game
23:04:26	[LOG_DEBUG]	[GroupID]: 0
23:04:26	[LOG_DEBUG]	[WorldID]: 1
23:04:26	[LOG_DEBUG]	[ServerID]: 3000
23:04:26	[LOG_INFO]	[Data/CharacterAbilityByStat.csv is loading...]
23:04:26	[LOG_INFO]	uint8_t,uint8_t,uint8_t,uint8_t,uint8_t,uint8_t
23:04:26	[LOG_INFO]	8 ,2 ,10 ,0 ,7 ,3 
23:04:26	[LOG_INFO]	5 ,5 ,8 ,2 ,6 ,4 
23:04:26	[LOG_INFO]	3 ,7 ,0 ,10 ,3 ,7 
23:04:26	[LOG_INFO]	[Data/CharacterAbilityByStat.csv is loaded...]
23:04:26	[LOG_INFO]	[Data/CharacterCreateSpeedStat.csv is loading...]
23:04:26	[LOG_INFO]	float_t,float_t,float_t
23:04:26	[LOG_INFO]	10.0 ,5.0 ,9.0 
23:04:26	[LOG_INFO]	12.0 ,3.0 ,10.0 
23:04:26	[LOG_INFO]	5.0 ,10.0 ,8.0 
23:04:26	[LOG_INFO]	13.0 ,2.0 ,11.0 
23:04:26	[LOG_INFO]	[Data/CharacterCreateSpeedStat.csv is loaded...]
23:04:26	[LOG_INFO]	[Data/Map_000.csv is loading...]
23:04:26	[LOG_INFO]	MinX: -22 minY: -10 maxX: 21 maxY: -1
23:04:26	[LOG_INFO]	[Data/Map_000.csv is loaded...]
23:04:26	[LOG_DEBUG]	Server is Running...
23:04:26	[LOG_DEBUG]	[Thread Num]: 41
23:04:26	[LOG_DEBUG]	[Port]: 9000
23:04:32	[LOG_CONNECT]	oid(0)	[ip]: 127.0.0.1
23:04:32	[LOG_CONNECT]	AccountDB is Connected
23:04:32	[LOG_CONNECT]	GameDB is Connected
23:10:19	[LOG_INFO]	[DBConfig.csv is loading...]
23:10:19	[LOG_INFO]	string,string
23:10:19	[LOG_INFO]	World,112.145.214.226
23:10:19	[LOG_INFO]	Account,112.145.214.226
23:10:19	[LOG_INFO]	Game,112.145.214.226
23:10:19	[LOG_INFO]	[DBConfig.csv is loaded...]
23:10:19	[LOG_INFO]	[ServerConfig.csv is loading...]
23:10:19	[LOG_INFO]	string,int32_t,int32_t
23:10:19	[LOG_INFO]	Game,1,3000
23:10:19	[LOG_INFO]	[ServerConfig.csv is loaded...]
23:10:19	[LOG_CONNECT]	WorldDB is Connected
23:10:19	[LOG_DEBUG]	[Server Type]: Game
23:10:19	[LOG_DEBUG]	[GroupID]: 0
23:10:19	[LOG_DEBUG]	[WorldID]: 1
23:10:19	[LOG_DEBUG]	[ServerID]: 3000
23:10:19	[LOG_INFO]	[Data/CharacterAbilityByStat.csv is loading...]
23:10:19	[LOG_INFO]	uint8_t,uint8_t,uint8_t,uint8_t,uint8_t,uint8_t
23:10:19	[LOG_INFO]	8 ,2 ,10 ,0 ,7 ,3 
23:10:19	[LOG_INFO]	5 ,5 ,8 ,2 ,6 ,4 
23:10:19	[LOG_INFO]	3 ,7 ,0 ,10 ,3 ,7 
23:10:19	[LOG_INFO]	[Data/CharacterAbilityByStat.csv is loaded...]
23:10:19	[LOG_INFO]	[Data/CharacterCreateSpeedStat.csv is loading...]
23:10:19	[LOG_INFO]	float_t,float_t,float_t
23:10:19	[LOG_INFO]	10.0 ,5.0 ,9.0 
23:10:19	[LOG_INFO]	12.0 ,3.0 ,10.0 
23:10:19	[LOG_INFO]	5.0 ,10.0 ,8.0 
23:10:19	[LOG_INFO]	13.0 ,2.0 ,11.0 
23:10:19	[LOG_INFO]	[Data/CharacterCreateSpeedStat.csv is loaded...]
23:10:19	[LOG_INFO]	[Data/Map_000.csv is loading...]
23:10:19	[LOG_INFO]	MinX: -22 minY: -10 maxX: 21 maxY: -1
23:10:19	[LOG_INFO]	[Data/Map_000.csv is loaded...]
23:10:19	[LOG_DEBUG]	Server is Running...
23:10:19	[LOG_DEBUG]	[Thread Num]: 41
23:10:19	[LOG_DEBUG]	[Port]: 9000
23:10:31	[LOG_CONNECT]	oid(0)	[ip]: 127.0.0.1
23:10:31	[LOG_CONNECT]	AccountDB is Connected
23:10:31	[LOG_CONNECT]	GameDB is Connected
23:13:20	[LOG_INFO]	[DBConfig.csv is loading...]
23:13:20	[LOG_INFO]	string,string
23:13:20	[LOG_INFO]	World,112.145.214.226
23:13:20	[LOG_INFO]	Account,112.145.214.226
23:13:20	[LOG_INFO]	Game,112.145.214.226
23:13:20	[LOG_INFO]	[DBConfig.csv is loaded...]
23:13:20	[LOG_INFO]	[ServerConfig.csv is loading...]
23:13:20	[LOG_INFO]	string,int32_t,int32_t
23:13:20	[LOG_INFO]	Game,1,3000
23:13:20	[LOG_INFO]	[ServerConfig.csv is loaded...]
23:13:20	[LOG_CONNECT]	WorldDB is Connected
23:13:20	[LOG_DEBUG]	[Server Type]: Game
23:13:20	[LOG_DEBUG]	[GroupID]: 0
23:13:20	[LOG_DEBUG]	[WorldID]: 1
23:13:20	[LOG_DEBUG]	[ServerID]: 3000
23:13:20	[LOG_INFO]	[Data/CharacterAbilityByStat.csv is loading...]
23:13:20	[LOG_INFO]	uint8_t,uint8_t,uint8_t,uint8_t,uint8_t,uint8_t
23:13:20	[LOG_INFO]	8 ,2 ,10 ,0 ,7 ,3 
23:13:20	[LOG_INFO]	5 ,5 ,8 ,2 ,6 ,4 
23:13:20	[LOG_INFO]	3 ,7 ,0 ,10 ,3 ,7 
23:13:20	[LOG_INFO]	[Data/CharacterAbilityByStat.csv is loaded...]
23:13:20	[LOG_INFO]	[Data/CharacterCreateSpeedStat.csv is loading...]
23:13:20	[LOG_INFO]	float_t,float_t,float_t
23:13:20	[LOG_INFO]	10.0 ,5.0 ,9.0 
23:13:20	[LOG_INFO]	12.0 ,3.0 ,10.0 
23:13:20	[LOG_INFO]	5.0 ,10.0 ,8.0 
23:13:20	[LOG_INFO]	13.0 ,2.0 ,11.0 
23:13:20	[LOG_INFO]	[Data/CharacterCreateSpeedStat.csv is loaded...]
23:13:20	[LOG_INFO]	[Data/Map_000.csv is loading...]
23:13:20	[LOG_INFO]	MinX: -22 minY: -10 maxX: 21 maxY: -1
23:13:20	[LOG_INFO]	[Data/Map_000.csv is loaded...]
23:13:20	[LOG_DEBUG]	Server is Running...
23:13:20	[LOG_DEBUG]	[Thread Num]: 41
23:13:20	[LOG_DEBUG]	[Port]: 9000
23:13:32	[LOG_CONNECT]	oid(0)	[ip]: 127.0.0.1
23:13:32	[LOG_CONNECT]	AccountDB is Connected
23:13:32	[LOG_CONNECT]	GameDB is Connected
23:13:42	[LOG_DISCONNECT]	oid(0)	
23:14:00	[LOG_INFO]	[DBConfig.csv is loading...]
23:14:00	[LOG_INFO]	string,string
23:14:00	[LOG_INFO]	World,112.145.214.226
23:14:00	[LOG_INFO]	Account,112.145.214.226
23:14:00	[LOG_INFO]	Game,112.145.214.226
23:14:00	[LOG_INFO]	[DBConfig.csv is loaded...]
23:14:00	[LOG_INFO]	[ServerConfig.csv is loading...]
23:14:00	[LOG_INFO]	string,int32_t,int32_t
23:14:00	[LOG_INFO]	Game,1,3000
23:14:00	[LOG_INFO]	[ServerConfig.csv is loaded...]
23:14:00	[LOG_CONNECT]	WorldDB is Connected
23:14:00	[LOG_DEBUG]	[Server Type]: Game
23:14:00	[LOG_DEBUG]	[GroupID]: 0
23:14:00	[LOG_DEBUG]	[WorldID]: 1
23:14:00	[LOG_DEBUG]	[ServerID]: 3000
23:14:00	[LOG_INFO]	[Data/CharacterAbilityByStat.csv is loading...]
23:14:00	[LOG_INFO]	uint8_t,uint8_t,uint8_t,uint8_t,uint8_t,uint8_t
23:14:00	[LOG_INFO]	8 ,2 ,10 ,0 ,7 ,3 
23:14:00	[LOG_INFO]	5 ,5 ,8 ,2 ,6 ,4 
23:14:00	[LOG_INFO]	3 ,7 ,0 ,10 ,3 ,7 
23:14:00	[LOG_INFO]	[Data/CharacterAbilityByStat.csv is loaded...]
23:14:00	[LOG_INFO]	[Data/CharacterCreateSpeedStat.csv is loading...]
23:14:00	[LOG_INFO]	float_t,float_t,float_t
23:14:00	[LOG_INFO]	10.0 ,5.0 ,9.0 
23:14:00	[LOG_INFO]	12.0 ,3.0 ,10.0 
23:14:00	[LOG_INFO]	5.0 ,10.0 ,8.0 
23:14:00	[LOG_INFO]	13.0 ,2.0 ,11.0 
23:14:00	[LOG_INFO]	[Data/CharacterCreateSpeedStat.csv is loaded...]
23:14:00	[LOG_INFO]	[Data/Map_000.csv is loading...]
23:14:00	[LOG_INFO]	MinX: -22 minY: -10 maxX: 21 maxY: -1
23:14:00	[LOG_INFO]	[Data/Map_000.csv is loaded...]
23:14:00	[LOG_DEBUG]	Server is Running...
23:14:00	[LOG_DEBUG]	[Thread Num]: 41
23:14:00	[LOG_DEBUG]	[Port]: 9000
23:14:10	[LOG_CONNECT]	oid(0)	[ip]: 127.0.0.1
23:14:10	[LOG_CONNECT]	AccountDB is Connected
23:14:10	[LOG_CONNECT]	GameDB is Connected
23:16:17	[LOG_DISCONNECT]	oid(0)	
23:17:35	[LOG_INFO]	[DBConfig.csv is loading...]
23:17:35	[LOG_INFO]	string,string
23:17:35	[LOG_INFO]	World,112.145.214.226
23:17:35	[LOG_INFO]	Account,112.145.214.226
23:17:35	[LOG_INFO]	Game,112.145.214.226
23:17:35	[LOG_INFO]	[DBConfig.csv is loaded...]
23:17:35	[LOG_INFO]	[ServerConfig.csv is loading...]
23:17:35	[LOG_INFO]	string,int32_t,int32_t
23:17:35	[LOG_INFO]	Game,1,3000
23:17:35	[LOG_INFO]	[ServerConfig.csv is loaded...]
23:17:35	[LOG_CONNECT]	WorldDB is Connected
23:17:35	[LOG_DEBUG]	[Server Type]: Game
23:17:35	[LOG_DEBUG]	[GroupID]: 0
23:17:35	[LOG_DEBUG]	[WorldID]: 1
23:17:35	[LOG_DEBUG]	[ServerID]: 3000
23:17:35	[LOG_INFO]	[Data/CharacterAbilityByStat.csv is loading...]
23:17:35	[LOG_INFO]	uint8_t,uint8_t,uint8_t,uint8_t,uint8_t,uint8_t
23:17:35	[LOG_INFO]	8 ,2 ,10 ,0 ,7 ,3 
23:17:35	[LOG_INFO]	5 ,5 ,8 ,2 ,6 ,4 
23:17:35	[LOG_INFO]	3 ,7 ,0 ,10 ,3 ,7 
23:17:35	[LOG_INFO]	[Data/CharacterAbilityByStat.csv is loaded...]
23:17:35	[LOG_INFO]	[Data/CharacterCreateSpeedStat.csv is loading...]
23:17:35	[LOG_INFO]	float_t,float_t,float_t
23:17:35	[LOG_INFO]	10.0 ,5.0 ,9.0 
23:17:35	[LOG_INFO]	12.0 ,3.0 ,10.0 
23:17:35	[LOG_INFO]	5.0 ,10.0 ,8.0 
23:17:35	[LOG_INFO]	13.0 ,2.0 ,11.0 
23:17:35	[LOG_INFO]	[Data/CharacterCreateSpeedStat.csv is loaded...]
23:17:35	[LOG_INFO]	[Data/Map_000.csv is loading...]
23:17:35	[LOG_INFO]	MinX: -22 minY: -10 maxX: 21 maxY: -1
23:17:35	[LOG_INFO]	[Data/Map_000.csv is loaded...]
23:17:35	[LOG_DEBUG]	Server is Running...
23:17:35	[LOG_DEBUG]	[Thread Num]: 41
23:17:35	[LOG_DEBUG]	[Port]: 9000
23:17:48	[LOG_CONNECT]	oid(0)	[ip]: 127.0.0.1
23:17:48	[LOG_CONNECT]	AccountDB is Connected
23:17:48	[LOG_CONNECT]	GameDB is Connected
23:18:21	[LOG_INFO]	[DBConfig.csv is loading...]
23:18:21	[LOG_INFO]	string,string
23:18:21	[LOG_INFO]	World,112.145.214.226
23:18:21	[LOG_INFO]	Account,112.145.214.226
23:18:21	[LOG_INFO]	Game,112.145.214.226
23:18:21	[LOG_INFO]	[DBConfig.csv is loaded...]
23:18:21	[LOG_INFO]	[ServerConfig.csv is loading...]
23:18:21	[LOG_INFO]	string,int32_t,int32_t
23:18:21	[LOG_INFO]	Game,1,3000
23:18:21	[LOG_INFO]	[ServerConfig.csv is loaded...]
23:18:21	[LOG_CONNECT]	WorldDB is Connected
23:18:21	[LOG_DEBUG]	[Server Type]: Game
23:18:21	[LOG_DEBUG]	[GroupID]: 0
23:18:21	[LOG_DEBUG]	[WorldID]: 1
23:18:21	[LOG_DEBUG]	[ServerID]: 3000
23:18:21	[LOG_INFO]	[Data/CharacterAbilityByStat.csv is loading...]
23:18:21	[LOG_INFO]	uint8_t,uint8_t,uint8_t,uint8_t,uint8_t,uint8_t
23:18:21	[LOG_INFO]	8 ,2 ,10 ,0 ,7 ,3 
23:18:21	[LOG_INFO]	5 ,5 ,8 ,2 ,6 ,4 
23:18:21	[LOG_INFO]	3 ,7 ,0 ,10 ,3 ,7 
23:18:21	[LOG_INFO]	[Data/CharacterAbilityByStat.csv is loaded...]
23:18:21	[LOG_INFO]	[Data/CharacterCreateSpeedStat.csv is loading...]
23:18:21	[LOG_INFO]	float_t,float_t,float_t
23:18:21	[LOG_INFO]	10.0 ,5.0 ,9.0 
23:18:21	[LOG_INFO]	12.0 ,3.0 ,10.0 
23:18:21	[LOG_INFO]	5.0 ,10.0 ,8.0 
23:18:21	[LOG_INFO]	13.0 ,2.0 ,11.0 
23:18:21	[LOG_INFO]	[Data/CharacterCreateSpeedStat.csv is loaded...]
23:18:21	[LOG_INFO]	[Data/Map_000.csv is loading...]
23:18:21	[LOG_INFO]	MinX: -22 minY: -10 maxX: 21 maxY: -1
23:18:21	[LOG_INFO]	[Data/Map_000.csv is loaded...]
23:18:21	[LOG_DEBUG]	Server is Running...
23:18:21	[LOG_DEBUG]	[Thread Num]: 41
23:18:21	[LOG_DEBUG]	[Port]: 9000
23:18:29	[LOG_CONNECT]	oid(0)	[ip]: 127.0.0.1
23:18:29	[LOG_CONNECT]	AccountDB is Connected
23:18:29	[LOG_CONNECT]	GameDB is Connected
23:21:19	[LOG_DISCONNECT]	oid(0)	
23:26:01	[LOG_INFO]	[DBConfig.csv is loading...]
23:26:01	[LOG_INFO]	string,string
23:26:01	[LOG_INFO]	World,112.145.214.226
23:26:01	[LOG_INFO]	Account,112.145.214.226
23:26:01	[LOG_INFO]	Game,112.145.214.226
23:26:01	[LOG_INFO]	[DBConfig.csv is loaded...]
23:26:01	[LOG_INFO]	[ServerConfig.csv is loading...]
23:26:01	[LOG_INFO]	string,int32_t,int32_t
23:26:01	[LOG_INFO]	Game,1,3000
23:26:01	[LOG_INFO]	[ServerConfig.csv is loaded...]
23:26:01	[LOG_CONNECT]	WorldDB is Connected
23:26:01	[LOG_DEBUG]	[Server Type]: Game
23:26:01	[LOG_DEBUG]	[GroupID]: 0
23:26:01	[LOG_DEBUG]	[WorldID]: 1
23:26:01	[LOG_DEBUG]	[ServerID]: 3000
23:26:01	[LOG_INFO]	[Data/CharacterAbilityByStat.csv is loading...]
23:26:01	[LOG_INFO]	uint8_t,uint8_t,uint8_t,uint8_t,uint8_t,uint8_t
23:26:01	[LOG_INFO]	8 ,2 ,10 ,0 ,7 ,3 
23:26:01	[LOG_INFO]	5 ,5 ,8 ,2 ,6 ,4 
23:26:01	[LOG_INFO]	3 ,7 ,0 ,10 ,3 ,7 
23:26:01	[LOG_INFO]	[Data/CharacterAbilityByStat.csv is loaded...]
23:26:01	[LOG_INFO]	[Data/CharacterCreateSpeedStat.csv is loading...]
23:26:01	[LOG_INFO]	float_t,float_t,float_t
23:26:01	[LOG_INFO]	10.0 ,5.0 ,9.0 
23:26:01	[LOG_INFO]	12.0 ,3.0 ,10.0 
23:26:01	[LOG_INFO]	5.0 ,10.0 ,8.0 
23:26:01	[LOG_INFO]	13.0 ,2.0 ,11.0 
23:26:01	[LOG_INFO]	[Data/CharacterCreateSpeedStat.csv is loaded...]
23:26:01	[LOG_INFO]	[Data/Map_000.csv is loading...]
23:26:01	[LOG_INFO]	MinX: -22 minY: -10 maxX: 21 maxY: -1
23:26:01	[LOG_INFO]	[Data/Map_000.csv is loaded...]
23:26:01	[LOG_DEBUG]	Server is Running...
23:26:01	[LOG_DEBUG]	[Thread Num]: 41
23:26:01	[LOG_DEBUG]	[Port]: 9000
23:26:44	[LOG_CONNECT]	oid(0)	[ip]: 127.0.0.1
23:26:44	[LOG_CONNECT]	AccountDB is Connected
23:26:44	[LOG_CONNECT]	GameDB is Connected
23:27:24	[LOG_DISCONNECT]	oid(0)	
23:28:07	[LOG_CONNECT]	oid(1)	[ip]: 127.0.0.1
23:28:07	[LOG_CONNECT]	GameDB is Connected
23:28:07	[LOG_CONNECT]	AccountDB is Connected
23:28:40	[LOG_DISCONNECT]	oid(1)	
23:29:27	[LOG_CONNECT]	oid(2)	[ip]: 127.0.0.1
23:33:06	[LOG_DISCONNECT]	oid(2)	
23:33:42	[LOG_CONNECT]	oid(3)	[ip]: 127.0.0.1
23:33:42	[LOG_CONNECT]	GameDB is Connected
23:33:42	[LOG_CONNECT]	AccountDB is Connected
23:34:04	[LOG_DISCONNECT]	oid(3)	
23:34:19	[LOG_CONNECT]	oid(4)	[ip]: 127.0.0.1
23:40:08	[LOG_DISCONNECT]	oid(4)	
23:40:26	[LOG_CONNECT]	oid(5)	[ip]: 127.0.0.1
23:40:26	[LOG_CONNECT]	GameDB is Connected
23:40:26	[LOG_CONNECT]	AccountDB is Connected
23:41:04	[LOG_DISCONNECT]	oid(5)	
23:42:28	[LOG_CONNECT]	oid(6)	[ip]: 127.0.0.1
23:45:19	[LOG_INFO]	[DBConfig.csv is loading...]
23:45:19	[LOG_INFO]	string,string
23:45:19	[LOG_INFO]	World,112.145.214.226
23:45:19	[LOG_INFO]	Account,112.145.214.226
23:45:19	[LOG_INFO]	Game,112.145.214.226
23:45:19	[LOG_INFO]	[DBConfig.csv is loaded...]
23:45:19	[LOG_INFO]	[ServerConfig.csv is loading...]
23:45:19	[LOG_INFO]	string,int32_t,int32_t
23:45:19	[LOG_INFO]	Game,1,3000
23:45:19	[LOG_INFO]	[ServerConfig.csv is loaded...]
23:45:19	[LOG_CONNECT]	WorldDB is Connected
23:45:19	[LOG_DEBUG]	[Server Type]: Game
23:45:19	[LOG_DEBUG]	[GroupID]: 0
23:45:19	[LOG_DEBUG]	[WorldID]: 1
23:45:19	[LOG_DEBUG]	[ServerID]: 3000
23:45:19	[LOG_INFO]	[Data/CharacterAbilityByStat.csv is loading...]
23:45:19	[LOG_INFO]	uint8_t,uint8_t,uint8_t,uint8_t,uint8_t,uint8_t
23:45:19	[LOG_INFO]	8 ,2 ,10 ,0 ,7 ,3 
23:45:19	[LOG_INFO]	5 ,5 ,8 ,2 ,6 ,4 
23:45:19	[LOG_INFO]	3 ,7 ,0 ,10 ,3 ,7 
23:45:19	[LOG_INFO]	[Data/CharacterAbilityByStat.csv is loaded...]
23:45:19	[LOG_INFO]	[Data/CharacterCreateSpeedStat.csv is loading...]
23:45:19	[LOG_INFO]	float_t,float_t,float_t
23:45:19	[LOG_INFO]	10.0 ,5.0 ,9.0 
23:45:19	[LOG_INFO]	12.0 ,3.0 ,10.0 
23:45:19	[LOG_INFO]	5.0 ,10.0 ,8.0 
23:45:19	[LOG_INFO]	13.0 ,2.0 ,11.0 
23:45:19	[LOG_INFO]	[Data/CharacterCreateSpeedStat.csv is loaded...]
23:45:19	[LOG_INFO]	[Data/Map_000.csv is loading...]
23:45:19	[LOG_INFO]	MinX: -22 minY: -10 maxX: 21 maxY: -1
23:45:19	[LOG_INFO]	[Data/Map_000.csv is loaded...]
23:45:19	[LOG_DEBUG]	Server is Running...
23:45:19	[LOG_DEBUG]	[Thread Num]: 41
23:45:19	[LOG_DEBUG]	[Port]: 9000
23:45:28	[LOG_CONNECT]	oid(0)	[ip]: 127.0.0.1
23:45:28	[LOG_CONNECT]	AccountDB is Connected
23:45:28	[LOG_CONNECT]	GameDB is Connected
23:47:02	[LOG_INFO]	[DBConfig.csv is loading...]
23:47:02	[LOG_INFO]	string,string
23:47:02	[LOG_INFO]	World,112.145.214.226
23:47:02	[LOG_INFO]	Account,112.145.214.226
23:47:02	[LOG_INFO]	Game,112.145.214.226
23:47:02	[LOG_INFO]	[DBConfig.csv is loaded...]
23:47:02	[LOG_INFO]	[ServerConfig.csv is loading...]
23:47:02	[LOG_INFO]	string,int32_t,int32_t
23:47:02	[LOG_INFO]	Game,1,3000
23:47:02	[LOG_INFO]	[ServerConfig.csv is loaded...]
23:47:02	[LOG_CONNECT]	WorldDB is Connected
23:47:02	[LOG_DEBUG]	[Server Type]: Game
23:47:02	[LOG_DEBUG]	[GroupID]: 0
23:47:02	[LOG_DEBUG]	[WorldID]: 1
23:47:02	[LOG_DEBUG]	[ServerID]: 3000
23:47:02	[LOG_INFO]	[Data/CharacterAbilityByStat.csv is loading...]
23:47:02	[LOG_INFO]	uint8_t,uint8_t,uint8_t,uint8_t,uint8_t,uint8_t
23:47:02	[LOG_INFO]	8 ,2 ,10 ,0 ,7 ,3 
23:47:02	[LOG_INFO]	5 ,5 ,8 ,2 ,6 ,4 
23:47:02	[LOG_INFO]	3 ,7 ,0 ,10 ,3 ,7 
23:47:02	[LOG_INFO]	[Data/CharacterAbilityByStat.csv is loaded...]
23:47:02	[LOG_INFO]	[Data/CharacterCreateSpeedStat.csv is loading...]
23:47:02	[LOG_INFO]	float_t,float_t,float_t
23:47:02	[LOG_INFO]	10.0 ,5.0 ,9.0 
23:47:02	[LOG_INFO]	12.0 ,3.0 ,10.0 
23:47:02	[LOG_INFO]	5.0 ,10.0 ,8.0 
23:47:02	[LOG_INFO]	13.0 ,2.0 ,11.0 
23:47:02	[LOG_INFO]	[Data/CharacterCreateSpeedStat.csv is loaded...]
23:47:02	[LOG_INFO]	[Data/Map_000.csv is loading...]
23:47:02	[LOG_INFO]	MinX: -22 minY: -10 maxX: 21 maxY: -1
23:47:02	[LOG_INFO]	[Data/Map_000.csv is loaded...]
23:47:02	[LOG_DEBUG]	Server is Running...
23:47:02	[LOG_DEBUG]	[Thread Num]: 41
23:47:02	[LOG_DEBUG]	[Port]: 9000
23:47:12	[LOG_CONNECT]	oid(0)	[ip]: 127.0.0.1
23:47:12	[LOG_CONNECT]	AccountDB is Connected
23:47:12	[LOG_CONNECT]	GameDB is Connected
23:47:25	[LOG_DISCONNECT]	oid(0)	
23:47:34	[LOG_CONNECT]	oid(1)	[ip]: 127.0.0.1
23:47:34	[LOG_CONNECT]	GameDB is Connected
23:47:34	[LOG_CONNECT]	AccountDB is Connected
23:51:52	[LOG_INFO]	[DBConfig.csv is loading...]
23:51:52	[LOG_INFO]	string,string
23:51:52	[LOG_INFO]	World,112.145.214.226
23:51:52	[LOG_INFO]	Account,112.145.214.226
23:51:52	[LOG_INFO]	Game,112.145.214.226
23:51:52	[LOG_INFO]	[DBConfig.csv is loaded...]
23:51:52	[LOG_INFO]	[ServerConfig.csv is loading...]
23:51:52	[LOG_INFO]	string,int32_t,int32_t
23:51:52	[LOG_INFO]	Game,1,3000
23:51:52	[LOG_INFO]	[ServerConfig.csv is loaded...]
23:51:52	[LOG_CONNECT]	WorldDB is Connected
23:51:52	[LOG_DEBUG]	[Server Type]: Game
23:51:52	[LOG_DEBUG]	[GroupID]: 0
23:51:52	[LOG_DEBUG]	[WorldID]: 1
23:51:52	[LOG_DEBUG]	[ServerID]: 3000
23:51:52	[LOG_INFO]	[Data/CharacterAbilityByStat.csv is loading...]
23:51:52	[LOG_INFO]	uint8_t,uint8_t,uint8_t,uint8_t,uint8_t,uint8_t
23:51:52	[LOG_INFO]	8 ,2 ,10 ,0 ,7 ,3 
23:51:52	[LOG_INFO]	5 ,5 ,8 ,2 ,6 ,4 
23:51:52	[LOG_INFO]	3 ,7 ,0 ,10 ,3 ,7 
23:51:52	[LOG_INFO]	[Data/CharacterAbilityByStat.csv is loaded...]
23:51:52	[LOG_INFO]	[Data/CharacterCreateSpeedStat.csv is loading...]
23:51:52	[LOG_INFO]	float_t,float_t,float_t
23:51:52	[LOG_INFO]	10.0 ,5.0 ,9.0 
23:51:52	[LOG_INFO]	12.0 ,3.0 ,10.0 
23:51:52	[LOG_INFO]	5.0 ,10.0 ,8.0 
23:51:52	[LOG_INFO]	13.0 ,2.0 ,11.0 
23:51:52	[LOG_INFO]	[Data/CharacterCreateSpeedStat.csv is loaded...]
23:51:52	[LOG_INFO]	[Data/Map_000.csv is loading...]
23:51:52	[LOG_INFO]	MinX: -22 minY: -10 maxX: 21 maxY: -1
23:51:52	[LOG_INFO]	[Data/Map_000.csv is loaded...]
23:51:52	[LOG_DEBUG]	Server is Running...
23:51:52	[LOG_DEBUG]	[Thread Num]: 41
23:51:52	[LOG_DEBUG]	[Port]: 9000
23:51:56	[LOG_CONNECT]	oid(0)	[ip]: 127.0.0.1
23:51:56	[LOG_CONNECT]	AccountDB is Connected
23:51:56	[LOG_CONNECT]	GameDB is Connected
