03:17:49	[LOG_INFO]	[ServerConfig.csv is loading...]
03:17:49	[LOG_INFO]	string,int,int,int
03:17:49	[LOG_INFO]	Login,0,1,1000
03:17:49	[LOG_INFO]	[ServerConfig.csv is loaded...]
03:17:49	[LOG_INFO]	[DBConfig.csv is loading...]
03:17:49	[LOG_INFO]	string,string
03:17:49	[LOG_INFO]	Account,112.145.214.226
03:17:49	[LOG_INFO]	[DBConfig.csv is loaded...]
03:17:49	[LOG_DEBUG]	Server is Running...
03:17:49	[LOG_DEBUG]	[Thread Num]: 17
03:17:49	[LOG_DEBUG]	[Port]: 7777
03:17:49	[LOG_DEBUG]	[Server Type]: Login
03:17:49	[LOG_DEBUG]	[GroupID]: 0
03:17:49	[LOG_DEBUG]	[WorldID]: 1
03:17:49	[LOG_DEBUG]	[ServerID]: 1000
03:17:49	[LOG_DEBUG]	[DBName]: Account
03:17:49	[LOG_DEBUG]	[DB IP]: 112.145.214.226

03:17:54	[LOG_CONNECT]	Connected
03:18:15	[LOG_ERROR]	Can't Connect
03:18:21	[LOG_INFO]	[ServerConfig.csv is loading...]
03:18:21	[LOG_INFO]	string,int,int,int
03:18:21	[LOG_INFO]	Login,0,1,1000
03:18:21	[LOG_INFO]	[ServerConfig.csv is loaded...]
03:18:21	[LOG_INFO]	[DBConfig.csv is loading...]
03:18:21	[LOG_INFO]	string,string
03:18:21	[LOG_INFO]	Account,112.145.214.226
03:18:21	[LOG_INFO]	[DBConfig.csv is loaded...]
03:18:21	[LOG_DEBUG]	Server is Running...
03:18:21	[LOG_DEBUG]	[Thread Num]: 17
03:18:21	[LOG_DEBUG]	[Port]: 7777
03:18:21	[LOG_DEBUG]	[Server Type]: Login
03:18:21	[LOG_DEBUG]	[GroupID]: 0
03:18:21	[LOG_DEBUG]	[WorldID]: 1
03:18:21	[LOG_DEBUG]	[ServerID]: 1000
03:18:21	[LOG_DEBUG]	[DBName]: Account
03:18:21	[LOG_DEBUG]	[DB IP]: 112.145.214.226

03:18:24	[LOG_CONNECT]	Connected
03:34:24	[LOG_INFO]	[ServerConfig.csv is loading...]
03:34:24	[LOG_INFO]	string,int,int,int
03:34:24	[LOG_INFO]	Login,0,1,1000
03:34:24	[LOG_INFO]	[ServerConfig.csv is loaded...]
03:34:24	[LOG_INFO]	[DBConfig.csv is loading...]
03:34:24	[LOG_INFO]	string,string
03:34:24	[LOG_INFO]	Account,112.145.214.226
03:34:24	[LOG_INFO]	[DBConfig.csv is loaded...]
03:34:25	[LOG_DEBUG]	Server is Running...
03:34:25	[LOG_DEBUG]	[Thread Num]: 17
03:34:25	[LOG_DEBUG]	[Port]: 7777
03:34:25	[LOG_DEBUG]	[Server Type]: Login
03:34:25	[LOG_DEBUG]	[GroupID]: 0
03:34:25	[LOG_DEBUG]	[WorldID]: 1
03:34:25	[LOG_DEBUG]	[ServerID]: 1000
03:34:25	[LOG_DEBUG]	[DBName]: Account
03:34:25	[LOG_DEBUG]	[DB IP]: 112.145.214.226

03:34:37	[LOG_CONNECT]	Connected
14:46:52	[LOG_INFO]	[ServerConfig.csv is loading...]
14:46:52	[LOG_INFO]	string,int,int,int
14:46:52	[LOG_INFO]	Login,0,1,1000
14:46:52	[LOG_INFO]	[ServerConfig.csv is loaded...]
14:46:52	[LOG_INFO]	[DBConfig.csv is loading...]
14:46:52	[LOG_INFO]	string,string
14:46:52	[LOG_INFO]	Account,112.145.214.226
14:46:52	[LOG_INFO]	[DBConfig.csv is loaded...]
14:46:52	[LOG_DEBUG]	Server is Running...
14:46:52	[LOG_DEBUG]	[Thread Num]: 17
14:46:52	[LOG_DEBUG]	[Port]: 7777
14:46:52	[LOG_DEBUG]	[Server Type]: Login
14:46:52	[LOG_DEBUG]	[GroupID]: 0
14:46:52	[LOG_DEBUG]	[WorldID]: 1
14:46:52	[LOG_DEBUG]	[ServerID]: 1000
14:46:52	[LOG_DEBUG]	[DBName]: Account
14:46:52	[LOG_DEBUG]	[DB IP]: 112.145.214.226

14:46:53	[LOG_ERROR]	Can't Connect
14:47:25	[LOG_INFO]	[ServerConfig.csv is loading...]
14:47:25	[LOG_INFO]	string,int,int,int
14:47:25	[LOG_INFO]	Login,0,1,1000
14:47:25	[LOG_INFO]	[ServerConfig.csv is loaded...]
14:47:25	[LOG_INFO]	[DBConfig.csv is loading...]
14:47:25	[LOG_INFO]	string,string
14:47:25	[LOG_INFO]	Account,112.145.214.226
14:47:25	[LOG_INFO]	[DBConfig.csv is loaded...]
14:47:25	[LOG_DEBUG]	Server is Running...
14:47:25	[LOG_DEBUG]	[Thread Num]: 17
14:47:25	[LOG_DEBUG]	[Port]: 7777
14:47:25	[LOG_DEBUG]	[Server Type]: Login
14:47:25	[LOG_DEBUG]	[GroupID]: 0
14:47:25	[LOG_DEBUG]	[WorldID]: 1
14:47:25	[LOG_DEBUG]	[ServerID]: 1000
14:47:25	[LOG_DEBUG]	[DBName]: Account
14:47:25	[LOG_DEBUG]	[DB IP]: 112.145.214.226

14:47:25	[LOG_ERROR]	Can't Connect
14:48:20	[LOG_INFO]	[ServerConfig.csv is loading...]
14:48:20	[LOG_INFO]	string,int,int,int
14:48:20	[LOG_INFO]	Login,0,1,1000
14:48:20	[LOG_INFO]	[ServerConfig.csv is loaded...]
14:48:20	[LOG_INFO]	[DBConfig.csv is loading...]
14:48:20	[LOG_INFO]	string,string
14:48:20	[LOG_INFO]	Account,112.145.214.226
14:48:20	[LOG_INFO]	[DBConfig.csv is loaded...]
14:48:20	[LOG_DEBUG]	Server is Running...
14:48:20	[LOG_DEBUG]	[Thread Num]: 17
14:48:20	[LOG_DEBUG]	[Port]: 7777
14:48:20	[LOG_DEBUG]	[Server Type]: Login
14:48:20	[LOG_DEBUG]	[GroupID]: 0
14:48:20	[LOG_DEBUG]	[WorldID]: 1
14:48:20	[LOG_DEBUG]	[ServerID]: 1000
14:48:20	[LOG_DEBUG]	[DBName]: Account
14:48:20	[LOG_DEBUG]	[DB IP]: 112.145.214.226

14:48:20	[LOG_CONNECT]	Connected
14:48:54	[LOG_INFO]	[ServerConfig.csv is loading...]
14:48:54	[LOG_INFO]	string,int,int,int
14:48:54	[LOG_INFO]	Login,0,1,1000
14:48:54	[LOG_INFO]	[ServerConfig.csv is loaded...]
14:48:54	[LOG_INFO]	[DBConfig.csv is loading...]
14:48:54	[LOG_INFO]	string,string
14:48:54	[LOG_INFO]	Account,112.145.214.226
14:48:54	[LOG_INFO]	[DBConfig.csv is loaded...]
14:48:54	[LOG_DEBUG]	Server is Running...
14:48:54	[LOG_DEBUG]	[Thread Num]: 17
14:48:54	[LOG_DEBUG]	[Port]: 7777
14:48:54	[LOG_DEBUG]	[Server Type]: Login
14:48:54	[LOG_DEBUG]	[GroupID]: 0
14:48:54	[LOG_DEBUG]	[WorldID]: 1
14:48:54	[LOG_DEBUG]	[ServerID]: 1000
14:48:54	[LOG_DEBUG]	[DBName]: Account
14:48:54	[LOG_DEBUG]	[DB IP]: 112.145.214.226

14:48:54	[LOG_CONNECT]	Connected
16:25:40	[LOG_INFO]	[ServerConfig.csv is loading...]
16:25:40	[LOG_INFO]	string,int,int,int
16:25:40	[LOG_INFO]	Login,0,1,1000
16:25:40	[LOG_INFO]	[ServerConfig.csv is loaded...]
16:25:40	[LOG_INFO]	[DBConfig.csv is loading...]
16:25:40	[LOG_INFO]	string,string
16:25:40	[LOG_INFO]	Account,112.145.214.226
16:25:40	[LOG_INFO]	[DBConfig.csv is loaded...]
16:25:40	[LOG_DEBUG]	Server is Running...
16:25:40	[LOG_DEBUG]	[Thread Num]: 17
16:25:40	[LOG_DEBUG]	[Port]: 7777
16:25:40	[LOG_DEBUG]	[Server Type]: Login
16:25:40	[LOG_DEBUG]	[GroupID]: 0
16:25:40	[LOG_DEBUG]	[WorldID]: 1
16:25:40	[LOG_DEBUG]	[ServerID]: 1000
16:25:40	[LOG_DEBUG]	[DBName]: Account
16:25:40	[LOG_DEBUG]	[DB IP]: 112.145.214.226

16:25:40	[LOG_CONNECT]	Connected
16:34:16	[LOG_INFO]	[ServerConfig.csv is loading...]
16:34:16	[LOG_INFO]	string,int,int,int
16:34:16	[LOG_INFO]	Login,0,1,1000
16:34:16	[LOG_INFO]	[ServerConfig.csv is loaded...]
16:34:16	[LOG_INFO]	[DBConfig.csv is loading...]
16:34:16	[LOG_INFO]	string,string
16:34:16	[LOG_INFO]	Account,112.145.214.226
16:34:16	[LOG_INFO]	[DBConfig.csv is loaded...]
16:34:16	[LOG_DEBUG]	Server is Running...
16:34:16	[LOG_DEBUG]	[Thread Num]: 17
16:34:16	[LOG_DEBUG]	[Port]: 7777
16:34:16	[LOG_DEBUG]	[Server Type]: Login
16:34:16	[LOG_DEBUG]	[GroupID]: 0
16:34:16	[LOG_DEBUG]	[WorldID]: 1
16:34:16	[LOG_DEBUG]	[ServerID]: 1000
16:34:16	[LOG_DEBUG]	[DBName]: Account
16:34:16	[LOG_DEBUG]	[DB IP]: 112.145.214.226

16:34:16	[LOG_CONNECT]	Connected
16:35:52	[LOG_INFO]	[ServerConfig.csv is loading...]
16:35:52	[LOG_INFO]	string,int,int,int
16:35:52	[LOG_INFO]	Login,0,1,1000
16:35:52	[LOG_INFO]	[ServerConfig.csv is loaded...]
16:35:52	[LOG_INFO]	[DBConfig.csv is loading...]
16:35:52	[LOG_INFO]	string,string
16:35:52	[LOG_INFO]	Account,112.145.214.226
16:35:52	[LOG_INFO]	[DBConfig.csv is loaded...]
16:35:52	[LOG_DEBUG]	Server is Running...
16:35:52	[LOG_DEBUG]	[Thread Num]: 17
16:35:52	[LOG_DEBUG]	[Port]: 7777
16:35:52	[LOG_DEBUG]	[Server Type]: Login
16:35:52	[LOG_DEBUG]	[GroupID]: 0
16:35:52	[LOG_DEBUG]	[WorldID]: 1
16:35:52	[LOG_DEBUG]	[ServerID]: 1000
16:35:52	[LOG_DEBUG]	[DBName]: Account
16:35:52	[LOG_DEBUG]	[DB IP]: 112.145.214.226

16:35:52	[LOG_CONNECT]	Connected
16:36:23	[LOG_INFO]	[ServerConfig.csv is loading...]
16:36:23	[LOG_INFO]	string,int,int,int
16:36:23	[LOG_INFO]	Login,0,1,1000
16:36:23	[LOG_INFO]	[ServerConfig.csv is loaded...]
16:36:23	[LOG_INFO]	[DBConfig.csv is loading...]
16:36:23	[LOG_INFO]	string,string
16:36:23	[LOG_INFO]	Account,112.145.214.226
16:36:23	[LOG_INFO]	[DBConfig.csv is loaded...]
16:36:23	[LOG_DEBUG]	Server is Running...
16:36:23	[LOG_DEBUG]	[Thread Num]: 17
16:36:23	[LOG_DEBUG]	[Port]: 7777
16:36:23	[LOG_DEBUG]	[Server Type]: Login
16:36:23	[LOG_DEBUG]	[GroupID]: 0
16:36:23	[LOG_DEBUG]	[WorldID]: 1
16:36:23	[LOG_DEBUG]	[ServerID]: 1000
16:36:23	[LOG_DEBUG]	[DBName]: Account
16:36:23	[LOG_DEBUG]	[DB IP]: 112.145.214.226

16:36:23	[LOG_CONNECT]	Connected
16:37:22	[LOG_INFO]	[ServerConfig.csv is loading...]
16:37:22	[LOG_INFO]	string,int,int,int
16:37:22	[LOG_INFO]	Login,0,1,1000
16:37:22	[LOG_INFO]	[ServerConfig.csv is loaded...]
16:37:22	[LOG_INFO]	[DBConfig.csv is loading...]
16:37:22	[LOG_INFO]	string,string
16:37:22	[LOG_INFO]	Account,112.145.214.226
16:37:22	[LOG_INFO]	[DBConfig.csv is loaded...]
16:37:22	[LOG_DEBUG]	Server is Running...
16:37:22	[LOG_DEBUG]	[Thread Num]: 17
16:37:22	[LOG_DEBUG]	[Port]: 7777
16:37:22	[LOG_DEBUG]	[Server Type]: Login
16:37:22	[LOG_DEBUG]	[GroupID]: 0
16:37:22	[LOG_DEBUG]	[WorldID]: 1
16:37:22	[LOG_DEBUG]	[ServerID]: 1000
16:37:22	[LOG_DEBUG]	[DBName]: Account
16:37:22	[LOG_DEBUG]	[DB IP]: 112.145.214.226

16:37:22	[LOG_CONNECT]	Connected
16:37:42	[LOG_INFO]	[ServerConfig.csv is loading...]
16:37:42	[LOG_INFO]	string,int,int,int
16:37:42	[LOG_INFO]	Login,0,1,1000
16:37:42	[LOG_INFO]	[ServerConfig.csv is loaded...]
16:37:42	[LOG_INFO]	[DBConfig.csv is loading...]
16:37:42	[LOG_INFO]	string,string
16:37:42	[LOG_INFO]	Account,112.145.214.226
16:37:42	[LOG_INFO]	[DBConfig.csv is loaded...]
16:37:42	[LOG_DEBUG]	Server is Running...
16:37:42	[LOG_DEBUG]	[Thread Num]: 17
16:37:42	[LOG_DEBUG]	[Port]: 7777
16:37:42	[LOG_DEBUG]	[Server Type]: Login
16:37:42	[LOG_DEBUG]	[GroupID]: 0
16:37:42	[LOG_DEBUG]	[WorldID]: 1
16:37:42	[LOG_DEBUG]	[ServerID]: 1000
16:37:42	[LOG_DEBUG]	[DBName]: Account
16:37:42	[LOG_DEBUG]	[DB IP]: 112.145.214.226

16:37:42	[LOG_CONNECT]	Connected
16:38:44	[LOG_INFO]	[ServerConfig.csv is loading...]
16:38:44	[LOG_INFO]	string,int,int,int
16:38:44	[LOG_INFO]	Login,0,1,1000
16:38:44	[LOG_INFO]	[ServerConfig.csv is loaded...]
16:38:44	[LOG_INFO]	[DBConfig.csv is loading...]
16:38:44	[LOG_INFO]	string,string
16:38:44	[LOG_INFO]	Account,112.145.214.226
16:38:44	[LOG_INFO]	[DBConfig.csv is loaded...]
16:38:44	[LOG_DEBUG]	Server is Running...
16:38:44	[LOG_DEBUG]	[Thread Num]: 17
16:38:44	[LOG_DEBUG]	[Port]: 7777
16:38:44	[LOG_DEBUG]	[Server Type]: Login
16:38:44	[LOG_DEBUG]	[GroupID]: 0
16:38:44	[LOG_DEBUG]	[WorldID]: 1
16:38:44	[LOG_DEBUG]	[ServerID]: 1000
16:38:44	[LOG_DEBUG]	[DBName]: Account
16:38:44	[LOG_DEBUG]	[DB IP]: 112.145.214.226

16:38:44	[LOG_CONNECT]	Connected
16:45:36	[LOG_INFO]	[ServerConfig.csv is loading...]
16:45:36	[LOG_INFO]	string,int,int,int
16:45:36	[LOG_INFO]	Login,0,1,1000
16:45:36	[LOG_INFO]	[ServerConfig.csv is loaded...]
16:45:36	[LOG_INFO]	[DBConfig.csv is loading...]
16:45:36	[LOG_INFO]	string,string
16:45:36	[LOG_INFO]	Account,112.145.214.226
16:45:36	[LOG_INFO]	[DBConfig.csv is loaded...]
16:45:36	[LOG_DEBUG]	Server is Running...
16:45:36	[LOG_DEBUG]	[Thread Num]: 17
16:45:36	[LOG_DEBUG]	[Port]: 7777
16:45:36	[LOG_DEBUG]	[Server Type]: Login
16:45:36	[LOG_DEBUG]	[GroupID]: 0
16:45:36	[LOG_DEBUG]	[WorldID]: 1
16:45:36	[LOG_DEBUG]	[ServerID]: 1000
16:45:36	[LOG_DEBUG]	[DBName]: Account
16:45:36	[LOG_DEBUG]	[DB IP]: 112.145.214.226

16:45:36	[LOG_CONNECT]	Connected
16:47:28	[LOG_INFO]	[ServerConfig.csv is loading...]
16:47:28	[LOG_INFO]	string,int,int,int
16:47:28	[LOG_INFO]	Login,0,1,1000
16:47:28	[LOG_INFO]	[ServerConfig.csv is loaded...]
16:47:28	[LOG_INFO]	[DBConfig.csv is loading...]
16:47:28	[LOG_INFO]	string,string
16:47:28	[LOG_INFO]	Account,112.145.214.226
16:47:28	[LOG_INFO]	[DBConfig.csv is loaded...]
16:47:28	[LOG_DEBUG]	Server is Running...
16:47:28	[LOG_DEBUG]	[Thread Num]: 17
16:47:28	[LOG_DEBUG]	[Port]: 7777
16:47:28	[LOG_DEBUG]	[Server Type]: Login
16:47:28	[LOG_DEBUG]	[GroupID]: 0
16:47:28	[LOG_DEBUG]	[WorldID]: 1
16:47:28	[LOG_DEBUG]	[ServerID]: 1000
16:47:28	[LOG_DEBUG]	[DBName]: Account
16:47:28	[LOG_DEBUG]	[DB IP]: 112.145.214.226

16:47:28	[LOG_CONNECT]	Connected
16:49:47	[LOG_INFO]	[ServerConfig.csv is loading...]
16:49:47	[LOG_INFO]	string,int,int,int
16:49:47	[LOG_INFO]	Login,0,1,1000
16:49:47	[LOG_INFO]	[ServerConfig.csv is loaded...]
16:49:47	[LOG_INFO]	[DBConfig.csv is loading...]
16:49:47	[LOG_INFO]	string,string
16:49:47	[LOG_INFO]	Account,112.145.214.226
16:49:47	[LOG_INFO]	[DBConfig.csv is loaded...]
16:49:47	[LOG_DEBUG]	Server is Running...
16:49:47	[LOG_DEBUG]	[Thread Num]: 17
16:49:47	[LOG_DEBUG]	[Port]: 7777
16:49:47	[LOG_DEBUG]	[Server Type]: Login
16:49:47	[LOG_DEBUG]	[GroupID]: 0
16:49:47	[LOG_DEBUG]	[WorldID]: 1
16:49:47	[LOG_DEBUG]	[ServerID]: 1000
16:49:47	[LOG_DEBUG]	[DBName]: Account
16:49:47	[LOG_DEBUG]	[DB IP]: 112.145.214.226

16:49:47	[LOG_CONNECT]	Connected
16:50:26	[LOG_INFO]	[ServerConfig.csv is loading...]
16:50:26	[LOG_INFO]	string,int,int,int
16:50:26	[LOG_INFO]	Login,0,1,1000
16:50:26	[LOG_INFO]	[ServerConfig.csv is loaded...]
16:50:26	[LOG_INFO]	[DBConfig.csv is loading...]
16:50:26	[LOG_INFO]	string,string
16:50:26	[LOG_INFO]	Account,112.145.214.226
16:50:26	[LOG_INFO]	[DBConfig.csv is loaded...]
16:50:26	[LOG_DEBUG]	Server is Running...
16:50:26	[LOG_DEBUG]	[Thread Num]: 17
16:50:26	[LOG_DEBUG]	[Port]: 7777
16:50:26	[LOG_DEBUG]	[Server Type]: Login
16:50:26	[LOG_DEBUG]	[GroupID]: 0
16:50:26	[LOG_DEBUG]	[WorldID]: 1
16:50:26	[LOG_DEBUG]	[ServerID]: 1000
16:50:26	[LOG_DEBUG]	[DBName]: Account
16:50:26	[LOG_DEBUG]	[DB IP]: 112.145.214.226

16:50:27	[LOG_CONNECT]	Connected
16:51:35	[LOG_INFO]	[ServerConfig.csv is loading...]
16:51:35	[LOG_INFO]	string,int,int,int
16:51:35	[LOG_INFO]	Login,0,1,1000
16:51:35	[LOG_INFO]	[ServerConfig.csv is loaded...]
16:51:35	[LOG_INFO]	[DBConfig.csv is loading...]
16:51:35	[LOG_INFO]	string,string
16:51:35	[LOG_INFO]	Account,112.145.214.226
16:51:35	[LOG_INFO]	[DBConfig.csv is loaded...]
16:51:35	[LOG_DEBUG]	Server is Running...
16:51:35	[LOG_DEBUG]	[Thread Num]: 17
16:51:35	[LOG_DEBUG]	[Port]: 7777
16:51:35	[LOG_DEBUG]	[Server Type]: Login
16:51:35	[LOG_DEBUG]	[GroupID]: 0
16:51:35	[LOG_DEBUG]	[WorldID]: 1
16:51:35	[LOG_DEBUG]	[ServerID]: 1000
16:51:35	[LOG_DEBUG]	[DBName]: Account
16:51:35	[LOG_DEBUG]	[DB IP]: 112.145.214.226

16:51:35	[LOG_CONNECT]	Connected
16:55:45	[LOG_INFO]	[ServerConfig.csv is loading...]
16:55:45	[LOG_INFO]	string,int,int,int
16:55:45	[LOG_INFO]	Login,0,1,1000
16:55:45	[LOG_INFO]	[ServerConfig.csv is loaded...]
16:55:45	[LOG_INFO]	[DBConfig.csv is loading...]
16:55:45	[LOG_INFO]	string,string
16:55:45	[LOG_INFO]	Account,112.145.214.226
16:55:45	[LOG_INFO]	[DBConfig.csv is loaded...]
16:55:45	[LOG_DEBUG]	Server is Running...
16:55:45	[LOG_DEBUG]	[Thread Num]: 17
16:55:45	[LOG_DEBUG]	[Port]: 7777
16:55:45	[LOG_DEBUG]	[Server Type]: Login
16:55:45	[LOG_DEBUG]	[GroupID]: 0
16:55:45	[LOG_DEBUG]	[WorldID]: 1
16:55:45	[LOG_DEBUG]	[ServerID]: 1000
16:55:45	[LOG_DEBUG]	[DBName]: Account
16:55:45	[LOG_DEBUG]	[DB IP]: 112.145.214.226

16:59:31	[LOG_INFO]	[ServerConfig.csv is loading...]
16:59:31	[LOG_INFO]	string,int,int,int
16:59:31	[LOG_INFO]	Login,0,1,1000
16:59:31	[LOG_INFO]	[ServerConfig.csv is loaded...]
16:59:31	[LOG_INFO]	[DBConfig.csv is loading...]
16:59:31	[LOG_INFO]	string,string
16:59:31	[LOG_INFO]	Account,112.145.214.226
16:59:31	[LOG_INFO]	[DBConfig.csv is loaded...]
16:59:31	[LOG_DEBUG]	Server is Running...
16:59:31	[LOG_DEBUG]	[Thread Num]: 17
16:59:31	[LOG_DEBUG]	[Port]: 7777
16:59:31	[LOG_DEBUG]	[Server Type]: Login
16:59:31	[LOG_DEBUG]	[GroupID]: 0
16:59:31	[LOG_DEBUG]	[WorldID]: 1
16:59:31	[LOG_DEBUG]	[ServerID]: 1000
16:59:31	[LOG_DEBUG]	[DBName]: Account
16:59:31	[LOG_DEBUG]	[DB IP]: 112.145.214.226

16:59:31	[LOG_CONNECT]	Connected
17:02:50	[LOG_INFO]	[ServerConfig.csv is loading...]
17:02:50	[LOG_INFO]	string,int,int,int
17:02:50	[LOG_INFO]	Login,0,1,1000
17:02:50	[LOG_INFO]	[ServerConfig.csv is loaded...]
17:02:50	[LOG_INFO]	[DBConfig.csv is loading...]
17:02:50	[LOG_INFO]	string,string
17:02:50	[LOG_INFO]	Account,112.145.214.226
17:02:50	[LOG_INFO]	[DBConfig.csv is loaded...]
17:02:50	[LOG_DEBUG]	Server is Running...
17:02:50	[LOG_DEBUG]	[Thread Num]: 17
17:02:50	[LOG_DEBUG]	[Port]: 7777
17:02:50	[LOG_DEBUG]	[Server Type]: Login
17:02:50	[LOG_DEBUG]	[GroupID]: 0
17:02:50	[LOG_DEBUG]	[WorldID]: 1
17:02:50	[LOG_DEBUG]	[ServerID]: 1000
17:02:50	[LOG_DEBUG]	[DBName]: Account
17:02:50	[LOG_DEBUG]	[DB IP]: 112.145.214.226

17:02:50	[LOG_CONNECT]	Connected
17:12:50	[LOG_INFO]	[ServerConfig.csv is loading...]
17:12:50	[LOG_INFO]	string,int,int,int
17:12:50	[LOG_INFO]	Login,0,1,1000
17:12:50	[LOG_INFO]	[ServerConfig.csv is loaded...]
17:12:50	[LOG_INFO]	[DBConfig.csv is loading...]
17:12:50	[LOG_INFO]	string,string
17:12:50	[LOG_INFO]	Account,112.145.214.226
17:12:50	[LOG_INFO]	[DBConfig.csv is loaded...]
17:12:50	[LOG_DEBUG]	Server is Running...
17:12:50	[LOG_DEBUG]	[Thread Num]: 17
17:12:50	[LOG_DEBUG]	[Port]: 7777
17:12:50	[LOG_DEBUG]	[Server Type]: Login
17:12:50	[LOG_DEBUG]	[GroupID]: 0
17:12:50	[LOG_DEBUG]	[WorldID]: 1
17:12:50	[LOG_DEBUG]	[ServerID]: 1000
17:12:50	[LOG_DEBUG]	[DBName]: Account
17:12:50	[LOG_DEBUG]	[DB IP]: 112.145.214.226

17:12:50	[LOG_CONNECT]	Connected
17:16:01	[LOG_INFO]	[ServerConfig.csv is loading...]
17:16:01	[LOG_INFO]	string,int,int,int
17:16:01	[LOG_INFO]	Login,0,1,1000
17:16:01	[LOG_INFO]	[ServerConfig.csv is loaded...]
17:16:01	[LOG_INFO]	[DBConfig.csv is loading...]
17:16:01	[LOG_INFO]	string,string
17:16:01	[LOG_INFO]	Account,112.145.214.226
17:16:01	[LOG_INFO]	[DBConfig.csv is loaded...]
17:16:01	[LOG_DEBUG]	Server is Running...
17:16:01	[LOG_DEBUG]	[Thread Num]: 17
17:16:01	[LOG_DEBUG]	[Port]: 7777
17:16:01	[LOG_DEBUG]	[Server Type]: Login
17:16:01	[LOG_DEBUG]	[GroupID]: 0
17:16:01	[LOG_DEBUG]	[WorldID]: 1
17:16:01	[LOG_DEBUG]	[ServerID]: 1000
17:16:01	[LOG_DEBUG]	[DBName]: Account
17:16:01	[LOG_DEBUG]	[DB IP]: 112.145.214.226

17:16:02	[LOG_CONNECT]	Connected
17:16:52	[LOG_INFO]	[ServerConfig.csv is loading...]
17:16:52	[LOG_INFO]	string,int,int,int
17:16:52	[LOG_INFO]	Login,0,1,1000
17:16:52	[LOG_INFO]	[ServerConfig.csv is loaded...]
17:16:52	[LOG_INFO]	[DBConfig.csv is loading...]
17:16:52	[LOG_INFO]	string,string
17:16:52	[LOG_INFO]	Account,112.145.214.226
17:16:52	[LOG_INFO]	[DBConfig.csv is loaded...]
17:16:52	[LOG_DEBUG]	Server is Running...
17:16:52	[LOG_DEBUG]	[Thread Num]: 17
17:16:52	[LOG_DEBUG]	[Port]: 7777
17:16:52	[LOG_DEBUG]	[Server Type]: Login
17:16:52	[LOG_DEBUG]	[GroupID]: 0
17:16:52	[LOG_DEBUG]	[WorldID]: 1
17:16:52	[LOG_DEBUG]	[ServerID]: 1000
17:16:52	[LOG_DEBUG]	[DBName]: Account
17:16:52	[LOG_DEBUG]	[DB IP]: 112.145.214.226

17:16:53	[LOG_CONNECT]	Connected
17:18:13	[LOG_INFO]	[ServerConfig.csv is loading...]
17:18:13	[LOG_INFO]	string,int,int,int
17:18:13	[LOG_INFO]	Login,0,1,1000
17:18:13	[LOG_INFO]	[ServerConfig.csv is loaded...]
17:18:13	[LOG_INFO]	[DBConfig.csv is loading...]
17:18:13	[LOG_INFO]	string,string
17:18:13	[LOG_INFO]	Account,112.145.214.226
17:18:13	[LOG_INFO]	[DBConfig.csv is loaded...]
17:18:13	[LOG_DEBUG]	Server is Running...
17:18:13	[LOG_DEBUG]	[Thread Num]: 17
17:18:13	[LOG_DEBUG]	[Port]: 7777
17:18:13	[LOG_DEBUG]	[Server Type]: Login
17:18:13	[LOG_DEBUG]	[GroupID]: 0
17:18:13	[LOG_DEBUG]	[WorldID]: 1
17:18:13	[LOG_DEBUG]	[ServerID]: 1000
17:18:13	[LOG_DEBUG]	[DBName]: Account
17:18:13	[LOG_DEBUG]	[DB IP]: 112.145.214.226

17:18:13	[LOG_CONNECT]	Connected
17:19:44	[LOG_INFO]	[ServerConfig.csv is loading...]
17:19:44	[LOG_INFO]	string,int,int,int
17:19:44	[LOG_INFO]	Login,0,1,1000
17:19:44	[LOG_INFO]	[ServerConfig.csv is loaded...]
17:19:44	[LOG_INFO]	[DBConfig.csv is loading...]
17:19:44	[LOG_INFO]	string,string
17:19:44	[LOG_INFO]	Account,112.145.214.226
17:19:44	[LOG_INFO]	[DBConfig.csv is loaded...]
17:19:44	[LOG_DEBUG]	Server is Running...
17:19:44	[LOG_DEBUG]	[Thread Num]: 17
17:19:44	[LOG_DEBUG]	[Port]: 7777
17:19:44	[LOG_DEBUG]	[Server Type]: Login
17:19:44	[LOG_DEBUG]	[GroupID]: 0
17:19:44	[LOG_DEBUG]	[WorldID]: 1
17:19:44	[LOG_DEBUG]	[ServerID]: 1000
17:19:44	[LOG_DEBUG]	[DBName]: Account
17:19:44	[LOG_DEBUG]	[DB IP]: 112.145.214.226

17:19:44	[LOG_CONNECT]	Connected
17:21:22	[LOG_INFO]	[ServerConfig.csv is loading...]
17:21:22	[LOG_INFO]	string,int,int,int
17:21:22	[LOG_INFO]	Login,0,1,1000
17:21:22	[LOG_INFO]	[ServerConfig.csv is loaded...]
17:21:22	[LOG_INFO]	[DBConfig.csv is loading...]
17:21:22	[LOG_INFO]	string,string
17:21:22	[LOG_INFO]	Account,112.145.214.226
17:21:22	[LOG_INFO]	[DBConfig.csv is loaded...]
17:21:22	[LOG_DEBUG]	Server is Running...
17:21:22	[LOG_DEBUG]	[Thread Num]: 17
17:21:22	[LOG_DEBUG]	[Port]: 7777
17:21:22	[LOG_DEBUG]	[Server Type]: Login
17:21:22	[LOG_DEBUG]	[GroupID]: 0
17:21:22	[LOG_DEBUG]	[WorldID]: 1
17:21:22	[LOG_DEBUG]	[ServerID]: 1000
17:21:22	[LOG_DEBUG]	[DBName]: Account
17:21:22	[LOG_DEBUG]	[DB IP]: 112.145.214.226

17:21:22	[LOG_CONNECT]	Connected
17:37:04	[LOG_INFO]	[ServerConfig.csv is loading...]
17:37:04	[LOG_INFO]	string,int,int,int
17:37:04	[LOG_INFO]	Login,0,1,1000
17:37:04	[LOG_INFO]	[ServerConfig.csv is loaded...]
17:37:04	[LOG_INFO]	[DBConfig.csv is loading...]
17:37:04	[LOG_INFO]	string,string
17:37:04	[LOG_INFO]	Account,112.145.214.226
17:37:04	[LOG_INFO]	[DBConfig.csv is loaded...]
17:37:04	[LOG_DEBUG]	Server is Running...
17:37:04	[LOG_DEBUG]	[Thread Num]: 17
17:37:04	[LOG_DEBUG]	[Port]: 7777
17:37:04	[LOG_DEBUG]	[Server Type]: Login
17:37:04	[LOG_DEBUG]	[GroupID]: 0
17:37:04	[LOG_DEBUG]	[WorldID]: 1
17:37:04	[LOG_DEBUG]	[ServerID]: 1000
17:37:04	[LOG_DEBUG]	[DBName]: Account
17:37:04	[LOG_DEBUG]	[DB IP]: 112.145.214.226

17:37:04	[LOG_CONNECT]	Connected
17:37:04	[LOG_ERROR]	Invalid handle!
17:44:18	[LOG_INFO]	[ServerConfig.csv is loading...]
17:44:18	[LOG_INFO]	string,int,int,int
17:44:18	[LOG_INFO]	Login,0,1,1000
17:44:18	[LOG_INFO]	[ServerConfig.csv is loaded...]
17:44:18	[LOG_INFO]	[DBConfig.csv is loading...]
17:44:18	[LOG_INFO]	string,string
17:44:18	[LOG_INFO]	Account,112.145.214.226
17:44:18	[LOG_INFO]	[DBConfig.csv is loaded...]
17:44:18	[LOG_DEBUG]	Server is Running...
17:44:18	[LOG_DEBUG]	[Thread Num]: 17
17:44:18	[LOG_DEBUG]	[Port]: 7777
17:44:18	[LOG_DEBUG]	[Server Type]: Login
17:44:18	[LOG_DEBUG]	[GroupID]: 0
17:44:18	[LOG_DEBUG]	[WorldID]: 1
17:44:18	[LOG_DEBUG]	[ServerID]: 1000
17:44:18	[LOG_DEBUG]	[DBName]: Account
17:44:18	[LOG_DEBUG]	[DB IP]: 112.145.214.226

17:44:18	[LOG_CONNECT]	Connected
17:45:39	[LOG_INFO]	[ServerConfig.csv is loading...]
17:45:39	[LOG_INFO]	string,int,int,int
17:45:39	[LOG_INFO]	Login,0,1,1000
17:45:39	[LOG_INFO]	[ServerConfig.csv is loaded...]
17:45:39	[LOG_INFO]	[DBConfig.csv is loading...]
17:45:39	[LOG_INFO]	string,string
17:45:39	[LOG_INFO]	Account,112.145.214.226
17:45:39	[LOG_INFO]	[DBConfig.csv is loaded...]
17:45:39	[LOG_DEBUG]	Server is Running...
17:45:39	[LOG_DEBUG]	[Thread Num]: 17
17:45:39	[LOG_DEBUG]	[Port]: 7777
17:45:39	[LOG_DEBUG]	[Server Type]: Login
17:45:39	[LOG_DEBUG]	[GroupID]: 0
17:45:39	[LOG_DEBUG]	[WorldID]: 1
17:45:39	[LOG_DEBUG]	[ServerID]: 1000
17:45:39	[LOG_DEBUG]	[DBName]: Account
17:45:39	[LOG_DEBUG]	[DB IP]: 112.145.214.226

17:45:39	[LOG_CONNECT]	Connected
17:47:50	[LOG_INFO]	[ServerConfig.csv is loading...]
17:47:50	[LOG_INFO]	string,int,int,int
17:47:50	[LOG_INFO]	Login,0,1,1000
17:47:50	[LOG_INFO]	[ServerConfig.csv is loaded...]
17:47:50	[LOG_INFO]	[DBConfig.csv is loading...]
17:47:50	[LOG_INFO]	string,string
17:47:50	[LOG_INFO]	Account,112.145.214.226
17:47:50	[LOG_INFO]	[DBConfig.csv is loaded...]
17:47:50	[LOG_DEBUG]	Server is Running...
17:47:50	[LOG_DEBUG]	[Thread Num]: 17
17:47:50	[LOG_DEBUG]	[Port]: 7777
17:47:50	[LOG_DEBUG]	[Server Type]: Login
17:47:50	[LOG_DEBUG]	[GroupID]: 0
17:47:50	[LOG_DEBUG]	[WorldID]: 1
17:47:50	[LOG_DEBUG]	[ServerID]: 1000
17:47:50	[LOG_DEBUG]	[DBName]: Account
17:47:50	[LOG_DEBUG]	[DB IP]: 112.145.214.226

17:47:50	[LOG_CONNECT]	Connected
18:02:35	[LOG_INFO]	[ServerConfig.csv is loading...]
18:02:35	[LOG_INFO]	string,int,int,int
18:02:35	[LOG_INFO]	Login,0,1,1000
18:02:35	[LOG_INFO]	[ServerConfig.csv is loaded...]
18:02:35	[LOG_INFO]	[DBConfig.csv is loading...]
18:02:35	[LOG_INFO]	string,string
18:02:35	[LOG_INFO]	Account,112.145.214.226
18:02:35	[LOG_INFO]	[DBConfig.csv is loaded...]
18:02:35	[LOG_DEBUG]	Server is Running...
18:02:35	[LOG_DEBUG]	[Thread Num]: 17
18:02:35	[LOG_DEBUG]	[Port]: 7777
18:02:35	[LOG_DEBUG]	[Server Type]: Login
18:02:35	[LOG_DEBUG]	[GroupID]: 0
18:02:35	[LOG_DEBUG]	[WorldID]: 1
18:02:35	[LOG_DEBUG]	[ServerID]: 1000
18:02:35	[LOG_DEBUG]	[DBName]: Account
18:02:35	[LOG_DEBUG]	[DB IP]: 112.145.214.226

18:03:36	[LOG_INFO]	[ServerConfig.csv is loading...]
18:03:36	[LOG_INFO]	string,int,int,int
18:03:36	[LOG_INFO]	Login,0,1,1000
18:03:36	[LOG_INFO]	[ServerConfig.csv is loaded...]
18:03:36	[LOG_INFO]	[DBConfig.csv is loading...]
18:03:36	[LOG_INFO]	string,string
18:03:36	[LOG_INFO]	Account,112.145.214.226
18:03:36	[LOG_INFO]	[DBConfig.csv is loaded...]
18:03:36	[LOG_DEBUG]	Server is Running...
18:03:36	[LOG_DEBUG]	[Thread Num]: 17
18:03:36	[LOG_DEBUG]	[Port]: 7777
18:03:36	[LOG_DEBUG]	[Server Type]: Login
18:03:36	[LOG_DEBUG]	[GroupID]: 0
18:03:36	[LOG_DEBUG]	[WorldID]: 1
18:03:36	[LOG_DEBUG]	[ServerID]: 1000
18:03:36	[LOG_DEBUG]	[DBName]: Account
18:03:36	[LOG_DEBUG]	[DB IP]: 112.145.214.226

18:03:36	[LOG_CONNECT]	Connected
18:05:27	[LOG_INFO]	[ServerConfig.csv is loading...]
18:05:27	[LOG_INFO]	string,int,int,int
18:05:27	[LOG_INFO]	Login,0,1,1000
18:05:27	[LOG_INFO]	[ServerConfig.csv is loaded...]
18:05:27	[LOG_INFO]	[DBConfig.csv is loading...]
18:05:27	[LOG_INFO]	string,string
18:05:27	[LOG_INFO]	Account,112.145.214.226
18:05:27	[LOG_INFO]	[DBConfig.csv is loaded...]
18:05:27	[LOG_DEBUG]	Server is Running...
18:05:27	[LOG_DEBUG]	[Thread Num]: 17
18:05:27	[LOG_DEBUG]	[Port]: 7777
18:05:27	[LOG_DEBUG]	[Server Type]: Login
18:05:27	[LOG_DEBUG]	[GroupID]: 0
18:05:27	[LOG_DEBUG]	[WorldID]: 1
18:05:27	[LOG_DEBUG]	[ServerID]: 1000
18:05:27	[LOG_DEBUG]	[DBName]: Account
18:05:27	[LOG_DEBUG]	[DB IP]: 112.145.214.226

18:07:25	[LOG_INFO]	[ServerConfig.csv is loading...]
18:07:25	[LOG_INFO]	string,int,int,int
18:07:25	[LOG_INFO]	Login,0,1,1000
18:07:25	[LOG_INFO]	[ServerConfig.csv is loaded...]
18:07:25	[LOG_INFO]	[DBConfig.csv is loading...]
18:07:25	[LOG_INFO]	string,string
18:07:25	[LOG_INFO]	Account,112.145.214.226
18:07:25	[LOG_INFO]	[DBConfig.csv is loaded...]
18:07:25	[LOG_DEBUG]	Server is Running...
18:07:25	[LOG_DEBUG]	[Thread Num]: 17
18:07:25	[LOG_DEBUG]	[Port]: 7777
18:07:25	[LOG_DEBUG]	[Server Type]: Login
18:07:25	[LOG_DEBUG]	[GroupID]: 0
18:07:25	[LOG_DEBUG]	[WorldID]: 1
18:07:25	[LOG_DEBUG]	[ServerID]: 1000
18:07:25	[LOG_DEBUG]	[DBName]: Account
18:07:25	[LOG_DEBUG]	[DB IP]: 112.145.214.226

18:07:32	[LOG_ERROR]	Can't Connect
18:07:57	[LOG_INFO]	[ServerConfig.csv is loading...]
18:07:57	[LOG_INFO]	string,int,int,int
18:07:57	[LOG_INFO]	Login,0,1,1000
18:07:57	[LOG_INFO]	[ServerConfig.csv is loaded...]
18:07:57	[LOG_INFO]	[DBConfig.csv is loading...]
18:07:57	[LOG_INFO]	string,string
18:07:57	[LOG_INFO]	Account,112.145.214.226
18:07:57	[LOG_INFO]	[DBConfig.csv is loaded...]
18:07:57	[LOG_DEBUG]	Server is Running...
18:07:57	[LOG_DEBUG]	[Thread Num]: 17
18:07:57	[LOG_DEBUG]	[Port]: 7777
18:07:57	[LOG_DEBUG]	[Server Type]: Login
18:07:57	[LOG_DEBUG]	[GroupID]: 0
18:07:57	[LOG_DEBUG]	[WorldID]: 1
18:07:57	[LOG_DEBUG]	[ServerID]: 1000
18:07:57	[LOG_DEBUG]	[DBName]: Account
18:07:57	[LOG_DEBUG]	[DB IP]: 112.145.214.226

18:08:00	[LOG_CONNECT]	Connected
18:12:56	[LOG_INFO]	[ServerConfig.csv is loading...]
18:12:56	[LOG_INFO]	string,int,int,int
18:12:56	[LOG_INFO]	Login,0,1,1000
18:12:56	[LOG_INFO]	[ServerConfig.csv is loaded...]
18:12:56	[LOG_INFO]	[DBConfig.csv is loading...]
18:12:56	[LOG_INFO]	string,string
18:12:56	[LOG_INFO]	Account,112.145.214.226
18:12:56	[LOG_INFO]	[DBConfig.csv is loaded...]
18:12:56	[LOG_DEBUG]	Server is Running...
18:12:56	[LOG_DEBUG]	[Thread Num]: 17
18:12:56	[LOG_DEBUG]	[Port]: 7777
18:12:56	[LOG_DEBUG]	[Server Type]: Login
18:12:56	[LOG_DEBUG]	[GroupID]: 0
18:12:56	[LOG_DEBUG]	[WorldID]: 1
18:12:56	[LOG_DEBUG]	[ServerID]: 1000
18:12:56	[LOG_DEBUG]	[DBName]: Account
18:12:56	[LOG_DEBUG]	[DB IP]: 112.145.214.226

18:12:56	[LOG_CONNECT]	Connected
18:16:45	[LOG_INFO]	[ServerConfig.csv is loading...]
18:16:45	[LOG_INFO]	string,int,int,int
18:16:45	[LOG_INFO]	Login,0,1,1000
18:16:45	[LOG_INFO]	[ServerConfig.csv is loaded...]
18:16:45	[LOG_INFO]	[DBConfig.csv is loading...]
18:16:45	[LOG_INFO]	string,string
18:16:45	[LOG_INFO]	Account,112.145.214.226
18:16:45	[LOG_INFO]	[DBConfig.csv is loaded...]
18:16:45	[LOG_DEBUG]	Server is Running...
18:16:45	[LOG_DEBUG]	[Thread Num]: 17
18:16:45	[LOG_DEBUG]	[Port]: 7777
18:16:45	[LOG_DEBUG]	[Server Type]: Login
18:16:45	[LOG_DEBUG]	[GroupID]: 0
18:16:45	[LOG_DEBUG]	[WorldID]: 1
18:16:45	[LOG_DEBUG]	[ServerID]: 1000
18:16:45	[LOG_DEBUG]	[DBName]: Account
18:16:45	[LOG_DEBUG]	[DB IP]: 112.145.214.226

18:16:45	[LOG_CONNECT]	Connected
18:17:23	[LOG_INFO]	[ServerConfig.csv is loading...]
18:17:23	[LOG_INFO]	string,int,int,int
18:17:23	[LOG_INFO]	Login,0,1,1000
18:17:23	[LOG_INFO]	[ServerConfig.csv is loaded...]
18:17:23	[LOG_INFO]	[DBConfig.csv is loading...]
18:17:23	[LOG_INFO]	string,string
18:17:23	[LOG_INFO]	Account,112.145.214.226
18:17:23	[LOG_INFO]	[DBConfig.csv is loaded...]
18:17:23	[LOG_DEBUG]	Server is Running...
18:17:23	[LOG_DEBUG]	[Thread Num]: 17
18:17:23	[LOG_DEBUG]	[Port]: 7777
18:17:23	[LOG_DEBUG]	[Server Type]: Login
18:17:23	[LOG_DEBUG]	[GroupID]: 0
18:17:23	[LOG_DEBUG]	[WorldID]: 1
18:17:23	[LOG_DEBUG]	[ServerID]: 1000
18:17:23	[LOG_DEBUG]	[DBName]: Account
18:17:23	[LOG_DEBUG]	[DB IP]: 112.145.214.226

18:17:23	[LOG_CONNECT]	Connected
18:18:04	[LOG_INFO]	[ServerConfig.csv is loading...]
18:18:04	[LOG_INFO]	string,int,int,int
18:18:04	[LOG_INFO]	Login,0,1,1000
18:18:04	[LOG_INFO]	[ServerConfig.csv is loaded...]
18:18:04	[LOG_INFO]	[DBConfig.csv is loading...]
18:18:04	[LOG_INFO]	string,string
18:18:04	[LOG_INFO]	Account,112.145.214.226
18:18:04	[LOG_INFO]	[DBConfig.csv is loaded...]
18:18:04	[LOG_DEBUG]	Server is Running...
18:18:04	[LOG_DEBUG]	[Thread Num]: 17
18:18:04	[LOG_DEBUG]	[Port]: 7777
18:18:04	[LOG_DEBUG]	[Server Type]: Login
18:18:04	[LOG_DEBUG]	[GroupID]: 0
18:18:04	[LOG_DEBUG]	[WorldID]: 1
18:18:04	[LOG_DEBUG]	[ServerID]: 1000
18:18:04	[LOG_DEBUG]	[DBName]: Account
18:18:04	[LOG_DEBUG]	[DB IP]: 112.145.214.226

18:18:04	[LOG_CONNECT]	Connected
18:20:27	[LOG_INFO]	[ServerConfig.csv is loading...]
18:20:27	[LOG_INFO]	string,int,int,int
18:20:27	[LOG_INFO]	Login,0,1,1000
18:20:27	[LOG_INFO]	[ServerConfig.csv is loaded...]
18:20:27	[LOG_INFO]	[DBConfig.csv is loading...]
18:20:27	[LOG_INFO]	string,string
18:20:27	[LOG_INFO]	Account,112.145.214.226
18:20:27	[LOG_INFO]	[DBConfig.csv is loaded...]
18:20:27	[LOG_DEBUG]	Server is Running...
18:20:27	[LOG_DEBUG]	[Thread Num]: 17
18:20:27	[LOG_DEBUG]	[Port]: 7777
18:20:27	[LOG_DEBUG]	[Server Type]: Login
18:20:27	[LOG_DEBUG]	[GroupID]: 0
18:20:27	[LOG_DEBUG]	[WorldID]: 1
18:20:27	[LOG_DEBUG]	[ServerID]: 1000
18:20:27	[LOG_DEBUG]	[DBName]: Account
18:20:27	[LOG_DEBUG]	[DB IP]: 112.145.214.226

18:20:27	[LOG_CONNECT]	Connected
18:24:36	[LOG_INFO]	[ServerConfig.csv is loading...]
18:24:36	[LOG_INFO]	string,int,int,int
18:24:36	[LOG_INFO]	Login,0,1,1000
18:24:36	[LOG_INFO]	[ServerConfig.csv is loaded...]
18:24:36	[LOG_INFO]	[DBConfig.csv is loading...]
18:24:36	[LOG_INFO]	string,string
18:24:36	[LOG_INFO]	Account,112.145.214.226
18:24:36	[LOG_INFO]	[DBConfig.csv is loaded...]
18:24:36	[LOG_DEBUG]	Server is Running...
18:24:36	[LOG_DEBUG]	[Thread Num]: 17
18:24:36	[LOG_DEBUG]	[Port]: 7777
18:24:36	[LOG_DEBUG]	[Server Type]: Login
18:24:36	[LOG_DEBUG]	[GroupID]: 0
18:24:36	[LOG_DEBUG]	[WorldID]: 1
18:24:36	[LOG_DEBUG]	[ServerID]: 1000
18:24:36	[LOG_DEBUG]	[DBName]: Account
18:24:36	[LOG_DEBUG]	[DB IP]: 112.145.214.226

18:24:36	[LOG_CONNECT]	Connected
18:24:44	Server Stoped
18:25:34	[LOG_INFO]	[ServerConfig.csv is loading...]
18:25:34	[LOG_INFO]	string,int,int,int
18:25:34	[LOG_INFO]	Login,0,1,1000
18:25:34	[LOG_INFO]	[ServerConfig.csv is loaded...]
18:25:34	[LOG_INFO]	[DBConfig.csv is loading...]
18:25:34	[LOG_INFO]	string,string
18:25:34	[LOG_INFO]	Account,112.145.214.226
18:25:34	[LOG_INFO]	[DBConfig.csv is loaded...]
18:25:34	[LOG_DEBUG]	Server is Running...
18:25:34	[LOG_DEBUG]	[Thread Num]: 17
18:25:34	[LOG_DEBUG]	[Port]: 7777
18:25:34	[LOG_DEBUG]	[Server Type]: Login
18:25:34	[LOG_DEBUG]	[GroupID]: 0
18:25:34	[LOG_DEBUG]	[WorldID]: 1
18:25:34	[LOG_DEBUG]	[ServerID]: 1000
18:25:34	[LOG_DEBUG]	[DBName]: Account
18:25:34	[LOG_DEBUG]	[DB IP]: 112.145.214.226

18:25:34	[LOG_CONNECT]	Connected
18:25:36	Server Stoped
18:28:21	[LOG_INFO]	[ServerConfig.csv is loading...]
18:28:21	[LOG_INFO]	string,int,int,int
18:28:21	[LOG_INFO]	Login,0,1,1000
18:28:21	[LOG_INFO]	[ServerConfig.csv is loaded...]
18:28:21	[LOG_INFO]	[DBConfig.csv is loading...]
18:28:21	[LOG_INFO]	string,string
18:28:21	[LOG_INFO]	Account,112.145.214.226
18:28:21	[LOG_INFO]	[DBConfig.csv is loaded...]
18:28:22	[LOG_DEBUG]	Server is Running...
18:28:22	[LOG_DEBUG]	[Thread Num]: 17
18:28:22	[LOG_DEBUG]	[Port]: 7777
18:28:22	[LOG_DEBUG]	[Server Type]: Login
18:28:22	[LOG_DEBUG]	[GroupID]: 0
18:28:22	[LOG_DEBUG]	[WorldID]: 1
18:28:22	[LOG_DEBUG]	[ServerID]: 1000
18:28:22	[LOG_DEBUG]	[DBName]: Account
18:28:22	[LOG_DEBUG]	[DB IP]: 112.145.214.226

18:28:22	[LOG_CONNECT]	Connected
18:28:26	Server Stoped
18:31:10	[LOG_INFO]	[ServerConfig.csv is loading...]
18:31:10	[LOG_INFO]	string,int,int,int
18:31:10	[LOG_INFO]	Login,0,1,1000
18:31:10	[LOG_INFO]	[ServerConfig.csv is loaded...]
18:31:10	[LOG_INFO]	[DBConfig.csv is loading...]
18:31:10	[LOG_INFO]	string,string
18:31:10	[LOG_INFO]	Account,112.145.214.226
18:31:10	[LOG_INFO]	[DBConfig.csv is loaded...]
18:31:10	[LOG_DEBUG]	Server is Running...
18:31:10	[LOG_DEBUG]	[Thread Num]: 17
18:31:10	[LOG_DEBUG]	[Port]: 7777
18:31:10	[LOG_DEBUG]	[Server Type]: Login
18:31:10	[LOG_DEBUG]	[GroupID]: 0
18:31:10	[LOG_DEBUG]	[WorldID]: 1
18:31:10	[LOG_DEBUG]	[ServerID]: 1000
18:31:10	[LOG_DEBUG]	[DBName]: Account
18:31:10	[LOG_DEBUG]	[DB IP]: 112.145.214.226

18:31:10	[LOG_CONNECT]	Connected
18:31:43	Server Stoped
18:32:31	[LOG_INFO]	[ServerConfig.csv is loading...]
18:32:31	[LOG_INFO]	string,int,int,int
18:32:31	[LOG_INFO]	Login,0,1,1000
18:32:31	[LOG_INFO]	[ServerConfig.csv is loaded...]
18:32:31	[LOG_INFO]	[DBConfig.csv is loading...]
18:32:31	[LOG_INFO]	string,string
18:32:31	[LOG_INFO]	Account,112.145.214.226
18:32:31	[LOG_INFO]	[DBConfig.csv is loaded...]
18:32:31	[LOG_DEBUG]	Server is Running...
18:32:31	[LOG_DEBUG]	[Thread Num]: 17
18:32:31	[LOG_DEBUG]	[Port]: 7777
18:32:31	[LOG_DEBUG]	[Server Type]: Login
18:32:31	[LOG_DEBUG]	[GroupID]: 0
18:32:31	[LOG_DEBUG]	[WorldID]: 1
18:32:31	[LOG_DEBUG]	[ServerID]: 1000
18:32:31	[LOG_DEBUG]	[DBName]: Account
18:32:31	[LOG_DEBUG]	[DB IP]: 112.145.214.226

18:32:31	[LOG_CONNECT]	Connected
18:32:33	Server Stoped
18:33:05	[LOG_INFO]	[ServerConfig.csv is loading...]
18:33:05	[LOG_INFO]	string,int,int,int
18:33:05	[LOG_INFO]	Login,0,1,1000
18:33:05	[LOG_INFO]	[ServerConfig.csv is loaded...]
18:33:05	[LOG_INFO]	[DBConfig.csv is loading...]
18:33:05	[LOG_INFO]	string,string
18:33:05	[LOG_INFO]	Account,112.145.214.226
18:33:05	[LOG_INFO]	[DBConfig.csv is loaded...]
18:33:05	[LOG_DEBUG]	Server is Running...
18:33:05	[LOG_DEBUG]	[Thread Num]: 17
18:33:05	[LOG_DEBUG]	[Port]: 7777
18:33:05	[LOG_DEBUG]	[Server Type]: Login
18:33:05	[LOG_DEBUG]	[GroupID]: 0
18:33:05	[LOG_DEBUG]	[WorldID]: 1
18:33:05	[LOG_DEBUG]	[ServerID]: 1000
18:33:05	[LOG_DEBUG]	[DBName]: Account
18:33:05	[LOG_DEBUG]	[DB IP]: 112.145.214.226

18:33:05	[LOG_CONNECT]	Connected
18:33:17	[LOG_INFO]	[ServerConfig.csv is loading...]
18:33:17	[LOG_INFO]	string,int,int,int
18:33:17	[LOG_INFO]	Login,0,1,1000
18:33:17	[LOG_INFO]	[ServerConfig.csv is loaded...]
18:33:17	[LOG_INFO]	[DBConfig.csv is loading...]
18:33:17	[LOG_INFO]	string,string
18:33:17	[LOG_INFO]	Account,112.145.214.226
18:33:17	[LOG_INFO]	[DBConfig.csv is loaded...]
18:33:17	[LOG_DEBUG]	Server is Running...
18:33:17	[LOG_DEBUG]	[Thread Num]: 17
18:33:17	[LOG_DEBUG]	[Port]: 7777
18:33:17	[LOG_DEBUG]	[Server Type]: Login
18:33:17	[LOG_DEBUG]	[GroupID]: 0
18:33:17	[LOG_DEBUG]	[WorldID]: 1
18:33:17	[LOG_DEBUG]	[ServerID]: 1000
18:33:17	[LOG_DEBUG]	[DBName]: Account
18:33:17	[LOG_DEBUG]	[DB IP]: 112.145.214.226

18:33:17	[LOG_CONNECT]	Connected
18:33:19	Server Stoped
18:34:06	[LOG_INFO]	[ServerConfig.csv is loading...]
18:34:06	[LOG_INFO]	string,int,int,int
18:34:06	[LOG_INFO]	Login,0,1,1000
18:34:06	[LOG_INFO]	[ServerConfig.csv is loaded...]
18:34:06	[LOG_INFO]	[DBConfig.csv is loading...]
18:34:06	[LOG_INFO]	string,string
18:34:06	[LOG_INFO]	Account,112.145.214.226
18:34:06	[LOG_INFO]	[DBConfig.csv is loaded...]
18:34:06	[LOG_DEBUG]	Server is Running...
18:34:06	[LOG_DEBUG]	[Thread Num]: 17
18:34:06	[LOG_DEBUG]	[Port]: 7777
18:34:06	[LOG_DEBUG]	[Server Type]: Login
18:34:06	[LOG_DEBUG]	[GroupID]: 0
18:34:06	[LOG_DEBUG]	[WorldID]: 1
18:34:06	[LOG_DEBUG]	[ServerID]: 1000
18:34:06	[LOG_DEBUG]	[DBName]: Account
18:34:06	[LOG_DEBUG]	[DB IP]: 112.145.214.226

18:34:06	[LOG_CONNECT]	Connected
18:34:08	Server Stoped
18:36:08	[LOG_INFO]	[ServerConfig.csv is loading...]
18:36:08	[LOG_INFO]	string,int,int,int
18:36:08	[LOG_INFO]	Login,0,1,1000
18:36:08	[LOG_INFO]	[ServerConfig.csv is loaded...]
18:36:08	[LOG_INFO]	[DBConfig.csv is loading...]
18:36:08	[LOG_INFO]	string,string
18:36:08	[LOG_INFO]	Account,112.145.214.226
18:36:08	[LOG_INFO]	[DBConfig.csv is loaded...]
18:36:08	[LOG_DEBUG]	Server is Running...
18:36:08	[LOG_DEBUG]	[Thread Num]: 17
18:36:08	[LOG_DEBUG]	[Port]: 7777
18:36:08	[LOG_DEBUG]	[Server Type]: Login
18:36:08	[LOG_DEBUG]	[GroupID]: 0
18:36:08	[LOG_DEBUG]	[WorldID]: 1
18:36:08	[LOG_DEBUG]	[ServerID]: 1000
18:36:08	[LOG_DEBUG]	[DBName]: Account
18:36:08	[LOG_DEBUG]	[DB IP]: 112.145.214.226

18:36:08	[LOG_CONNECT]	Connected
18:36:13	Server Stoped
18:36:53	[LOG_INFO]	[ServerConfig.csv is loading...]
18:36:53	[LOG_INFO]	string,int,int,int
18:36:53	[LOG_INFO]	Login,0,1,1000
18:36:53	[LOG_INFO]	[ServerConfig.csv is loaded...]
18:36:53	[LOG_INFO]	[DBConfig.csv is loading...]
18:36:53	[LOG_INFO]	string,string
18:36:53	[LOG_INFO]	Account,112.145.214.226
18:36:53	[LOG_INFO]	[DBConfig.csv is loaded...]
18:36:53	[LOG_DEBUG]	Server is Running...
18:36:53	[LOG_DEBUG]	[Thread Num]: 17
18:36:53	[LOG_DEBUG]	[Port]: 7777
18:36:53	[LOG_DEBUG]	[Server Type]: Login
18:36:53	[LOG_DEBUG]	[GroupID]: 0
18:36:53	[LOG_DEBUG]	[WorldID]: 1
18:36:53	[LOG_DEBUG]	[ServerID]: 1000
18:36:53	[LOG_DEBUG]	[DBName]: Account
18:36:53	[LOG_DEBUG]	[DB IP]: 112.145.214.226

18:36:53	[LOG_CONNECT]	Connected
18:37:03	Server Stoped
18:37:13	[LOG_INFO]	[ServerConfig.csv is loading...]
18:37:13	[LOG_INFO]	string,int,int,int
18:37:13	[LOG_INFO]	Login,0,1,1000
18:37:13	[LOG_INFO]	[ServerConfig.csv is loaded...]
18:37:13	[LOG_INFO]	[DBConfig.csv is loading...]
18:37:13	[LOG_INFO]	string,string
18:37:13	[LOG_INFO]	Account,112.145.214.226
18:37:13	[LOG_INFO]	[DBConfig.csv is loaded...]
18:37:13	[LOG_DEBUG]	Server is Running...
18:37:13	[LOG_DEBUG]	[Thread Num]: 17
18:37:13	[LOG_DEBUG]	[Port]: 7777
18:37:13	[LOG_DEBUG]	[Server Type]: Login
18:37:13	[LOG_DEBUG]	[GroupID]: 0
18:37:13	[LOG_DEBUG]	[WorldID]: 1
18:37:13	[LOG_DEBUG]	[ServerID]: 1000
18:37:13	[LOG_DEBUG]	[DBName]: Account
18:37:13	[LOG_DEBUG]	[DB IP]: 112.145.214.226

18:37:13	[LOG_CONNECT]	Connected
18:37:16	Server Stoped
18:40:45	[LOG_INFO]	[ServerConfig.csv is loading...]
18:40:45	[LOG_INFO]	string,int,int,int
18:40:45	[LOG_INFO]	Login,0,1,1000
18:40:45	[LOG_INFO]	[ServerConfig.csv is loaded...]
18:40:45	[LOG_INFO]	[DBConfig.csv is loading...]
18:40:45	[LOG_INFO]	string,string
18:40:45	[LOG_INFO]	Account,112.145.214.226
18:40:45	[LOG_INFO]	[DBConfig.csv is loaded...]
18:40:45	[LOG_DEBUG]	Server is Running...
18:40:45	[LOG_DEBUG]	[Thread Num]: 17
18:40:45	[LOG_DEBUG]	[Port]: 7777
18:40:45	[LOG_DEBUG]	[Server Type]: Login
18:40:45	[LOG_DEBUG]	[GroupID]: 0
18:40:45	[LOG_DEBUG]	[WorldID]: 1
18:40:45	[LOG_DEBUG]	[ServerID]: 1000
18:40:45	[LOG_DEBUG]	[DBName]: Account
18:40:45	[LOG_DEBUG]	[DB IP]: 112.145.214.226

18:40:47	Server Stoped
18:41:16	[LOG_INFO]	[ServerConfig.csv is loading...]
18:41:16	[LOG_INFO]	string,int,int,int
18:41:16	[LOG_INFO]	Login,0,1,1000
18:41:16	[LOG_INFO]	[ServerConfig.csv is loaded...]
18:41:16	[LOG_INFO]	[DBConfig.csv is loading...]
18:41:16	[LOG_INFO]	string,string
18:41:16	[LOG_INFO]	Account,112.145.214.226
18:41:16	[LOG_INFO]	[DBConfig.csv is loaded...]
18:41:16	[LOG_DEBUG]	Server is Running...
18:41:16	[LOG_DEBUG]	[Thread Num]: 17
18:41:16	[LOG_DEBUG]	[Port]: 7777
18:41:16	[LOG_DEBUG]	[Server Type]: Login
18:41:16	[LOG_DEBUG]	[GroupID]: 0
18:41:16	[LOG_DEBUG]	[WorldID]: 1
18:41:16	[LOG_DEBUG]	[ServerID]: 1000
18:41:16	[LOG_DEBUG]	[DBName]: Account
18:41:16	[LOG_DEBUG]	[DB IP]: 112.145.214.226

18:41:16	[LOG_CONNECT]	Connected
18:41:19	Server Stoped
18:44:58	[LOG_INFO]	[ServerConfig.csv is loading...]
18:44:58	[LOG_INFO]	string,int,int,int
18:44:58	[LOG_INFO]	Login,0,1,1000
18:44:58	[LOG_INFO]	[ServerConfig.csv is loaded...]
18:44:58	[LOG_INFO]	[DBConfig.csv is loading...]
18:44:58	[LOG_INFO]	string,string
18:44:58	[LOG_INFO]	Account,112.145.214.226
18:44:58	[LOG_INFO]	[DBConfig.csv is loaded...]
18:44:58	[LOG_DEBUG]	Server is Running...
18:44:58	[LOG_DEBUG]	[Thread Num]: 17
18:44:58	[LOG_DEBUG]	[Port]: 7777
18:44:58	[LOG_DEBUG]	[Server Type]: Login
18:44:58	[LOG_DEBUG]	[GroupID]: 0
18:44:58	[LOG_DEBUG]	[WorldID]: 1
18:44:58	[LOG_DEBUG]	[ServerID]: 1000
18:44:58	[LOG_DEBUG]	[DBName]: Account
18:44:58	[LOG_DEBUG]	[DB IP]: 112.145.214.226

18:44:58	[LOG_CONNECT]	Connected
18:45:00	Server Stoped
18:45:31	[LOG_INFO]	[ServerConfig.csv is loading...]
18:45:31	[LOG_INFO]	string,int,int,int
18:45:31	[LOG_INFO]	Login,0,1,1000
18:45:31	[LOG_INFO]	[ServerConfig.csv is loaded...]
18:45:31	[LOG_INFO]	[DBConfig.csv is loading...]
18:45:31	[LOG_INFO]	string,string
18:45:31	[LOG_INFO]	Account,112.145.214.226
18:45:31	[LOG_INFO]	[DBConfig.csv is loaded...]
18:45:31	[LOG_DEBUG]	Server is Running...
18:45:31	[LOG_DEBUG]	[Thread Num]: 17
18:45:31	[LOG_DEBUG]	[Port]: 7777
18:45:31	[LOG_DEBUG]	[Server Type]: Login
18:45:31	[LOG_DEBUG]	[GroupID]: 0
18:45:31	[LOG_DEBUG]	[WorldID]: 1
18:45:31	[LOG_DEBUG]	[ServerID]: 1000
18:45:31	[LOG_DEBUG]	[DBName]: Account
18:45:31	[LOG_DEBUG]	[DB IP]: 112.145.214.226

18:45:31	[LOG_CONNECT]	Connected
18:45:34	Server Stoped
18:45:46	[LOG_INFO]	[ServerConfig.csv is loading...]
18:45:46	[LOG_INFO]	string,int,int,int
18:45:46	[LOG_INFO]	Login,0,1,1000
18:45:46	[LOG_INFO]	[ServerConfig.csv is loaded...]
18:45:46	[LOG_INFO]	[DBConfig.csv is loading...]
18:45:46	[LOG_INFO]	string,string
18:45:46	[LOG_INFO]	Account,112.145.214.226
18:45:46	[LOG_INFO]	[DBConfig.csv is loaded...]
18:45:46	[LOG_DEBUG]	Server is Running...
18:45:46	[LOG_DEBUG]	[Thread Num]: 17
18:45:46	[LOG_DEBUG]	[Port]: 7777
18:45:46	[LOG_DEBUG]	[Server Type]: Login
18:45:46	[LOG_DEBUG]	[GroupID]: 0
18:45:46	[LOG_DEBUG]	[WorldID]: 1
18:45:46	[LOG_DEBUG]	[ServerID]: 1000
18:45:46	[LOG_DEBUG]	[DBName]: Account
18:45:46	[LOG_DEBUG]	[DB IP]: 112.145.214.226

18:45:46	[LOG_CONNECT]	Connected
18:45:48	Server Stoped
18:46:38	[LOG_INFO]	[ServerConfig.csv is loading...]
18:46:38	[LOG_INFO]	string,int,int,int
18:46:38	[LOG_INFO]	Login,0,1,1000
18:46:38	[LOG_INFO]	[ServerConfig.csv is loaded...]
18:46:38	[LOG_INFO]	[DBConfig.csv is loading...]
18:46:38	[LOG_INFO]	string,string
18:46:38	[LOG_INFO]	Account,112.145.214.226
18:46:38	[LOG_INFO]	[DBConfig.csv is loaded...]
18:46:38	[LOG_DEBUG]	Server is Running...
18:46:38	[LOG_DEBUG]	[Thread Num]: 17
18:46:38	[LOG_DEBUG]	[Port]: 7777
18:46:38	[LOG_DEBUG]	[Server Type]: Login
18:46:38	[LOG_DEBUG]	[GroupID]: 0
18:46:38	[LOG_DEBUG]	[WorldID]: 1
18:46:38	[LOG_DEBUG]	[ServerID]: 1000
18:46:38	[LOG_DEBUG]	[DBName]: Account
18:46:38	[LOG_DEBUG]	[DB IP]: 112.145.214.226

18:46:38	[LOG_CONNECT]	Connected
18:47:47	[LOG_INFO]	[ServerConfig.csv is loading...]
18:47:47	[LOG_INFO]	string,int,int,int
18:47:47	[LOG_INFO]	Login,0,1,1000
18:47:47	[LOG_INFO]	[ServerConfig.csv is loaded...]
18:47:47	[LOG_INFO]	[DBConfig.csv is loading...]
18:47:47	[LOG_INFO]	string,string
18:47:47	[LOG_INFO]	Account,112.145.214.226
18:47:47	[LOG_INFO]	[DBConfig.csv is loaded...]
18:47:47	[LOG_DEBUG]	Server is Running...
18:47:47	[LOG_DEBUG]	[Thread Num]: 17
18:47:47	[LOG_DEBUG]	[Port]: 7777
18:47:47	[LOG_DEBUG]	[Server Type]: Login
18:47:47	[LOG_DEBUG]	[GroupID]: 0
18:47:47	[LOG_DEBUG]	[WorldID]: 1
18:47:47	[LOG_DEBUG]	[ServerID]: 1000
18:47:47	[LOG_DEBUG]	[DBName]: Account
18:47:47	[LOG_DEBUG]	[DB IP]: 112.145.214.226

18:47:47	[LOG_CONNECT]	Connected
18:47:50	Server Stoped
18:48:13	[LOG_INFO]	[ServerConfig.csv is loading...]
18:48:13	[LOG_INFO]	string,int,int,int
18:48:13	[LOG_INFO]	Login,0,1,1000
18:48:13	[LOG_INFO]	[ServerConfig.csv is loaded...]
18:48:13	[LOG_INFO]	[DBConfig.csv is loading...]
18:48:13	[LOG_INFO]	string,string
18:48:13	[LOG_INFO]	Account,112.145.214.226
18:48:13	[LOG_INFO]	[DBConfig.csv is loaded...]
18:48:13	[LOG_DEBUG]	Server is Running...
18:48:13	[LOG_DEBUG]	[Thread Num]: 17
18:48:13	[LOG_DEBUG]	[Port]: 7777
18:48:13	[LOG_DEBUG]	[Server Type]: Login
18:48:13	[LOG_DEBUG]	[GroupID]: 0
18:48:13	[LOG_DEBUG]	[WorldID]: 1
18:48:13	[LOG_DEBUG]	[ServerID]: 1000
18:48:13	[LOG_DEBUG]	[DBName]: Account
18:48:13	[LOG_DEBUG]	[DB IP]: 112.145.214.226

18:48:13	[LOG_CONNECT]	Connected
18:48:15	Server Stoped
18:48:37	[LOG_INFO]	[ServerConfig.csv is loading...]
18:48:37	[LOG_INFO]	string,int,int,int
18:48:37	[LOG_INFO]	Login,0,1,1000
18:48:37	[LOG_INFO]	[ServerConfig.csv is loaded...]
18:48:37	[LOG_INFO]	[DBConfig.csv is loading...]
18:48:37	[LOG_INFO]	string,string
18:48:37	[LOG_INFO]	Account,112.145.214.226
18:48:37	[LOG_INFO]	[DBConfig.csv is loaded...]
18:48:37	[LOG_DEBUG]	Server is Running...
18:48:37	[LOG_DEBUG]	[Thread Num]: 17
18:48:37	[LOG_DEBUG]	[Port]: 7777
18:48:37	[LOG_DEBUG]	[Server Type]: Login
18:48:37	[LOG_DEBUG]	[GroupID]: 0
18:48:37	[LOG_DEBUG]	[WorldID]: 1
18:48:37	[LOG_DEBUG]	[ServerID]: 1000
18:48:37	[LOG_DEBUG]	[DBName]: Account
18:48:37	[LOG_DEBUG]	[DB IP]: 112.145.214.226

18:48:37	[LOG_CONNECT]	Connected
18:48:40	Server Stoped
18:53:52	[LOG_INFO]	[ServerConfig.csv is loading...]
18:53:52	[LOG_INFO]	string,int,int,int
18:53:52	[LOG_INFO]	Login,0,1,1000
18:53:52	[LOG_INFO]	[ServerConfig.csv is loaded...]
18:53:52	[LOG_INFO]	[DBConfig.csv is loading...]
18:53:52	[LOG_INFO]	string,string
18:53:52	[LOG_INFO]	Account,112.145.214.226
18:53:52	[LOG_INFO]	[DBConfig.csv is loaded...]
18:53:52	[LOG_DEBUG]	Server is Running...
18:53:52	[LOG_DEBUG]	[Thread Num]: 17
18:53:52	[LOG_DEBUG]	[Port]: 7777
18:53:52	[LOG_DEBUG]	[Server Type]: Login
18:53:52	[LOG_DEBUG]	[GroupID]: 0
18:53:52	[LOG_DEBUG]	[WorldID]: 1
18:53:52	[LOG_DEBUG]	[ServerID]: 1000
18:53:52	[LOG_DEBUG]	[DBName]: Account
18:53:52	[LOG_DEBUG]	[DB IP]: 112.145.214.226

18:53:52	[LOG_CONNECT]	Connected
18:53:55	Server Stoped
18:56:51	[LOG_INFO]	[ServerConfig.csv is loading...]
18:56:51	[LOG_INFO]	string,int,int,int
18:56:51	[LOG_INFO]	Login,0,1,1000
18:56:51	[LOG_INFO]	[ServerConfig.csv is loaded...]
18:56:51	[LOG_INFO]	[DBConfig.csv is loading...]
18:56:51	[LOG_INFO]	string,string
18:56:51	[LOG_INFO]	Account,112.145.214.226
18:56:51	[LOG_INFO]	[DBConfig.csv is loaded...]
18:56:51	[LOG_DEBUG]	Server is Running...
18:56:51	[LOG_DEBUG]	[Thread Num]: 17
18:56:51	[LOG_DEBUG]	[Port]: 7777
18:56:51	[LOG_DEBUG]	[Server Type]: Login
18:56:51	[LOG_DEBUG]	[GroupID]: 0
18:56:51	[LOG_DEBUG]	[WorldID]: 1
18:56:51	[LOG_DEBUG]	[ServerID]: 1000
18:56:51	[LOG_DEBUG]	[DBName]: Account
18:56:51	[LOG_DEBUG]	[DB IP]: 112.145.214.226

18:56:51	[LOG_CONNECT]	Connected
18:56:53	Server Stoped
18:59:59	[LOG_INFO]	[ServerConfig.csv is loading...]
18:59:59	[LOG_INFO]	string,int,int,int
18:59:59	[LOG_INFO]	Login,0,1,1000
18:59:59	[LOG_INFO]	[ServerConfig.csv is loaded...]
18:59:59	[LOG_INFO]	[DBConfig.csv is loading...]
18:59:59	[LOG_INFO]	string,string
18:59:59	[LOG_INFO]	Account,112.145.214.226
18:59:59	[LOG_INFO]	[DBConfig.csv is loaded...]
18:59:59	[LOG_DEBUG]	Server is Running...
18:59:59	[LOG_DEBUG]	[Thread Num]: 17
18:59:59	[LOG_DEBUG]	[Port]: 7777
18:59:59	[LOG_DEBUG]	[Server Type]: Login
18:59:59	[LOG_DEBUG]	[GroupID]: 0
18:59:59	[LOG_DEBUG]	[WorldID]: 1
18:59:59	[LOG_DEBUG]	[ServerID]: 1000
18:59:59	[LOG_DEBUG]	[DBName]: Account
18:59:59	[LOG_DEBUG]	[DB IP]: 112.145.214.226

18:59:59	[LOG_CONNECT]	Connected
19:00:00	Server Stoped
19:00:45	[LOG_INFO]	[ServerConfig.csv is loading...]
19:00:45	[LOG_INFO]	string,int,int,int
19:00:45	[LOG_INFO]	Login,0,1,1000
19:00:45	[LOG_INFO]	[ServerConfig.csv is loaded...]
19:00:45	[LOG_INFO]	[DBConfig.csv is loading...]
19:00:45	[LOG_INFO]	string,string
19:00:45	[LOG_INFO]	Account,112.145.214.226
19:00:45	[LOG_INFO]	[DBConfig.csv is loaded...]
19:00:45	[LOG_DEBUG]	Server is Running...
19:00:45	[LOG_DEBUG]	[Thread Num]: 17
19:00:45	[LOG_DEBUG]	[Port]: 7777
19:00:45	[LOG_DEBUG]	[Server Type]: Login
19:00:45	[LOG_DEBUG]	[GroupID]: 0
19:00:45	[LOG_DEBUG]	[WorldID]: 1
19:00:45	[LOG_DEBUG]	[ServerID]: 1000
19:00:45	[LOG_DEBUG]	[DBName]: Account
19:00:45	[LOG_DEBUG]	[DB IP]: 112.145.214.226

19:00:45	[LOG_CONNECT]	Connected
19:00:46	Server Stoped
20:03:30	[LOG_INFO]	[ServerConfig.csv is loading...]
20:03:30	[LOG_INFO]	string,int,int,int
20:03:30	[LOG_INFO]	Login,0,1,1000
20:03:30	[LOG_INFO]	[ServerConfig.csv is loaded...]
20:03:30	[LOG_INFO]	[DBConfig.csv is loading...]
20:03:30	[LOG_INFO]	string,string
20:03:30	[LOG_INFO]	Account,112.145.214.226
20:03:30	[LOG_INFO]	[DBConfig.csv is loaded...]
20:03:30	[LOG_DEBUG]	Server is Running...
20:03:30	[LOG_DEBUG]	[Thread Num]: 17
20:03:30	[LOG_DEBUG]	[Port]: 7777
20:03:30	[LOG_DEBUG]	[Server Type]: Login
20:03:30	[LOG_DEBUG]	[GroupID]: 0
20:03:30	[LOG_DEBUG]	[WorldID]: 1
20:03:30	[LOG_DEBUG]	[ServerID]: 1000
20:03:30	[LOG_DEBUG]	[DBName]: Account
20:03:30	[LOG_DEBUG]	[DB IP]: 112.145.214.226

20:03:30	[LOG_CONNECT]	Connected
20:03:32	Server Stoped
20:04:06	[LOG_INFO]	[ServerConfig.csv is loading...]
20:04:06	[LOG_INFO]	string,int,int,int
20:04:06	[LOG_INFO]	Login,0,1,1000
20:04:06	[LOG_INFO]	[ServerConfig.csv is loaded...]
20:04:06	[LOG_INFO]	[DBConfig.csv is loading...]
20:04:06	[LOG_INFO]	string,string
20:04:06	[LOG_INFO]	Account,112.145.214.226
20:04:06	[LOG_INFO]	[DBConfig.csv is loaded...]
20:04:06	[LOG_DEBUG]	Server is Running...
20:04:06	[LOG_DEBUG]	[Thread Num]: 17
20:04:06	[LOG_DEBUG]	[Port]: 7777
20:04:06	[LOG_DEBUG]	[Server Type]: Login
20:04:06	[LOG_DEBUG]	[GroupID]: 0
20:04:06	[LOG_DEBUG]	[WorldID]: 1
20:04:06	[LOG_DEBUG]	[ServerID]: 1000
20:04:06	[LOG_DEBUG]	[DBName]: Account
20:04:06	[LOG_DEBUG]	[DB IP]: 112.145.214.226

20:04:06	[LOG_CONNECT]	Connected
20:04:24	Server Stoped
20:05:31	[LOG_INFO]	[ServerConfig.csv is loading...]
20:05:31	[LOG_INFO]	string,int,int,int
20:05:31	[LOG_INFO]	Login,0,1,1000
20:05:31	[LOG_INFO]	[ServerConfig.csv is loaded...]
20:05:31	[LOG_INFO]	[DBConfig.csv is loading...]
20:05:31	[LOG_INFO]	string,string
20:05:31	[LOG_INFO]	Account,112.145.214.226
20:05:31	[LOG_INFO]	[DBConfig.csv is loaded...]
20:05:31	[LOG_DEBUG]	Server is Running...
20:05:31	[LOG_DEBUG]	[Thread Num]: 17
20:05:31	[LOG_DEBUG]	[Port]: 7777
20:05:31	[LOG_DEBUG]	[Server Type]: Login
20:05:31	[LOG_DEBUG]	[GroupID]: 0
20:05:31	[LOG_DEBUG]	[WorldID]: 1
20:05:31	[LOG_DEBUG]	[ServerID]: 1000
20:05:31	[LOG_DEBUG]	[DBName]: Account
20:05:31	[LOG_DEBUG]	[DB IP]: 112.145.214.226

20:05:31	[LOG_ERROR]	Can't Connect
20:05:55	[LOG_INFO]	[ServerConfig.csv is loading...]
20:05:55	[LOG_INFO]	string,int,int,int
20:05:55	[LOG_INFO]	Login,0,1,1000
20:05:55	[LOG_INFO]	[ServerConfig.csv is loaded...]
20:05:55	[LOG_INFO]	[DBConfig.csv is loading...]
20:05:55	[LOG_INFO]	string,string
20:05:55	[LOG_INFO]	Account,112.145.214.226
20:05:55	[LOG_INFO]	[DBConfig.csv is loaded...]
20:05:55	[LOG_DEBUG]	Server is Running...
20:05:55	[LOG_DEBUG]	[Thread Num]: 17
20:05:55	[LOG_DEBUG]	[Port]: 7777
20:05:55	[LOG_DEBUG]	[Server Type]: Login
20:05:55	[LOG_DEBUG]	[GroupID]: 0
20:05:55	[LOG_DEBUG]	[WorldID]: 1
20:05:55	[LOG_DEBUG]	[ServerID]: 1000
20:05:55	[LOG_DEBUG]	[DBName]: Account
20:05:55	[LOG_DEBUG]	[DB IP]: 112.145.214.226

20:05:55	[LOG_CONNECT]	Connected
20:05:57	Server Stoped
20:06:54	[LOG_INFO]	[ServerConfig.csv is loading...]
20:06:54	[LOG_INFO]	string,int,int,int
20:06:54	[LOG_INFO]	Login,0,1,1000
20:06:54	[LOG_INFO]	[ServerConfig.csv is loaded...]
20:06:54	[LOG_INFO]	[DBConfig.csv is loading...]
20:06:54	[LOG_INFO]	string,string
20:06:54	[LOG_INFO]	Account,112.145.214.226
20:06:54	[LOG_INFO]	[DBConfig.csv is loaded...]
20:06:54	[LOG_DEBUG]	Server is Running...
20:06:54	[LOG_DEBUG]	[Thread Num]: 17
20:06:54	[LOG_DEBUG]	[Port]: 7777
20:06:54	[LOG_DEBUG]	[Server Type]: Login
20:06:54	[LOG_DEBUG]	[GroupID]: 0
20:06:54	[LOG_DEBUG]	[WorldID]: 1
20:06:54	[LOG_DEBUG]	[ServerID]: 1000
20:06:54	[LOG_DEBUG]	[DBName]: Account
20:06:54	[LOG_DEBUG]	[DB IP]: 112.145.214.226

20:06:54	[LOG_CONNECT]	Connected
20:06:56	Server Stoped
20:33:56	[LOG_INFO]	[ServerConfig.csv is loading...]
20:33:56	[LOG_INFO]	string,int,int,int
20:33:56	[LOG_INFO]	Login,0,1,1000
20:33:56	[LOG_INFO]	[ServerConfig.csv is loaded...]
20:33:56	[LOG_INFO]	[DBConfig.csv is loading...]
20:33:56	[LOG_INFO]	string,string
20:33:56	[LOG_INFO]	Account,112.145.214.226
20:33:56	[LOG_INFO]	[DBConfig.csv is loaded...]
20:33:56	[LOG_DEBUG]	Server is Running...
20:33:56	[LOG_DEBUG]	[Thread Num]: 17
20:33:56	[LOG_DEBUG]	[Port]: 7777
20:33:56	[LOG_DEBUG]	[Server Type]: Login
20:33:56	[LOG_DEBUG]	[GroupID]: 0
20:33:56	[LOG_DEBUG]	[WorldID]: 1
20:33:56	[LOG_DEBUG]	[ServerID]: 1000
20:33:56	[LOG_DEBUG]	[DBName]: Account
20:33:56	[LOG_DEBUG]	[DB IP]: 112.145.214.226

20:33:56	[LOG_CONNECT]	Connected
20:34:28	[LOG_INFO]	[ServerConfig.csv is loading...]
20:34:28	[LOG_INFO]	string,int,int,int
20:34:28	[LOG_INFO]	Login,0,1,1000
20:34:28	[LOG_INFO]	[ServerConfig.csv is loaded...]
20:34:28	[LOG_INFO]	[DBConfig.csv is loading...]
20:34:28	[LOG_INFO]	string,string
20:34:28	[LOG_INFO]	Account,112.145.214.226
20:34:28	[LOG_INFO]	[DBConfig.csv is loaded...]
20:34:28	[LOG_DEBUG]	Server is Running...
20:34:28	[LOG_DEBUG]	[Thread Num]: 17
20:34:28	[LOG_DEBUG]	[Port]: 7777
20:34:28	[LOG_DEBUG]	[Server Type]: Login
20:34:28	[LOG_DEBUG]	[GroupID]: 0
20:34:28	[LOG_DEBUG]	[WorldID]: 1
20:34:28	[LOG_DEBUG]	[ServerID]: 1000
20:34:28	[LOG_DEBUG]	[DBName]: Account
20:34:28	[LOG_DEBUG]	[DB IP]: 112.145.214.226

20:34:28	[LOG_CONNECT]	Connected
20:35:24	[LOG_INFO]	[ServerConfig.csv is loading...]
20:35:24	[LOG_INFO]	string,int,int,int
20:35:24	[LOG_INFO]	Login,0,1,1000
20:35:24	[LOG_INFO]	[ServerConfig.csv is loaded...]
20:35:24	[LOG_INFO]	[DBConfig.csv is loading...]
20:35:24	[LOG_INFO]	string,string
20:35:24	[LOG_INFO]	Account,112.145.214.226
20:35:24	[LOG_INFO]	[DBConfig.csv is loaded...]
20:35:24	[LOG_DEBUG]	Server is Running...
20:35:24	[LOG_DEBUG]	[Thread Num]: 17
20:35:24	[LOG_DEBUG]	[Port]: 7777
20:35:24	[LOG_DEBUG]	[Server Type]: Login
20:35:24	[LOG_DEBUG]	[GroupID]: 0
20:35:24	[LOG_DEBUG]	[WorldID]: 1
20:35:24	[LOG_DEBUG]	[ServerID]: 1000
20:35:24	[LOG_DEBUG]	[DBName]: Account
20:35:24	[LOG_DEBUG]	[DB IP]: 112.145.214.226

20:35:24	[LOG_CONNECT]	Connected
20:36:00	[LOG_INFO]	[ServerConfig.csv is loading...]
20:36:00	[LOG_INFO]	string,int,int,int
20:36:00	[LOG_INFO]	Login,0,1,1000
20:36:00	[LOG_INFO]	[ServerConfig.csv is loaded...]
20:36:00	[LOG_INFO]	[DBConfig.csv is loading...]
20:36:00	[LOG_INFO]	string,string
20:36:00	[LOG_INFO]	Account,112.145.214.226
20:36:00	[LOG_INFO]	[DBConfig.csv is loaded...]
20:36:00	[LOG_DEBUG]	Server is Running...
20:36:00	[LOG_DEBUG]	[Thread Num]: 17
20:36:00	[LOG_DEBUG]	[Port]: 7777
20:36:00	[LOG_DEBUG]	[Server Type]: Login
20:36:00	[LOG_DEBUG]	[GroupID]: 0
20:36:00	[LOG_DEBUG]	[WorldID]: 1
20:36:00	[LOG_DEBUG]	[ServerID]: 1000
20:36:00	[LOG_DEBUG]	[DBName]: Account
20:36:00	[LOG_DEBUG]	[DB IP]: 112.145.214.226

20:36:00	[LOG_CONNECT]	Connected
20:36:31	[LOG_INFO]	[ServerConfig.csv is loading...]
20:36:31	[LOG_INFO]	string,int,int,int
20:36:31	[LOG_INFO]	Login,0,1,1000
20:36:31	[LOG_INFO]	[ServerConfig.csv is loaded...]
20:36:31	[LOG_INFO]	[DBConfig.csv is loading...]
20:36:31	[LOG_INFO]	string,string
20:36:31	[LOG_INFO]	Account,112.145.214.226
20:36:31	[LOG_INFO]	[DBConfig.csv is loaded...]
20:36:31	[LOG_DEBUG]	Server is Running...
20:36:31	[LOG_DEBUG]	[Thread Num]: 17
20:36:31	[LOG_DEBUG]	[Port]: 7777
20:36:31	[LOG_DEBUG]	[Server Type]: Login
20:36:31	[LOG_DEBUG]	[GroupID]: 0
20:36:31	[LOG_DEBUG]	[WorldID]: 1
20:36:31	[LOG_DEBUG]	[ServerID]: 1000
20:36:31	[LOG_DEBUG]	[DBName]: Account
20:36:31	[LOG_DEBUG]	[DB IP]: 112.145.214.226

20:36:31	[LOG_CONNECT]	Connected
20:42:07	[LOG_INFO]	[ServerConfig.csv is loading...]
20:42:07	[LOG_INFO]	string,int,int,int
20:42:07	[LOG_INFO]	Login,0,1,1000
20:42:07	[LOG_INFO]	[ServerConfig.csv is loaded...]
20:42:07	[LOG_INFO]	[DBConfig.csv is loading...]
20:42:07	[LOG_INFO]	string,string
20:42:07	[LOG_INFO]	Account,112.145.214.226
20:42:07	[LOG_INFO]	[DBConfig.csv is loaded...]
20:42:07	[LOG_DEBUG]	Server is Running...
20:42:07	[LOG_DEBUG]	[Thread Num]: 17
20:42:07	[LOG_DEBUG]	[Port]: 7777
20:42:07	[LOG_DEBUG]	[Server Type]: Login
20:42:07	[LOG_DEBUG]	[GroupID]: 0
20:42:07	[LOG_DEBUG]	[WorldID]: 1
20:42:07	[LOG_DEBUG]	[ServerID]: 1000
20:42:07	[LOG_DEBUG]	[DBName]: Account
20:42:07	[LOG_DEBUG]	[DB IP]: 112.145.214.226

20:42:07	[LOG_CONNECT]	Connected
20:47:39	[LOG_INFO]	[ServerConfig.csv is loading...]
20:47:39	[LOG_INFO]	string,int,int,int
20:47:39	[LOG_INFO]	Login,0,1,1000
20:47:39	[LOG_INFO]	[ServerConfig.csv is loaded...]
20:47:39	[LOG_INFO]	[DBConfig.csv is loading...]
20:47:39	[LOG_INFO]	string,string
20:47:39	[LOG_INFO]	Account,112.145.214.226
20:47:39	[LOG_INFO]	[DBConfig.csv is loaded...]
20:47:39	[LOG_DEBUG]	Server is Running...
20:47:39	[LOG_DEBUG]	[Thread Num]: 17
20:47:39	[LOG_DEBUG]	[Port]: 7777
20:47:39	[LOG_DEBUG]	[Server Type]: Login
20:47:39	[LOG_DEBUG]	[GroupID]: 0
20:47:39	[LOG_DEBUG]	[WorldID]: 1
20:47:39	[LOG_DEBUG]	[ServerID]: 1000
20:47:39	[LOG_DEBUG]	[DBName]: Account
20:47:39	[LOG_DEBUG]	[DB IP]: 112.145.214.226

20:47:39	[LOG_CONNECT]	Connected
22:28:19	[LOG_INFO]	[ServerConfig.csv is loading...]
22:28:19	[LOG_INFO]	string,int,int,int
22:28:19	[LOG_INFO]	Login,0,1,1000
22:28:19	[LOG_INFO]	[ServerConfig.csv is loaded...]
22:28:19	[LOG_INFO]	[DBConfig.csv is loading...]
22:28:19	[LOG_INFO]	string,string
22:28:19	[LOG_INFO]	Account,112.145.214.226
22:28:19	[LOG_INFO]	[DBConfig.csv is loaded...]
22:28:19	[LOG_DEBUG]	Server is Running...
22:28:19	[LOG_DEBUG]	[Thread Num]: 17
22:28:19	[LOG_DEBUG]	[Port]: 7777
22:28:19	[LOG_DEBUG]	[Server Type]: Login
22:28:19	[LOG_DEBUG]	[GroupID]: 0
22:28:19	[LOG_DEBUG]	[WorldID]: 1
22:28:19	[LOG_DEBUG]	[ServerID]: 1000
22:28:19	[LOG_DEBUG]	[DBName]: Account
22:28:19	[LOG_DEBUG]	[DB IP]: 112.145.214.226

22:32:54	[LOG_INFO]	[ServerConfig.csv is loading...]
22:32:54	[LOG_INFO]	string,int,int,int
22:32:54	[LOG_INFO]	Login,0,1,1000
22:32:54	[LOG_INFO]	[ServerConfig.csv is loaded...]
22:32:54	[LOG_INFO]	[DBConfig.csv is loading...]
22:32:54	[LOG_INFO]	string,string
22:32:54	[LOG_INFO]	Account,112.145.214.226
22:32:54	[LOG_INFO]	[DBConfig.csv is loaded...]
22:32:54	[LOG_DEBUG]	Server is Running...
22:32:54	[LOG_DEBUG]	[Thread Num]: 17
22:32:54	[LOG_DEBUG]	[Port]: 7777
22:32:54	[LOG_DEBUG]	[Server Type]: Login
22:32:54	[LOG_DEBUG]	[GroupID]: 0
22:32:54	[LOG_DEBUG]	[WorldID]: 1
22:32:54	[LOG_DEBUG]	[ServerID]: 1000
22:32:54	[LOG_DEBUG]	[DBName]: Account
22:32:54	[LOG_DEBUG]	[DB IP]: 112.145.214.226

22:32:54	[LOG_CONNECT]	Connected
22:32:58	Server Stoped
22:56:22	[LOG_INFO]	[ServerConfig.csv is loading...]
22:56:22	[LOG_INFO]	string,int,int,int
22:56:22	[LOG_INFO]	Login,0,1,1000
22:56:22	[LOG_INFO]	[ServerConfig.csv is loaded...]
22:56:22	[LOG_INFO]	[DBConfig.csv is loading...]
22:56:22	[LOG_INFO]	string,string
22:56:22	[LOG_INFO]	Account,112.145.214.226
22:56:22	[LOG_INFO]	[DBConfig.csv is loaded...]
22:56:22	[LOG_DEBUG]	Server is Running...
22:56:22	[LOG_DEBUG]	[Thread Num]: 17
22:56:22	[LOG_DEBUG]	[Port]: 7777
22:56:22	[LOG_DEBUG]	[Server Type]: Login
22:56:22	[LOG_DEBUG]	[GroupID]: 0
22:56:22	[LOG_DEBUG]	[WorldID]: 1
22:56:22	[LOG_DEBUG]	[ServerID]: 1000
22:56:22	[LOG_DEBUG]	[DBName]: Account
22:56:22	[LOG_DEBUG]	[DB IP]: 112.145.214.226

22:56:23	[LOG_CONNECT]	Connected
23:01:22	[LOG_INFO]	[ServerConfig.csv is loading...]
23:01:22	[LOG_INFO]	string,int,int,int
23:01:22	[LOG_INFO]	Login,0,1,1000
23:01:22	[LOG_INFO]	[ServerConfig.csv is loaded...]
23:01:22	[LOG_INFO]	[DBConfig.csv is loading...]
23:01:22	[LOG_INFO]	string,string
23:01:22	[LOG_INFO]	Account,112.145.214.226
23:01:22	[LOG_INFO]	[DBConfig.csv is loaded...]
23:01:22	[LOG_DEBUG]	Server is Running...
23:01:22	[LOG_DEBUG]	[Thread Num]: 17
23:01:22	[LOG_DEBUG]	[Port]: 7777
23:01:22	[LOG_DEBUG]	[Server Type]: Login
23:01:22	[LOG_DEBUG]	[GroupID]: 0
23:01:22	[LOG_DEBUG]	[WorldID]: 1
23:01:22	[LOG_DEBUG]	[ServerID]: 1000
23:01:22	[LOG_DEBUG]	[DBName]: Account
23:01:22	[LOG_DEBUG]	[DB IP]: 112.145.214.226

23:01:22	[LOG_CONNECT]	Connected
23:15:02	[LOG_INFO]	[ServerConfig.csv is loading...]
23:15:02	[LOG_INFO]	string,int,int,int
23:15:02	[LOG_INFO]	Login,0,1,1000
23:15:02	[LOG_INFO]	[ServerConfig.csv is loaded...]
23:15:02	[LOG_INFO]	[DBConfig.csv is loading...]
23:15:02	[LOG_INFO]	string,string
23:15:02	[LOG_INFO]	Account,112.145.214.226
23:15:02	[LOG_INFO]	[DBConfig.csv is loaded...]
23:15:02	[LOG_DEBUG]	Server is Running...
23:15:02	[LOG_DEBUG]	[Thread Num]: 17
23:15:02	[LOG_DEBUG]	[Port]: 7777
23:15:02	[LOG_DEBUG]	[Server Type]: Login
23:15:02	[LOG_DEBUG]	[GroupID]: 0
23:15:02	[LOG_DEBUG]	[WorldID]: 1
23:15:02	[LOG_DEBUG]	[ServerID]: 1000
23:15:02	[LOG_DEBUG]	[DBName]: Account
23:15:02	[LOG_DEBUG]	[DB IP]: 112.145.214.226

23:15:02	[LOG_CONNECT]	Connected
23:21:49	[LOG_INFO]	[ServerConfig.csv is loading...]
23:21:49	[LOG_INFO]	string,int,int,int
23:21:49	[LOG_INFO]	Login,0,1,1000
23:21:49	[LOG_INFO]	[ServerConfig.csv is loaded...]
23:21:49	[LOG_INFO]	[DBConfig.csv is loading...]
23:21:49	[LOG_INFO]	string,string
23:21:49	[LOG_INFO]	Account,112.145.214.226
23:21:49	[LOG_INFO]	[DBConfig.csv is loaded...]
23:21:49	[LOG_DEBUG]	Server is Running...
23:21:49	[LOG_DEBUG]	[Thread Num]: 17
23:21:49	[LOG_DEBUG]	[Port]: 7777
23:21:49	[LOG_DEBUG]	[Server Type]: Login
23:21:49	[LOG_DEBUG]	[GroupID]: 0
23:21:49	[LOG_DEBUG]	[WorldID]: 1
23:21:49	[LOG_DEBUG]	[ServerID]: 1000
23:21:49	[LOG_DEBUG]	[DBName]: Account
23:21:49	[LOG_DEBUG]	[DB IP]: 112.145.214.226

23:21:49	[LOG_CONNECT]	Connected
23:50:10	[LOG_INFO]	[ServerConfig.csv is loading...]
23:50:10	[LOG_INFO]	string,int,int,int
23:50:10	[LOG_INFO]	Login,0,1,1000
23:50:10	[LOG_INFO]	[ServerConfig.csv is loaded...]
23:50:10	[LOG_INFO]	[DBConfig.csv is loading...]
23:50:10	[LOG_INFO]	string,string
23:50:10	[LOG_INFO]	Account,112.145.214.226
23:50:10	[LOG_INFO]	[DBConfig.csv is loaded...]
23:50:10	[LOG_DEBUG]	Server is Running...
23:50:10	[LOG_DEBUG]	[Thread Num]: 17
23:50:10	[LOG_DEBUG]	[Port]: 7777
23:50:10	[LOG_DEBUG]	[Server Type]: Login
23:50:10	[LOG_DEBUG]	[GroupID]: 0
23:50:10	[LOG_DEBUG]	[WorldID]: 1
23:50:10	[LOG_DEBUG]	[ServerID]: 1000
23:50:10	[LOG_DEBUG]	[DBName]: Account
23:50:10	[LOG_DEBUG]	[DB IP]: 112.145.214.226

23:50:10	[LOG_CONNECT]	Connected
23:50:14	[LOG_CONNECT]	oid(0)	[ip]: 127.0.0.1
23:50:36	[LOG_INFO]	[ServerConfig.csv is loading...]
23:50:36	[LOG_INFO]	string,int,int,int
23:50:36	[LOG_INFO]	Login,0,1,1000
23:50:36	[LOG_INFO]	[ServerConfig.csv is loaded...]
23:50:36	[LOG_INFO]	[DBConfig.csv is loading...]
23:50:36	[LOG_INFO]	string,string
23:50:36	[LOG_INFO]	Account,112.145.214.226
23:50:36	[LOG_INFO]	[DBConfig.csv is loaded...]
23:50:36	[LOG_DEBUG]	Server is Running...
23:50:36	[LOG_DEBUG]	[Thread Num]: 17
23:50:36	[LOG_DEBUG]	[Port]: 7777
23:50:36	[LOG_DEBUG]	[Server Type]: Login
23:50:36	[LOG_DEBUG]	[GroupID]: 0
23:50:36	[LOG_DEBUG]	[WorldID]: 1
23:50:36	[LOG_DEBUG]	[ServerID]: 1000
23:50:36	[LOG_DEBUG]	[DBName]: Account
23:50:36	[LOG_DEBUG]	[DB IP]: 112.145.214.226

23:50:36	[LOG_CONNECT]	Connected
23:50:37	[LOG_CONNECT]	oid(0)	[ip]: 127.0.0.1
23:51:06	[LOG_INFO]	[ServerConfig.csv is loading...]
23:51:06	[LOG_INFO]	string,int,int,int
23:51:06	[LOG_INFO]	Login,0,1,1000
23:51:06	[LOG_INFO]	[ServerConfig.csv is loaded...]
23:51:06	[LOG_INFO]	[DBConfig.csv is loading...]
23:51:06	[LOG_INFO]	string,string
23:51:06	[LOG_INFO]	Account,112.145.214.226
23:51:06	[LOG_INFO]	[DBConfig.csv is loaded...]
23:51:06	[LOG_DEBUG]	Server is Running...
23:51:06	[LOG_DEBUG]	[Thread Num]: 17
23:51:06	[LOG_DEBUG]	[Port]: 7777
23:51:06	[LOG_DEBUG]	[Server Type]: Login
23:51:06	[LOG_DEBUG]	[GroupID]: 0
23:51:06	[LOG_DEBUG]	[WorldID]: 1
23:51:06	[LOG_DEBUG]	[ServerID]: 1000
23:51:09	[LOG_DEBUG]	[DBName]: Account
23:51:10	[LOG_DEBUG]	[DB IP]: 112.145.214.226

23:51:13	[LOG_CONNECT]	Connected
23:54:33	[LOG_INFO]	[ServerConfig.csv is loading...]
23:54:33	[LOG_INFO]	string,int,int,int
23:54:33	[LOG_INFO]	Login,0,1,1000
23:54:33	[LOG_INFO]	[ServerConfig.csv is loaded...]
23:54:33	[LOG_INFO]	[DBConfig.csv is loading...]
23:54:33	[LOG_INFO]	string,string
23:54:33	[LOG_INFO]	Account,112.145.214.226
23:54:33	[LOG_INFO]	[DBConfig.csv is loaded...]
23:54:33	[LOG_DEBUG]	Server is Running...
23:54:33	[LOG_DEBUG]	[Thread Num]: 17
23:54:33	[LOG_DEBUG]	[Port]: 7777
23:54:33	[LOG_DEBUG]	[Server Type]: Login
23:54:33	[LOG_DEBUG]	[GroupID]: 0
23:54:33	[LOG_DEBUG]	[WorldID]: 1
23:54:33	[LOG_DEBUG]	[ServerID]: 1000
23:54:38	[LOG_CONNECT]	oid(0)	[ip]: 127.0.0.1
23:54:41	[LOG_DEBUG]	[DBName]: Account
23:54:41	[LOG_DEBUG]	[DB IP]: 112.145.214.226

23:54:41	[LOG_CONNECT]	Connected
23:55:30	[LOG_INFO]	[ServerConfig.csv is loading...]
23:55:30	[LOG_INFO]	string,int,int,int
23:55:30	[LOG_INFO]	Login,0,1,1000
23:55:30	[LOG_INFO]	[ServerConfig.csv is loaded...]
23:55:30	[LOG_INFO]	[DBConfig.csv is loading...]
23:55:30	[LOG_INFO]	string,string
23:55:30	[LOG_INFO]	Account,112.145.214.226
23:55:30	[LOG_INFO]	[DBConfig.csv is loaded...]
23:55:30	[LOG_DEBUG]	Server is Running...
23:55:30	[LOG_DEBUG]	[Thread Num]: 17
23:55:30	[LOG_DEBUG]	[Port]: 7777
23:55:30	[LOG_DEBUG]	[Server Type]: Login
23:55:30	[LOG_DEBUG]	[GroupID]: 0
23:55:30	[LOG_DEBUG]	[WorldID]: 1
23:55:30	[LOG_DEBUG]	[ServerID]: 1000
23:58:49	[LOG_INFO]	[ServerConfig.csv is loading...]
23:58:49	[LOG_INFO]	string,int,int,int
23:58:49	[LOG_INFO]	Login,0,1,1000
23:58:49	[LOG_INFO]	[ServerConfig.csv is loaded...]
23:58:49	[LOG_INFO]	[DBConfig.csv is loading...]
23:58:49	[LOG_INFO]	string,string
23:58:49	[LOG_INFO]	Account,112.145.214.226
23:58:49	[LOG_INFO]	[DBConfig.csv is loaded...]
23:58:49	[LOG_DEBUG]	Server is Running...
23:58:49	[LOG_DEBUG]	[Thread Num]: 17
23:58:49	[LOG_DEBUG]	[Port]: 7777
23:58:49	[LOG_DEBUG]	[Server Type]: Login
23:58:49	[LOG_DEBUG]	[GroupID]: 0
23:58:49	[LOG_DEBUG]	[WorldID]: 1
23:58:49	[LOG_DEBUG]	[ServerID]: 1000
23:58:51	[LOG_CONNECT]	oid(0)	[ip]: 127.0.0.1
23:58:51	[LOG_DEBUG]	[DBName]: Account
23:58:51	[LOG_DEBUG]	[DB IP]: 112.145.214.226

23:58:51	[LOG_CONNECT]	Connected
23:58:51	[LOG_DEBUG]	[DBName]: Account
23:58:51	[LOG_DEBUG]	[DB IP]: 112.145.214.226

23:58:51	[LOG_CONNECT]	Connected
23:58:52	[LOG_CONNECT]	oid(1)	[ip]: 127.0.0.1
23:58:52	[LOG_DEBUG]	[DBName]: Account
23:58:52	[LOG_DEBUG]	[DB IP]: 112.145.214.226

23:58:52	[LOG_CONNECT]	Connected
23:58:52	[LOG_DEBUG]	[DBName]: Account
23:58:52	[LOG_DEBUG]	[DB IP]: 112.145.214.226

23:58:52	[LOG_CONNECT]	Connected
23:58:53	[LOG_CONNECT]	oid(2)	[ip]: 127.0.0.1
23:58:53	[LOG_DEBUG]	[DBName]: Account
23:58:53	[LOG_DEBUG]	[DB IP]: 112.145.214.226

23:58:53	[LOG_CONNECT]	Connected
23:58:53	[LOG_DEBUG]	[DBName]: Account
23:58:53	[LOG_DEBUG]	[DB IP]: 112.145.214.226

23:58:53	[LOG_CONNECT]	Connected
23:58:54	[LOG_CONNECT]	oid(3)	[ip]: 127.0.0.1
23:58:54	[LOG_DEBUG]	[DBName]: Account
23:58:54	[LOG_DEBUG]	[DB IP]: 112.145.214.226

23:58:54	[LOG_CONNECT]	Connected
23:58:55	[LOG_CONNECT]	oid(4)	[ip]: 127.0.0.1
23:58:57	[LOG_DEBUG]	[DBName]: Account
23:58:57	[LOG_DEBUG]	[DB IP]: 112.145.214.226

23:58:57	[LOG_CONNECT]	Connected
23:59:00	[LOG_DEBUG]	[DBName]: Account
23:59:00	[LOG_DEBUG]	[DB IP]: 112.145.214.226

23:59:00	[LOG_CONNECT]	Connected
23:59:21	[LOG_DEBUG]	[DBName]: Account
23:59:21	[LOG_DEBUG]	[DB IP]: 112.145.214.226

23:59:21	[LOG_DEBUG]	[DBName]: Account
23:59:21	[LOG_DEBUG]	[DB IP]: 112.145.214.226

23:59:21	[LOG_DEBUG]	[DBName]: Account
23:59:21	[LOG_DEBUG]	[DB IP]: 112.145.214.226

23:59:21	[LOG_DEBUG]	[DBName]: Account
23:59:21	[LOG_DEBUG]	[DB IP]: 112.145.214.226

23:59:21	[LOG_DEBUG]	[DBName]: Account
23:59:21	[LOG_DEBUG]	[DB IP]: 112.145.214.226

23:59:21	[LOG_CONNECT]	Connected
23:59:21	[LOG_DEBUG]	[DBName]: Account
23:59:21	[LOG_DEBUG]	[DB IP]: 112.145.214.226

23:59:21	[LOG_CONNECT]	Connected
23:59:21	[LOG_CONNECT]	Connected
23:59:21	[LOG_CONNECT]	Connected
23:59:21	[LOG_CONNECT]	Connected
23:59:21	[LOG_CONNECT]	Connected
23:59:21	[LOG_DEBUG]	[DBName]: Account
23:59:21	[LOG_DEBUG]	[DB IP]: 112.145.214.226

23:59:21	[LOG_CONNECT]	Connected
23:59:54	[LOG_DISCONNECT]	oid(2)	[ip]: 127.0.0.1
