c:\users\newmr\desktop\study\core\source\loginserver\x64\debug\core.pdb
c:\users\newmr\desktop\study\core\source\loginserver\x64\debug\core.idb
c:\users\newmr\desktop\study\core\source\loginserver\intermediate\core\x64\debug\coretimedelegatemanager.obj
c:\users\newmr\desktop\study\core\source\loginserver\intermediate\core\x64\debug\corethreadmanager.obj
c:\users\newmr\desktop\study\core\source\loginserver\intermediate\core\x64\debug\coretestmanager.obj
c:\users\newmr\desktop\study\core\source\loginserver\intermediate\core\x64\debug\corestringmanager.obj
c:\users\newmr\desktop\study\core\source\loginserver\intermediate\core\x64\debug\coresession.obj
c:\users\newmr\desktop\study\core\source\loginserver\intermediate\core\x64\debug\coreserversession.obj
c:\users\newmr\desktop\study\core\source\loginserver\intermediate\core\x64\debug\coreserver.obj
c:\users\newmr\desktop\study\core\source\loginserver\intermediate\core\x64\debug\corepacket.obj
c:\users\newmr\desktop\study\core\source\loginserver\intermediate\core\x64\debug\corelogger.obj
c:\users\newmr\desktop\study\core\source\loginserver\intermediate\core\x64\debug\coreloader.obj
c:\users\newmr\desktop\study\core\source\loginserver\intermediate\core\x64\debug\corefilelogger.obj
c:\users\newmr\desktop\study\core\source\loginserver\intermediate\core\x64\debug\coredatatypemanager.obj
c:\users\newmr\desktop\study\core\source\loginserver\intermediate\core\x64\debug\coredb.obj
c:\users\newmr\desktop\study\core\source\loginserver\intermediate\core\x64\debug\coreconsolelogger.obj
c:\users\newmr\desktop\study\core\source\loginserver\intermediate\core\x64\debug\coreclientsession.obj
c:\users\newmr\desktop\study\core\source\loginserver\intermediate\core\x64\debug\coreclient.obj
c:\users\newmr\desktop\study\core\source\loginserver\intermediate\core\x64\debug\corecharacter.obj
c:\users\newmr\desktop\study\core\source\loginserver\intermediate\core\x64\debug\corecsvloader.obj
c:\users\newmr\desktop\study\core\source\loginserver\intermediate\core\x64\debug\coreaccountmanager.obj
c:\users\newmr\desktop\study\core\source\loginserver\intermediate\core\x64\debug\coreaccount.obj
c:\users\newmr\desktop\study\core\source\loginserver\intermediate\core\x64\debug\worlddb.obj
c:\users\newmr\desktop\study\core\source\loginserver\intermediate\core\x64\debug\coretimemanager.obj
c:\users\newmr\desktop\study\core\source\loginserver\x64\debug\core.lib
c:\users\newmr\desktop\study\core\source\loginserver\intermediate\core\x64\debug\core.tlog\cl.command.1.tlog
c:\users\newmr\desktop\study\core\source\loginserver\intermediate\core\x64\debug\core.tlog\cl.read.1.tlog
c:\users\newmr\desktop\study\core\source\loginserver\intermediate\core\x64\debug\core.tlog\cl.write.1.tlog
c:\users\newmr\desktop\study\core\source\loginserver\intermediate\core\x64\debug\core.tlog\lib-link.read.1.tlog
c:\users\newmr\desktop\study\core\source\loginserver\intermediate\core\x64\debug\core.tlog\lib-link.write.1.tlog
c:\users\newmr\desktop\study\core\source\loginserver\intermediate\core\x64\debug\core.tlog\lib.command.1.tlog
