  CoreAccount.cpp
  CoreAccountManager.cpp
  CoreCharacter.cpp
  CoreClient.cpp
  CoreConsoleLogger.cpp
  CoreCSVLoader.cpp
  CoreDB.cpp
  CoreFileLogger.cpp
  CoreLoader.cpp
  CoreLogger.cpp
  CoreServer.cpp
  CorePacket.cpp
  CoreClientSession.cpp
  CoreServerSession.cpp
  CoreSession.cpp
  CoreStringManager.cpp
  CoreTestManager.cpp
  CoreThreadManager.cpp
  CoreTimeDelegateManager.cpp
  CoreTimeManager.cpp
  코드를 생성하고 있습니다...
  컴파일하고 있습니다...
  CoreDataTypeManager.cpp
  WorldDB.cpp
  코드를 생성하고 있습니다...
  Core.vcxproj -> C:\Users\newmr\Desktop\Study\Core\Source\LoginServer\x64\Debug\Core.lib
