  openldap.c
  parsedate.c
  pingpong.c
  pop3.c
  progress.c
  psl.c
  rand.c
  rename.c
  rtsp.c
  select.c
  sendf.c
  setopt.c
  sha256.c
  share.c
  slist.c
  smb.c
  smtp.c
  socketpair.c
  socks.c
  socks_gssapi.c
  코드를 생성하고 있습니다...
  컴파일하고 있습니다...
  socks_sspi.c
  speedcheck.c
  splay.c
  strcase.c
  strdup.c
  strerror.c
  strtok.c
  strtoofft.c
  system_win32.c
  telnet.c
  tftp.c
  timediff.c
  timeval.c
  transfer.c
  url.c
  urlapi.c
  cleartext.c
  cram.c
  digest.c
  digest_sspi.c
  코드를 생성하고 있습니다...
  컴파일하고 있습니다...
  gsasl.c
  krb5_gssapi.c
  krb5_sspi.c
  ntlm.c
  ntlm_sspi.c
  oauth2.c
  spnego_gssapi.c
  spnego_sspi.c
  vauth.c
  version.c
  version_win32.c
  msh3.c
  ngtcp2.c
  quiche.c
  vquic.c
  libssh.c
  libssh2.c
  wolfssh.c
  bearssl.c
  gskit.c
  코드를 생성하고 있습니다...
  컴파일하고 있습니다...
  gtls.c
  hostcheck.c
  keylog.c
  mbedtls.c
  mbedtls_threadlock.c
  nss.c
  openssl.c
  rustls.c
  schannel.c
  schannel_verify.c
  sectransp.c
  vtls.c
  wolfssl.c
  x509asn1.c
  warnless.c
  wildcard.c
  코드를 생성하고 있습니다...
  libcurl.vcxproj -> C:\Users\HavePoop\Desktop\Study\Core\Source\curl-7.83.0\build\Win32\VC14.30\LIB Debug\libcurld.lib
