01:17:14	[LOG_INFO]	[DBConfig.csv is loading...]
01:17:14	[LOG_INFO]	string,string
01:17:14	[LOG_INFO]	World,112.145.214.226
01:17:14	[LOG_INFO]	Account,112.145.214.226
01:17:14	[LOG_INFO]	[DBConfig.csv is loaded...]
01:17:14	[LOG_INFO]	[ServerConfig.csv is loading...]
01:17:14	[LOG_INFO]	string,int,int
01:17:14	[LOG_INFO]	Login,1,1000
01:17:14	[LOG_INFO]	[ServerConfig.csv is loaded...]
01:17:14	[LOG_CONNECT]	WorldConnected
01:17:14	[LOG_DEBUG]	[Server Type]: Login
01:17:14	[LOG_DEBUG]	[GroupID]: 0
01:17:14	[LOG_DEBUG]	[WorldID]: 1
01:17:14	[LOG_DEBUG]	[ServerID]: 1000
01:17:14	[LOG_DEBUG]	Server is Running...
01:17:14	[LOG_DEBUG]	[Thread Num]: 17
01:17:14	[LOG_DEBUG]	[Port]: 7000
01:17:42	[LOG_INFO]	[DBConfig.csv is loading...]
01:17:42	[LOG_INFO]	string,string
01:17:42	[LOG_INFO]	World,112.145.214.226
01:17:42	[LOG_INFO]	Account,112.145.214.226
01:17:42	[LOG_INFO]	[DBConfig.csv is loaded...]
01:17:42	[LOG_INFO]	[ServerConfig.csv is loading...]
01:17:42	[LOG_INFO]	string,int,int
01:17:42	[LOG_INFO]	Login,1,1000
01:17:42	[LOG_INFO]	[ServerConfig.csv is loaded...]
01:17:42	[LOG_CONNECT]	WorldDB Connected
01:17:42	[LOG_DEBUG]	[Server Type]: Login
01:17:42	[LOG_DEBUG]	[GroupID]: 0
01:17:42	[LOG_DEBUG]	[WorldID]: 1
01:17:42	[LOG_DEBUG]	[ServerID]: 1000
01:17:42	[LOG_DEBUG]	Server is Running...
01:17:42	[LOG_DEBUG]	[Thread Num]: 17
01:17:42	[LOG_DEBUG]	[Port]: 7000
