00:50:47	[LOG_CONNECT]	oid(0)	[ip]: 127.0.0.1
00:50:47	[LOG_CONNECT]	AccountDB is Connected
00:50:47	[LOG_CONNECT]	GameDB is Connected
00:50:50	[LOG_DISCONNECT]	oid(0)	
19:58:46	[LOG_INFO]	[DBConfig.csv is loading...]
19:58:46	[LOG_INFO]	string,string
19:58:46	[LOG_INFO]	World,112.145.214.226
19:58:46	[LOG_INFO]	Account,112.145.214.226
19:58:46	[LOG_INFO]	Game,112.145.214.226
19:58:46	[LOG_INFO]	[DBConfig.csv is loaded...]
19:58:46	[LOG_INFO]	[ServerConfig.csv is loading...]
19:58:46	[LOG_INFO]	string,int32_t,int32_t
19:58:46	[LOG_INFO]	Login,1,1000
19:58:46	[LOG_INFO]	[ServerConfig.csv is loaded...]
19:58:46	[LOG_CONNECT]	WorldDB is Connected
19:58:46	[LOG_DEBUG]	[Server Type]: Login
19:58:46	[LOG_DEBUG]	[GroupID]: 0
19:58:46	[LOG_DEBUG]	[WorldID]: 1
19:58:46	[LOG_DEBUG]	[ServerID]: 1000
19:58:46	[LOG_INFO]	[Data/CharacterCreateStat.csv is loading...]
19:58:46	[LOG_INFO]	int32_t,int32_t,int32_t
19:58:46	[LOG_INFO]	10 ,0 ,0 
19:58:46	[LOG_INFO]	2 ,8 ,0 
19:58:46	[LOG_INFO]	0 ,0 ,10 
19:58:46	[LOG_INFO]	0 ,10 ,0 
19:58:46	[LOG_INFO]	[Data/CharacterCreateStat.csv is loaded...]
19:58:46	[LOG_INFO]	[Data/CharacterCreateGear.csv is loading...]
19:58:46	[LOG_INFO]	uint8_t,uint8_t,uint8_t,uint8_t,uint8_t,uint8_t,uint8_t,uint8_t,uint8_t
19:58:46	[LOG_INFO]	1 ,2 ,1 ,0 ,1 ,1 ,1 ,0 ,0 
19:58:46	[LOG_INFO]	0 ,1 ,1 ,0 ,1 ,1 ,1 ,0 ,0 
19:58:46	[LOG_INFO]	0 ,0 ,1 ,0 ,1 ,1 ,1 ,0 ,0 
19:58:46	[LOG_INFO]	1 ,1 ,1 ,0 ,1 ,1 ,1 ,0 ,0 
19:58:46	[LOG_INFO]	[Data/CharacterCreateGear.csv is loaded...]
19:58:46	[LOG_INFO]	[Data/CharacterAbilityByStat.csv is loading...]
19:58:46	[LOG_INFO]	uint8_t,uint8_t,uint8_t,uint8_t,uint8_t,uint8_t
19:58:46	[LOG_INFO]	8 ,2 ,10 ,0 ,7 ,3 
19:58:46	[LOG_INFO]	5 ,5 ,8 ,2 ,6 ,4 
19:58:46	[LOG_INFO]	3 ,7 ,0 ,10 ,3 ,7 
19:58:46	[LOG_INFO]	[Data/CharacterAbilityByStat.csv is loaded...]
19:58:46	[LOG_DEBUG]	Server is Running...
19:58:46	[LOG_DEBUG]	[Thread Num]: 41
19:58:46	[LOG_DEBUG]	[Port]: 7000
20:27:52	[LOG_CONNECT]	oid(0)	[ip]: 127.0.0.1
20:27:52	[LOG_CONNECT]	AccountDB is Connected
20:27:52	[LOG_CONNECT]	GameDB is Connected
20:27:53	[LOG_DISCONNECT]	oid(0)	
20:52:45	[LOG_CONNECT]	oid(1)	[ip]: 127.0.0.1
20:52:46	[LOG_DISCONNECT]	oid(1)	
