00:19:56	[LOG_CONNECT]	oid(6)	[ip]: 127.0.0.1
00:19:57	[LOG_DISCONNECT]	oid(6)	
00:20:02	[LOG_CONNECT]	oid(7)	[ip]: 127.0.0.1
00:20:04	[LOG_DISCONNECT]	oid(7)	
00:26:25	[LOG_CONNECT]	oid(8)	[ip]: 127.0.0.1
00:26:26	[LOG_DISCONNECT]	oid(8)	
00:26:31	[LOG_CONNECT]	oid(9)	[ip]: 127.0.0.1
00:26:33	[LOG_DISCONNECT]	oid(9)	
22:05:25	[LOG_INFO]	[DBConfig.csv is loading...]
22:05:25	[LOG_INFO]	string,string
22:05:25	[LOG_INFO]	World,112.145.214.226
22:05:25	[LOG_INFO]	Account,112.145.214.226
22:05:25	[LOG_INFO]	Game,112.145.214.226
22:05:25	[LOG_INFO]	[DBConfig.csv is loaded...]
22:05:25	[LOG_INFO]	[ServerConfig.csv is loading...]
22:05:25	[LOG_INFO]	string,int32_t,int32_t
22:05:25	[LOG_INFO]	Login,1,1000
22:05:25	[LOG_INFO]	[ServerConfig.csv is loaded...]
22:05:25	[LOG_CONNECT]	WorldDB is Connected
22:05:25	[LOG_DEBUG]	[Server Type]: Login
22:05:25	[LOG_DEBUG]	[GroupID]: 0
22:05:25	[LOG_DEBUG]	[WorldID]: 1
22:05:25	[LOG_DEBUG]	[ServerID]: 1000
22:05:25	[LOG_INFO]	[Data/CharacterCreateStat.csv is loading...]
22:05:25	[LOG_INFO]	int32_t,int32_t,int32_t
22:05:25	[LOG_INFO]	10 ,0 ,0 
22:05:25	[LOG_INFO]	2 ,8 ,0 
22:05:25	[LOG_INFO]	0 ,0 ,10 
22:05:25	[LOG_INFO]	0 ,10 ,0 
22:05:25	[LOG_INFO]	[Data/CharacterCreateStat.csv is loaded...]
22:05:25	[LOG_INFO]	[Data/CharacterCreateGear.csv is loading...]
22:05:25	[LOG_INFO]	uint8_t,uint8_t,uint8_t,uint8_t,uint8_t,uint8_t,uint8_t,uint8_t,uint8_t
22:05:25	[LOG_INFO]	1 ,2 ,1 ,0 ,1 ,1 ,1 ,0 ,0 
22:05:25	[LOG_INFO]	0 ,1 ,1 ,0 ,1 ,1 ,1 ,0 ,0 
22:05:25	[LOG_INFO]	0 ,0 ,1 ,0 ,1 ,1 ,1 ,0 ,0 
22:05:25	[LOG_INFO]	1 ,1 ,1 ,0 ,1 ,1 ,1 ,0 ,0 
22:05:25	[LOG_INFO]	[Data/CharacterCreateGear.csv is loaded...]
22:05:25	[LOG_INFO]	[Data/CharacterAbilityByStat.csv is loading...]
22:05:25	[LOG_INFO]	uint8_t,uint8_t,uint8_t,uint8_t,uint8_t,uint8_t
22:05:25	[LOG_INFO]	8 ,2 ,10 ,0 ,7 ,3 
22:05:25	[LOG_INFO]	5 ,5 ,8 ,2 ,6 ,4 
22:05:25	[LOG_INFO]	3 ,7 ,0 ,10 ,3 ,7 
22:05:25	[LOG_INFO]	[Data/CharacterAbilityByStat.csv is loaded...]
22:05:25	[LOG_DEBUG]	Server is Running...
22:05:25	[LOG_DEBUG]	[Thread Num]: 41
22:05:25	[LOG_DEBUG]	[Port]: 7000
