00:17:24	[LOG_INFO]	[DBConfig.csv is loading...]
00:17:24	[LOG_INFO]	string,string
00:17:24	[LOG_INFO]	World,112.145.214.226
00:17:24	[LOG_INFO]	Account,112.145.214.226
00:17:24	[LOG_INFO]	Game,112.145.214.226
00:17:24	[LOG_INFO]	[DBConfig.csv is loaded...]
00:17:24	[LOG_INFO]	[ServerConfig.csv is loading...]
00:17:24	[LOG_INFO]	string,int32_t,int32_t
00:17:24	[LOG_INFO]	Login,1,1000
00:17:24	[LOG_INFO]	[ServerConfig.csv is loaded...]
00:17:24	[LOG_CONNECT]	WorldDB is Connected
00:17:24	[LOG_DEBUG]	[Server Type]: Login
00:17:24	[LOG_DEBUG]	[GroupID]: 0
00:17:24	[LOG_DEBUG]	[WorldID]: 1
00:17:24	[LOG_DEBUG]	[ServerID]: 1000
00:17:59	[LOG_INFO]	[DBConfig.csv is loading...]
00:17:59	[LOG_INFO]	string,string
00:17:59	[LOG_INFO]	World,112.145.214.226
00:17:59	[LOG_INFO]	Account,112.145.214.226
00:17:59	[LOG_INFO]	Game,112.145.214.226
00:17:59	[LOG_INFO]	[DBConfig.csv is loaded...]
00:17:59	[LOG_INFO]	[ServerConfig.csv is loading...]
00:17:59	[LOG_INFO]	string,int32_t,int32_t
00:17:59	[LOG_INFO]	Login,1,1000
00:17:59	[LOG_INFO]	[ServerConfig.csv is loaded...]
00:17:59	[LOG_CONNECT]	WorldDB is Connected
00:17:59	[LOG_DEBUG]	[Server Type]: Login
00:17:59	[LOG_DEBUG]	[GroupID]: 0
00:17:59	[LOG_DEBUG]	[WorldID]: 1
00:17:59	[LOG_DEBUG]	[ServerID]: 1000
00:17:59	[LOG_INFO]	[Data/createStat.csv is loading...]
00:17:59	[LOG_INFO]	﻿int16_t,int16_t,int16_t
00:17:59	[LOG_INFO]	10 ,0 ,0 
00:17:59	[LOG_INFO]	2 ,8 ,0 
00:17:59	[LOG_INFO]	0 ,0 ,10 
00:17:59	[LOG_INFO]	0 ,10 ,0 
00:17:59	[LOG_INFO]	[Data/createStat.csv is loaded...]
00:17:59	[LOG_DEBUG]	Server is Running...
00:17:59	[LOG_DEBUG]	[Thread Num]: 17
00:17:59	[LOG_DEBUG]	[Port]: 7000
00:19:09	[LOG_INFO]	[DBConfig.csv is loading...]
00:19:09	[LOG_INFO]	string,string
00:19:09	[LOG_INFO]	World,112.145.214.226
00:19:09	[LOG_INFO]	Account,112.145.214.226
00:19:09	[LOG_INFO]	Game,112.145.214.226
00:19:09	[LOG_INFO]	[DBConfig.csv is loaded...]
00:19:09	[LOG_INFO]	[ServerConfig.csv is loading...]
00:19:09	[LOG_INFO]	string,int32_t,int32_t
00:19:09	[LOG_INFO]	Login,1,1000
00:19:09	[LOG_INFO]	[ServerConfig.csv is loaded...]
00:19:09	[LOG_CONNECT]	WorldDB is Connected
00:19:09	[LOG_DEBUG]	[Server Type]: Login
00:19:09	[LOG_DEBUG]	[GroupID]: 0
00:19:09	[LOG_DEBUG]	[WorldID]: 1
00:19:09	[LOG_DEBUG]	[ServerID]: 1000
00:19:09	[LOG_INFO]	[Data/CreateStat.csv is loading...]
00:19:09	[LOG_INFO]	﻿int16_t,int16_t,int16_t
00:19:09	[LOG_INFO]	10 ,0 ,0 
00:19:09	[LOG_INFO]	2 ,8 ,0 
00:19:09	[LOG_INFO]	0 ,0 ,10 
00:19:09	[LOG_INFO]	0 ,10 ,0 
00:19:09	[LOG_INFO]	[Data/CreateStat.csv is loaded...]
00:19:09	[LOG_DEBUG]	Server is Running...
00:19:09	[LOG_DEBUG]	[Thread Num]: 17
00:19:09	[LOG_DEBUG]	[Port]: 7000
00:20:13	[LOG_INFO]	[DBConfig.csv is loading...]
00:20:13	[LOG_INFO]	string,string
00:20:13	[LOG_INFO]	World,112.145.214.226
00:20:13	[LOG_INFO]	Account,112.145.214.226
00:20:13	[LOG_INFO]	Game,112.145.214.226
00:20:13	[LOG_INFO]	[DBConfig.csv is loaded...]
00:20:13	[LOG_INFO]	[ServerConfig.csv is loading...]
00:20:13	[LOG_INFO]	string,int32_t,int32_t
00:20:13	[LOG_INFO]	Login,1,1000
00:20:13	[LOG_INFO]	[ServerConfig.csv is loaded...]
00:20:13	[LOG_CONNECT]	WorldDB is Connected
00:20:13	[LOG_DEBUG]	[Server Type]: Login
00:20:13	[LOG_DEBUG]	[GroupID]: 0
00:20:13	[LOG_DEBUG]	[WorldID]: 1
00:20:13	[LOG_DEBUG]	[ServerID]: 1000
00:20:13	[LOG_INFO]	[Data/CreateStat.csv is loading...]
00:20:13	[LOG_INFO]	int16_t,int16_t,int16_t
00:20:13	[LOG_INFO]	10 ,0 ,0 
00:20:13	[LOG_INFO]	2 ,8 ,0 
00:20:13	[LOG_INFO]	0 ,0 ,10 
00:20:13	[LOG_INFO]	0 ,10 ,0 
00:20:13	[LOG_INFO]	[Data/CreateStat.csv is loaded...]
00:20:13	[LOG_DEBUG]	Server is Running...
00:20:13	[LOG_DEBUG]	[Thread Num]: 17
00:20:13	[LOG_DEBUG]	[Port]: 7000
00:26:32	[LOG_INFO]	[DBConfig.csv is loading...]
00:26:32	[LOG_INFO]	string,string
00:26:32	[LOG_INFO]	World,112.145.214.226
00:26:32	[LOG_INFO]	Account,112.145.214.226
00:26:32	[LOG_INFO]	Game,112.145.214.226
00:26:32	[LOG_INFO]	[DBConfig.csv is loaded...]
00:26:32	[LOG_INFO]	[ServerConfig.csv is loading...]
00:26:32	[LOG_INFO]	string,int32_t,int32_t
00:26:32	[LOG_INFO]	Login,1,1000
00:26:32	[LOG_INFO]	[ServerConfig.csv is loaded...]
00:26:32	[LOG_CONNECT]	WorldDB is Connected
00:26:32	[LOG_DEBUG]	[Server Type]: Login
00:26:32	[LOG_DEBUG]	[GroupID]: 0
00:26:32	[LOG_DEBUG]	[WorldID]: 1
00:26:32	[LOG_DEBUG]	[ServerID]: 1000
00:26:32	[LOG_INFO]	[Data/CreateStat.csv is loading...]
00:26:32	[LOG_INFO]	int16_t,int16_t,int16_t
00:26:32	[LOG_INFO]	10 ,0 ,0 
00:26:32	[LOG_INFO]	2 ,8 ,0 
00:26:32	[LOG_INFO]	0 ,0 ,10 
00:26:32	[LOG_INFO]	0 ,10 ,0 
00:26:32	[LOG_INFO]	[Data/CreateStat.csv is loaded...]
00:26:32	[LOG_DEBUG]	Server is Running...
00:26:32	[LOG_DEBUG]	[Thread Num]: 17
00:26:32	[LOG_DEBUG]	[Port]: 7000
00:27:18	[LOG_INFO]	[DBConfig.csv is loading...]
00:27:18	[LOG_INFO]	string,string
00:27:18	[LOG_INFO]	World,112.145.214.226
00:27:18	[LOG_INFO]	Account,112.145.214.226
00:27:18	[LOG_INFO]	Game,112.145.214.226
00:27:18	[LOG_INFO]	[DBConfig.csv is loaded...]
00:27:18	[LOG_INFO]	[ServerConfig.csv is loading...]
00:27:18	[LOG_INFO]	string,int32_t,int32_t
00:27:18	[LOG_INFO]	Login,1,1000
00:27:18	[LOG_INFO]	[ServerConfig.csv is loaded...]
00:27:18	[LOG_CONNECT]	WorldDB is Connected
00:27:18	[LOG_DEBUG]	[Server Type]: Login
00:27:18	[LOG_DEBUG]	[GroupID]: 0
00:27:18	[LOG_DEBUG]	[WorldID]: 1
00:27:18	[LOG_DEBUG]	[ServerID]: 1000
00:27:18	[LOG_INFO]	[Data/CreateStat.csv is loading...]
00:27:18	[LOG_INFO]	int16_t,int16_t,int16_t
00:27:18	[LOG_INFO]	10 ,0 ,0 
00:27:18	[LOG_INFO]	2 ,8 ,0 
00:27:18	[LOG_INFO]	0 ,0 ,10 
00:27:18	[LOG_INFO]	0 ,10 ,0 
00:27:18	[LOG_INFO]	[Data/CreateStat.csv is loaded...]
00:27:18	[LOG_DEBUG]	Server is Running...
00:27:18	[LOG_DEBUG]	[Thread Num]: 17
00:27:18	[LOG_DEBUG]	[Port]: 7000
00:27:44	[LOG_CONNECT]	oid(0)	[ip]: 127.0.0.1
00:27:44	[LOG_CONNECT]	AccountDB is Connected
00:27:50	[LOG_ERROR]	Can't Connect
00:28:08	[LOG_INFO]	[DBConfig.csv is loading...]
00:28:08	[LOG_INFO]	string,string
00:28:08	[LOG_INFO]	World,112.145.214.226
00:28:08	[LOG_INFO]	Account,112.145.214.226
00:28:08	[LOG_INFO]	Game,112.145.214.226
00:28:08	[LOG_INFO]	[DBConfig.csv is loaded...]
00:28:08	[LOG_INFO]	[ServerConfig.csv is loading...]
00:28:08	[LOG_INFO]	string,int32_t,int32_t
00:28:08	[LOG_INFO]	Login,1,1000
00:28:08	[LOG_INFO]	[ServerConfig.csv is loaded...]
00:28:08	[LOG_CONNECT]	WorldDB is Connected
00:28:08	[LOG_DEBUG]	[Server Type]: Login
00:28:08	[LOG_DEBUG]	[GroupID]: 0
00:28:08	[LOG_DEBUG]	[WorldID]: 1
00:28:08	[LOG_DEBUG]	[ServerID]: 1000
00:28:08	[LOG_INFO]	[Data/CreateStat.csv is loading...]
00:28:08	[LOG_INFO]	int16_t,int16_t,int16_t
00:28:08	[LOG_INFO]	10 ,0 ,0 
00:28:08	[LOG_INFO]	2 ,8 ,0 
00:28:08	[LOG_INFO]	0 ,0 ,10 
00:28:08	[LOG_INFO]	0 ,10 ,0 
00:28:08	[LOG_INFO]	[Data/CreateStat.csv is loaded...]
00:28:08	[LOG_DEBUG]	Server is Running...
00:28:08	[LOG_DEBUG]	[Thread Num]: 17
00:28:08	[LOG_DEBUG]	[Port]: 7000
00:28:27	[LOG_CONNECT]	oid(0)	[ip]: 127.0.0.1
00:28:27	[LOG_CONNECT]	AccountDB is Connected
00:28:49	[LOG_ERROR]	Can't Connect
00:29:07	[LOG_INFO]	[DBConfig.csv is loading...]
00:29:07	[LOG_INFO]	string,string
00:29:07	[LOG_INFO]	World,112.145.214.226
00:29:07	[LOG_INFO]	Account,112.145.214.226
00:29:07	[LOG_INFO]	Game,112.145.214.226
00:29:07	[LOG_INFO]	[DBConfig.csv is loaded...]
00:29:07	[LOG_INFO]	[ServerConfig.csv is loading...]
00:29:07	[LOG_INFO]	string,int32_t,int32_t
00:29:07	[LOG_INFO]	Login,1,1000
00:29:07	[LOG_INFO]	[ServerConfig.csv is loaded...]
00:29:07	[LOG_CONNECT]	WorldDB is Connected
00:29:07	[LOG_DEBUG]	[Server Type]: Login
00:29:07	[LOG_DEBUG]	[GroupID]: 0
00:29:07	[LOG_DEBUG]	[WorldID]: 1
00:29:07	[LOG_DEBUG]	[ServerID]: 1000
00:29:07	[LOG_INFO]	[Data/CreateStat.csv is loading...]
00:29:07	[LOG_INFO]	int16_t,int16_t,int16_t
00:29:07	[LOG_INFO]	10 ,0 ,0 
00:29:07	[LOG_INFO]	2 ,8 ,0 
00:29:07	[LOG_INFO]	0 ,0 ,10 
00:29:07	[LOG_INFO]	0 ,10 ,0 
00:29:07	[LOG_INFO]	[Data/CreateStat.csv is loaded...]
00:29:07	[LOG_DEBUG]	Server is Running...
00:29:07	[LOG_DEBUG]	[Thread Num]: 17
00:29:07	[LOG_DEBUG]	[Port]: 7000
00:29:29	[LOG_CONNECT]	oid(0)	[ip]: 127.0.0.1
00:29:29	[LOG_CONNECT]	AccountDB is Connected
00:29:50	[LOG_ERROR]	Can't Connect
00:31:59	[LOG_INFO]	[DBConfig.csv is loading...]
00:31:59	[LOG_INFO]	string,string
00:31:59	[LOG_INFO]	World,112.145.214.226
00:31:59	[LOG_INFO]	Account,112.145.214.226
00:31:59	[LOG_INFO]	Game,112.145.214.226
00:31:59	[LOG_INFO]	[DBConfig.csv is loaded...]
00:31:59	[LOG_INFO]	[ServerConfig.csv is loading...]
00:31:59	[LOG_INFO]	string,int32_t,int32_t
00:31:59	[LOG_INFO]	Login,1,1000
00:31:59	[LOG_INFO]	[ServerConfig.csv is loaded...]
00:31:59	[LOG_CONNECT]	WorldDB is Connected
00:31:59	[LOG_DEBUG]	[Server Type]: Login
00:31:59	[LOG_DEBUG]	[GroupID]: 0
00:31:59	[LOG_DEBUG]	[WorldID]: 1
00:31:59	[LOG_DEBUG]	[ServerID]: 1000
00:31:59	[LOG_INFO]	[Data/CreateStat.csv is loading...]
00:31:59	[LOG_INFO]	int16_t,int16_t,int16_t
00:31:59	[LOG_INFO]	10 ,0 ,0 
00:31:59	[LOG_INFO]	2 ,8 ,0 
00:31:59	[LOG_INFO]	0 ,0 ,10 
00:31:59	[LOG_INFO]	0 ,10 ,0 
00:31:59	[LOG_INFO]	[Data/CreateStat.csv is loaded...]
00:31:59	[LOG_DEBUG]	Server is Running...
00:31:59	[LOG_DEBUG]	[Thread Num]: 17
00:31:59	[LOG_DEBUG]	[Port]: 7000
00:32:10	[LOG_CONNECT]	oid(0)	[ip]: 127.0.0.1
00:32:11	[LOG_CONNECT]	AccountDB is Connected
00:32:32	[LOG_ERROR]	Can't Connect
00:34:32	[LOG_INFO]	[DBConfig.csv is loading...]
00:34:32	[LOG_INFO]	string,string
00:34:32	[LOG_INFO]	World,112.145.214.226
00:34:32	[LOG_INFO]	Account,112.145.214.226
00:34:32	[LOG_INFO]	Game,112.145.214.226
00:34:32	[LOG_INFO]	[DBConfig.csv is loaded...]
00:34:32	[LOG_INFO]	[ServerConfig.csv is loading...]
00:34:32	[LOG_INFO]	string,int32_t,int32_t
00:34:32	[LOG_INFO]	Login,1,1000
00:34:32	[LOG_INFO]	[ServerConfig.csv is loaded...]
00:34:32	[LOG_CONNECT]	WorldDB is Connected
00:34:32	[LOG_DEBUG]	[Server Type]: Login
00:34:32	[LOG_DEBUG]	[GroupID]: 0
00:34:32	[LOG_DEBUG]	[WorldID]: 1
00:34:32	[LOG_DEBUG]	[ServerID]: 1000
00:34:32	[LOG_INFO]	[Data/CreateStat.csv is loading...]
00:34:32	[LOG_INFO]	int16_t,int16_t,int16_t
00:34:32	[LOG_INFO]	10 ,0 ,0 
00:34:32	[LOG_INFO]	2 ,8 ,0 
00:34:32	[LOG_INFO]	0 ,0 ,10 
00:34:32	[LOG_INFO]	0 ,10 ,0 
00:34:32	[LOG_INFO]	[Data/CreateStat.csv is loaded...]
00:34:32	[LOG_DEBUG]	Server is Running...
00:34:32	[LOG_DEBUG]	[Thread Num]: 17
00:34:32	[LOG_DEBUG]	[Port]: 7000
00:34:55	[LOG_CONNECT]	oid(0)	[ip]: 127.0.0.1
00:34:55	[LOG_CONNECT]	AccountDB is Connected
00:36:36	[LOG_INFO]	[DBConfig.csv is loading...]
00:36:36	[LOG_INFO]	string,string
00:36:36	[LOG_INFO]	World,112.145.214.226
00:36:36	[LOG_INFO]	Account,112.145.214.226
00:36:36	[LOG_INFO]	Game,112.145.214.226
00:36:36	[LOG_INFO]	[DBConfig.csv is loaded...]
00:36:36	[LOG_INFO]	[ServerConfig.csv is loading...]
00:36:36	[LOG_INFO]	string,int32_t,int32_t
00:36:36	[LOG_INFO]	Login,1,1000
00:36:36	[LOG_INFO]	[ServerConfig.csv is loaded...]
00:36:36	[LOG_CONNECT]	WorldDB is Connected
00:36:36	[LOG_DEBUG]	[Server Type]: Login
00:36:36	[LOG_DEBUG]	[GroupID]: 0
00:36:36	[LOG_DEBUG]	[WorldID]: 1
00:36:36	[LOG_DEBUG]	[ServerID]: 1000
00:36:36	[LOG_INFO]	[Data/CreateStat.csv is loading...]
00:36:36	[LOG_INFO]	int16_t,int16_t,int16_t
00:36:36	[LOG_INFO]	10 ,0 ,0 
00:36:36	[LOG_INFO]	2 ,8 ,0 
00:36:36	[LOG_INFO]	0 ,0 ,10 
00:36:36	[LOG_INFO]	0 ,10 ,0 
00:36:36	[LOG_INFO]	[Data/CreateStat.csv is loaded...]
00:36:36	[LOG_DEBUG]	Server is Running...
00:36:36	[LOG_DEBUG]	[Thread Num]: 17
00:36:36	[LOG_DEBUG]	[Port]: 7000
00:40:52	[LOG_CONNECT]	oid(0)	[ip]: 127.0.0.1
00:40:52	[LOG_CONNECT]	AccountDB is Connected
00:40:58	[LOG_CONNECT]	GameDB is Connected
00:55:51	[LOG_INFO]	[DBConfig.csv is loading...]
00:55:51	[LOG_INFO]	string,string
00:55:51	[LOG_INFO]	World,112.145.214.226
00:55:51	[LOG_INFO]	Account,112.145.214.226
00:55:51	[LOG_INFO]	Game,112.145.214.226
00:55:51	[LOG_INFO]	[DBConfig.csv is loaded...]
00:55:51	[LOG_INFO]	[ServerConfig.csv is loading...]
00:55:51	[LOG_INFO]	string,int32_t,int32_t
00:55:51	[LOG_INFO]	Login,1,1000
00:55:51	[LOG_INFO]	[ServerConfig.csv is loaded...]
00:55:51	[LOG_CONNECT]	WorldDB is Connected
00:55:51	[LOG_DEBUG]	[Server Type]: Login
00:55:51	[LOG_DEBUG]	[GroupID]: 0
00:55:51	[LOG_DEBUG]	[WorldID]: 1
00:55:51	[LOG_DEBUG]	[ServerID]: 1000
00:55:51	[LOG_INFO]	[Data/CreateStat.csv is loading...]
00:55:51	[LOG_INFO]	int16_t,int16_t,int16_t
00:55:51	[LOG_INFO]	10 ,0 ,0 
00:55:51	[LOG_INFO]	2 ,8 ,0 
00:55:51	[LOG_INFO]	0 ,0 ,10 
00:55:51	[LOG_INFO]	0 ,10 ,0 
00:55:51	[LOG_INFO]	[Data/CreateStat.csv is loaded...]
00:55:51	[LOG_DEBUG]	Server is Running...
00:55:51	[LOG_DEBUG]	[Thread Num]: 17
00:55:51	[LOG_DEBUG]	[Port]: 7000
00:59:31	[LOG_CONNECT]	oid(0)	[ip]: 127.0.0.1
00:59:31	[LOG_CONNECT]	AccountDB is Connected
00:59:38	[LOG_CONNECT]	GameDB is Connected
01:00:27	[LOG_CONNECT]	GameDB is Connected
01:00:46	[LOG_CONNECT]	GameDB is Connected
01:01:00	[LOG_CONNECT]	GameDB is Connected
01:01:58	[LOG_CONNECT]	GameDB is Connected
01:02:32	[LOG_DISCONNECT]	oid(0)	[ip]: 127.0.0.1
01:03:54	[LOG_CONNECT]	oid(1)	[ip]: 127.0.0.1
01:04:29	[LOG_INFO]	[DBConfig.csv is loading...]
01:04:29	[LOG_INFO]	string,string
01:04:29	[LOG_INFO]	World,112.145.214.226
01:04:29	[LOG_INFO]	Account,112.145.214.226
01:04:29	[LOG_INFO]	Game,112.145.214.226
01:04:29	[LOG_INFO]	[DBConfig.csv is loaded...]
01:04:29	[LOG_INFO]	[ServerConfig.csv is loading...]
01:04:29	[LOG_INFO]	string,int32_t,int32_t
01:04:29	[LOG_INFO]	Login,1,1000
01:04:29	[LOG_INFO]	[ServerConfig.csv is loaded...]
01:04:29	[LOG_CONNECT]	WorldDB is Connected
01:04:29	[LOG_DEBUG]	[Server Type]: Login
01:04:29	[LOG_DEBUG]	[GroupID]: 0
01:04:29	[LOG_DEBUG]	[WorldID]: 1
01:04:29	[LOG_DEBUG]	[ServerID]: 1000
01:04:29	[LOG_INFO]	[Data/CreateStat.csv is loading...]
01:04:29	[LOG_INFO]	int16_t,int16_t,int16_t
01:04:29	[LOG_INFO]	10 ,0 ,0 
01:04:29	[LOG_INFO]	2 ,8 ,0 
01:04:29	[LOG_INFO]	0 ,0 ,10 
01:04:29	[LOG_INFO]	0 ,10 ,0 
01:04:29	[LOG_INFO]	[Data/CreateStat.csv is loaded...]
01:04:29	[LOG_DEBUG]	Server is Running...
01:04:29	[LOG_DEBUG]	[Thread Num]: 17
01:04:29	[LOG_DEBUG]	[Port]: 7000
01:04:44	[LOG_CONNECT]	oid(0)	[ip]: 127.0.0.1
01:04:44	[LOG_CONNECT]	AccountDB is Connected
01:04:49	[LOG_CONNECT]	GameDB is Connected
01:06:31	[LOG_CONNECT]	GameDB is Connected
01:12:28	[LOG_INFO]	[DBConfig.csv is loading...]
01:12:28	[LOG_INFO]	string,string
01:12:28	[LOG_INFO]	World,112.145.214.226
01:12:28	[LOG_INFO]	Account,112.145.214.226
01:12:28	[LOG_INFO]	Game,112.145.214.226
01:12:28	[LOG_INFO]	[DBConfig.csv is loaded...]
01:12:28	[LOG_INFO]	[ServerConfig.csv is loading...]
01:12:28	[LOG_INFO]	string,int32_t,int32_t
01:12:28	[LOG_INFO]	Login,1,1000
01:12:28	[LOG_INFO]	[ServerConfig.csv is loaded...]
01:12:28	[LOG_CONNECT]	WorldDB is Connected
01:12:28	[LOG_DEBUG]	[Server Type]: Login
01:12:28	[LOG_DEBUG]	[GroupID]: 0
01:12:28	[LOG_DEBUG]	[WorldID]: 1
01:12:28	[LOG_DEBUG]	[ServerID]: 1000
01:12:28	[LOG_INFO]	[Data/CreateStat.csv is loading...]
01:12:28	[LOG_INFO]	int16_t,int16_t,int16_t
01:12:28	[LOG_INFO]	10 ,0 ,0 
01:12:28	[LOG_INFO]	2 ,8 ,0 
01:12:28	[LOG_INFO]	0 ,0 ,10 
01:12:28	[LOG_INFO]	0 ,10 ,0 
01:12:28	[LOG_INFO]	[Data/CreateStat.csv is loaded...]
01:12:28	[LOG_DEBUG]	Server is Running...
01:12:28	[LOG_DEBUG]	[Thread Num]: 17
01:12:28	[LOG_DEBUG]	[Port]: 7000
01:12:47	[LOG_CONNECT]	oid(0)	[ip]: 127.0.0.1
01:12:47	[LOG_CONNECT]	AccountDB is Connected
01:12:52	[LOG_CONNECT]	GameDB is Connected
01:14:09	[LOG_INFO]	[DBConfig.csv is loading...]
01:14:09	[LOG_INFO]	string,string
01:14:09	[LOG_INFO]	World,112.145.214.226
01:14:09	[LOG_INFO]	Account,112.145.214.226
01:14:09	[LOG_INFO]	Game,112.145.214.226
01:14:09	[LOG_INFO]	[DBConfig.csv is loaded...]
01:14:09	[LOG_INFO]	[ServerConfig.csv is loading...]
01:14:09	[LOG_INFO]	string,int32_t,int32_t
01:14:09	[LOG_INFO]	Login,1,1000
01:14:09	[LOG_INFO]	[ServerConfig.csv is loaded...]
01:14:09	[LOG_CONNECT]	WorldDB is Connected
01:14:09	[LOG_DEBUG]	[Server Type]: Login
01:14:09	[LOG_DEBUG]	[GroupID]: 0
01:14:09	[LOG_DEBUG]	[WorldID]: 1
01:14:09	[LOG_DEBUG]	[ServerID]: 1000
01:14:09	[LOG_INFO]	[Data/CreateStat.csv is loading...]
01:14:09	[LOG_INFO]	int16_t,int16_t,int16_t
01:14:09	[LOG_INFO]	10 ,0 ,0 
01:14:09	[LOG_INFO]	2 ,8 ,0 
01:14:09	[LOG_INFO]	0 ,0 ,10 
01:14:09	[LOG_INFO]	0 ,10 ,0 
01:14:09	[LOG_INFO]	[Data/CreateStat.csv is loaded...]
01:14:09	[LOG_DEBUG]	Server is Running...
01:14:09	[LOG_DEBUG]	[Thread Num]: 17
01:14:09	[LOG_DEBUG]	[Port]: 7000
01:14:22	[LOG_CONNECT]	oid(0)	[ip]: 127.0.0.1
01:14:22	[LOG_CONNECT]	AccountDB is Connected
01:14:28	[LOG_CONNECT]	GameDB is Connected
01:14:31	[LOG_CONNECT]	GameDB is Connected
01:17:05	[LOG_INFO]	[DBConfig.csv is loading...]
01:17:05	[LOG_INFO]	string,string
01:17:05	[LOG_INFO]	World,112.145.214.226
01:17:05	[LOG_INFO]	Account,112.145.214.226
01:17:05	[LOG_INFO]	Game,112.145.214.226
01:17:05	[LOG_INFO]	[DBConfig.csv is loaded...]
01:17:05	[LOG_INFO]	[ServerConfig.csv is loading...]
01:17:05	[LOG_INFO]	string,int32_t,int32_t
01:17:05	[LOG_INFO]	Login,1,1000
01:17:05	[LOG_INFO]	[ServerConfig.csv is loaded...]
01:17:05	[LOG_CONNECT]	WorldDB is Connected
01:17:05	[LOG_DEBUG]	[Server Type]: Login
01:17:05	[LOG_DEBUG]	[GroupID]: 0
01:17:05	[LOG_DEBUG]	[WorldID]: 1
01:17:05	[LOG_DEBUG]	[ServerID]: 1000
01:17:05	[LOG_INFO]	[Data/CreateStat.csv is loading...]
01:17:05	[LOG_INFO]	int16_t,int16_t,int16_t
01:17:05	[LOG_INFO]	10 ,0 ,0 
01:17:05	[LOG_INFO]	2 ,8 ,0 
01:17:05	[LOG_INFO]	0 ,0 ,10 
01:17:05	[LOG_INFO]	0 ,10 ,0 
01:17:05	[LOG_INFO]	[Data/CreateStat.csv is loaded...]
01:17:05	[LOG_DEBUG]	Server is Running...
01:17:05	[LOG_DEBUG]	[Thread Num]: 17
01:17:05	[LOG_DEBUG]	[Port]: 7000
01:18:59	[LOG_INFO]	[DBConfig.csv is loading...]
01:18:59	[LOG_INFO]	string,string
01:18:59	[LOG_INFO]	World,112.145.214.226
01:18:59	[LOG_INFO]	Account,112.145.214.226
01:18:59	[LOG_INFO]	Game,112.145.214.226
01:18:59	[LOG_INFO]	[DBConfig.csv is loaded...]
01:18:59	[LOG_INFO]	[ServerConfig.csv is loading...]
01:18:59	[LOG_INFO]	string,int32_t,int32_t
01:18:59	[LOG_INFO]	Login,1,1000
01:18:59	[LOG_INFO]	[ServerConfig.csv is loaded...]
01:18:59	[LOG_CONNECT]	WorldDB is Connected
01:18:59	[LOG_DEBUG]	[Server Type]: Login
01:18:59	[LOG_DEBUG]	[GroupID]: 0
01:18:59	[LOG_DEBUG]	[WorldID]: 1
01:18:59	[LOG_DEBUG]	[ServerID]: 1000
01:18:59	[LOG_INFO]	[Data/CreateStat.csv is loading...]
01:18:59	[LOG_INFO]	int16_t,int16_t,int16_t
01:18:59	[LOG_INFO]	10 ,0 ,0 
01:18:59	[LOG_INFO]	2 ,8 ,0 
01:18:59	[LOG_INFO]	0 ,0 ,10 
01:18:59	[LOG_INFO]	0 ,10 ,0 
01:18:59	[LOG_INFO]	[Data/CreateStat.csv is loaded...]
01:18:59	[LOG_DEBUG]	Server is Running...
01:18:59	[LOG_DEBUG]	[Thread Num]: 17
01:18:59	[LOG_DEBUG]	[Port]: 7000
01:19:14	[LOG_CONNECT]	oid(0)	[ip]: 127.0.0.1
01:19:15	[LOG_CONNECT]	AccountDB is Connected
01:19:19	[LOG_CONNECT]	GameDB is Connected
01:22:13	[LOG_INFO]	[DBConfig.csv is loading...]
01:22:13	[LOG_INFO]	string,string
01:22:13	[LOG_INFO]	World,112.145.214.226
01:22:13	[LOG_INFO]	Account,112.145.214.226
01:22:13	[LOG_INFO]	Game,112.145.214.226
01:22:13	[LOG_INFO]	[DBConfig.csv is loaded...]
01:22:13	[LOG_INFO]	[ServerConfig.csv is loading...]
01:22:13	[LOG_INFO]	string,int32_t,int32_t
01:22:13	[LOG_INFO]	Login,1,1000
01:22:13	[LOG_INFO]	[ServerConfig.csv is loaded...]
01:22:13	[LOG_CONNECT]	WorldDB is Connected
01:22:13	[LOG_DEBUG]	[Server Type]: Login
01:22:13	[LOG_DEBUG]	[GroupID]: 0
01:22:13	[LOG_DEBUG]	[WorldID]: 1
01:22:13	[LOG_DEBUG]	[ServerID]: 1000
01:22:13	[LOG_INFO]	[Data/CreateStat.csv is loading...]
01:22:13	[LOG_INFO]	int16_t,int16_t,int16_t
01:22:13	[LOG_INFO]	10 ,0 ,0 
01:22:13	[LOG_INFO]	2 ,8 ,0 
01:22:13	[LOG_INFO]	0 ,0 ,10 
01:22:13	[LOG_INFO]	0 ,10 ,0 
01:22:13	[LOG_INFO]	[Data/CreateStat.csv is loaded...]
01:22:13	[LOG_DEBUG]	Server is Running...
01:22:13	[LOG_DEBUG]	[Thread Num]: 17
01:22:13	[LOG_DEBUG]	[Port]: 7000
01:22:34	[LOG_CONNECT]	oid(0)	[ip]: 127.0.0.1
01:22:34	[LOG_CONNECT]	AccountDB is Connected
01:22:39	[LOG_CONNECT]	GameDB is Connected
01:24:04	[LOG_DISCONNECT]	oid(0)	[ip]: 127.0.0.1
01:31:57	[LOG_CONNECT]	oid(1)	[ip]: 127.0.0.1
01:31:57	[LOG_CONNECT]	AccountDB is Connected
01:36:52	[LOG_INFO]	[DBConfig.csv is loading...]
01:36:52	[LOG_INFO]	string,string
01:36:52	[LOG_INFO]	World,112.145.214.226
01:36:52	[LOG_INFO]	Account,112.145.214.226
01:36:52	[LOG_INFO]	Game,112.145.214.226
01:36:52	[LOG_INFO]	[DBConfig.csv is loaded...]
01:36:52	[LOG_INFO]	[ServerConfig.csv is loading...]
01:36:52	[LOG_INFO]	string,int32_t,int32_t
01:36:52	[LOG_INFO]	Login,1,1000
01:36:52	[LOG_INFO]	[ServerConfig.csv is loaded...]
01:36:52	[LOG_CONNECT]	WorldDB is Connected
01:36:52	[LOG_DEBUG]	[Server Type]: Login
01:36:52	[LOG_DEBUG]	[GroupID]: 0
01:36:52	[LOG_DEBUG]	[WorldID]: 1
01:36:52	[LOG_DEBUG]	[ServerID]: 1000
01:36:52	[LOG_INFO]	[Data/CreateStat.csv is loading...]
01:36:52	[LOG_INFO]	int16_t,int16_t,int16_t
01:36:52	[LOG_INFO]	10 ,0 ,0 
01:36:52	[LOG_INFO]	2 ,8 ,0 
01:36:52	[LOG_INFO]	0 ,0 ,10 
01:36:52	[LOG_INFO]	0 ,10 ,0 
01:36:52	[LOG_INFO]	[Data/CreateStat.csv is loaded...]
01:36:52	[LOG_DEBUG]	Server is Running...
01:36:52	[LOG_DEBUG]	[Thread Num]: 17
01:36:52	[LOG_DEBUG]	[Port]: 7000
01:37:02	[LOG_CONNECT]	oid(0)	[ip]: 127.0.0.1
01:37:02	[LOG_CONNECT]	AccountDB is Connected
01:37:09	[LOG_CONNECT]	GameDB is Connected
01:41:25	[LOG_INFO]	[DBConfig.csv is loading...]
01:41:25	[LOG_INFO]	string,string
01:41:25	[LOG_INFO]	World,112.145.214.226
01:41:25	[LOG_INFO]	Account,112.145.214.226
01:41:25	[LOG_INFO]	Game,112.145.214.226
01:41:25	[LOG_INFO]	[DBConfig.csv is loaded...]
01:41:25	[LOG_INFO]	[ServerConfig.csv is loading...]
01:41:25	[LOG_INFO]	string,int32_t,int32_t
01:41:25	[LOG_INFO]	Login,1,1000
01:41:25	[LOG_INFO]	[ServerConfig.csv is loaded...]
01:41:25	[LOG_CONNECT]	WorldDB is Connected
01:41:25	[LOG_DEBUG]	[Server Type]: Login
01:41:25	[LOG_DEBUG]	[GroupID]: 0
01:41:25	[LOG_DEBUG]	[WorldID]: 1
01:41:25	[LOG_DEBUG]	[ServerID]: 1000
01:41:25	[LOG_INFO]	[Data/CreateStat.csv is loading...]
01:41:25	[LOG_INFO]	int16_t,int16_t,int16_t
01:41:25	[LOG_INFO]	10 ,0 ,0 
01:41:25	[LOG_INFO]	2 ,8 ,0 
01:41:25	[LOG_INFO]	0 ,0 ,10 
01:41:25	[LOG_INFO]	0 ,10 ,0 
01:41:25	[LOG_INFO]	[Data/CreateStat.csv is loaded...]
01:41:25	[LOG_DEBUG]	Server is Running...
01:41:25	[LOG_DEBUG]	[Thread Num]: 17
01:41:25	[LOG_DEBUG]	[Port]: 7000
01:41:48	[LOG_CONNECT]	oid(0)	[ip]: 127.0.0.1
01:41:48	[LOG_CONNECT]	AccountDB is Connected
01:41:53	[LOG_CONNECT]	GameDB is Connected
01:44:17	[LOG_INFO]	[DBConfig.csv is loading...]
01:44:17	[LOG_INFO]	string,string
01:44:17	[LOG_INFO]	World,112.145.214.226
01:44:17	[LOG_INFO]	Account,112.145.214.226
01:44:17	[LOG_INFO]	Game,112.145.214.226
01:44:17	[LOG_INFO]	[DBConfig.csv is loaded...]
01:44:17	[LOG_INFO]	[ServerConfig.csv is loading...]
01:44:17	[LOG_INFO]	string,int32_t,int32_t
01:44:17	[LOG_INFO]	Login,1,1000
01:44:17	[LOG_INFO]	[ServerConfig.csv is loaded...]
01:44:17	[LOG_CONNECT]	WorldDB is Connected
01:44:17	[LOG_DEBUG]	[Server Type]: Login
01:44:17	[LOG_DEBUG]	[GroupID]: 0
01:44:17	[LOG_DEBUG]	[WorldID]: 1
01:44:17	[LOG_DEBUG]	[ServerID]: 1000
01:44:17	[LOG_INFO]	[Data/CreateStat.csv is loading...]
01:44:17	[LOG_INFO]	int16_t,int16_t,int16_t
01:44:17	[LOG_INFO]	10 ,0 ,0 
01:44:17	[LOG_INFO]	2 ,8 ,0 
01:44:17	[LOG_INFO]	0 ,0 ,10 
01:44:17	[LOG_INFO]	0 ,10 ,0 
01:44:17	[LOG_INFO]	[Data/CreateStat.csv is loaded...]
01:44:17	[LOG_DEBUG]	Server is Running...
01:44:17	[LOG_DEBUG]	[Thread Num]: 17
01:44:17	[LOG_DEBUG]	[Port]: 7000
01:47:30	[LOG_CONNECT]	oid(0)	[ip]: 127.0.0.1
01:47:30	[LOG_CONNECT]	AccountDB is Connected
01:51:47	[LOG_INFO]	[DBConfig.csv is loading...]
01:51:47	[LOG_INFO]	string,string
01:51:47	[LOG_INFO]	World,112.145.214.226
01:51:47	[LOG_INFO]	Account,112.145.214.226
01:51:47	[LOG_INFO]	Game,112.145.214.226
01:51:47	[LOG_INFO]	[DBConfig.csv is loaded...]
01:51:47	[LOG_INFO]	[ServerConfig.csv is loading...]
01:51:47	[LOG_INFO]	string,int32_t,int32_t
01:51:47	[LOG_INFO]	Login,1,1000
01:51:47	[LOG_INFO]	[ServerConfig.csv is loaded...]
01:51:47	[LOG_CONNECT]	WorldDB is Connected
01:51:47	[LOG_DEBUG]	[Server Type]: Login
01:51:47	[LOG_DEBUG]	[GroupID]: 0
01:51:47	[LOG_DEBUG]	[WorldID]: 1
01:51:47	[LOG_DEBUG]	[ServerID]: 1000
01:51:47	[LOG_INFO]	[Data/CreateStat.csv is loading...]
01:51:47	[LOG_INFO]	int16_t,int16_t,int16_t
01:51:47	[LOG_INFO]	10 ,0 ,0 
01:51:47	[LOG_INFO]	2 ,8 ,0 
01:51:47	[LOG_INFO]	0 ,0 ,10 
01:51:47	[LOG_INFO]	0 ,10 ,0 
01:51:47	[LOG_INFO]	[Data/CreateStat.csv is loaded...]
01:51:47	[LOG_DEBUG]	Server is Running...
01:51:47	[LOG_DEBUG]	[Thread Num]: 17
01:51:47	[LOG_DEBUG]	[Port]: 7000
01:51:59	[LOG_CONNECT]	oid(0)	[ip]: 127.0.0.1
01:51:59	[LOG_CONNECT]	AccountDB is Connected
02:34:42	[LOG_INFO]	[DBConfig.csv is loading...]
02:34:42	[LOG_INFO]	string,string
02:34:42	[LOG_INFO]	World,112.145.214.226
02:34:42	[LOG_INFO]	Account,112.145.214.226
02:34:42	[LOG_INFO]	Game,112.145.214.226
02:34:42	[LOG_INFO]	[DBConfig.csv is loaded...]
02:34:42	[LOG_INFO]	[ServerConfig.csv is loading...]
02:34:42	[LOG_INFO]	string,int32_t,int32_t
02:34:42	[LOG_INFO]	Login,1,1000
02:34:42	[LOG_INFO]	[ServerConfig.csv is loaded...]
02:34:42	[LOG_CONNECT]	WorldDB is Connected
02:34:42	[LOG_DEBUG]	[Server Type]: Login
02:34:42	[LOG_DEBUG]	[GroupID]: 0
02:34:42	[LOG_DEBUG]	[WorldID]: 1
02:34:42	[LOG_DEBUG]	[ServerID]: 1000
02:34:42	[LOG_INFO]	[Data/CreateStat.csv is loading...]
02:34:42	[LOG_INFO]	int16_t,int16_t,int16_t
02:34:42	[LOG_INFO]	10 ,0 ,0 
02:34:42	[LOG_INFO]	2 ,8 ,0 
02:34:42	[LOG_INFO]	0 ,0 ,10 
02:34:42	[LOG_INFO]	0 ,10 ,0 
02:34:42	[LOG_INFO]	[Data/CreateStat.csv is loaded...]
02:34:42	[LOG_DEBUG]	Server is Running...
02:34:42	[LOG_DEBUG]	[Thread Num]: 17
02:34:42	[LOG_DEBUG]	[Port]: 7000
02:36:09	[LOG_INFO]	[DBConfig.csv is loading...]
02:36:09	[LOG_INFO]	string,string
02:36:09	[LOG_INFO]	World,112.145.214.226
02:36:09	[LOG_INFO]	Account,112.145.214.226
02:36:09	[LOG_INFO]	Game,112.145.214.226
02:36:09	[LOG_INFO]	[DBConfig.csv is loaded...]
02:36:09	[LOG_INFO]	[ServerConfig.csv is loading...]
02:36:09	[LOG_INFO]	string,int32_t,int32_t
02:36:09	[LOG_INFO]	Login,1,1000
02:36:09	[LOG_INFO]	[ServerConfig.csv is loaded...]
02:36:09	[LOG_CONNECT]	WorldDB is Connected
02:36:09	[LOG_DEBUG]	[Server Type]: Login
02:36:09	[LOG_DEBUG]	[GroupID]: 0
02:36:09	[LOG_DEBUG]	[WorldID]: 1
02:36:09	[LOG_DEBUG]	[ServerID]: 1000
02:36:09	[LOG_INFO]	[Data/CreateStat.csv is loading...]
02:36:09	[LOG_INFO]	int16_t,int16_t,int16_t
02:36:09	[LOG_INFO]	10 ,0 ,0 
02:36:09	[LOG_INFO]	2 ,8 ,0 
02:36:09	[LOG_INFO]	0 ,0 ,10 
02:36:09	[LOG_INFO]	0 ,10 ,0 
02:36:09	[LOG_INFO]	[Data/CreateStat.csv is loaded...]
02:36:09	[LOG_DEBUG]	Server is Running...
02:36:09	[LOG_DEBUG]	[Thread Num]: 17
02:36:09	[LOG_DEBUG]	[Port]: 7000
02:36:22	[LOG_CONNECT]	oid(0)	[ip]: 127.0.0.1
02:36:22	[LOG_CONNECT]	AccountDB is Connected
02:37:24	[LOG_CONNECT]	GameDB is Connected
02:46:43	[LOG_INFO]	[DBConfig.csv is loading...]
02:46:43	[LOG_INFO]	string,string
02:46:43	[LOG_INFO]	World,112.145.214.226
02:46:43	[LOG_INFO]	Account,112.145.214.226
02:46:43	[LOG_INFO]	Game,112.145.214.226
02:46:43	[LOG_INFO]	[DBConfig.csv is loaded...]
02:46:43	[LOG_INFO]	[ServerConfig.csv is loading...]
02:46:43	[LOG_INFO]	string,int32_t,int32_t
02:46:43	[LOG_INFO]	Login,1,1000
02:46:43	[LOG_INFO]	[ServerConfig.csv is loaded...]
02:46:43	[LOG_CONNECT]	WorldDB is Connected
02:46:43	[LOG_DEBUG]	[Server Type]: Login
02:46:43	[LOG_DEBUG]	[GroupID]: 0
02:46:43	[LOG_DEBUG]	[WorldID]: 1
02:46:43	[LOG_DEBUG]	[ServerID]: 1000
02:46:43	[LOG_INFO]	[Data/CreateStat.csv is loading...]
02:46:43	[LOG_INFO]	int16_t,int16_t,int16_t
02:46:43	[LOG_INFO]	10 ,0 ,0 
02:46:43	[LOG_INFO]	2 ,8 ,0 
02:46:43	[LOG_INFO]	0 ,0 ,10 
02:46:43	[LOG_INFO]	0 ,10 ,0 
02:46:43	[LOG_INFO]	[Data/CreateStat.csv is loaded...]
02:46:43	[LOG_DEBUG]	Server is Running...
02:46:43	[LOG_DEBUG]	[Thread Num]: 17
02:46:43	[LOG_DEBUG]	[Port]: 7000
02:47:21	[LOG_CONNECT]	oid(0)	[ip]: 127.0.0.1
02:47:21	[LOG_CONNECT]	AccountDB is Connected
02:47:44	[LOG_CONNECT]	GameDB is Connected
02:52:18	[LOG_INFO]	[DBConfig.csv is loading...]
02:52:18	[LOG_INFO]	string,string
02:52:18	[LOG_INFO]	World,112.145.214.226
02:52:18	[LOG_INFO]	Account,112.145.214.226
02:52:18	[LOG_INFO]	Game,112.145.214.226
02:52:18	[LOG_INFO]	[DBConfig.csv is loaded...]
02:52:18	[LOG_INFO]	[ServerConfig.csv is loading...]
02:52:18	[LOG_INFO]	string,int32_t,int32_t
02:52:18	[LOG_INFO]	Login,1,1000
02:52:18	[LOG_INFO]	[ServerConfig.csv is loaded...]
02:52:18	[LOG_CONNECT]	WorldDB is Connected
02:52:18	[LOG_DEBUG]	[Server Type]: Login
02:52:18	[LOG_DEBUG]	[GroupID]: 0
02:52:18	[LOG_DEBUG]	[WorldID]: 1
02:52:18	[LOG_DEBUG]	[ServerID]: 1000
02:52:18	[LOG_INFO]	[Data/CreateStat.csv is loading...]
02:52:18	[LOG_INFO]	int16_t,int16_t,int16_t
02:52:18	[LOG_INFO]	10 ,0 ,0 
02:52:18	[LOG_INFO]	2 ,8 ,0 
02:52:18	[LOG_INFO]	0 ,0 ,10 
02:52:18	[LOG_INFO]	0 ,10 ,0 
02:52:18	[LOG_INFO]	[Data/CreateStat.csv is loaded...]
02:52:18	[LOG_DEBUG]	Server is Running...
02:52:18	[LOG_DEBUG]	[Thread Num]: 17
02:52:18	[LOG_DEBUG]	[Port]: 7000
02:52:58	[LOG_CONNECT]	oid(0)	[ip]: 127.0.0.1
02:52:58	[LOG_CONNECT]	AccountDB is Connected
02:53:16	[LOG_CONNECT]	GameDB is Connected
20:19:03	[LOG_INFO]	[DBConfig.csv is loading...]
20:19:03	[LOG_INFO]	string,string
20:19:03	[LOG_INFO]	World,112.145.214.226
20:19:03	[LOG_INFO]	Account,112.145.214.226
20:19:03	[LOG_INFO]	Game,112.145.214.226
20:19:03	[LOG_INFO]	[DBConfig.csv is loaded...]
20:19:03	[LOG_INFO]	[ServerConfig.csv is loading...]
20:19:03	[LOG_INFO]	string,int32_t,int32_t
20:19:03	[LOG_INFO]	Login,1,1000
20:19:03	[LOG_INFO]	[ServerConfig.csv is loaded...]
20:19:03	[LOG_CONNECT]	WorldDB is Connected
20:19:03	[LOG_DEBUG]	[Server Type]: Login
20:19:03	[LOG_DEBUG]	[GroupID]: 0
20:19:03	[LOG_DEBUG]	[WorldID]: 1
20:19:03	[LOG_DEBUG]	[ServerID]: 1000
20:19:03	[LOG_INFO]	[Data/CreateStat.csv is loading...]
20:19:03	[LOG_INFO]	int16_t,int16_t,int16_t
20:19:03	[LOG_INFO]	10 ,0 ,0 
20:19:03	[LOG_INFO]	2 ,8 ,0 
20:19:03	[LOG_INFO]	0 ,0 ,10 
20:19:03	[LOG_INFO]	0 ,10 ,0 
20:19:03	[LOG_INFO]	[Data/CreateStat.csv is loaded...]
20:19:03	[LOG_DEBUG]	Server is Running...
20:19:03	[LOG_DEBUG]	[Thread Num]: 17
20:19:03	[LOG_DEBUG]	[Port]: 7000
20:19:10	[LOG_CONNECT]	oid(0)	[ip]: 127.0.0.1
20:19:10	[LOG_CONNECT]	AccountDB is Connected
20:21:25	[LOG_INFO]	[DBConfig.csv is loading...]
20:21:25	[LOG_INFO]	string,string
20:21:25	[LOG_INFO]	World,112.145.214.226
20:21:25	[LOG_INFO]	Account,112.145.214.226
20:21:25	[LOG_INFO]	Game,112.145.214.226
20:21:25	[LOG_INFO]	[DBConfig.csv is loaded...]
20:21:25	[LOG_INFO]	[ServerConfig.csv is loading...]
20:21:25	[LOG_INFO]	string,int32_t,int32_t
20:21:25	[LOG_INFO]	Login,1,1000
20:21:25	[LOG_INFO]	[ServerConfig.csv is loaded...]
20:21:25	[LOG_CONNECT]	WorldDB is Connected
20:21:25	[LOG_DEBUG]	[Server Type]: Login
20:21:25	[LOG_DEBUG]	[GroupID]: 0
20:21:25	[LOG_DEBUG]	[WorldID]: 1
20:21:25	[LOG_DEBUG]	[ServerID]: 1000
20:21:25	[LOG_INFO]	[Data/CreateStat.csv is loading...]
20:21:25	[LOG_INFO]	int16_t,int16_t,int16_t
20:21:25	[LOG_INFO]	10 ,0 ,0 
20:21:25	[LOG_INFO]	2 ,8 ,0 
20:21:25	[LOG_INFO]	0 ,0 ,10 
20:21:25	[LOG_INFO]	0 ,10 ,0 
20:21:25	[LOG_INFO]	[Data/CreateStat.csv is loaded...]
20:21:25	[LOG_DEBUG]	Server is Running...
20:21:25	[LOG_DEBUG]	[Thread Num]: 17
20:21:25	[LOG_DEBUG]	[Port]: 7000
20:21:43	[LOG_INFO]	[DBConfig.csv is loading...]
20:21:43	[LOG_INFO]	string,string
20:21:43	[LOG_INFO]	World,112.145.214.226
20:21:43	[LOG_INFO]	Account,112.145.214.226
20:21:43	[LOG_INFO]	Game,112.145.214.226
20:21:43	[LOG_INFO]	[DBConfig.csv is loaded...]
20:21:43	[LOG_INFO]	[ServerConfig.csv is loading...]
20:21:43	[LOG_INFO]	string,int32_t,int32_t
20:21:43	[LOG_INFO]	Login,1,1000
20:21:43	[LOG_INFO]	[ServerConfig.csv is loaded...]
20:21:44	[LOG_CONNECT]	WorldDB is Connected
20:21:44	[LOG_DEBUG]	[Server Type]: Login
20:21:44	[LOG_DEBUG]	[GroupID]: 0
20:21:44	[LOG_DEBUG]	[WorldID]: 1
20:21:44	[LOG_DEBUG]	[ServerID]: 1000
20:21:44	[LOG_INFO]	[Data/CreateStat.csv is loading...]
20:21:44	[LOG_INFO]	int16_t,int16_t,int16_t
20:21:44	[LOG_INFO]	10 ,0 ,0 
20:21:44	[LOG_INFO]	2 ,8 ,0 
20:21:44	[LOG_INFO]	0 ,0 ,10 
20:21:44	[LOG_INFO]	0 ,10 ,0 
20:21:44	[LOG_INFO]	[Data/CreateStat.csv is loaded...]
20:21:44	[LOG_DEBUG]	Server is Running...
20:21:44	[LOG_DEBUG]	[Thread Num]: 17
20:21:44	[LOG_DEBUG]	[Port]: 7000
20:21:56	[LOG_CONNECT]	oid(0)	[ip]: 127.0.0.1
20:21:56	[LOG_CONNECT]	AccountDB is Connected
20:22:03	[LOG_CONNECT]	GameDB is Connected
20:23:32	[LOG_INFO]	[DBConfig.csv is loading...]
20:23:32	[LOG_INFO]	string,string
20:23:32	[LOG_INFO]	World,112.145.214.226
20:23:32	[LOG_INFO]	Account,112.145.214.226
20:23:32	[LOG_INFO]	Game,112.145.214.226
20:23:32	[LOG_INFO]	[DBConfig.csv is loaded...]
20:23:32	[LOG_INFO]	[ServerConfig.csv is loading...]
20:23:32	[LOG_INFO]	string,int32_t,int32_t
20:23:32	[LOG_INFO]	Login,1,1000
20:23:32	[LOG_INFO]	[ServerConfig.csv is loaded...]
20:23:32	[LOG_CONNECT]	WorldDB is Connected
20:23:32	[LOG_DEBUG]	[Server Type]: Login
20:23:32	[LOG_DEBUG]	[GroupID]: 0
20:23:32	[LOG_DEBUG]	[WorldID]: 1
20:23:32	[LOG_DEBUG]	[ServerID]: 1000
20:23:32	[LOG_INFO]	[Data/CreateStat.csv is loading...]
20:23:32	[LOG_INFO]	int16_t,int16_t,int16_t
20:23:32	[LOG_INFO]	10 ,0 ,0 
20:23:32	[LOG_INFO]	2 ,8 ,0 
20:23:32	[LOG_INFO]	0 ,0 ,10 
20:23:32	[LOG_INFO]	0 ,10 ,0 
20:23:32	[LOG_INFO]	[Data/CreateStat.csv is loaded...]
20:23:32	[LOG_DEBUG]	Server is Running...
20:23:32	[LOG_DEBUG]	[Thread Num]: 17
20:23:32	[LOG_DEBUG]	[Port]: 7000
20:23:40	[LOG_CONNECT]	oid(0)	[ip]: 127.0.0.1
20:23:40	[LOG_CONNECT]	AccountDB is Connected
20:24:49	[LOG_INFO]	[DBConfig.csv is loading...]
20:24:49	[LOG_INFO]	string,string
20:24:49	[LOG_INFO]	World,112.145.214.226
20:24:49	[LOG_INFO]	Account,112.145.214.226
20:24:49	[LOG_INFO]	Game,112.145.214.226
20:24:49	[LOG_INFO]	[DBConfig.csv is loaded...]
20:24:49	[LOG_INFO]	[ServerConfig.csv is loading...]
20:24:49	[LOG_INFO]	string,int32_t,int32_t
20:24:49	[LOG_INFO]	Login,1,1000
20:24:49	[LOG_INFO]	[ServerConfig.csv is loaded...]
20:24:49	[LOG_CONNECT]	WorldDB is Connected
20:24:49	[LOG_DEBUG]	[Server Type]: Login
20:24:49	[LOG_DEBUG]	[GroupID]: 0
20:24:49	[LOG_DEBUG]	[WorldID]: 1
20:24:49	[LOG_DEBUG]	[ServerID]: 1000
20:24:49	[LOG_INFO]	[Data/CreateStat.csv is loading...]
20:24:49	[LOG_INFO]	int16_t,int16_t,int16_t
20:24:49	[LOG_INFO]	10 ,0 ,0 
20:24:49	[LOG_INFO]	2 ,8 ,0 
20:24:49	[LOG_INFO]	0 ,0 ,10 
20:24:49	[LOG_INFO]	0 ,10 ,0 
20:24:49	[LOG_INFO]	[Data/CreateStat.csv is loaded...]
20:24:49	[LOG_DEBUG]	Server is Running...
20:24:49	[LOG_DEBUG]	[Thread Num]: 17
20:24:49	[LOG_DEBUG]	[Port]: 7000
20:25:08	[LOG_CONNECT]	oid(0)	[ip]: 127.0.0.1
20:25:08	[LOG_CONNECT]	AccountDB is Connected
20:25:24	[LOG_CONNECT]	GameDB is Connected
20:27:53	[LOG_INFO]	[DBConfig.csv is loading...]
20:27:53	[LOG_INFO]	string,string
20:27:53	[LOG_INFO]	World,112.145.214.226
20:27:53	[LOG_INFO]	Account,112.145.214.226
20:27:53	[LOG_INFO]	Game,112.145.214.226
20:27:53	[LOG_INFO]	[DBConfig.csv is loaded...]
20:27:53	[LOG_INFO]	[ServerConfig.csv is loading...]
20:27:53	[LOG_INFO]	string,int32_t,int32_t
20:27:53	[LOG_INFO]	Login,1,1000
20:27:53	[LOG_INFO]	[ServerConfig.csv is loaded...]
20:27:53	[LOG_CONNECT]	WorldDB is Connected
20:27:53	[LOG_DEBUG]	[Server Type]: Login
20:27:53	[LOG_DEBUG]	[GroupID]: 0
20:27:53	[LOG_DEBUG]	[WorldID]: 1
20:27:53	[LOG_DEBUG]	[ServerID]: 1000
20:27:53	[LOG_INFO]	[Data/CreateStat.csv is loading...]
20:27:53	[LOG_INFO]	int16_t,int16_t,int16_t
20:27:53	[LOG_INFO]	10 ,0 ,0 
20:27:53	[LOG_INFO]	2 ,8 ,0 
20:27:53	[LOG_INFO]	0 ,0 ,10 
20:27:53	[LOG_INFO]	0 ,10 ,0 
20:27:53	[LOG_INFO]	[Data/CreateStat.csv is loaded...]
20:27:53	[LOG_DEBUG]	Server is Running...
20:27:53	[LOG_DEBUG]	[Thread Num]: 17
20:27:53	[LOG_DEBUG]	[Port]: 7000
20:28:32	[LOG_CONNECT]	oid(0)	[ip]: 127.0.0.1
20:28:32	[LOG_CONNECT]	AccountDB is Connected
20:29:54	[LOG_INFO]	[DBConfig.csv is loading...]
20:29:54	[LOG_INFO]	string,string
20:29:54	[LOG_INFO]	World,112.145.214.226
20:29:54	[LOG_INFO]	Account,112.145.214.226
20:29:54	[LOG_INFO]	Game,112.145.214.226
20:29:54	[LOG_INFO]	[DBConfig.csv is loaded...]
20:29:54	[LOG_INFO]	[ServerConfig.csv is loading...]
20:29:54	[LOG_INFO]	string,int32_t,int32_t
20:29:54	[LOG_INFO]	Login,1,1000
20:29:54	[LOG_INFO]	[ServerConfig.csv is loaded...]
20:29:54	[LOG_CONNECT]	WorldDB is Connected
20:29:54	[LOG_DEBUG]	[Server Type]: Login
20:29:54	[LOG_DEBUG]	[GroupID]: 0
20:29:54	[LOG_DEBUG]	[WorldID]: 1
20:29:54	[LOG_DEBUG]	[ServerID]: 1000
20:29:54	[LOG_INFO]	[Data/CreateStat.csv is loading...]
20:29:54	[LOG_INFO]	int16_t,int16_t,int16_t
20:29:54	[LOG_INFO]	10 ,0 ,0 
20:29:54	[LOG_INFO]	2 ,8 ,0 
20:29:54	[LOG_INFO]	0 ,0 ,10 
20:29:54	[LOG_INFO]	0 ,10 ,0 
20:29:54	[LOG_INFO]	[Data/CreateStat.csv is loaded...]
20:29:54	[LOG_DEBUG]	Server is Running...
20:29:54	[LOG_DEBUG]	[Thread Num]: 17
20:29:54	[LOG_DEBUG]	[Port]: 7000
20:30:05	[LOG_CONNECT]	oid(0)	[ip]: 127.0.0.1
20:30:06	[LOG_CONNECT]	AccountDB is Connected
20:31:36	[LOG_DISCONNECT]	oid(0)	[ip]: 127.0.0.1
20:32:04	[LOG_CONNECT]	oid(1)	[ip]: 127.0.0.1
20:32:31	[LOG_DISCONNECT]	oid(1)	[ip]: 127.0.0.1
20:32:40	[LOG_CONNECT]	oid(2)	[ip]: 127.0.0.1
20:33:10	[LOG_DISCONNECT]	oid(2)	[ip]: 127.0.0.1
20:33:18	[LOG_CONNECT]	oid(3)	[ip]: 127.0.0.1
20:37:10	[LOG_INFO]	[DBConfig.csv is loading...]
20:37:10	[LOG_INFO]	string,string
20:37:10	[LOG_INFO]	World,112.145.214.226
20:37:10	[LOG_INFO]	Account,112.145.214.226
20:37:10	[LOG_INFO]	Game,112.145.214.226
20:37:10	[LOG_INFO]	[DBConfig.csv is loaded...]
20:37:10	[LOG_INFO]	[ServerConfig.csv is loading...]
20:37:10	[LOG_INFO]	string,int32_t,int32_t
20:37:10	[LOG_INFO]	Login,1,1000
20:37:10	[LOG_INFO]	[ServerConfig.csv is loaded...]
20:37:10	[LOG_CONNECT]	WorldDB is Connected
20:37:10	[LOG_DEBUG]	[Server Type]: Login
20:37:10	[LOG_DEBUG]	[GroupID]: 0
20:37:10	[LOG_DEBUG]	[WorldID]: 1
20:37:10	[LOG_DEBUG]	[ServerID]: 1000
20:37:10	[LOG_INFO]	[Data/CreateStat.csv is loading...]
20:37:10	[LOG_INFO]	int16_t,int16_t,int16_t
20:37:10	[LOG_INFO]	10 ,0 ,0 
20:37:10	[LOG_INFO]	2 ,8 ,0 
20:37:10	[LOG_INFO]	0 ,0 ,10 
20:37:10	[LOG_INFO]	0 ,10 ,0 
20:37:10	[LOG_INFO]	[Data/CreateStat.csv is loaded...]
20:37:10	[LOG_DEBUG]	Server is Running...
20:37:10	[LOG_DEBUG]	[Thread Num]: 17
20:37:10	[LOG_DEBUG]	[Port]: 7000
20:38:11	[LOG_INFO]	[DBConfig.csv is loading...]
20:38:11	[LOG_INFO]	string,string
20:38:11	[LOG_INFO]	World,112.145.214.226
20:38:11	[LOG_INFO]	Account,112.145.214.226
20:38:11	[LOG_INFO]	Game,112.145.214.226
20:38:11	[LOG_INFO]	[DBConfig.csv is loaded...]
20:38:11	[LOG_INFO]	[ServerConfig.csv is loading...]
20:38:11	[LOG_INFO]	string,int32_t,int32_t
20:38:11	[LOG_INFO]	Login,1,1000
20:38:11	[LOG_INFO]	[ServerConfig.csv is loaded...]
20:38:33	[LOG_INFO]	[DBConfig.csv is loading...]
20:38:33	[LOG_INFO]	string,string
20:38:33	[LOG_INFO]	World,112.145.214.226
20:38:33	[LOG_INFO]	Account,112.145.214.226
20:38:33	[LOG_INFO]	Game,112.145.214.226
20:38:33	[LOG_INFO]	[DBConfig.csv is loaded...]
20:38:33	[LOG_INFO]	[ServerConfig.csv is loading...]
20:38:33	[LOG_INFO]	string,int32_t,int32_t
20:38:33	[LOG_INFO]	Login,1,1000
20:38:33	[LOG_INFO]	[ServerConfig.csv is loaded...]
20:38:33	[LOG_CONNECT]	WorldDB is Connected
20:38:33	[LOG_DEBUG]	[Server Type]: Login
20:38:33	[LOG_DEBUG]	[GroupID]: 0
20:38:33	[LOG_DEBUG]	[WorldID]: 1
20:38:33	[LOG_DEBUG]	[ServerID]: 1000
20:38:33	[LOG_INFO]	[Data/CreateStat.csv is loading...]
20:38:33	[LOG_INFO]	int16_t,int16_t,int16_t
20:38:33	[LOG_INFO]	10 ,0 ,0 
20:38:33	[LOG_INFO]	2 ,8 ,0 
20:38:33	[LOG_INFO]	0 ,0 ,10 
20:38:33	[LOG_INFO]	0 ,10 ,0 
20:38:33	[LOG_INFO]	[Data/CreateStat.csv is loaded...]
20:38:33	[LOG_DEBUG]	Server is Running...
20:38:33	[LOG_DEBUG]	[Thread Num]: 17
20:38:33	[LOG_DEBUG]	[Port]: 7000
20:39:07	[LOG_CONNECT]	oid(0)	[ip]: 127.0.0.1
20:39:07	[LOG_CONNECT]	AccountDB is Connected
20:41:27	[LOG_INFO]	[DBConfig.csv is loading...]
20:41:27	[LOG_INFO]	string,string
20:41:27	[LOG_INFO]	World,112.145.214.226
20:41:27	[LOG_INFO]	Account,112.145.214.226
20:41:27	[LOG_INFO]	Game,112.145.214.226
20:41:27	[LOG_INFO]	[DBConfig.csv is loaded...]
20:41:27	[LOG_INFO]	[ServerConfig.csv is loading...]
20:41:27	[LOG_INFO]	string,int32_t,int32_t
20:41:27	[LOG_INFO]	Login,1,1000
20:41:27	[LOG_INFO]	[ServerConfig.csv is loaded...]
20:41:27	[LOG_CONNECT]	WorldDB is Connected
20:41:27	[LOG_DEBUG]	[Server Type]: Login
20:41:28	[LOG_DEBUG]	[GroupID]: 0
20:41:28	[LOG_DEBUG]	[WorldID]: 1
20:41:28	[LOG_DEBUG]	[ServerID]: 1000
20:41:28	[LOG_INFO]	[Data/CreateStat.csv is loading...]
20:41:28	[LOG_INFO]	int16_t,int16_t,int16_t
20:41:28	[LOG_INFO]	10 ,0 ,0 
20:41:28	[LOG_INFO]	2 ,8 ,0 
20:41:28	[LOG_INFO]	0 ,0 ,10 
20:41:28	[LOG_INFO]	0 ,10 ,0 
20:41:28	[LOG_INFO]	[Data/CreateStat.csv is loaded...]
20:41:28	[LOG_DEBUG]	Server is Running...
20:41:28	[LOG_DEBUG]	[Thread Num]: 17
20:41:28	[LOG_DEBUG]	[Port]: 7000
20:41:41	[LOG_CONNECT]	oid(0)	[ip]: 127.0.0.1
20:41:41	[LOG_CONNECT]	AccountDB is Connected
20:46:13	[LOG_INFO]	[DBConfig.csv is loading...]
20:46:13	[LOG_INFO]	string,string
20:46:13	[LOG_INFO]	World,112.145.214.226
20:46:13	[LOG_INFO]	Account,112.145.214.226
20:46:13	[LOG_INFO]	Game,112.145.214.226
20:46:13	[LOG_INFO]	[DBConfig.csv is loaded...]
20:46:13	[LOG_INFO]	[ServerConfig.csv is loading...]
20:46:13	[LOG_INFO]	string,int32_t,int32_t
20:46:13	[LOG_INFO]	Login,1,1000
20:46:13	[LOG_INFO]	[ServerConfig.csv is loaded...]
20:46:13	[LOG_CONNECT]	WorldDB is Connected
20:46:13	[LOG_DEBUG]	[Server Type]: Login
20:46:13	[LOG_DEBUG]	[GroupID]: 0
20:46:13	[LOG_DEBUG]	[WorldID]: 1
20:46:13	[LOG_DEBUG]	[ServerID]: 1000
20:46:13	[LOG_INFO]	[Data/CreateStat.csv is loading...]
20:46:13	[LOG_INFO]	int16_t,int16_t,int16_t
20:46:13	[LOG_INFO]	10 ,0 ,0 
20:46:13	[LOG_INFO]	2 ,8 ,0 
20:46:13	[LOG_INFO]	0 ,0 ,10 
20:46:13	[LOG_INFO]	0 ,10 ,0 
20:46:13	[LOG_INFO]	[Data/CreateStat.csv is loaded...]
20:46:13	[LOG_DEBUG]	Server is Running...
20:46:13	[LOG_DEBUG]	[Thread Num]: 17
20:46:13	[LOG_DEBUG]	[Port]: 7000
20:47:00	[LOG_CONNECT]	oid(0)	[ip]: 127.0.0.1
20:47:00	[LOG_CONNECT]	AccountDB is Connected
20:47:14	[LOG_CONNECT]	GameDB is Connected
20:48:11	[LOG_CONNECT]	GameDB is Connected
20:49:27	[LOG_INFO]	[DBConfig.csv is loading...]
20:49:27	[LOG_INFO]	string,string
20:49:27	[LOG_INFO]	World,112.145.214.226
20:49:27	[LOG_INFO]	Account,112.145.214.226
20:49:27	[LOG_INFO]	Game,112.145.214.226
20:49:27	[LOG_INFO]	[DBConfig.csv is loaded...]
20:49:27	[LOG_INFO]	[ServerConfig.csv is loading...]
20:49:27	[LOG_INFO]	string,int32_t,int32_t
20:49:27	[LOG_INFO]	Login,1,1000
20:49:27	[LOG_INFO]	[ServerConfig.csv is loaded...]
20:49:31	[LOG_CONNECT]	WorldDB is Connected
20:49:31	[LOG_DEBUG]	[Server Type]: Login
20:49:31	[LOG_DEBUG]	[GroupID]: 0
20:49:31	[LOG_DEBUG]	[WorldID]: 1
20:49:31	[LOG_DEBUG]	[ServerID]: 1000
20:49:31	[LOG_INFO]	[Data/CreateStat.csv is loading...]
20:49:31	[LOG_INFO]	int16_t,int16_t,int16_t
20:49:31	[LOG_INFO]	10 ,0 ,0 
20:49:31	[LOG_INFO]	2 ,8 ,0 
20:49:31	[LOG_INFO]	0 ,0 ,10 
20:49:31	[LOG_INFO]	0 ,10 ,0 
20:49:31	[LOG_INFO]	[Data/CreateStat.csv is loaded...]
20:49:31	[LOG_DEBUG]	Server is Running...
20:49:31	[LOG_DEBUG]	[Thread Num]: 17
20:49:31	[LOG_DEBUG]	[Port]: 7000
20:49:42	[LOG_CONNECT]	oid(0)	[ip]: 127.0.0.1
20:49:42	[LOG_CONNECT]	AccountDB is Connected
20:52:33	[LOG_INFO]	[DBConfig.csv is loading...]
20:52:33	[LOG_INFO]	string,string
20:52:33	[LOG_INFO]	World,112.145.214.226
20:52:33	[LOG_INFO]	Account,112.145.214.226
20:52:33	[LOG_INFO]	Game,112.145.214.226
20:52:33	[LOG_INFO]	[DBConfig.csv is loaded...]
20:52:33	[LOG_INFO]	[ServerConfig.csv is loading...]
20:52:33	[LOG_INFO]	string,int32_t,int32_t
20:52:33	[LOG_INFO]	Login,1,1000
20:52:33	[LOG_INFO]	[ServerConfig.csv is loaded...]
20:53:00	[LOG_INFO]	[DBConfig.csv is loading...]
20:53:00	[LOG_INFO]	string,string
20:53:00	[LOG_INFO]	World,112.145.214.226
20:53:00	[LOG_INFO]	Account,112.145.214.226
20:53:00	[LOG_INFO]	Game,112.145.214.226
20:53:00	[LOG_INFO]	[DBConfig.csv is loaded...]
20:53:00	[LOG_INFO]	[ServerConfig.csv is loading...]
20:53:00	[LOG_INFO]	string,int32_t,int32_t
20:53:00	[LOG_INFO]	Login,1,1000
20:53:00	[LOG_INFO]	[ServerConfig.csv is loaded...]
20:53:00	[LOG_CONNECT]	WorldDB is Connected
20:53:00	[LOG_DEBUG]	[Server Type]: Login
20:53:00	[LOG_DEBUG]	[GroupID]: 0
20:53:00	[LOG_DEBUG]	[WorldID]: 1
20:53:00	[LOG_DEBUG]	[ServerID]: 1000
20:53:00	[LOG_INFO]	[Data/CreateStat.csv is loading...]
20:53:00	[LOG_INFO]	int16_t,int16_t,int16_t
20:53:00	[LOG_INFO]	10 ,0 ,0 
20:53:00	[LOG_INFO]	2 ,8 ,0 
20:53:00	[LOG_INFO]	0 ,0 ,10 
20:53:00	[LOG_INFO]	0 ,10 ,0 
20:53:00	[LOG_INFO]	[Data/CreateStat.csv is loaded...]
20:53:01	[LOG_DEBUG]	Server is Running...
20:53:01	[LOG_DEBUG]	[Thread Num]: 17
20:53:01	[LOG_DEBUG]	[Port]: 7000
20:53:48	[LOG_CONNECT]	oid(0)	[ip]: 127.0.0.1
20:53:48	[LOG_CONNECT]	AccountDB is Connected
20:54:16	[LOG_CONNECT]	GameDB is Connected
20:55:18	[LOG_DISCONNECT]	oid(0)	[ip]: 127.0.0.1
21:08:47	[LOG_INFO]	[DBConfig.csv is loading...]
21:08:47	[LOG_INFO]	string,string
21:08:47	[LOG_INFO]	World,112.145.214.226
21:08:47	[LOG_INFO]	Account,112.145.214.226
21:08:47	[LOG_INFO]	Game,112.145.214.226
21:08:47	[LOG_INFO]	[DBConfig.csv is loaded...]
21:08:47	[LOG_INFO]	[ServerConfig.csv is loading...]
21:08:47	[LOG_INFO]	string,int32_t,int32_t
21:08:47	[LOG_INFO]	Login,1,1000
21:08:47	[LOG_INFO]	[ServerConfig.csv is loaded...]
21:08:47	[LOG_CONNECT]	WorldDB is Connected
21:08:47	[LOG_DEBUG]	[Server Type]: Login
21:08:47	[LOG_DEBUG]	[GroupID]: 0
21:08:47	[LOG_DEBUG]	[WorldID]: 1
21:08:47	[LOG_DEBUG]	[ServerID]: 1000
21:08:47	[LOG_INFO]	[Data/CreateStat.csv is loading...]
21:08:47	[LOG_INFO]	int16_t,int16_t,int16_t
21:08:47	[LOG_INFO]	10 ,0 ,0 
21:08:47	[LOG_INFO]	2 ,8 ,0 
21:08:47	[LOG_INFO]	0 ,0 ,10 
21:08:47	[LOG_INFO]	0 ,10 ,0 
21:08:47	[LOG_INFO]	[Data/CreateStat.csv is loaded...]
21:08:47	[LOG_DEBUG]	Server is Running...
21:08:47	[LOG_DEBUG]	[Thread Num]: 17
21:08:47	[LOG_DEBUG]	[Port]: 7000
21:08:53	[LOG_CONNECT]	oid(0)	[ip]: 127.0.0.1
21:08:53	[LOG_CONNECT]	AccountDB is Connected
21:09:06	[LOG_CONNECT]	GameDB is Connected
21:11:44	[LOG_INFO]	[DBConfig.csv is loading...]
21:11:44	[LOG_INFO]	string,string
21:11:44	[LOG_INFO]	World,112.145.214.226
21:11:44	[LOG_INFO]	Account,112.145.214.226
21:11:44	[LOG_INFO]	Game,112.145.214.226
21:11:44	[LOG_INFO]	[DBConfig.csv is loaded...]
21:11:44	[LOG_INFO]	[ServerConfig.csv is loading...]
21:11:44	[LOG_INFO]	string,int32_t,int32_t
21:11:44	[LOG_INFO]	Login,1,1000
21:11:44	[LOG_INFO]	[ServerConfig.csv is loaded...]
21:11:44	[LOG_CONNECT]	WorldDB is Connected
21:11:44	[LOG_DEBUG]	[Server Type]: Login
21:11:44	[LOG_DEBUG]	[GroupID]: 0
21:11:44	[LOG_DEBUG]	[WorldID]: 1
21:11:44	[LOG_DEBUG]	[ServerID]: 1000
21:11:44	[LOG_INFO]	[Data/CreateStat.csv is loading...]
21:11:44	[LOG_INFO]	int16_t,int16_t,int16_t
21:11:44	[LOG_INFO]	10 ,0 ,0 
21:11:44	[LOG_INFO]	2 ,8 ,0 
21:11:44	[LOG_INFO]	0 ,0 ,10 
21:11:44	[LOG_INFO]	0 ,10 ,0 
21:11:44	[LOG_INFO]	[Data/CreateStat.csv is loaded...]
21:11:44	[LOG_DEBUG]	Server is Running...
21:11:44	[LOG_DEBUG]	[Thread Num]: 17
21:11:44	[LOG_DEBUG]	[Port]: 7000
21:12:09	[LOG_CONNECT]	oid(0)	[ip]: 127.0.0.1
21:12:09	[LOG_CONNECT]	AccountDB is Connected
21:12:36	[LOG_CONNECT]	GameDB is Connected
21:14:00	[LOG_INFO]	[DBConfig.csv is loading...]
21:14:00	[LOG_INFO]	string,string
21:14:00	[LOG_INFO]	World,112.145.214.226
21:14:00	[LOG_INFO]	Account,112.145.214.226
21:14:00	[LOG_INFO]	Game,112.145.214.226
21:14:00	[LOG_INFO]	[DBConfig.csv is loaded...]
21:14:00	[LOG_INFO]	[ServerConfig.csv is loading...]
21:14:00	[LOG_INFO]	string,int32_t,int32_t
21:14:00	[LOG_INFO]	Login,1,1000
21:14:00	[LOG_INFO]	[ServerConfig.csv is loaded...]
21:14:01	[LOG_CONNECT]	WorldDB is Connected
21:14:01	[LOG_DEBUG]	[Server Type]: Login
21:14:01	[LOG_DEBUG]	[GroupID]: 0
21:14:01	[LOG_DEBUG]	[WorldID]: 1
21:14:01	[LOG_DEBUG]	[ServerID]: 1000
21:14:01	[LOG_INFO]	[Data/CreateStat.csv is loading...]
21:14:01	[LOG_INFO]	int16_t,int16_t,int16_t
21:14:01	[LOG_INFO]	10 ,0 ,0 
21:14:01	[LOG_INFO]	2 ,8 ,0 
21:14:01	[LOG_INFO]	0 ,0 ,10 
21:14:01	[LOG_INFO]	0 ,10 ,0 
21:14:01	[LOG_INFO]	[Data/CreateStat.csv is loaded...]
21:14:01	[LOG_DEBUG]	Server is Running...
21:14:01	[LOG_DEBUG]	[Thread Num]: 17
21:14:01	[LOG_DEBUG]	[Port]: 7000
21:14:27	[LOG_INFO]	[DBConfig.csv is loading...]
21:14:27	[LOG_INFO]	string,string
21:14:27	[LOG_INFO]	World,112.145.214.226
21:14:27	[LOG_INFO]	Account,112.145.214.226
21:14:27	[LOG_INFO]	Game,112.145.214.226
21:14:27	[LOG_INFO]	[DBConfig.csv is loaded...]
21:14:27	[LOG_INFO]	[ServerConfig.csv is loading...]
21:14:27	[LOG_INFO]	string,int32_t,int32_t
21:14:27	[LOG_INFO]	Login,1,1000
21:14:27	[LOG_INFO]	[ServerConfig.csv is loaded...]
21:14:27	[LOG_CONNECT]	WorldDB is Connected
21:14:27	[LOG_DEBUG]	[Server Type]: Login
21:14:27	[LOG_DEBUG]	[GroupID]: 0
21:14:27	[LOG_DEBUG]	[WorldID]: 1
21:14:27	[LOG_DEBUG]	[ServerID]: 1000
21:14:27	[LOG_INFO]	[Data/CreateStat.csv is loading...]
21:14:27	[LOG_INFO]	int16_t,int16_t,int16_t
21:14:27	[LOG_INFO]	10 ,0 ,0 
21:14:27	[LOG_INFO]	2 ,8 ,0 
21:14:27	[LOG_INFO]	0 ,0 ,10 
21:14:27	[LOG_INFO]	0 ,10 ,0 
21:14:27	[LOG_INFO]	[Data/CreateStat.csv is loaded...]
21:14:27	[LOG_DEBUG]	Server is Running...
21:14:27	[LOG_DEBUG]	[Thread Num]: 17
21:14:27	[LOG_DEBUG]	[Port]: 7000
21:31:00	[LOG_INFO]	[DBConfig.csv is loading...]
21:31:00	[LOG_INFO]	string,string
21:31:00	[LOG_INFO]	World,112.145.214.226
21:31:00	[LOG_INFO]	Account,112.145.214.226
21:31:00	[LOG_INFO]	Game,112.145.214.226
21:31:00	[LOG_INFO]	[DBConfig.csv is loaded...]
21:31:00	[LOG_INFO]	[ServerConfig.csv is loading...]
21:31:00	[LOG_INFO]	string,int32_t,int32_t
21:31:00	[LOG_INFO]	Login,1,1000
21:31:00	[LOG_INFO]	[ServerConfig.csv is loaded...]
21:31:14	[LOG_CONNECT]	WorldDB is Connected
21:31:14	[LOG_DEBUG]	[Server Type]: Login
21:31:14	[LOG_DEBUG]	[GroupID]: 0
21:31:14	[LOG_DEBUG]	[WorldID]: 1
21:31:14	[LOG_DEBUG]	[ServerID]: 1000
21:31:14	[LOG_INFO]	[Data/CreateStat.csv is loading...]
21:31:14	[LOG_INFO]	int16_t,int16_t,int16_t
21:31:14	[LOG_INFO]	10 ,0 ,0 
21:31:14	[LOG_INFO]	2 ,8 ,0 
21:31:14	[LOG_INFO]	0 ,0 ,10 
21:31:14	[LOG_INFO]	0 ,10 ,0 
21:31:14	[LOG_INFO]	[Data/CreateStat.csv is loaded...]
21:31:14	[LOG_DEBUG]	Server is Running...
21:31:14	[LOG_DEBUG]	[Thread Num]: 17
21:31:14	[LOG_DEBUG]	[Port]: 7000
21:31:22	[LOG_CONNECT]	oid(0)	[ip]: 127.0.0.1
21:31:24	[LOG_CONNECT]	AccountDB is Connected
21:35:39	[LOG_INFO]	[DBConfig.csv is loading...]
21:35:39	[LOG_INFO]	string,string
21:35:39	[LOG_INFO]	World,112.145.214.226
21:35:39	[LOG_INFO]	Account,112.145.214.226
21:35:39	[LOG_INFO]	Game,112.145.214.226
21:35:39	[LOG_INFO]	[DBConfig.csv is loaded...]
21:35:39	[LOG_INFO]	[ServerConfig.csv is loading...]
21:35:39	[LOG_INFO]	string,int32_t,int32_t
21:35:39	[LOG_INFO]	Login,1,1000
21:35:39	[LOG_INFO]	[ServerConfig.csv is loaded...]
21:35:43	[LOG_CONNECT]	WorldDB is Connected
21:35:43	[LOG_DEBUG]	[Server Type]: Login
21:35:43	[LOG_DEBUG]	[GroupID]: 0
21:35:43	[LOG_DEBUG]	[WorldID]: 1
21:35:43	[LOG_DEBUG]	[ServerID]: 1000
21:35:43	[LOG_INFO]	[Data/CreateStat.csv is loading...]
21:35:43	[LOG_INFO]	int16_t,int16_t,int16_t
21:35:43	[LOG_INFO]	10 ,0 ,0 
21:35:43	[LOG_INFO]	2 ,8 ,0 
21:35:43	[LOG_INFO]	0 ,0 ,10 
21:35:43	[LOG_INFO]	0 ,10 ,0 
21:35:43	[LOG_INFO]	[Data/CreateStat.csv is loaded...]
21:35:43	[LOG_DEBUG]	Server is Running...
21:35:43	[LOG_DEBUG]	[Thread Num]: 17
21:35:43	[LOG_DEBUG]	[Port]: 7000
21:35:56	[LOG_CONNECT]	oid(0)	[ip]: 127.0.0.1
21:36:06	[LOG_CONNECT]	AccountDB is Connected
21:39:17	[LOG_INFO]	[DBConfig.csv is loading...]
21:39:17	[LOG_INFO]	string,string
21:39:17	[LOG_INFO]	World,112.145.214.226
21:39:17	[LOG_INFO]	Account,112.145.214.226
21:39:17	[LOG_INFO]	Game,112.145.214.226
21:39:17	[LOG_INFO]	[DBConfig.csv is loaded...]
21:39:17	[LOG_INFO]	[ServerConfig.csv is loading...]
21:39:17	[LOG_INFO]	string,int32_t,int32_t
21:39:17	[LOG_INFO]	Login,1,1000
21:39:17	[LOG_INFO]	[ServerConfig.csv is loaded...]
21:39:17	[LOG_CONNECT]	WorldDB is Connected
21:39:17	[LOG_DEBUG]	[Server Type]: Login
21:39:17	[LOG_DEBUG]	[GroupID]: 0
21:39:17	[LOG_DEBUG]	[WorldID]: 1
21:39:17	[LOG_DEBUG]	[ServerID]: 1000
21:39:17	[LOG_INFO]	[Data/CreateStat.csv is loading...]
21:39:17	[LOG_INFO]	int16_t,int16_t,int16_t
21:39:17	[LOG_INFO]	10 ,0 ,0 
21:39:17	[LOG_INFO]	2 ,8 ,0 
21:39:17	[LOG_INFO]	0 ,0 ,10 
21:39:17	[LOG_INFO]	0 ,10 ,0 
21:39:17	[LOG_INFO]	[Data/CreateStat.csv is loaded...]
21:39:17	[LOG_DEBUG]	Server is Running...
21:39:17	[LOG_DEBUG]	[Thread Num]: 17
21:39:17	[LOG_DEBUG]	[Port]: 7000
21:39:37	[LOG_CONNECT]	oid(0)	[ip]: 127.0.0.1
21:39:37	[LOG_CONNECT]	AccountDB is Connected
21:39:45	[LOG_CONNECT]	GameDB is Connected
