21:28:09	[LOG_INFO]	[DBConfig.csv is loading...]
21:28:09	[LOG_INFO]	string,string
21:28:09	[LOG_INFO]	World,112.145.214.226
21:28:09	[LOG_INFO]	Account,112.145.214.226
21:28:09	[LOG_INFO]	Game,112.145.214.226
21:28:09	[LOG_INFO]	[DBConfig.csv is loaded...]
21:28:09	[LOG_INFO]	[ServerConfig.csv is loading...]
21:28:09	[LOG_INFO]	string,int32_t,int32_t
21:28:09	[LOG_INFO]	Login,1,1000
21:28:09	[LOG_INFO]	[ServerConfig.csv is loaded...]
21:28:09	[LOG_CONNECT]	WorldDB is Connected
21:28:09	[LOG_DEBUG]	[Server Type]: Login
21:28:09	[LOG_DEBUG]	[GroupID]: 0
21:28:09	[LOG_DEBUG]	[WorldID]: 1
21:28:09	[LOG_DEBUG]	[ServerID]: 1000
21:28:09	[LOG_INFO]	[Data/CharacterCreateStat.csv is loading...]
21:28:09	[LOG_INFO]	int32_t,int32_t,int32_t
21:28:09	[LOG_INFO]	10 ,0 ,0 
21:28:09	[LOG_INFO]	2 ,8 ,0 
21:28:09	[LOG_INFO]	0 ,0 ,10 
21:28:09	[LOG_INFO]	0 ,10 ,0 
21:28:09	[LOG_INFO]	[Data/CharacterCreateStat.csv is loaded...]
21:28:09	[LOG_INFO]	[Data/CharacterCreateGear.csv is loading...]
21:28:09	[LOG_INFO]	uint8_t,uint8_t,uint8_t,uint8_t,uint8_t,uint8_t,uint8_t,uint8_t,uint8_t
21:28:09	[LOG_INFO]	1 ,2 ,1 ,0 ,1 ,1 ,1 ,0 ,0 
21:28:09	[LOG_INFO]	0 ,1 ,1 ,0 ,1 ,1 ,1 ,0 ,0 
21:28:09	[LOG_INFO]	0 ,0 ,1 ,0 ,1 ,1 ,1 ,0 ,0 
21:28:09	[LOG_INFO]	1 ,1 ,1 ,0 ,1 ,1 ,1 ,0 ,0 
21:28:09	[LOG_INFO]	[Data/CharacterCreateGear.csv is loaded...]
21:28:09	[LOG_INFO]	[Data/CharacterAbilityByStat.csv is loading...]
21:28:09	[LOG_INFO]	uint8_t,uint8_t,uint8_t,uint8_t,uint8_t,uint8_t
21:28:09	[LOG_INFO]	8 ,2 ,10 ,0 ,7 ,3 
21:28:09	[LOG_INFO]	5 ,5 ,8 ,2 ,6 ,4 
21:28:09	[LOG_INFO]	3 ,7 ,0 ,10 ,3 ,7 
21:28:09	[LOG_INFO]	[Data/CharacterAbilityByStat.csv is loaded...]
21:28:09	[LOG_DEBUG]	Server is Running...
21:28:09	[LOG_DEBUG]	[Thread Num]: 41
21:28:09	[LOG_DEBUG]	[Port]: 7000
